<?xml version="1.0" encoding="UTF-8"?>
<!-- Generated by org.testng.reporters.JUnitXMLReporter -->
<testsuite ignored="68" hostname="Potatos-Mac" failures="0" tests="3" name="Regresion test for 1.5.35" time="2.025" errors="0" timestamp="2020-05-28T12:20:05 WIB">
  <testcase classname="bases.BaseWeb" name="@BeforeClass setBaseConfig" time="1.932">
    <failure type="org.openqa.selenium.SessionNotCreatedException" message="session not created: This version of ChromeDriver only supports Chrome version 79
Build info: version: &amp;apos;3.14.0&amp;apos;, revision: &amp;apos;aacccce0&amp;apos;, time: &amp;apos;2018-08-02T20:19:58.91Z&amp;apos;
System info: host: &amp;apos;Potatos-Mac&amp;apos;, ip: &amp;apos;fe80:0:0:0:146f:67a1:dd49:727b%en0&amp;apos;, os.name: &amp;apos;Mac OS X&amp;apos;, os.arch: &amp;apos;x86_64&amp;apos;, os.version: &amp;apos;10.14.6&amp;apos;, java.version: &amp;apos;9.0.1&amp;apos;
Driver info: driver.version: ChromeDriver
remote stacktrace: 0   chromedriver                        0x0000000107371e29 chromedriver + 3817001
1   chromedriver                        0x0000000107305f33 chromedriver + 3374899
2   chromedriver                        0x00000001070868bf chromedriver + 755903
3   chromedriver                        0x0000000106fe6dd2 chromedriver + 101842
4   chromedriver                        0x0000000106fe2b00 chromedriver + 84736
5   chromedriver                        0x0000000107012018 chromedriver + 278552
6   chromedriver                        0x000000010700efa3 chromedriver + 266147
7   chromedriver                        0x0000000106fe8c0d chromedriver + 109581
8   chromedriver                        0x0000000106fe9ba5 chromedriver + 113573
9   chromedriver                        0x0000000107333f6f chromedriver + 3563375
10  chromedriver                        0x0000000107340e3a chromedriver + 3616314
11  chromedriver                        0x0000000107340bf7 chromedriver + 3615735
12  chromedriver                        0x0000000107313699 chromedriver + 3430041
13  chromedriver                        0x0000000107341692 chromedriver + 3618450
14  chromedriver                        0x0000000107327e17 chromedriver + 3513879
15  chromedriver                        0x0000000107356fe4 chromedriver + 3706852
16  chromedriver                        0x0000000107377fc7 chromedriver + 3841991
17  libsystem_pthread.dylib             0x00007fff59e452eb _pthread_body + 126
18  libsystem_pthread.dylib             0x00007fff59e48249 _pthread_start + 66
19  libsystem_pthread.dylib             0x00007fff59e4440d thread_start + 13
">
      <![CDATA[org.openqa.selenium.SessionNotCreatedException: session not created: This version of ChromeDriver only supports Chrome version 79
Build info: version: '3.14.0', revision: 'aacccce0', time: '2018-08-02T20:19:58.91Z'
System info: host: 'Potatos-Mac', ip: 'fe80:0:0:0:146f:67a1:dd49:727b%en0', os.name: 'Mac OS X', os.arch: 'x86_64', os.version: '10.14.6', java.version: '9.0.1'
Driver info: driver.version: ChromeDriver
remote stacktrace: 0   chromedriver                        0x0000000107371e29 chromedriver + 3817001
1   chromedriver                        0x0000000107305f33 chromedriver + 3374899
2   chromedriver                        0x00000001070868bf chromedriver + 755903
3   chromedriver                        0x0000000106fe6dd2 chromedriver + 101842
4   chromedriver                        0x0000000106fe2b00 chromedriver + 84736
5   chromedriver                        0x0000000107012018 chromedriver + 278552
6   chromedriver                        0x000000010700efa3 chromedriver + 266147
7   chromedriver                        0x0000000106fe8c0d chromedriver + 109581
8   chromedriver                        0x0000000106fe9ba5 chromedriver + 113573
9   chromedriver                        0x0000000107333f6f chromedriver + 3563375
10  chromedriver                        0x0000000107340e3a chromedriver + 3616314
11  chromedriver                        0x0000000107340bf7 chromedriver + 3615735
12  chromedriver                        0x0000000107313699 chromedriver + 3430041
13  chromedriver                        0x0000000107341692 chromedriver + 3618450
14  chromedriver                        0x0000000107327e17 chromedriver + 3513879
15  chromedriver                        0x0000000107356fe4 chromedriver + 3706852
16  chromedriver                        0x0000000107377fc7 chromedriver + 3841991
17  libsystem_pthread.dylib             0x00007fff59e452eb _pthread_body + 126
18  libsystem_pthread.dylib             0x00007fff59e48249 _pthread_start + 66
19  libsystem_pthread.dylib             0x00007fff59e4440d thread_start + 13

at org.openqa.selenium.remote.W3CHandshakeResponse.lambda$new$0(W3CHandshakeResponse.java:57)
at org.openqa.selenium.remote.W3CHandshakeResponse.lambda$getResponseFunction$2(W3CHandshakeResponse.java:104)
at org.openqa.selenium.remote.ProtocolHandshake.lambda$createSession$0(ProtocolHandshake.java:122)
at java.base/java.util.stream.ReferencePipeline$3$1.accept(ReferencePipeline.java:195)
at java.base/java.util.Spliterators$ArraySpliterator.tryAdvance(Spliterators.java:958)
at java.base/java.util.stream.ReferencePipeline.forEachWithCancel(ReferencePipeline.java:127)
at java.base/java.util.stream.AbstractPipeline.copyIntoWithCancel(AbstractPipeline.java:502)
at java.base/java.util.stream.AbstractPipeline.copyInto(AbstractPipeline.java:488)
at java.base/java.util.stream.AbstractPipeline.wrapAndCopyInto(AbstractPipeline.java:474)
at java.base/java.util.stream.FindOps$FindOp.evaluateSequential(FindOps.java:152)
at java.base/java.util.stream.AbstractPipeline.evaluate(AbstractPipeline.java:234)
at java.base/java.util.stream.ReferencePipeline.findFirst(ReferencePipeline.java:476)
at org.openqa.selenium.remote.ProtocolHandshake.createSession(ProtocolHandshake.java:125)
at org.openqa.selenium.remote.ProtocolHandshake.createSession(ProtocolHandshake.java:73)
at org.openqa.selenium.remote.HttpCommandExecutor.execute(HttpCommandExecutor.java:136)
at org.openqa.selenium.remote.service.DriverCommandExecutor.execute(DriverCommandExecutor.java:83)
at org.openqa.selenium.remote.RemoteWebDriver.execute(RemoteWebDriver.java:548)
at org.openqa.selenium.remote.RemoteWebDriver.startSession(RemoteWebDriver.java:212)
at org.openqa.selenium.remote.RemoteWebDriver.<init>(RemoteWebDriver.java:130)
at org.openqa.selenium.chrome.ChromeDriver.<init>(ChromeDriver.java:181)
at org.openqa.selenium.chrome.ChromeDriver.<init>(ChromeDriver.java:168)
at org.openqa.selenium.chrome.ChromeDriver.<init>(ChromeDriver.java:123)
at bases.BrowserFactory.startBrowser(BrowserFactory.java:42)
at bases.BaseWeb.setBaseConfig(BaseWeb.java:63)
at java.base/java.util.ArrayList.forEach(ArrayList.java:1380)
at java.base/java.util.concurrent.FutureTask.run(FutureTask.java:264)
at java.base/java.util.concurrent.ThreadPoolExecutor.runWorker(ThreadPoolExecutor.java:1167)
at java.base/java.util.concurrent.ThreadPoolExecutor$Worker.run(ThreadPoolExecutor.java:641)
at java.base/java.lang.Thread.run(Thread.java:844)
... Removed 20 stack frames]]>
    </failure>
  </testcase> <!-- @BeforeClass setBaseConfig -->
  <testcase classname="bases.BaseWeb" name="@AfterClass quitDriver" time="-1.590643203781E9">
    <skipped/>
  </testcase> <!-- @AfterClass quitDriver -->
  <testcase classname="TestCases.Voucher" name="login" time="0.0">
    <skipped/>
  </testcase> <!-- login -->
  <testcase classname="TestCases.Voucher" name="J_001_DisplayofPlaylistList" time="0.0">
    <skipped/>
  </testcase> <!-- J_001_DisplayofPlaylistList -->
  <testcase classname="TestCases.Voucher" name="J_002_CreateVoucherManual" time="0.0">
    <skipped/>
  </testcase> <!-- J_002_CreateVoucherManual -->
  <testcase classname="TestCases.Series" name="D_002_CreateNewSeries" time="0.0">
    <ignored/>
  </testcase> <!-- D_002_CreateNewSeries -->
  <testcase classname="TestCases.Series" name="login" time="0.0">
    <ignored/>
  </testcase> <!-- login -->
  <testcase classname="TestCases.Voucher" name="J_003_CreateVoucherAutomatically" time="0.0">
    <ignored/>
  </testcase> <!-- J_003_CreateVoucherAutomatically -->
  <testcase classname="TestCases.Package" name="I_004_EditPackage" time="0.0">
    <ignored/>
  </testcase> <!-- I_004_EditPackage -->
  <testcase classname="TestCases.Playlist" name="C_007_DeleteMoviesPlaylist" time="0.0">
    <ignored/>
  </testcase> <!-- C_007_DeleteMoviesPlaylist -->
  <testcase classname="TestCases.Cinemas" name="F_001_CheckCinemaList" time="0.0">
    <ignored/>
  </testcase> <!-- F_001_CheckCinemaList -->
  <testcase classname="TestCases.Playlist" name="C_004_DeleteSeriesPlaylist" time="0.0">
    <ignored/>
  </testcase> <!-- C_004_DeleteSeriesPlaylist -->
  <testcase classname="TestCases.Events" name="E_002_CreateNew" time="0.0">
    <ignored/>
  </testcase> <!-- E_002_CreateNew -->
  <testcase classname="TestCases.AppPages" name="B_004_editAppPage" time="0.0">
    <ignored/>
  </testcase> <!-- B_004_editAppPage -->
  <testcase classname="TestCases.Events" name="E_004_DeleteEvent" time="0.0">
    <ignored/>
  </testcase> <!-- E_004_DeleteEvent -->
  <testcase classname="TestCases.Package" name="I_002_CreateNewPackage" time="0.0">
    <ignored/>
  </testcase> <!-- I_002_CreateNewPackage -->
  <testcase classname="TestCases.Voucher" name="J_006_EditVoucherToAddVoucherCodeAutomatically" time="0.0">
    <ignored/>
  </testcase> <!-- J_006_EditVoucherToAddVoucherCodeAutomatically -->
  <testcase classname="bases.BaseWeb" name="@BeforeSuite deleteScreenShot" time="0.0">
    <ignored/>
  </testcase> <!-- @BeforeSuite deleteScreenShot -->
  <testcase classname="bases.BaseWeb" name="@BeforeSuite deleteScreenShot" time="0.0">
    <ignored/>
  </testcase> <!-- @BeforeSuite deleteScreenShot -->
  <testcase classname="bases.BaseWeb" name="@BeforeSuite deleteScreenShot" time="0.0">
    <ignored/>
  </testcase> <!-- @BeforeSuite deleteScreenShot -->
  <testcase classname="bases.BaseWeb" name="@BeforeSuite deleteScreenShot" time="0.0">
    <ignored/>
  </testcase> <!-- @BeforeSuite deleteScreenShot -->
  <testcase classname="bases.BaseWeb" name="@BeforeSuite deleteScreenShot" time="0.0">
    <ignored/>
  </testcase> <!-- @BeforeSuite deleteScreenShot -->
  <testcase classname="bases.BaseWeb" name="@BeforeSuite deleteScreenShot" time="0.0">
    <ignored/>
  </testcase> <!-- @BeforeSuite deleteScreenShot -->
  <testcase classname="bases.BaseWeb" name="@BeforeSuite deleteScreenShot" time="0.0">
    <ignored/>
  </testcase> <!-- @BeforeSuite deleteScreenShot -->
  <testcase classname="bases.BaseWeb" name="@BeforeSuite deleteScreenShot" time="0.0">
    <ignored/>
  </testcase> <!-- @BeforeSuite deleteScreenShot -->
  <testcase classname="bases.BaseWeb" name="@BeforeSuite deleteScreenShot" time="0.0">
    <ignored/>
  </testcase> <!-- @BeforeSuite deleteScreenShot -->
  <testcase classname="TestCases.AppPages" name="login" time="0.0">
    <ignored/>
  </testcase> <!-- login -->
  <testcase classname="TestCases.Voucher" name="J_007_RedeemVoucher" time="0.0">
    <ignored/>
  </testcase> <!-- J_007_RedeemVoucher -->
  <testcase classname="TestCases.Package" name="login" time="0.0">
    <ignored/>
  </testcase> <!-- login -->
  <testcase classname="TestCases.Package" name="I_001_DisplayofPackageList" time="0.0">
    <ignored/>
  </testcase> <!-- I_001_DisplayofPackageList -->
  <testcase classname="TestCases.Customer" name="H_002_CreateNewCustomer" time="0.0">
    <ignored/>
  </testcase> <!-- H_002_CreateNewCustomer -->
  <testcase classname="TestCases.AppConfiguration" name="G_002_EditppConfiguration" time="0.0">
    <ignored/>
  </testcase> <!-- G_002_EditppConfiguration -->
  <testcase classname="TestCases.AppPages" name="B_001_displayOfListPage" time="0.0">
    <ignored/>
  </testcase> <!-- B_001_displayOfListPage -->
  <testcase classname="TestCases.Events" name="E_003_EditEvent" time="0.0">
    <ignored/>
  </testcase> <!-- E_003_EditEvent -->
  <testcase classname="TestCases.Events" name="E_001_CheckEventList" time="0.0">
    <ignored/>
  </testcase> <!-- E_001_CheckEventList -->
  <testcase classname="TestCases.AppConfiguration" name="G_003_DeleteAppConfiguration" time="0.0">
    <ignored/>
  </testcase> <!-- G_003_DeleteAppConfiguration -->
  <testcase classname="TestCases.Playlist" name="login" time="0.0">
    <ignored/>
  </testcase> <!-- login -->
  <testcase classname="TestCases.Series" name="D_004_DeleteSeries" time="0.0">
    <ignored/>
  </testcase> <!-- D_004_DeleteSeries -->
  <testcase classname="TestCases.Cinemas" name="login" time="0.0">
    <ignored/>
  </testcase> <!-- login -->
  <testcase classname="TestCases.Customer" name="login" time="0.0">
    <ignored/>
  </testcase> <!-- login -->
  <testcase classname="TestCases.AppConfiguration" name="login" time="0.0">
    <ignored/>
  </testcase> <!-- login -->
  <testcase classname="bases.BaseWeb" name="@BeforeSuite settupTestingData" time="0.0">
    <ignored/>
  </testcase> <!-- @BeforeSuite settupTestingData -->
  <testcase classname="bases.BaseWeb" name="@BeforeSuite settupTestingData" time="0.0">
    <ignored/>
  </testcase> <!-- @BeforeSuite settupTestingData -->
  <testcase classname="bases.BaseWeb" name="@BeforeSuite settupTestingData" time="0.0">
    <ignored/>
  </testcase> <!-- @BeforeSuite settupTestingData -->
  <testcase classname="bases.BaseWeb" name="@BeforeSuite settupTestingData" time="0.0">
    <ignored/>
  </testcase> <!-- @BeforeSuite settupTestingData -->
  <testcase classname="bases.BaseWeb" name="@BeforeSuite settupTestingData" time="0.0">
    <ignored/>
  </testcase> <!-- @BeforeSuite settupTestingData -->
  <testcase classname="bases.BaseWeb" name="@BeforeSuite settupTestingData" time="0.0">
    <ignored/>
  </testcase> <!-- @BeforeSuite settupTestingData -->
  <testcase classname="bases.BaseWeb" name="@BeforeSuite settupTestingData" time="0.0">
    <ignored/>
  </testcase> <!-- @BeforeSuite settupTestingData -->
  <testcase classname="bases.BaseWeb" name="@BeforeSuite settupTestingData" time="0.0">
    <ignored/>
  </testcase> <!-- @BeforeSuite settupTestingData -->
  <testcase classname="bases.BaseWeb" name="@BeforeSuite settupTestingData" time="0.0">
    <ignored/>
  </testcase> <!-- @BeforeSuite settupTestingData -->
  <testcase classname="TestCases.Customer" name="H_001_CheckPageList" time="0.0">
    <ignored/>
  </testcase> <!-- H_001_CheckPageList -->
  <testcase classname="TestCases.Cinemas" name="F_002_CreateNewCinemas" time="0.0">
    <ignored/>
  </testcase> <!-- F_002_CreateNewCinemas -->
  <testcase classname="TestCases.AuthenticationUserSignIn" name="A_002_LoginwithInvalidEmail" time="0.0">
    <ignored/>
  </testcase> <!-- A_002_LoginwithInvalidEmail -->
  <testcase classname="TestCases.AppConfiguration" name="G_002_CreateNewAppConfiguration" time="0.0">
    <ignored/>
  </testcase> <!-- G_002_CreateNewAppConfiguration -->
  <testcase classname="TestCases.Series" name="D_001_DisplayofPlaylistList" time="0.0">
    <ignored/>
  </testcase> <!-- D_001_DisplayofPlaylistList -->
  <testcase classname="TestCases.AuthenticationUserSignIn" name="A_001_LoginwithValidCredential" time="0.0">
    <ignored/>
  </testcase> <!-- A_001_LoginwithValidCredential -->
  <testcase classname="TestCases.Series" name="D_003_EditSeries" time="0.0">
    <ignored/>
  </testcase> <!-- D_003_EditSeries -->
  <testcase classname="TestCases.Playlist" name="C_005_CreateNewMoviesPlaylist" time="0.0">
    <ignored/>
  </testcase> <!-- C_005_CreateNewMoviesPlaylist -->
  <testcase classname="TestCases.Playlist" name="C_002_CreateNewSeriesPlaylist" time="0.0">
    <ignored/>
  </testcase> <!-- C_002_CreateNewSeriesPlaylist -->
  <testcase classname="TestCases.Playlist" name="C_003_EditSeriesPlaylist" time="0.0">
    <ignored/>
  </testcase> <!-- C_003_EditSeriesPlaylist -->
  <testcase classname="TestCases.AuthenticationUserSignIn" name="A_003_LoginwithInvalidPassword" time="0.0">
    <ignored/>
  </testcase> <!-- A_003_LoginwithInvalidPassword -->
  <testcase classname="TestCases.Events" name="login" time="0.0">
    <ignored/>
  </testcase> <!-- login -->
  <testcase classname="TestCases.Package" name="I_003_SelectPackageFromList" time="0.0">
    <ignored/>
  </testcase> <!-- I_003_SelectPackageFromList -->
  <testcase classname="TestCases.Voucher" name="J_004_EditVoucherName" time="0.0">
    <ignored/>
  </testcase> <!-- J_004_EditVoucherName -->
  <testcase classname="TestCases.Voucher" name="J_005_EditVoucherToAddVoucherCodeManually" time="0.0">
    <ignored/>
  </testcase> <!-- J_005_EditVoucherToAddVoucherCodeManually -->
  <testcase classname="TestCases.Cinemas" name="F_003_EditCinemas" time="0.0">
    <ignored/>
  </testcase> <!-- F_003_EditCinemas -->
  <testcase classname="TestCases.Cinemas" name="F_004_DeleteCinemas" time="0.0">
    <ignored/>
  </testcase> <!-- F_004_DeleteCinemas -->
  <testcase classname="TestCases.AppConfiguration" name="G_001_DisplayofPlaylistList" time="0.0">
    <ignored/>
  </testcase> <!-- G_001_DisplayofPlaylistList -->
  <testcase classname="TestCases.Customer" name="H_003_EditCustomer" time="0.0">
    <ignored/>
  </testcase> <!-- H_003_EditCustomer -->
  <testcase classname="TestCases.AppPages" name="B_005_deleteAppPage" time="0.0">
    <ignored/>
  </testcase> <!-- B_005_deleteAppPage -->
  <testcase classname="TestCases.Playlist" name="C_001_DisplayofPlaylistList" time="0.0">
    <ignored/>
  </testcase> <!-- C_001_DisplayofPlaylistList -->
  <testcase classname="TestCases.Playlist" name="C_006_EditMoviesPlaylist" time="0.0">
    <ignored/>
  </testcase> <!-- C_006_EditMoviesPlaylist -->
  <testcase classname="TestCases.AppPages" name="B_002_CreateNewKeyPage" time="0.0">
    <ignored/>
  </testcase> <!-- B_002_CreateNewKeyPage -->
</testsuite> <!-- Regresion test for 1.5.35 -->
