<?xml version="1.0" encoding="UTF-8"?>
<!-- Generated by org.testng.reporters.JUnitXMLReporter -->
<testsuite hostname="Potatos-Mac" ignored="0" name="Default test" tests="6" failures="0" timestamp="2021-01-29T16:39:16 WIB" time="0.265" errors="0">
  <testcase name="@BeforeClass setBaseConfig" time="-1.611913155365E9" classname="bases.BaseWeb">
    <failure type="org.testng.TestNGException" message="
Parameter &amp;apos;browser&amp;apos; is required by BeforeClass on method setBaseConfig but has not been marked @Optional or defined
in /private/var/folders/pz/vbvlmv8j3s19l6_0lxckfr_r0000gp/T/testng-eclipse--935032315/testng-customsuite.xml">
      <![CDATA[org.testng.TestNGException: 
Parameter 'browser' is required by BeforeClass on method setBaseConfig but has not been marked @Optional or defined
in /private/var/folders/pz/vbvlmv8j3s19l6_0lxckfr_r0000gp/T/testng-eclipse--935032315/testng-customsuite.xml
at org.testng.internal.Parameters.createParams(Parameters.java:289)
at org.testng.internal.Parameters.createParametersForMethod(Parameters.java:377)
at org.testng.internal.Parameters.createParameters(Parameters.java:721)
at org.testng.internal.Parameters.createConfigurationParameters(Parameters.java:164)
at org.testng.internal.ConfigInvoker.invokeConfigurations(ConfigInvoker.java:275)
at org.testng.internal.TestMethodWorker.invokeBeforeClassMethods(TestMethodWorker.java:176)
at org.testng.internal.TestMethodWorker.run(TestMethodWorker.java:122)
at java.util.ArrayList.forEach(ArrayList.java:1259)
at org.testng.TestRunner.privateRun(TestRunner.java:770)
at org.testng.TestRunner.run(TestRunner.java:591)
at org.testng.SuiteRunner.runTest(SuiteRunner.java:402)
at org.testng.SuiteRunner.runSequentially(SuiteRunner.java:396)
at org.testng.SuiteRunner.privateRun(SuiteRunner.java:355)
at org.testng.SuiteRunner.run(SuiteRunner.java:304)
at org.testng.SuiteRunnerWorker.runSuite(SuiteRunnerWorker.java:53)
at org.testng.SuiteRunnerWorker.run(SuiteRunnerWorker.java:96)
at org.testng.TestNG.runSuitesSequentially(TestNG.java:1180)
at org.testng.TestNG.runSuitesLocally(TestNG.java:1102)
at org.testng.TestNG.runSuites(TestNG.java:1032)
at org.testng.TestNG.run(TestNG.java:1000)
at org.testng.remote.AbstractRemoteTestNG.run(AbstractRemoteTestNG.java:115)
at org.testng.remote.RemoteTestNG.initAndRun(RemoteTestNG.java:251)
at org.testng.remote.RemoteTestNG.main(RemoteTestNG.java:77)
]]>
    </failure>
  </testcase> <!-- @BeforeClass setBaseConfig -->
  <testcase name="@AfterClass quitDriver" time="-1.611913155598E9" classname="bases.BaseWeb">
    <skipped/>
  </testcase> <!-- @AfterClass quitDriver -->
  <testcase name="K01_AccessListServicePage" time="0.0" classname="TestCases.ListServiceTest">
    <skipped/>
  </testcase> <!-- K01_AccessListServicePage -->
  <testcase name="K02_ActivateService" time="0.0" classname="TestCases.ListServiceTest">
    <skipped/>
  </testcase> <!-- K02_ActivateService -->
  <testcase name="K04_EditServiceWithLetOneOrAllMandatoryFieldsAreEmpty" time="0.0" classname="TestCases.ListServiceTest">
    <skipped/>
  </testcase> <!-- K04_EditServiceWithLetOneOrAllMandatoryFieldsAreEmpty -->
  <testcase name="signIn" time="0.0" classname="TestCases.ListServiceTest">
    <skipped/>
  </testcase> <!-- signIn -->
  <testcase name="K03_DeactiveService" time="0.0" classname="TestCases.ListServiceTest">
    <skipped/>
  </testcase> <!-- K03_DeactiveService -->
  <testcase name="K05_EditServiceWithAllMandatoryFieldsAreFilled" time="0.0" classname="TestCases.ListServiceTest">
    <skipped/>
  </testcase> <!-- K05_EditServiceWithAllMandatoryFieldsAreFilled -->
</testsuite> <!-- Default test -->
