<?xml version="1.0" encoding="UTF-8"?>
<!-- Generated by org.testng.reporters.JUnitXMLReporter -->
<testsuite hostname="Potatos-Mac.local" ignored="26" name="Regresion test" tests="56" failures="14" timestamp="2021-02-05T18:57:59 WIB" time="296.83" errors="0">
  <testcase name="A01_SignUpWithInvalidCredential" time="6.593" classname="TestCases.AuthenticationSignUpTest"/>
  <testcase name="A02_SignUpWithValidCredential" time="28.812" classname="TestCases.AuthenticationSignUpTest2"/>
  <testcase name="A03_SecondStepSignUp" time="1.93" classname="TestCases.AuthenticationSignUpTest2"/>
  <testcase name="A04_ThirdStepSignUp" time="0.81" classname="TestCases.AuthenticationSignUpTest2"/>
  <testcase name="A05_FouthStepofSignUp" time="6.192" classname="TestCases.AuthenticationSignUpTest2"/>
  <testcase name="A06_VerifyEmailPage" time="7.107" classname="TestCases.AuthenticationSignUpTest2"/>
  <testcase name="B01_LoginWithInvalidCredential" time="1.115" classname="TestCases.AuthenticationSignInTest"/>
  <testcase name="B02_LoginWithUnverifiedUserAccount" time="1.561" classname="TestCases.AuthenticationSignInTest"/>
  <testcase name="B03_LoginWithVerifiedUserAccount" time="3.814" classname="TestCases.AuthenticationSignInTest"/>
  <testcase name="C01_UnverifiedUserTryToForgetPassword" time="0.766" classname="TestCases.ForgetPasswordTest"/>
  <testcase name="C02_ForgetPasswordWithInvalidEmailCredential" time="0.446" classname="TestCases.ForgetPasswordTest"/>
  <testcase name="C03_ForgetPasswordWithValidEmailCredential" time="3.358" classname="TestCases.ForgetPasswordTest"/>
  <testcase name="signIn" time="3.623" classname="TestCases.EditProfileTest"/>
  <testcase name="E01_AccessEditProfileBasicInformationTab" time="1.544" classname="TestCases.EditProfileTest"/>
  <testcase name="E02_AccessEditProfileSupportingDocumentTab" time="0.169" classname="TestCases.EditProfileTest"/>
  <testcase name="E03_LetMandatoryFieldIsEmptyBasicInfoTab" time="4.244" classname="TestCases.EditProfileTest"/>
  <testcase name="E04_LetMandatoryFieldIsEmptySupportingDocTab" time="4.364" classname="TestCases.EditProfileTest"/>
  <testcase name="signIn" time="3.551" classname="TestCases.UpdatePasswordTest"/>
  <testcase name="F01_UpdatePasswordWithIncorrectCurrentPassword" time="2.771" classname="TestCases.UpdatePasswordTest"/>
  <testcase name="F02_UpdatePasswordWithNewPasswordAndCoPasswordAreDifferent" time="1.992" classname="TestCases.UpdatePasswordTest"/>
  <testcase name="F03_UpdatePasswordWithCorrectInput" time="0.757" classname="TestCases.UpdatePasswordTest">
    <failure type="java.lang.AssertionError" message="password is not updated did not expect to find [true] but found [false]">
      <![CDATA[java.lang.AssertionError: password is not updated did not expect to find [true] but found [false]
at TestCases.UpdatePasswordTest.F03_UpdatePasswordWithCorrectInput(UpdatePasswordTest.java:111)
at java.util.ArrayList.forEach(ArrayList.java:1259)
at java.util.concurrent.FutureTask.run(FutureTask.java:266)
at java.util.concurrent.ThreadPoolExecutor.runWorker(ThreadPoolExecutor.java:1149)
at java.util.concurrent.ThreadPoolExecutor$Worker.run(ThreadPoolExecutor.java:624)
at java.lang.Thread.run(Thread.java:748)
... Removed 21 stack frames]]>
    </failure>
  </testcase> <!-- F03_UpdatePasswordWithCorrectInput -->
  <testcase name="signIn" time="3.923" classname="TestCases.UploadContractTest"/>
  <testcase name="G01_UploadFile" time="2.524" classname="TestCases.UploadContractTest"/>
  <testcase name="G02_DownloadFile" time="0.646" classname="TestCases.UploadContractTest">
    <failure type="org.openqa.selenium.StaleElementReferenceException" message="stale element reference: element is not attached to the page document
  (Session info: headless chrome=88.0.4324.150)
For documentation on this error, please visit: http://seleniumhq.org/exceptions/stale_element_reference.html
Build info: version: &amp;apos;3.14.0&amp;apos;, revision: &amp;apos;aacccce0&amp;apos;, time: &amp;apos;2018-08-02T20:19:58.91Z&amp;apos;
System info: host: &amp;apos;Potatos-Mac.local&amp;apos;, ip: &amp;apos;fe80:0:0:0:6:b504:c6d7:bbe1%en0&amp;apos;, os.name: &amp;apos;Mac OS X&amp;apos;, os.arch: &amp;apos;x86_64&amp;apos;, os.version: &amp;apos;10.15.6&amp;apos;, java.version: &amp;apos;1.8.0_261&amp;apos;
Driver info: org.openqa.selenium.chrome.ChromeDriver
Capabilities {acceptInsecureCerts: false, browserName: chrome, browserVersion: 88.0.4324.150, chrome: {chromedriverVersion: 88.0.4324.96 (68dba2d8a0b14..., userDataDir: /var/folders/pz/vbvlmv8j3s1...}, goog:chromeOptions: {debuggerAddress: localhost:61336}, javascriptEnabled: true, networkConnectionEnabled: false, pageLoadStrategy: normal, platform: MAC, platformName: MAC, proxy: Proxy(), setWindowRect: true, strictFileInteractability: false, timeouts: {implicit: 0, pageLoad: 300000, script: 30000}, unhandledPromptBehavior: dismiss and notify, webauthn:extension:largeBlob: true, webauthn:virtualAuthenticators: true}
Session ID: 60b5bee308dd6647a02c5d65fb4a6bad">
      <![CDATA[org.openqa.selenium.StaleElementReferenceException: stale element reference: element is not attached to the page document
  (Session info: headless chrome=88.0.4324.150)
For documentation on this error, please visit: http://seleniumhq.org/exceptions/stale_element_reference.html
Build info: version: '3.14.0', revision: 'aacccce0', time: '2018-08-02T20:19:58.91Z'
System info: host: 'Potatos-Mac.local', ip: 'fe80:0:0:0:6:b504:c6d7:bbe1%en0', os.name: 'Mac OS X', os.arch: 'x86_64', os.version: '10.15.6', java.version: '1.8.0_261'
Driver info: org.openqa.selenium.chrome.ChromeDriver
Capabilities {acceptInsecureCerts: false, browserName: chrome, browserVersion: 88.0.4324.150, chrome: {chromedriverVersion: 88.0.4324.96 (68dba2d8a0b14..., userDataDir: /var/folders/pz/vbvlmv8j3s1...}, goog:chromeOptions: {debuggerAddress: localhost:61336}, javascriptEnabled: true, networkConnectionEnabled: false, pageLoadStrategy: normal, platform: MAC, platformName: MAC, proxy: Proxy(), setWindowRect: true, strictFileInteractability: false, timeouts: {implicit: 0, pageLoad: 300000, script: 30000}, unhandledPromptBehavior: dismiss and notify, webauthn:extension:largeBlob: true, webauthn:virtualAuthenticators: true}
Session ID: 60b5bee308dd6647a02c5d65fb4a6bad
at org.openqa.selenium.remote.http.W3CHttpResponseCodec.createException(W3CHttpResponseCodec.java:187)
at org.openqa.selenium.remote.http.W3CHttpResponseCodec.decode(W3CHttpResponseCodec.java:122)
at org.openqa.selenium.remote.http.W3CHttpResponseCodec.decode(W3CHttpResponseCodec.java:49)
at org.openqa.selenium.remote.HttpCommandExecutor.execute(HttpCommandExecutor.java:158)
at org.openqa.selenium.remote.service.DriverCommandExecutor.execute(DriverCommandExecutor.java:83)
at org.openqa.selenium.remote.RemoteWebDriver.execute(RemoteWebDriver.java:548)
at org.openqa.selenium.remote.RemoteWebElement.execute(RemoteWebElement.java:276)
at org.openqa.selenium.remote.RemoteWebElement.isDisplayed(RemoteWebElement.java:317)
at org.openqa.selenium.support.pagefactory.internal.LocatingElementHandler.invoke(LocatingElementHandler.java:51)
at com.sun.proxy.$Proxy23.isDisplayed(Unknown Source)
at org.openqa.selenium.support.ui.ExpectedConditions.elementIfVisible(ExpectedConditions.java:315)
at org.openqa.selenium.support.ui.ExpectedConditions.access$100(ExpectedConditions.java:44)
at org.openqa.selenium.support.ui.ExpectedConditions$10.apply(ExpectedConditions.java:301)
at org.openqa.selenium.support.ui.ExpectedConditions$10.apply(ExpectedConditions.java:298)
at org.openqa.selenium.support.ui.FluentWait.until(FluentWait.java:208)
at pages.BasePage.waitVisibility(BasePage.java:34)
at pages.UploadContractPage.clickOnDownload1(UploadContractPage.java:69)
at TestCases.UploadContractTest.G02_DownloadFile(UploadContractTest.java:60)
at java.util.ArrayList.forEach(ArrayList.java:1259)
at java.util.concurrent.FutureTask.run(FutureTask.java:266)
at java.util.concurrent.ThreadPoolExecutor.runWorker(ThreadPoolExecutor.java:1149)
at java.util.concurrent.ThreadPoolExecutor$Worker.run(ThreadPoolExecutor.java:624)
at java.lang.Thread.run(Thread.java:748)
... Removed 25 stack frames]]>
    </failure>
  </testcase> <!-- G02_DownloadFile -->
  <testcase name="signIn" time="3.765" classname="TestCases.DocumentationTest"/>
  <testcase name="H01_GettingStarted" time="0.488" classname="TestCases.DocumentationTest"/>
  <testcase name="H02_MerchantOnBoarding" time="0.245" classname="TestCases.DocumentationTest"/>
  <testcase name="H03_ServiceOnBoarding" time="0.244" classname="TestCases.DocumentationTest"/>
  <testcase name="H04_Integration" time="0.593" classname="TestCases.DocumentationTest"/>
  <testcase name="H05_Reporting" time="0.22" classname="TestCases.DocumentationTest"/>
  <testcase name="H06_FAQ" time="0.816" classname="TestCases.DocumentationTest"/>
  <testcase name="signIn" time="3.897" classname="TestCases.AddServiceTest"/>
  <testcase name="J01_FirstStepAddService" time="10.526" classname="TestCases.AddServiceTest">
    <failure type="org.openqa.selenium.TimeoutException" message="Expected condition failed: waiting for visibility of [[ChromeDriver: chrome on MAC (08165a6b4310f66dac48526e87bd4184)] -&amp;gt; xpath: //img[contains(@src,&amp;quot;Service&amp;quot;)]] (tried for 10 second(s) with 500 MILLISECONDS interval)
Build info: version: &amp;apos;3.14.0&amp;apos;, revision: &amp;apos;aacccce0&amp;apos;, time: &amp;apos;2018-08-02T20:19:58.91Z&amp;apos;
System info: host: &amp;apos;Potatos-Mac.local&amp;apos;, ip: &amp;apos;fe80:0:0:0:6:b504:c6d7:bbe1%en0&amp;apos;, os.name: &amp;apos;Mac OS X&amp;apos;, os.arch: &amp;apos;x86_64&amp;apos;, os.version: &amp;apos;10.15.6&amp;apos;, java.version: &amp;apos;1.8.0_261&amp;apos;
Driver info: org.openqa.selenium.chrome.ChromeDriver
Capabilities {acceptInsecureCerts: false, browserName: chrome, browserVersion: 88.0.4324.150, chrome: {chromedriverVersion: 88.0.4324.96 (68dba2d8a0b14..., userDataDir: /var/folders/pz/vbvlmv8j3s1...}, goog:chromeOptions: {debuggerAddress: localhost:61474}, javascriptEnabled: true, networkConnectionEnabled: false, pageLoadStrategy: normal, platform: MAC, platformName: MAC, proxy: Proxy(), setWindowRect: true, strictFileInteractability: false, timeouts: {implicit: 0, pageLoad: 300000, script: 30000}, unhandledPromptBehavior: dismiss and notify, webauthn:extension:largeBlob: true, webauthn:virtualAuthenticators: true}
Session ID: 08165a6b4310f66dac48526e87bd4184">
      <![CDATA[org.openqa.selenium.TimeoutException: Expected condition failed: waiting for visibility of [[ChromeDriver: chrome on MAC (08165a6b4310f66dac48526e87bd4184)] -> xpath: //img[contains(@src,"Service")]] (tried for 10 second(s) with 500 MILLISECONDS interval)
Build info: version: '3.14.0', revision: 'aacccce0', time: '2018-08-02T20:19:58.91Z'
System info: host: 'Potatos-Mac.local', ip: 'fe80:0:0:0:6:b504:c6d7:bbe1%en0', os.name: 'Mac OS X', os.arch: 'x86_64', os.version: '10.15.6', java.version: '1.8.0_261'
Driver info: org.openqa.selenium.chrome.ChromeDriver
Capabilities {acceptInsecureCerts: false, browserName: chrome, browserVersion: 88.0.4324.150, chrome: {chromedriverVersion: 88.0.4324.96 (68dba2d8a0b14..., userDataDir: /var/folders/pz/vbvlmv8j3s1...}, goog:chromeOptions: {debuggerAddress: localhost:61474}, javascriptEnabled: true, networkConnectionEnabled: false, pageLoadStrategy: normal, platform: MAC, platformName: MAC, proxy: Proxy(), setWindowRect: true, strictFileInteractability: false, timeouts: {implicit: 0, pageLoad: 300000, script: 30000}, unhandledPromptBehavior: dismiss and notify, webauthn:extension:largeBlob: true, webauthn:virtualAuthenticators: true}
Session ID: 08165a6b4310f66dac48526e87bd4184
at org.openqa.selenium.support.ui.WebDriverWait.timeoutException(WebDriverWait.java:82)
at org.openqa.selenium.support.ui.FluentWait.until(FluentWait.java:231)
at pages.BasePage.waitVisibility(BasePage.java:34)
at pages.SideMenuPage.clickOnServiceDropDown(SideMenuPage.java:144)
at TestCases.AddServiceTest.J01_FirstStepAddService(AddServiceTest.java:41)
at java.util.ArrayList.forEach(ArrayList.java:1259)
at java.util.concurrent.FutureTask.run(FutureTask.java:266)
at java.util.concurrent.ThreadPoolExecutor.runWorker(ThreadPoolExecutor.java:1149)
at java.util.concurrent.ThreadPoolExecutor$Worker.run(ThreadPoolExecutor.java:624)
at java.lang.Thread.run(Thread.java:748)
... Removed 18 stack frames]]>
    </failure>
  </testcase> <!-- J01_FirstStepAddService -->
  <testcase name="J02_SecondStepService" time="10.405" classname="TestCases.AddServiceTest">
    <failure type="org.openqa.selenium.TimeoutException" message="Expected condition failed: waiting for visibility of Proxy element for: DefaultElementLocator &amp;apos;By.id: service_step_two&amp;apos; (tried for 10 second(s) with 500 MILLISECONDS interval)">
      <![CDATA[org.openqa.selenium.TimeoutException: Expected condition failed: waiting for visibility of Proxy element for: DefaultElementLocator 'By.id: service_step_two' (tried for 10 second(s) with 500 MILLISECONDS interval)
at org.openqa.selenium.support.ui.WebDriverWait.timeoutException(WebDriverWait.java:82)
at org.openqa.selenium.support.ui.FluentWait.until(FluentWait.java:231)
at pages.BasePage.waitVisibility(BasePage.java:34)
at pages.AddServicePage.clickNextButtonSecondStep(AddServicePage.java:293)
at TestCases.AddServiceTest.J02_SecondStepService(AddServiceTest.java:79)
at java.util.ArrayList.forEach(ArrayList.java:1259)
at java.util.concurrent.FutureTask.run(FutureTask.java:266)
at java.util.concurrent.ThreadPoolExecutor.runWorker(ThreadPoolExecutor.java:1149)
at java.util.concurrent.ThreadPoolExecutor$Worker.run(ThreadPoolExecutor.java:624)
at java.lang.Thread.run(Thread.java:748)
Caused by: org.openqa.selenium.NoSuchElementException: no such element: Unable to locate element: {"method":"css selector","selector":"#service_step_two"}
  (Session info: headless chrome=88.0.4324.150)
For documentation on this error, please visit: http://seleniumhq.org/exceptions/no_such_element.html
Build info: version: '3.14.0', revision: 'aacccce0', time: '2018-08-02T20:19:58.91Z'
System info: host: 'Potatos-Mac.local', ip: 'fe80:0:0:0:6:b504:c6d7:bbe1%en0', os.name: 'Mac OS X', os.arch: 'x86_64', os.version: '10.15.6', java.version: '1.8.0_261'
Driver info: org.openqa.selenium.chrome.ChromeDriver
Capabilities {acceptInsecureCerts: false, browserName: chrome, browserVersion: 88.0.4324.150, chrome: {chromedriverVersion: 88.0.4324.96 (68dba2d8a0b14..., userDataDir: /var/folders/pz/vbvlmv8j3s1...}, goog:chromeOptions: {debuggerAddress: localhost:61474}, javascriptEnabled: true, networkConnectionEnabled: false, pageLoadStrategy: normal, platform: MAC, platformName: MAC, proxy: Proxy(), setWindowRect: true, strictFileInteractability: false, timeouts: {implicit: 0, pageLoad: 300000, script: 30000}, unhandledPromptBehavior: dismiss and notify, webauthn:extension:largeBlob: true, webauthn:virtualAuthenticators: true}
Session ID: 08165a6b4310f66dac48526e87bd4184
*** Element info: {Using=id, value=service_step_two}
at org.openqa.selenium.remote.http.W3CHttpResponseCodec.createException(W3CHttpResponseCodec.java:187)
at org.openqa.selenium.remote.http.W3CHttpResponseCodec.decode(W3CHttpResponseCodec.java:122)
at org.openqa.selenium.remote.http.W3CHttpResponseCodec.decode(W3CHttpResponseCodec.java:49)
at org.openqa.selenium.remote.HttpCommandExecutor.execute(HttpCommandExecutor.java:158)
at org.openqa.selenium.remote.service.DriverCommandExecutor.execute(DriverCommandExecutor.java:83)
at org.openqa.selenium.remote.RemoteWebDriver.execute(RemoteWebDriver.java:548)
at org.openqa.selenium.remote.RemoteWebDriver.findElement(RemoteWebDriver.java:322)
at org.openqa.selenium.remote.RemoteWebDriver.findElementById(RemoteWebDriver.java:368)
at org.openqa.selenium.By$ById.findElement(By.java:188)
at org.openqa.selenium.remote.RemoteWebDriver.findElement(RemoteWebDriver.java:314)
at org.openqa.selenium.support.pagefactory.DefaultElementLocator.findElement(DefaultElementLocator.java:69)
at org.openqa.selenium.support.pagefactory.internal.LocatingElementHandler.invoke(LocatingElementHandler.java:38)
at com.sun.proxy.$Proxy23.isDisplayed(Unknown Source)
at org.openqa.selenium.support.ui.ExpectedConditions.elementIfVisible(ExpectedConditions.java:315)
at org.openqa.selenium.support.ui.ExpectedConditions.access$100(ExpectedConditions.java:44)
at org.openqa.selenium.support.ui.ExpectedConditions$10.apply(ExpectedConditions.java:301)
at org.openqa.selenium.support.ui.ExpectedConditions$10.apply(ExpectedConditions.java:298)
at org.openqa.selenium.support.ui.FluentWait.until(FluentWait.java:208)
... 26 more
... Removed 21 stack frames]]>
    </failure>
  </testcase> <!-- J02_SecondStepService -->
  <testcase name="J03_ThirdStepService" time="10.385" classname="TestCases.AddServiceTest">
    <failure type="org.openqa.selenium.TimeoutException" message="Expected condition failed: waiting for visibility of Proxy element for: DefaultElementLocator &amp;apos;By.id: service_step_three&amp;apos; (tried for 10 second(s) with 500 MILLISECONDS interval)">
      <![CDATA[org.openqa.selenium.TimeoutException: Expected condition failed: waiting for visibility of Proxy element for: DefaultElementLocator 'By.id: service_step_three' (tried for 10 second(s) with 500 MILLISECONDS interval)
at org.openqa.selenium.support.ui.WebDriverWait.timeoutException(WebDriverWait.java:82)
at org.openqa.selenium.support.ui.FluentWait.until(FluentWait.java:231)
at pages.BasePage.waitVisibility(BasePage.java:34)
at pages.AddServicePage.clickOnNextButtonThirdStep(AddServicePage.java:297)
at TestCases.AddServiceTest.J03_ThirdStepService(AddServiceTest.java:111)
at java.util.ArrayList.forEach(ArrayList.java:1259)
at java.util.concurrent.FutureTask.run(FutureTask.java:266)
at java.util.concurrent.ThreadPoolExecutor.runWorker(ThreadPoolExecutor.java:1149)
at java.util.concurrent.ThreadPoolExecutor$Worker.run(ThreadPoolExecutor.java:624)
at java.lang.Thread.run(Thread.java:748)
Caused by: org.openqa.selenium.NoSuchElementException: no such element: Unable to locate element: {"method":"css selector","selector":"#service_step_three"}
  (Session info: headless chrome=88.0.4324.150)
For documentation on this error, please visit: http://seleniumhq.org/exceptions/no_such_element.html
Build info: version: '3.14.0', revision: 'aacccce0', time: '2018-08-02T20:19:58.91Z'
System info: host: 'Potatos-Mac.local', ip: 'fe80:0:0:0:6:b504:c6d7:bbe1%en0', os.name: 'Mac OS X', os.arch: 'x86_64', os.version: '10.15.6', java.version: '1.8.0_261'
Driver info: org.openqa.selenium.chrome.ChromeDriver
Capabilities {acceptInsecureCerts: false, browserName: chrome, browserVersion: 88.0.4324.150, chrome: {chromedriverVersion: 88.0.4324.96 (68dba2d8a0b14..., userDataDir: /var/folders/pz/vbvlmv8j3s1...}, goog:chromeOptions: {debuggerAddress: localhost:61474}, javascriptEnabled: true, networkConnectionEnabled: false, pageLoadStrategy: normal, platform: MAC, platformName: MAC, proxy: Proxy(), setWindowRect: true, strictFileInteractability: false, timeouts: {implicit: 0, pageLoad: 300000, script: 30000}, unhandledPromptBehavior: dismiss and notify, webauthn:extension:largeBlob: true, webauthn:virtualAuthenticators: true}
Session ID: 08165a6b4310f66dac48526e87bd4184
*** Element info: {Using=id, value=service_step_three}
at org.openqa.selenium.remote.http.W3CHttpResponseCodec.createException(W3CHttpResponseCodec.java:187)
at org.openqa.selenium.remote.http.W3CHttpResponseCodec.decode(W3CHttpResponseCodec.java:122)
at org.openqa.selenium.remote.http.W3CHttpResponseCodec.decode(W3CHttpResponseCodec.java:49)
at org.openqa.selenium.remote.HttpCommandExecutor.execute(HttpCommandExecutor.java:158)
at org.openqa.selenium.remote.service.DriverCommandExecutor.execute(DriverCommandExecutor.java:83)
at org.openqa.selenium.remote.RemoteWebDriver.execute(RemoteWebDriver.java:548)
at org.openqa.selenium.remote.RemoteWebDriver.findElement(RemoteWebDriver.java:322)
at org.openqa.selenium.remote.RemoteWebDriver.findElementById(RemoteWebDriver.java:368)
at org.openqa.selenium.By$ById.findElement(By.java:188)
at org.openqa.selenium.remote.RemoteWebDriver.findElement(RemoteWebDriver.java:314)
at org.openqa.selenium.support.pagefactory.DefaultElementLocator.findElement(DefaultElementLocator.java:69)
at org.openqa.selenium.support.pagefactory.internal.LocatingElementHandler.invoke(LocatingElementHandler.java:38)
at com.sun.proxy.$Proxy23.isDisplayed(Unknown Source)
at org.openqa.selenium.support.ui.ExpectedConditions.elementIfVisible(ExpectedConditions.java:315)
at org.openqa.selenium.support.ui.ExpectedConditions.access$100(ExpectedConditions.java:44)
at org.openqa.selenium.support.ui.ExpectedConditions$10.apply(ExpectedConditions.java:301)
at org.openqa.selenium.support.ui.ExpectedConditions$10.apply(ExpectedConditions.java:298)
at org.openqa.selenium.support.ui.FluentWait.until(FluentWait.java:208)
... 26 more
... Removed 21 stack frames]]>
    </failure>
  </testcase> <!-- J03_ThirdStepService -->
  <testcase name="J04_FourthStepService" time="1.026" classname="TestCases.AddServiceTest">
    <failure type="org.openqa.selenium.NoSuchElementException" message="no such element: Unable to locate element: {&amp;quot;method&amp;quot;:&amp;quot;xpath&amp;quot;,&amp;quot;selector&amp;quot;:&amp;quot;//button[@id=&amp;quot;service_step_four&amp;quot; and contains(text(),&amp;quot;Next&amp;quot;)]&amp;quot;}
  (Session info: headless chrome=88.0.4324.150)
For documentation on this error, please visit: http://seleniumhq.org/exceptions/no_such_element.html
Build info: version: &amp;apos;3.14.0&amp;apos;, revision: &amp;apos;aacccce0&amp;apos;, time: &amp;apos;2018-08-02T20:19:58.91Z&amp;apos;
System info: host: &amp;apos;Potatos-Mac.local&amp;apos;, ip: &amp;apos;fe80:0:0:0:6:b504:c6d7:bbe1%en0&amp;apos;, os.name: &amp;apos;Mac OS X&amp;apos;, os.arch: &amp;apos;x86_64&amp;apos;, os.version: &amp;apos;10.15.6&amp;apos;, java.version: &amp;apos;1.8.0_261&amp;apos;
Driver info: org.openqa.selenium.chrome.ChromeDriver
Capabilities {acceptInsecureCerts: false, browserName: chrome, browserVersion: 88.0.4324.150, chrome: {chromedriverVersion: 88.0.4324.96 (68dba2d8a0b14..., userDataDir: /var/folders/pz/vbvlmv8j3s1...}, goog:chromeOptions: {debuggerAddress: localhost:61474}, javascriptEnabled: true, networkConnectionEnabled: false, pageLoadStrategy: normal, platform: MAC, platformName: MAC, proxy: Proxy(), setWindowRect: true, strictFileInteractability: false, timeouts: {implicit: 0, pageLoad: 300000, script: 30000}, unhandledPromptBehavior: dismiss and notify, webauthn:extension:largeBlob: true, webauthn:virtualAuthenticators: true}
Session ID: 08165a6b4310f66dac48526e87bd4184
*** Element info: {Using=xpath, value=//button[@id=&amp;quot;service_step_four&amp;quot; and contains(text(),&amp;quot;Next&amp;quot;)]}">
      <![CDATA[org.openqa.selenium.NoSuchElementException: no such element: Unable to locate element: {"method":"xpath","selector":"//button[@id="service_step_four" and contains(text(),"Next")]"}
  (Session info: headless chrome=88.0.4324.150)
For documentation on this error, please visit: http://seleniumhq.org/exceptions/no_such_element.html
Build info: version: '3.14.0', revision: 'aacccce0', time: '2018-08-02T20:19:58.91Z'
System info: host: 'Potatos-Mac.local', ip: 'fe80:0:0:0:6:b504:c6d7:bbe1%en0', os.name: 'Mac OS X', os.arch: 'x86_64', os.version: '10.15.6', java.version: '1.8.0_261'
Driver info: org.openqa.selenium.chrome.ChromeDriver
Capabilities {acceptInsecureCerts: false, browserName: chrome, browserVersion: 88.0.4324.150, chrome: {chromedriverVersion: 88.0.4324.96 (68dba2d8a0b14..., userDataDir: /var/folders/pz/vbvlmv8j3s1...}, goog:chromeOptions: {debuggerAddress: localhost:61474}, javascriptEnabled: true, networkConnectionEnabled: false, pageLoadStrategy: normal, platform: MAC, platformName: MAC, proxy: Proxy(), setWindowRect: true, strictFileInteractability: false, timeouts: {implicit: 0, pageLoad: 300000, script: 30000}, unhandledPromptBehavior: dismiss and notify, webauthn:extension:largeBlob: true, webauthn:virtualAuthenticators: true}
Session ID: 08165a6b4310f66dac48526e87bd4184
*** Element info: {Using=xpath, value=//button[@id="service_step_four" and contains(text(),"Next")]}
at org.openqa.selenium.remote.http.W3CHttpResponseCodec.createException(W3CHttpResponseCodec.java:187)
at org.openqa.selenium.remote.http.W3CHttpResponseCodec.decode(W3CHttpResponseCodec.java:122)
at org.openqa.selenium.remote.http.W3CHttpResponseCodec.decode(W3CHttpResponseCodec.java:49)
at org.openqa.selenium.remote.HttpCommandExecutor.execute(HttpCommandExecutor.java:158)
at org.openqa.selenium.remote.service.DriverCommandExecutor.execute(DriverCommandExecutor.java:83)
at org.openqa.selenium.remote.RemoteWebDriver.execute(RemoteWebDriver.java:548)
at org.openqa.selenium.remote.RemoteWebDriver.findElement(RemoteWebDriver.java:322)
at org.openqa.selenium.remote.RemoteWebDriver.findElementByXPath(RemoteWebDriver.java:424)
at org.openqa.selenium.By$ByXPath.findElement(By.java:353)
at org.openqa.selenium.remote.RemoteWebDriver.findElement(RemoteWebDriver.java:314)
at bases.BaseWeb.scrollIntoView(BaseWeb.java:159)
at pages.AddServicePage.clickOnNextButtonFourStep(AddServicePage.java:309)
at TestCases.AddServiceTest.J04_FourthStepService(AddServiceTest.java:145)
at java.util.ArrayList.forEach(ArrayList.java:1259)
at java.util.concurrent.FutureTask.run(FutureTask.java:266)
at java.util.concurrent.ThreadPoolExecutor.runWorker(ThreadPoolExecutor.java:1149)
at java.util.concurrent.ThreadPoolExecutor$Worker.run(ThreadPoolExecutor.java:624)
at java.lang.Thread.run(Thread.java:748)
... Removed 21 stack frames]]>
    </failure>
  </testcase> <!-- J04_FourthStepService -->
  <testcase name="J05_FifthStepService" time="0.0" classname="TestCases.AddServiceTest">
    <skipped/>
  </testcase> <!-- J05_FifthStepService -->
  <testcase name="J06_SixthStepService" time="0.0" classname="TestCases.AddServiceTest">
    <skipped/>
  </testcase> <!-- J06_SixthStepService -->
  <testcase name="signIn" time="4.287" classname="TestCases.ServiceManagementTest"/>
  <testcase name="R01_ViewServiceManagement" time="1.543" classname="TestCases.ServiceManagementTest"/>
  <testcase name="R02_SearchServiceManagement" time="4.942" classname="TestCases.ServiceManagementTest"/>
  <testcase name="R03_ApproveService" time="0.612" classname="TestCases.ServiceManagementTest"/>
  <testcase name="R04_RejectService" time="9.107" classname="TestCases.ServiceManagementTest">
    <failure type="java.lang.AssertionError" message="The following asserts failed:
	Service is not deactivated did not expect to find [true] but found [false]">
      <![CDATA[java.lang.AssertionError: The following asserts failed:
Service is not deactivated did not expect to find [true] but found [false]
at TestCases.ServiceManagementTest.R04_RejectService(ServiceManagementTest.java:119)
at java.util.ArrayList.forEach(ArrayList.java:1259)
at java.util.concurrent.FutureTask.run(FutureTask.java:266)
at java.util.concurrent.ThreadPoolExecutor.runWorker(ThreadPoolExecutor.java:1149)
at java.util.concurrent.ThreadPoolExecutor$Worker.run(ThreadPoolExecutor.java:624)
at java.lang.Thread.run(Thread.java:748)
... Removed 20 stack frames]]>
    </failure>
  </testcase> <!-- R04_RejectService -->
  <testcase name="signIn" time="4.64" classname="TestCases.ListServiceTest"/>
  <testcase name="K01_AccessListServicePage" time="5.907" classname="TestCases.ListServiceTest">
    <failure type="java.lang.AssertionError" message="The following asserts failed:
	search result is not displayed did not expect to find [true] but found [false]">
      <![CDATA[java.lang.AssertionError: The following asserts failed:
search result is not displayed did not expect to find [true] but found [false]
at TestCases.ListServiceTest.K01_AccessListServicePage(ListServiceTest.java:57)
at java.util.ArrayList.forEach(ArrayList.java:1259)
at java.util.concurrent.FutureTask.run(FutureTask.java:266)
at java.util.concurrent.ThreadPoolExecutor.runWorker(ThreadPoolExecutor.java:1149)
at java.util.concurrent.ThreadPoolExecutor$Worker.run(ThreadPoolExecutor.java:624)
at java.lang.Thread.run(Thread.java:748)
... Removed 20 stack frames]]>
    </failure>
  </testcase> <!-- K01_AccessListServicePage -->
  <testcase name="K02_ActivateService" time="8.617" classname="TestCases.ListServiceTest">
    <failure type="java.lang.AssertionError" message="The following asserts failed:
	Service is not activated did not expect to find [true] but found [false]">
      <![CDATA[java.lang.AssertionError: The following asserts failed:
Service is not activated did not expect to find [true] but found [false]
at TestCases.ListServiceTest.K02_ActivateService(ListServiceTest.java:85)
at java.util.ArrayList.forEach(ArrayList.java:1259)
at java.util.concurrent.FutureTask.run(FutureTask.java:266)
at java.util.concurrent.ThreadPoolExecutor.runWorker(ThreadPoolExecutor.java:1149)
at java.util.concurrent.ThreadPoolExecutor$Worker.run(ThreadPoolExecutor.java:624)
at java.lang.Thread.run(Thread.java:748)
... Removed 20 stack frames]]>
    </failure>
  </testcase> <!-- K02_ActivateService -->
  <testcase name="K03_DeactiveService" time="4.649" classname="TestCases.ListServiceTest">
    <failure type="java.lang.AssertionError" message="The following asserts failed:
	Service is not disabled did not expect to find [true] but found [false]">
      <![CDATA[java.lang.AssertionError: The following asserts failed:
Service is not disabled did not expect to find [true] but found [false]
at TestCases.ListServiceTest.K03_DeactiveService(ListServiceTest.java:110)
at java.util.ArrayList.forEach(ArrayList.java:1259)
at java.util.concurrent.FutureTask.run(FutureTask.java:266)
at java.util.concurrent.ThreadPoolExecutor.runWorker(ThreadPoolExecutor.java:1149)
at java.util.concurrent.ThreadPoolExecutor$Worker.run(ThreadPoolExecutor.java:624)
at java.lang.Thread.run(Thread.java:748)
... Removed 20 stack frames]]>
    </failure>
  </testcase> <!-- K03_DeactiveService -->
  <testcase name="K04_EditServiceWithLetOneOrAllMandatoryFieldsAreEmpty" time="16.92" classname="TestCases.ListServiceTest"/>
  <testcase name="K05_EditServiceWithAllMandatoryFieldsAreFilled" time="10.688" classname="TestCases.ListServiceTest">
    <failure type="org.openqa.selenium.NoSuchElementException" message="no such element: Unable to locate element: {&amp;quot;method&amp;quot;:&amp;quot;xpath&amp;quot;,&amp;quot;selector&amp;quot;:&amp;quot;//*[contains(text(),&amp;quot;src0349&amp;quot;)]/../td/a[@class=&amp;quot;btn btn-primary mr-2&amp;quot;]&amp;quot;}
  (Session info: headless chrome=88.0.4324.150)
For documentation on this error, please visit: http://seleniumhq.org/exceptions/no_such_element.html
Build info: version: &amp;apos;3.14.0&amp;apos;, revision: &amp;apos;aacccce0&amp;apos;, time: &amp;apos;2018-08-02T20:19:58.91Z&amp;apos;
System info: host: &amp;apos;Potatos-Mac.local&amp;apos;, ip: &amp;apos;fe80:0:0:0:6:b504:c6d7:bbe1%en0&amp;apos;, os.name: &amp;apos;Mac OS X&amp;apos;, os.arch: &amp;apos;x86_64&amp;apos;, os.version: &amp;apos;10.15.6&amp;apos;, java.version: &amp;apos;1.8.0_261&amp;apos;
Driver info: org.openqa.selenium.chrome.ChromeDriver
Capabilities {acceptInsecureCerts: false, browserName: chrome, browserVersion: 88.0.4324.150, chrome: {chromedriverVersion: 88.0.4324.96 (68dba2d8a0b14..., userDataDir: /var/folders/pz/vbvlmv8j3s1...}, goog:chromeOptions: {debuggerAddress: localhost:61783}, javascriptEnabled: true, networkConnectionEnabled: false, pageLoadStrategy: normal, platform: MAC, platformName: MAC, proxy: Proxy(), setWindowRect: true, strictFileInteractability: false, timeouts: {implicit: 0, pageLoad: 300000, script: 30000}, unhandledPromptBehavior: dismiss and notify, webauthn:extension:largeBlob: true, webauthn:virtualAuthenticators: true}
Session ID: cc831efd844caff841ec3bfc625f80bf
*** Element info: {Using=xpath, value=//*[contains(text(),&amp;quot;src0349&amp;quot;)]/../td/a[@class=&amp;quot;btn btn-primary mr-2&amp;quot;]}">
      <![CDATA[org.openqa.selenium.NoSuchElementException: no such element: Unable to locate element: {"method":"xpath","selector":"//*[contains(text(),"src0349")]/../td/a[@class="btn btn-primary mr-2"]"}
  (Session info: headless chrome=88.0.4324.150)
For documentation on this error, please visit: http://seleniumhq.org/exceptions/no_such_element.html
Build info: version: '3.14.0', revision: 'aacccce0', time: '2018-08-02T20:19:58.91Z'
System info: host: 'Potatos-Mac.local', ip: 'fe80:0:0:0:6:b504:c6d7:bbe1%en0', os.name: 'Mac OS X', os.arch: 'x86_64', os.version: '10.15.6', java.version: '1.8.0_261'
Driver info: org.openqa.selenium.chrome.ChromeDriver
Capabilities {acceptInsecureCerts: false, browserName: chrome, browserVersion: 88.0.4324.150, chrome: {chromedriverVersion: 88.0.4324.96 (68dba2d8a0b14..., userDataDir: /var/folders/pz/vbvlmv8j3s1...}, goog:chromeOptions: {debuggerAddress: localhost:61783}, javascriptEnabled: true, networkConnectionEnabled: false, pageLoadStrategy: normal, platform: MAC, platformName: MAC, proxy: Proxy(), setWindowRect: true, strictFileInteractability: false, timeouts: {implicit: 0, pageLoad: 300000, script: 30000}, unhandledPromptBehavior: dismiss and notify, webauthn:extension:largeBlob: true, webauthn:virtualAuthenticators: true}
Session ID: cc831efd844caff841ec3bfc625f80bf
*** Element info: {Using=xpath, value=//*[contains(text(),"src0349")]/../td/a[@class="btn btn-primary mr-2"]}
at org.openqa.selenium.remote.http.W3CHttpResponseCodec.createException(W3CHttpResponseCodec.java:187)
at org.openqa.selenium.remote.http.W3CHttpResponseCodec.decode(W3CHttpResponseCodec.java:122)
at org.openqa.selenium.remote.http.W3CHttpResponseCodec.decode(W3CHttpResponseCodec.java:49)
at org.openqa.selenium.remote.HttpCommandExecutor.execute(HttpCommandExecutor.java:158)
at org.openqa.selenium.remote.service.DriverCommandExecutor.execute(DriverCommandExecutor.java:83)
at org.openqa.selenium.remote.RemoteWebDriver.execute(RemoteWebDriver.java:548)
at org.openqa.selenium.remote.RemoteWebDriver.findElement(RemoteWebDriver.java:322)
at org.openqa.selenium.remote.RemoteWebDriver.findElementByXPath(RemoteWebDriver.java:424)
at org.openqa.selenium.By$ByXPath.findElement(By.java:353)
at org.openqa.selenium.remote.RemoteWebDriver.findElement(RemoteWebDriver.java:314)
at pages.BasePage.clickOnEditButtonSpesificId(BasePage.java:78)
at TestCases.ListServiceTest.K05_EditServiceWithAllMandatoryFieldsAreFilled(ListServiceTest.java:206)
at java.util.ArrayList.forEach(ArrayList.java:1259)
at java.util.concurrent.FutureTask.run(FutureTask.java:266)
at java.util.concurrent.ThreadPoolExecutor.runWorker(ThreadPoolExecutor.java:1149)
at java.util.concurrent.ThreadPoolExecutor$Worker.run(ThreadPoolExecutor.java:624)
at java.lang.Thread.run(Thread.java:748)
... Removed 21 stack frames]]>
    </failure>
  </testcase> <!-- K05_EditServiceWithAllMandatoryFieldsAreFilled -->
  <testcase name="signIn" time="4.459" classname="TestCases.InviteUserTest"/>
  <testcase name="N01_InviteUserWithAllMandatoryAreEmpty" time="10.361" classname="TestCases.InviteUserTest">
    <failure type="org.openqa.selenium.TimeoutException" message="Expected condition failed: waiting for visibility of [[ChromeDriver: chrome on MAC (5b7f9a76c2d95cacdb166e35fe5f0d63)] -&amp;gt; xpath: //img[@class=&amp;quot;menu-image&amp;quot; and contains(@src,&amp;quot;vitation&amp;quot;)]] (tried for 10 second(s) with 500 MILLISECONDS interval)
Build info: version: &amp;apos;3.14.0&amp;apos;, revision: &amp;apos;aacccce0&amp;apos;, time: &amp;apos;2018-08-02T20:19:58.91Z&amp;apos;
System info: host: &amp;apos;Potatos-Mac.local&amp;apos;, ip: &amp;apos;fe80:0:0:0:6:b504:c6d7:bbe1%en0&amp;apos;, os.name: &amp;apos;Mac OS X&amp;apos;, os.arch: &amp;apos;x86_64&amp;apos;, os.version: &amp;apos;10.15.6&amp;apos;, java.version: &amp;apos;1.8.0_261&amp;apos;
Driver info: org.openqa.selenium.chrome.ChromeDriver
Capabilities {acceptInsecureCerts: false, browserName: chrome, browserVersion: 88.0.4324.150, chrome: {chromedriverVersion: 88.0.4324.96 (68dba2d8a0b14..., userDataDir: /var/folders/pz/vbvlmv8j3s1...}, goog:chromeOptions: {debuggerAddress: localhost:62029}, javascriptEnabled: true, networkConnectionEnabled: false, pageLoadStrategy: normal, platform: MAC, platformName: MAC, proxy: Proxy(), setWindowRect: true, strictFileInteractability: false, timeouts: {implicit: 0, pageLoad: 300000, script: 30000}, unhandledPromptBehavior: dismiss and notify, webauthn:extension:largeBlob: true, webauthn:virtualAuthenticators: true}
Session ID: 5b7f9a76c2d95cacdb166e35fe5f0d63">
      <![CDATA[org.openqa.selenium.TimeoutException: Expected condition failed: waiting for visibility of [[ChromeDriver: chrome on MAC (5b7f9a76c2d95cacdb166e35fe5f0d63)] -> xpath: //img[@class="menu-image" and contains(@src,"vitation")]] (tried for 10 second(s) with 500 MILLISECONDS interval)
Build info: version: '3.14.0', revision: 'aacccce0', time: '2018-08-02T20:19:58.91Z'
System info: host: 'Potatos-Mac.local', ip: 'fe80:0:0:0:6:b504:c6d7:bbe1%en0', os.name: 'Mac OS X', os.arch: 'x86_64', os.version: '10.15.6', java.version: '1.8.0_261'
Driver info: org.openqa.selenium.chrome.ChromeDriver
Capabilities {acceptInsecureCerts: false, browserName: chrome, browserVersion: 88.0.4324.150, chrome: {chromedriverVersion: 88.0.4324.96 (68dba2d8a0b14..., userDataDir: /var/folders/pz/vbvlmv8j3s1...}, goog:chromeOptions: {debuggerAddress: localhost:62029}, javascriptEnabled: true, networkConnectionEnabled: false, pageLoadStrategy: normal, platform: MAC, platformName: MAC, proxy: Proxy(), setWindowRect: true, strictFileInteractability: false, timeouts: {implicit: 0, pageLoad: 300000, script: 30000}, unhandledPromptBehavior: dismiss and notify, webauthn:extension:largeBlob: true, webauthn:virtualAuthenticators: true}
Session ID: 5b7f9a76c2d95cacdb166e35fe5f0d63
at org.openqa.selenium.support.ui.WebDriverWait.timeoutException(WebDriverWait.java:82)
at org.openqa.selenium.support.ui.FluentWait.until(FluentWait.java:231)
at pages.BasePage.waitVisibility(BasePage.java:34)
at pages.SideMenuPage.clickOnInviteUserDropDown(SideMenuPage.java:217)
at TestCases.InviteUserTest.N01_InviteUserWithAllMandatoryAreEmpty(InviteUserTest.java:41)
at java.util.ArrayList.forEach(ArrayList.java:1259)
at java.util.concurrent.FutureTask.run(FutureTask.java:266)
at java.util.concurrent.ThreadPoolExecutor.runWorker(ThreadPoolExecutor.java:1149)
at java.util.concurrent.ThreadPoolExecutor$Worker.run(ThreadPoolExecutor.java:624)
at java.lang.Thread.run(Thread.java:748)
... Removed 18 stack frames]]>
    </failure>
  </testcase> <!-- N01_InviteUserWithAllMandatoryAreEmpty -->
  <testcase name="N02_InviteTakenUsernameOrTakenEmailAddress" time="10.494" classname="TestCases.InviteUserTest">
    <failure type="org.openqa.selenium.TimeoutException" message="Expected condition failed: waiting for visibility of Proxy element for: DefaultElementLocator &amp;apos;By.id: username&amp;apos; (tried for 10 second(s) with 500 MILLISECONDS interval)">
      <![CDATA[org.openqa.selenium.TimeoutException: Expected condition failed: waiting for visibility of Proxy element for: DefaultElementLocator 'By.id: username' (tried for 10 second(s) with 500 MILLISECONDS interval)
at org.openqa.selenium.support.ui.WebDriverWait.timeoutException(WebDriverWait.java:82)
at org.openqa.selenium.support.ui.FluentWait.until(FluentWait.java:231)
at pages.BasePage.waitVisibility(BasePage.java:34)
at pages.InviteUserPage.typeUserName(InviteUserPage.java:85)
at TestCases.InviteUserTest.N02_InviteTakenUsernameOrTakenEmailAddress(InviteUserTest.java:74)
at java.util.ArrayList.forEach(ArrayList.java:1259)
at java.util.concurrent.FutureTask.run(FutureTask.java:266)
at java.util.concurrent.ThreadPoolExecutor.runWorker(ThreadPoolExecutor.java:1149)
at java.util.concurrent.ThreadPoolExecutor$Worker.run(ThreadPoolExecutor.java:624)
at java.lang.Thread.run(Thread.java:748)
Caused by: org.openqa.selenium.NoSuchElementException: no such element: Unable to locate element: {"method":"css selector","selector":"#username"}
  (Session info: headless chrome=88.0.4324.150)
For documentation on this error, please visit: http://seleniumhq.org/exceptions/no_such_element.html
Build info: version: '3.14.0', revision: 'aacccce0', time: '2018-08-02T20:19:58.91Z'
System info: host: 'Potatos-Mac.local', ip: 'fe80:0:0:0:6:b504:c6d7:bbe1%en0', os.name: 'Mac OS X', os.arch: 'x86_64', os.version: '10.15.6', java.version: '1.8.0_261'
Driver info: org.openqa.selenium.chrome.ChromeDriver
Capabilities {acceptInsecureCerts: false, browserName: chrome, browserVersion: 88.0.4324.150, chrome: {chromedriverVersion: 88.0.4324.96 (68dba2d8a0b14..., userDataDir: /var/folders/pz/vbvlmv8j3s1...}, goog:chromeOptions: {debuggerAddress: localhost:62029}, javascriptEnabled: true, networkConnectionEnabled: false, pageLoadStrategy: normal, platform: MAC, platformName: MAC, proxy: Proxy(), setWindowRect: true, strictFileInteractability: false, timeouts: {implicit: 0, pageLoad: 300000, script: 30000}, unhandledPromptBehavior: dismiss and notify, webauthn:extension:largeBlob: true, webauthn:virtualAuthenticators: true}
Session ID: 5b7f9a76c2d95cacdb166e35fe5f0d63
*** Element info: {Using=id, value=username}
at org.openqa.selenium.remote.http.W3CHttpResponseCodec.createException(W3CHttpResponseCodec.java:187)
at org.openqa.selenium.remote.http.W3CHttpResponseCodec.decode(W3CHttpResponseCodec.java:122)
at org.openqa.selenium.remote.http.W3CHttpResponseCodec.decode(W3CHttpResponseCodec.java:49)
at org.openqa.selenium.remote.HttpCommandExecutor.execute(HttpCommandExecutor.java:158)
at org.openqa.selenium.remote.service.DriverCommandExecutor.execute(DriverCommandExecutor.java:83)
at org.openqa.selenium.remote.RemoteWebDriver.execute(RemoteWebDriver.java:548)
at org.openqa.selenium.remote.RemoteWebDriver.findElement(RemoteWebDriver.java:322)
at org.openqa.selenium.remote.RemoteWebDriver.findElementById(RemoteWebDriver.java:368)
at org.openqa.selenium.By$ById.findElement(By.java:188)
at org.openqa.selenium.remote.RemoteWebDriver.findElement(RemoteWebDriver.java:314)
at org.openqa.selenium.support.pagefactory.DefaultElementLocator.findElement(DefaultElementLocator.java:69)
at org.openqa.selenium.support.pagefactory.internal.LocatingElementHandler.invoke(LocatingElementHandler.java:38)
at com.sun.proxy.$Proxy23.isDisplayed(Unknown Source)
at org.openqa.selenium.support.ui.ExpectedConditions.elementIfVisible(ExpectedConditions.java:315)
at org.openqa.selenium.support.ui.ExpectedConditions.access$100(ExpectedConditions.java:44)
at org.openqa.selenium.support.ui.ExpectedConditions$10.apply(ExpectedConditions.java:301)
at org.openqa.selenium.support.ui.ExpectedConditions$10.apply(ExpectedConditions.java:298)
at org.openqa.selenium.support.ui.FluentWait.until(FluentWait.java:208)
... 26 more
... Removed 21 stack frames]]>
    </failure>
  </testcase> <!-- N02_InviteTakenUsernameOrTakenEmailAddress -->
  <testcase name="N03_InviteUserWithValidCredential" time="10.442" classname="TestCases.InviteUserTest">
    <failure type="org.openqa.selenium.TimeoutException" message="Expected condition failed: waiting for visibility of Proxy element for: DefaultElementLocator &amp;apos;By.id: username&amp;apos; (tried for 10 second(s) with 500 MILLISECONDS interval)">
      <![CDATA[org.openqa.selenium.TimeoutException: Expected condition failed: waiting for visibility of Proxy element for: DefaultElementLocator 'By.id: username' (tried for 10 second(s) with 500 MILLISECONDS interval)
at org.openqa.selenium.support.ui.WebDriverWait.timeoutException(WebDriverWait.java:82)
at org.openqa.selenium.support.ui.FluentWait.until(FluentWait.java:231)
at pages.BasePage.waitVisibility(BasePage.java:34)
at pages.InviteUserPage.typeUserName(InviteUserPage.java:85)
at TestCases.InviteUserTest.N03_InviteUserWithValidCredential(InviteUserTest.java:98)
at java.util.ArrayList.forEach(ArrayList.java:1259)
at java.util.concurrent.FutureTask.run(FutureTask.java:266)
at java.util.concurrent.ThreadPoolExecutor.runWorker(ThreadPoolExecutor.java:1149)
at java.util.concurrent.ThreadPoolExecutor$Worker.run(ThreadPoolExecutor.java:624)
at java.lang.Thread.run(Thread.java:748)
Caused by: org.openqa.selenium.NoSuchElementException: no such element: Unable to locate element: {"method":"css selector","selector":"#username"}
  (Session info: headless chrome=88.0.4324.150)
For documentation on this error, please visit: http://seleniumhq.org/exceptions/no_such_element.html
Build info: version: '3.14.0', revision: 'aacccce0', time: '2018-08-02T20:19:58.91Z'
System info: host: 'Potatos-Mac.local', ip: 'fe80:0:0:0:6:b504:c6d7:bbe1%en0', os.name: 'Mac OS X', os.arch: 'x86_64', os.version: '10.15.6', java.version: '1.8.0_261'
Driver info: org.openqa.selenium.chrome.ChromeDriver
Capabilities {acceptInsecureCerts: false, browserName: chrome, browserVersion: 88.0.4324.150, chrome: {chromedriverVersion: 88.0.4324.96 (68dba2d8a0b14..., userDataDir: /var/folders/pz/vbvlmv8j3s1...}, goog:chromeOptions: {debuggerAddress: localhost:62029}, javascriptEnabled: true, networkConnectionEnabled: false, pageLoadStrategy: normal, platform: MAC, platformName: MAC, proxy: Proxy(), setWindowRect: true, strictFileInteractability: false, timeouts: {implicit: 0, pageLoad: 300000, script: 30000}, unhandledPromptBehavior: dismiss and notify, webauthn:extension:largeBlob: true, webauthn:virtualAuthenticators: true}
Session ID: 5b7f9a76c2d95cacdb166e35fe5f0d63
*** Element info: {Using=id, value=username}
at org.openqa.selenium.remote.http.W3CHttpResponseCodec.createException(W3CHttpResponseCodec.java:187)
at org.openqa.selenium.remote.http.W3CHttpResponseCodec.decode(W3CHttpResponseCodec.java:122)
at org.openqa.selenium.remote.http.W3CHttpResponseCodec.decode(W3CHttpResponseCodec.java:49)
at org.openqa.selenium.remote.HttpCommandExecutor.execute(HttpCommandExecutor.java:158)
at org.openqa.selenium.remote.service.DriverCommandExecutor.execute(DriverCommandExecutor.java:83)
at org.openqa.selenium.remote.RemoteWebDriver.execute(RemoteWebDriver.java:548)
at org.openqa.selenium.remote.RemoteWebDriver.findElement(RemoteWebDriver.java:322)
at org.openqa.selenium.remote.RemoteWebDriver.findElementById(RemoteWebDriver.java:368)
at org.openqa.selenium.By$ById.findElement(By.java:188)
at org.openqa.selenium.remote.RemoteWebDriver.findElement(RemoteWebDriver.java:314)
at org.openqa.selenium.support.pagefactory.DefaultElementLocator.findElement(DefaultElementLocator.java:69)
at org.openqa.selenium.support.pagefactory.internal.LocatingElementHandler.invoke(LocatingElementHandler.java:38)
at com.sun.proxy.$Proxy23.isDisplayed(Unknown Source)
at org.openqa.selenium.support.ui.ExpectedConditions.elementIfVisible(ExpectedConditions.java:315)
at org.openqa.selenium.support.ui.ExpectedConditions.access$100(ExpectedConditions.java:44)
at org.openqa.selenium.support.ui.ExpectedConditions$10.apply(ExpectedConditions.java:301)
at org.openqa.selenium.support.ui.ExpectedConditions$10.apply(ExpectedConditions.java:298)
at org.openqa.selenium.support.ui.FluentWait.until(FluentWait.java:208)
... 26 more
... Removed 21 stack frames]]>
    </failure>
  </testcase> <!-- N03_InviteUserWithValidCredential -->
  <testcase name="signIn" time="4.194" classname="TestCases.UserApprovalTest"/>
  <testcase name="O01_ClickOnApproveButtonRejectButtonWithoutSelectCheckbox" time="3.965" classname="TestCases.UserApprovalTest"/>
  <testcase name="O02_ApproveUser" time="2.165" classname="TestCases.UserApprovalTest"/>
  <testcase name="@BeforeSuite settupTestingData" time="0.0" classname="bases.BaseWeb">
    <ignored/>
  </testcase> <!-- @BeforeSuite settupTestingData -->
  <testcase name="@BeforeSuite settupTestingData" time="0.0" classname="bases.BaseWeb">
    <ignored/>
  </testcase> <!-- @BeforeSuite settupTestingData -->
  <testcase name="@BeforeSuite settupTestingData" time="0.0" classname="bases.BaseWeb">
    <ignored/>
  </testcase> <!-- @BeforeSuite settupTestingData -->
  <testcase name="@BeforeSuite settupTestingData" time="0.0" classname="bases.BaseWeb">
    <ignored/>
  </testcase> <!-- @BeforeSuite settupTestingData -->
  <testcase name="@BeforeSuite settupTestingData" time="0.0" classname="bases.BaseWeb">
    <ignored/>
  </testcase> <!-- @BeforeSuite settupTestingData -->
  <testcase name="@BeforeSuite settupTestingData" time="0.0" classname="bases.BaseWeb">
    <ignored/>
  </testcase> <!-- @BeforeSuite settupTestingData -->
  <testcase name="@BeforeSuite settupTestingData" time="0.0" classname="bases.BaseWeb">
    <ignored/>
  </testcase> <!-- @BeforeSuite settupTestingData -->
  <testcase name="@BeforeSuite settupTestingData" time="0.0" classname="bases.BaseWeb">
    <ignored/>
  </testcase> <!-- @BeforeSuite settupTestingData -->
  <testcase name="@BeforeSuite settupTestingData" time="0.0" classname="bases.BaseWeb">
    <ignored/>
  </testcase> <!-- @BeforeSuite settupTestingData -->
  <testcase name="@BeforeSuite settupTestingData" time="0.0" classname="bases.BaseWeb">
    <ignored/>
  </testcase> <!-- @BeforeSuite settupTestingData -->
  <testcase name="@BeforeSuite settupTestingData" time="0.0" classname="bases.BaseWeb">
    <ignored/>
  </testcase> <!-- @BeforeSuite settupTestingData -->
  <testcase name="@BeforeSuite settupTestingData" time="0.0" classname="bases.BaseWeb">
    <ignored/>
  </testcase> <!-- @BeforeSuite settupTestingData -->
  <testcase name="O02_RejectUser" time="0.0" classname="TestCases.UserApprovalTest">
    <ignored/>
  </testcase> <!-- O02_RejectUser -->
  <testcase name="A07_EmailVerificationSuccess" time="0.0" classname="TestCases.AuthenticationSignUpTest2">
    <ignored/>
  </testcase> <!-- A07_EmailVerificationSuccess -->
  <testcase name="@BeforeSuite deleteScreenShot" time="0.0" classname="bases.BaseWeb">
    <ignored/>
  </testcase> <!-- @BeforeSuite deleteScreenShot -->
  <testcase name="@BeforeSuite deleteScreenShot" time="0.0" classname="bases.BaseWeb">
    <ignored/>
  </testcase> <!-- @BeforeSuite deleteScreenShot -->
  <testcase name="@BeforeSuite deleteScreenShot" time="0.0" classname="bases.BaseWeb">
    <ignored/>
  </testcase> <!-- @BeforeSuite deleteScreenShot -->
  <testcase name="@BeforeSuite deleteScreenShot" time="0.0" classname="bases.BaseWeb">
    <ignored/>
  </testcase> <!-- @BeforeSuite deleteScreenShot -->
  <testcase name="@BeforeSuite deleteScreenShot" time="0.0" classname="bases.BaseWeb">
    <ignored/>
  </testcase> <!-- @BeforeSuite deleteScreenShot -->
  <testcase name="@BeforeSuite deleteScreenShot" time="0.0" classname="bases.BaseWeb">
    <ignored/>
  </testcase> <!-- @BeforeSuite deleteScreenShot -->
  <testcase name="@BeforeSuite deleteScreenShot" time="0.0" classname="bases.BaseWeb">
    <ignored/>
  </testcase> <!-- @BeforeSuite deleteScreenShot -->
  <testcase name="@BeforeSuite deleteScreenShot" time="0.0" classname="bases.BaseWeb">
    <ignored/>
  </testcase> <!-- @BeforeSuite deleteScreenShot -->
  <testcase name="@BeforeSuite deleteScreenShot" time="0.0" classname="bases.BaseWeb">
    <ignored/>
  </testcase> <!-- @BeforeSuite deleteScreenShot -->
  <testcase name="@BeforeSuite deleteScreenShot" time="0.0" classname="bases.BaseWeb">
    <ignored/>
  </testcase> <!-- @BeforeSuite deleteScreenShot -->
  <testcase name="@BeforeSuite deleteScreenShot" time="0.0" classname="bases.BaseWeb">
    <ignored/>
  </testcase> <!-- @BeforeSuite deleteScreenShot -->
  <testcase name="@BeforeSuite deleteScreenShot" time="0.0" classname="bases.BaseWeb">
    <ignored/>
  </testcase> <!-- @BeforeSuite deleteScreenShot -->
</testsuite> <!-- Regresion test -->
