<!DOCTYPE html>

<html>
  <head>
  <meta charset='utf-8'>
  <title>TestNG reports</title>

    <link type="text/css" href="testng-reports.css" rel="stylesheet" />
    <script type="text/javascript" src="jquery-1.7.1.min.js"></script>
    <script type="text/javascript" src="testng-reports.js"></script>
    <script type="text/javascript" src="https://www.google.com/jsapi"></script>
    <script type='text/javascript'>
      google.load('visualization', '1', {packages:['table']});
      google.setOnLoadCallback(drawTable);
      var suiteTableInitFunctions = new Array();
      var suiteTableData = new Array();
    </script>
    <!--
      <script type="text/javascript" src="jquery-ui/js/jquery-ui-1.8.16.custom.min.js"></script>
     -->
  </head>

  <body>
    <div class="top-banner-root">
      <span class="top-banner-title-font">Test results</span>
      <br/>
      <span class="top-banner-font-1">1 suite, 3 failed tests</span>
    </div> <!-- top-banner-root -->
    <div class="navigator-root">
      <div class="navigator-suite-header">
        <span>All suites</span>
        <a href="#" class="collapse-all-link" title="Collapse/expand all the suites">
          <img class="collapse-all-icon" src="collapseall.gif">
          </img> <!-- collapse-all-icon -->
        </a> <!-- collapse-all-link -->
      </div> <!-- navigator-suite-header -->
      <div class="suite">
        <div class="rounded-window">
          <div class="suite-header light-rounded-window-top">
            <a href="#" class="navigator-link" panel-name="suite-AirpayTestSuite">
              <span class="suite-name border-failed">AirpayTestSuite</span>
            </a> <!-- navigator-link -->
          </div> <!-- suite-header light-rounded-window-top -->
          <div class="navigator-suite-content">
            <div class="suite-section-title">
              <span>Info</span>
            </div> <!-- suite-section-title -->
            <div class="suite-section-content">
              <ul>
                <li>
                  <a href="#" class="navigator-link " panel-name="test-xml-AirpayTestSuite">
                    <span>TestSuite.xml</span>
                  </a> <!-- navigator-link  -->
                </li>
                <li>
                  <a href="#" class="navigator-link " panel-name="testlist-AirpayTestSuite">
                    <span class="test-stats">1 test</span>
                  </a> <!-- navigator-link  -->
                </li>
                <li>
                  <a href="#" class="navigator-link " panel-name="group-AirpayTestSuite">
                    <span>0 groups</span>
                  </a> <!-- navigator-link  -->
                </li>
                <li>
                  <a href="#" class="navigator-link " panel-name="times-AirpayTestSuite">
                    <span>Times</span>
                  </a> <!-- navigator-link  -->
                </li>
                <li>
                  <a href="#" class="navigator-link " panel-name="reporter-AirpayTestSuite">
                    <span>Reporter output</span>
                  </a> <!-- navigator-link  -->
                </li>
                <li>
                  <a href="#" class="navigator-link " panel-name="ignored-methods-AirpayTestSuite">
                    <span>Ignored methods</span>
                  </a> <!-- navigator-link  -->
                </li>
                <li>
                  <a href="#" class="navigator-link " panel-name="chronological-AirpayTestSuite">
                    <span>Chronological view</span>
                  </a> <!-- navigator-link  -->
                </li>
              </ul>
            </div> <!-- suite-section-content -->
            <div class="result-section">
              <div class="suite-section-title">
                <span>Results</span>
              </div> <!-- suite-section-title -->
              <div class="suite-section-content">
                <ul>
                  <li>
                    <span class="method-stats">3 methods, 3 failed,   </span>
                  </li>
                  <li>
                    <span class="method-list-title failed">Failed methods</span>
                    <span class="show-or-hide-methods failed">
                      <a href="#" panel-name="suite-AirpayTestSuite" class="hide-methods failed suite-AirpayTestSuite"> (hide)</a> <!-- hide-methods failed suite-AirpayTestSuite -->
                      <a href="#" panel-name="suite-AirpayTestSuite" class="show-methods failed suite-AirpayTestSuite"> (show)</a> <!-- show-methods failed suite-AirpayTestSuite -->
                    </span>
                    <div class="method-list-content failed suite-AirpayTestSuite">
                      <span>
                        <img width="3%" src="failed.png"/>
                        <a href="#" class="method navigator-link" panel-name="suite-AirpayTestSuite" title="TestCases.EditProfileTest" hash-for-method="E01_AccessEditProfileBasicInformationTab">E01_AccessEditProfileBasicInformationTab</a> <!-- method navigator-link -->
                      </span>
                      <br/>
                      <span>
                        <img width="3%" src="failed.png"/>
                        <a href="#" class="method navigator-link" panel-name="suite-AirpayTestSuite" title="TestCases.EditProfileTest" hash-for-method="E02_AccessEditProfileSupportingDocumentTab">E02_AccessEditProfileSupportingDocumentTab</a> <!-- method navigator-link -->
                      </span>
                      <br/>
                      <span>
                        <img width="3%" src="failed.png"/>
                        <a href="#" class="method navigator-link" panel-name="suite-AirpayTestSuite" title="TestCases.EditProfileTest" hash-for-method="signIn">signIn</a> <!-- method navigator-link -->
                      </span>
                      <br/>
                    </div> <!-- method-list-content failed suite-AirpayTestSuite -->
                  </li>
                </ul>
              </div> <!-- suite-section-content -->
            </div> <!-- result-section -->
          </div> <!-- navigator-suite-content -->
        </div> <!-- rounded-window -->
      </div> <!-- suite -->
    </div> <!-- navigator-root -->
    <div class="wrapper">
      <div class="main-panel-root">
        <div panel-name="suite-AirpayTestSuite" class="panel AirpayTestSuite">
          <div class="suite-AirpayTestSuite-class-failed">
            <div class="main-panel-header rounded-window-top">
              <img src="failed.png"/>
              <span class="class-name">TestCases.EditProfileTest</span>
            </div> <!-- main-panel-header rounded-window-top -->
            <div class="main-panel-content rounded-window-bottom">
              <div class="method">
                <div class="method-content">
                  <a name="E01_AccessEditProfileBasicInformationTab">
                  </a> <!-- E01_AccessEditProfileBasicInformationTab -->
                  <span class="method-name">E01_AccessEditProfileBasicInformationTab</span>
                  <div class="stack-trace">org.openqa.selenium.TimeoutException: Expected condition failed: waiting for visibility of Proxy element for: DefaultElementLocator &apos;By.xpath: //img[contains(@src,&quot;Profile&quot;)]&apos; (tried for 10 second(s) with 500 MILLISECONDS interval)
	at org.openqa.selenium.support.ui.WebDriverWait.timeoutException(WebDriverWait.java:82)
	at org.openqa.selenium.support.ui.FluentWait.until(FluentWait.java:231)
	at pages.BasePage.waitVisibility(BasePage.java:34)
	at pages.SideMenuPage.clickOnProfileDropDown(SideMenuPage.java:127)
	at pages.SideMenuPage.accessEditProfilePage(SideMenuPage.java:202)
	at TestCases.EditProfileTest.E01_AccessEditProfileBasicInformationTab(EditProfileTest.java:43)
	at java.util.ArrayList.forEach(ArrayList.java:1259)
	at java.util.concurrent.FutureTask.run(FutureTask.java:266)
	at java.util.concurrent.ThreadPoolExecutor.runWorker(ThreadPoolExecutor.java:1149)
	at java.util.concurrent.ThreadPoolExecutor$Worker.run(ThreadPoolExecutor.java:624)
	at java.lang.Thread.run(Thread.java:748)
Caused by: org.openqa.selenium.NoSuchElementException: no such element: Unable to locate element: {&quot;method&quot;:&quot;xpath&quot;,&quot;selector&quot;:&quot;//img[contains(@src,&quot;Profile&quot;)]&quot;}
  (Session info: chrome=88.0.4324.150)
For documentation on this error, please visit: http://seleniumhq.org/exceptions/no_such_element.html
Build info: version: &apos;3.14.0&apos;, revision: &apos;aacccce0&apos;, time: &apos;2018-08-02T20:19:58.91Z&apos;
System info: host: &apos;Potatos-Mac.local&apos;, ip: &apos;fe80:0:0:0:6:b504:c6d7:bbe1%en0&apos;, os.name: &apos;Mac OS X&apos;, os.arch: &apos;x86_64&apos;, os.version: &apos;10.15.6&apos;, java.version: &apos;1.8.0_261&apos;
Driver info: org.openqa.selenium.chrome.ChromeDriver
Capabilities {acceptInsecureCerts: false, browserName: chrome, browserVersion: 88.0.4324.150, chrome: {chromedriverVersion: 88.0.4324.96 (68dba2d8a0b14..., userDataDir: /var/folders/pz/vbvlmv8j3s1...}, goog:chromeOptions: {debuggerAddress: localhost:57560}, javascriptEnabled: true, networkConnectionEnabled: false, pageLoadStrategy: normal, platform: MAC, platformName: MAC, proxy: Proxy(), setWindowRect: true, strictFileInteractability: false, timeouts: {implicit: 0, pageLoad: 300000, script: 30000}, unhandledPromptBehavior: dismiss and notify, webauthn:extension:largeBlob: true, webauthn:virtualAuthenticators: true}
Session ID: a78259b883aa9bdb6c99ac7dd2c0cf00
*** Element info: {Using=xpath, value=//img[contains(@src,&quot;Profile&quot;)]}
	at org.openqa.selenium.remote.http.W3CHttpResponseCodec.createException(W3CHttpResponseCodec.java:187)
	at org.openqa.selenium.remote.http.W3CHttpResponseCodec.decode(W3CHttpResponseCodec.java:122)
	at org.openqa.selenium.remote.http.W3CHttpResponseCodec.decode(W3CHttpResponseCodec.java:49)
	at org.openqa.selenium.remote.HttpCommandExecutor.execute(HttpCommandExecutor.java:158)
	at org.openqa.selenium.remote.service.DriverCommandExecutor.execute(DriverCommandExecutor.java:83)
	at org.openqa.selenium.remote.RemoteWebDriver.execute(RemoteWebDriver.java:548)
	at org.openqa.selenium.remote.RemoteWebDriver.findElement(RemoteWebDriver.java:322)
	at org.openqa.selenium.remote.RemoteWebDriver.findElementByXPath(RemoteWebDriver.java:424)
	at org.openqa.selenium.By$ByXPath.findElement(By.java:353)
	at org.openqa.selenium.remote.RemoteWebDriver.findElement(RemoteWebDriver.java:314)
	at org.openqa.selenium.support.pagefactory.DefaultElementLocator.findElement(DefaultElementLocator.java:69)
	at org.openqa.selenium.support.pagefactory.internal.LocatingElementHandler.invoke(LocatingElementHandler.java:38)
	at com.sun.proxy.$Proxy21.isDisplayed(Unknown Source)
	at org.openqa.selenium.support.ui.ExpectedConditions.elementIfVisible(ExpectedConditions.java:315)
	at org.openqa.selenium.support.ui.ExpectedConditions.access$100(ExpectedConditions.java:44)
	at org.openqa.selenium.support.ui.ExpectedConditions$10.apply(ExpectedConditions.java:301)
	at org.openqa.selenium.support.ui.ExpectedConditions$10.apply(ExpectedConditions.java:298)
	at org.openqa.selenium.support.ui.FluentWait.until(FluentWait.java:208)
	... 27 more
... Removed 21 stack frames
</div> <!-- stack-trace -->
                </div> <!-- method-content -->
              </div> <!-- method -->
              <div class="method">
                <div class="method-content">
                  <a name="E02_AccessEditProfileSupportingDocumentTab">
                  </a> <!-- E02_AccessEditProfileSupportingDocumentTab -->
                  <span class="method-name">E02_AccessEditProfileSupportingDocumentTab</span>
                  <div class="stack-trace">org.openqa.selenium.TimeoutException: Expected condition failed: waiting for visibility of Proxy element for: DefaultElementLocator &apos;By.xpath: //a[contains(@href,&quot;suppoting-docs&quot;)]&apos; (tried for 10 second(s) with 500 MILLISECONDS interval)
	at org.openqa.selenium.support.ui.WebDriverWait.timeoutException(WebDriverWait.java:82)
	at org.openqa.selenium.support.ui.FluentWait.until(FluentWait.java:231)
	at pages.BasePage.waitVisibility(BasePage.java:34)
	at pages.EditProfilePage.clickSupportingDocTab(EditProfilePage.java:172)
	at TestCases.EditProfileTest.E02_AccessEditProfileSupportingDocumentTab(EditProfileTest.java:64)
	at java.util.ArrayList.forEach(ArrayList.java:1259)
	at java.util.concurrent.FutureTask.run(FutureTask.java:266)
	at java.util.concurrent.ThreadPoolExecutor.runWorker(ThreadPoolExecutor.java:1149)
	at java.util.concurrent.ThreadPoolExecutor$Worker.run(ThreadPoolExecutor.java:624)
	at java.lang.Thread.run(Thread.java:748)
Caused by: org.openqa.selenium.NoSuchElementException: no such element: Unable to locate element: {&quot;method&quot;:&quot;xpath&quot;,&quot;selector&quot;:&quot;//a[contains(@href,&quot;suppoting-docs&quot;)]&quot;}
  (Session info: chrome=88.0.4324.150)
For documentation on this error, please visit: http://seleniumhq.org/exceptions/no_such_element.html
Build info: version: &apos;3.14.0&apos;, revision: &apos;aacccce0&apos;, time: &apos;2018-08-02T20:19:58.91Z&apos;
System info: host: &apos;Potatos-Mac.local&apos;, ip: &apos;fe80:0:0:0:6:b504:c6d7:bbe1%en0&apos;, os.name: &apos;Mac OS X&apos;, os.arch: &apos;x86_64&apos;, os.version: &apos;10.15.6&apos;, java.version: &apos;1.8.0_261&apos;
Driver info: org.openqa.selenium.chrome.ChromeDriver
Capabilities {acceptInsecureCerts: false, browserName: chrome, browserVersion: 88.0.4324.150, chrome: {chromedriverVersion: 88.0.4324.96 (68dba2d8a0b14..., userDataDir: /var/folders/pz/vbvlmv8j3s1...}, goog:chromeOptions: {debuggerAddress: localhost:57560}, javascriptEnabled: true, networkConnectionEnabled: false, pageLoadStrategy: normal, platform: MAC, platformName: MAC, proxy: Proxy(), setWindowRect: true, strictFileInteractability: false, timeouts: {implicit: 0, pageLoad: 300000, script: 30000}, unhandledPromptBehavior: dismiss and notify, webauthn:extension:largeBlob: true, webauthn:virtualAuthenticators: true}
Session ID: a78259b883aa9bdb6c99ac7dd2c0cf00
*** Element info: {Using=xpath, value=//a[contains(@href,&quot;suppoting-docs&quot;)]}
	at org.openqa.selenium.remote.http.W3CHttpResponseCodec.createException(W3CHttpResponseCodec.java:187)
	at org.openqa.selenium.remote.http.W3CHttpResponseCodec.decode(W3CHttpResponseCodec.java:122)
	at org.openqa.selenium.remote.http.W3CHttpResponseCodec.decode(W3CHttpResponseCodec.java:49)
	at org.openqa.selenium.remote.HttpCommandExecutor.execute(HttpCommandExecutor.java:158)
	at org.openqa.selenium.remote.service.DriverCommandExecutor.execute(DriverCommandExecutor.java:83)
	at org.openqa.selenium.remote.RemoteWebDriver.execute(RemoteWebDriver.java:548)
	at org.openqa.selenium.remote.RemoteWebDriver.findElement(RemoteWebDriver.java:322)
	at org.openqa.selenium.remote.RemoteWebDriver.findElementByXPath(RemoteWebDriver.java:424)
	at org.openqa.selenium.By$ByXPath.findElement(By.java:353)
	at org.openqa.selenium.remote.RemoteWebDriver.findElement(RemoteWebDriver.java:314)
	at org.openqa.selenium.support.pagefactory.DefaultElementLocator.findElement(DefaultElementLocator.java:69)
	at org.openqa.selenium.support.pagefactory.internal.LocatingElementHandler.invoke(LocatingElementHandler.java:38)
	at com.sun.proxy.$Proxy21.isDisplayed(Unknown Source)
	at org.openqa.selenium.support.ui.ExpectedConditions.elementIfVisible(ExpectedConditions.java:315)
	at org.openqa.selenium.support.ui.ExpectedConditions.access$100(ExpectedConditions.java:44)
	at org.openqa.selenium.support.ui.ExpectedConditions$10.apply(ExpectedConditions.java:301)
	at org.openqa.selenium.support.ui.ExpectedConditions$10.apply(ExpectedConditions.java:298)
	at org.openqa.selenium.support.ui.FluentWait.until(FluentWait.java:208)
	... 26 more
... Removed 21 stack frames
</div> <!-- stack-trace -->
                </div> <!-- method-content -->
              </div> <!-- method -->
              <div class="method">
                <div class="method-content">
                  <a name="signIn">
                  </a> <!-- signIn -->
                  <span class="method-name">signIn</span>
                  <div class="stack-trace">org.openqa.selenium.TimeoutException: Expected condition failed: waiting for visibility of Proxy element for: DefaultElementLocator &apos;By.xpath: //*[@class=&quot;btn login-btn btn-block&quot;]&apos; (tried for 10 second(s) with 500 MILLISECONDS interval)
	at org.openqa.selenium.support.ui.WebDriverWait.timeoutException(WebDriverWait.java:82)
	at org.openqa.selenium.support.ui.FluentWait.until(FluentWait.java:231)
	at pages.BasePage.waitVisibility(BasePage.java:34)
	at pages.signInPage.clickSignInButton(signInPage.java:73)
	at bases.BaseWeb.userSignIn(BaseWeb.java:114)
	at TestCases.EditProfileTest.signIn(EditProfileTest.java:26)
	at java.util.ArrayList.forEach(ArrayList.java:1259)
	at java.util.concurrent.FutureTask.run(FutureTask.java:266)
	at java.util.concurrent.ThreadPoolExecutor.runWorker(ThreadPoolExecutor.java:1149)
	at java.util.concurrent.ThreadPoolExecutor$Worker.run(ThreadPoolExecutor.java:624)
	at java.lang.Thread.run(Thread.java:748)
Caused by: org.openqa.selenium.NoSuchElementException: no such element: Unable to locate element: {&quot;method&quot;:&quot;xpath&quot;,&quot;selector&quot;:&quot;//*[@class=&quot;btn login-btn btn-block&quot;]&quot;}
  (Session info: chrome=88.0.4324.150)
For documentation on this error, please visit: http://seleniumhq.org/exceptions/no_such_element.html
Build info: version: &apos;3.14.0&apos;, revision: &apos;aacccce0&apos;, time: &apos;2018-08-02T20:19:58.91Z&apos;
System info: host: &apos;Potatos-Mac.local&apos;, ip: &apos;fe80:0:0:0:6:b504:c6d7:bbe1%en0&apos;, os.name: &apos;Mac OS X&apos;, os.arch: &apos;x86_64&apos;, os.version: &apos;10.15.6&apos;, java.version: &apos;1.8.0_261&apos;
Driver info: org.openqa.selenium.chrome.ChromeDriver
Capabilities {acceptInsecureCerts: false, browserName: chrome, browserVersion: 88.0.4324.150, chrome: {chromedriverVersion: 88.0.4324.96 (68dba2d8a0b14..., userDataDir: /var/folders/pz/vbvlmv8j3s1...}, goog:chromeOptions: {debuggerAddress: localhost:57560}, javascriptEnabled: true, networkConnectionEnabled: false, pageLoadStrategy: normal, platform: MAC, platformName: MAC, proxy: Proxy(), setWindowRect: true, strictFileInteractability: false, timeouts: {implicit: 0, pageLoad: 300000, script: 30000}, unhandledPromptBehavior: dismiss and notify, webauthn:extension:largeBlob: true, webauthn:virtualAuthenticators: true}
Session ID: a78259b883aa9bdb6c99ac7dd2c0cf00
*** Element info: {Using=xpath, value=//*[@class=&quot;btn login-btn btn-block&quot;]}
	at org.openqa.selenium.remote.http.W3CHttpResponseCodec.createException(W3CHttpResponseCodec.java:187)
	at org.openqa.selenium.remote.http.W3CHttpResponseCodec.decode(W3CHttpResponseCodec.java:122)
	at org.openqa.selenium.remote.http.W3CHttpResponseCodec.decode(W3CHttpResponseCodec.java:49)
	at org.openqa.selenium.remote.HttpCommandExecutor.execute(HttpCommandExecutor.java:158)
	at org.openqa.selenium.remote.service.DriverCommandExecutor.execute(DriverCommandExecutor.java:83)
	at org.openqa.selenium.remote.RemoteWebDriver.execute(RemoteWebDriver.java:548)
	at org.openqa.selenium.remote.RemoteWebDriver.findElement(RemoteWebDriver.java:322)
	at org.openqa.selenium.remote.RemoteWebDriver.findElementByXPath(RemoteWebDriver.java:424)
	at org.openqa.selenium.By$ByXPath.findElement(By.java:353)
	at org.openqa.selenium.remote.RemoteWebDriver.findElement(RemoteWebDriver.java:314)
	at org.openqa.selenium.support.pagefactory.DefaultElementLocator.findElement(DefaultElementLocator.java:69)
	at org.openqa.selenium.support.pagefactory.internal.LocatingElementHandler.invoke(LocatingElementHandler.java:38)
	at com.sun.proxy.$Proxy21.isDisplayed(Unknown Source)
	at org.openqa.selenium.support.ui.ExpectedConditions.elementIfVisible(ExpectedConditions.java:315)
	at org.openqa.selenium.support.ui.ExpectedConditions.access$100(ExpectedConditions.java:44)
	at org.openqa.selenium.support.ui.ExpectedConditions$10.apply(ExpectedConditions.java:301)
	at org.openqa.selenium.support.ui.ExpectedConditions$10.apply(ExpectedConditions.java:298)
	at org.openqa.selenium.support.ui.FluentWait.until(FluentWait.java:208)
	... 27 more
... Removed 21 stack frames
</div> <!-- stack-trace -->
                </div> <!-- method-content -->
              </div> <!-- method -->
            </div> <!-- main-panel-content rounded-window-bottom -->
          </div> <!-- suite-AirpayTestSuite-class-failed -->
        </div> <!-- panel AirpayTestSuite -->
        <div panel-name="test-xml-AirpayTestSuite" class="panel">
          <div class="main-panel-header rounded-window-top">
            <span class="header-content">/Users/fendyridwan/Documents/Project/Airpay/TestSuite.xml</span>
          </div> <!-- main-panel-header rounded-window-top -->
          <div class="main-panel-content rounded-window-bottom">
            <pre>
&lt;?xml version=&quot;1.0&quot; encoding=&quot;UTF-8&quot;?&gt;
&lt;!DOCTYPE suite SYSTEM &quot;https://testng.org/testng-1.0.dtd&quot;&gt;
&lt;suite thread-count=&quot;1&quot; guice-stage=&quot;DEVELOPMENT&quot; verbose=&quot;0&quot; name=&quot;AirpayTestSuite&quot; parallel=&quot;tests&quot;&gt;
  &lt;parameter name=&quot;headless&quot; value=&quot;false&quot;/&gt;
  &lt;parameter name=&quot;browser&quot; value=&quot;chrome&quot;/&gt;
  &lt;parameter name=&quot;env&quot; value=&quot;vittel&quot;/&gt;
  &lt;test thread-count=&quot;1&quot; verbose=&quot;0&quot; name=&quot;Regresion test&quot; parallel=&quot;tests&quot; group-by-instances=&quot;true&quot;&gt;
    &lt;classes&gt;
      &lt;class name=&quot;TestCases.AuthenticationSignUpTest&quot;&gt;
        &lt;methods&gt;
          &lt;exclude name=&quot;A01_SignUpWithInvalidCredential&quot;/&gt;
        &lt;/methods&gt;
      &lt;/class&gt; &lt;!-- TestCases.AuthenticationSignUpTest --&gt;
      &lt;class name=&quot;TestCases.AuthenticationSignUpTest2&quot;&gt;
        &lt;methods&gt;
          &lt;exclude name=&quot;A02_SignUpWithValidCredential&quot;/&gt;
          &lt;exclude name=&quot;A03_SecondStepSignUp&quot;/&gt;
          &lt;exclude name=&quot;A04_ThirdStepSignUp&quot;/&gt;
          &lt;exclude name=&quot;A05_FouthStepofSignUp&quot;/&gt;
          &lt;exclude name=&quot;A06_VerifyEmailPage&quot;/&gt;
        &lt;/methods&gt;
      &lt;/class&gt; &lt;!-- TestCases.AuthenticationSignUpTest2 --&gt;
      &lt;class name=&quot;TestCases.AuthenticationSignInTest&quot;&gt;
        &lt;methods&gt;
          &lt;exclude name=&quot;B01_LoginWithInvalidCredential&quot;/&gt;
          &lt;exclude name=&quot;B02_LoginWithUnverifiedUserAccount&quot;/&gt;
          &lt;exclude name=&quot;B03_LoginWithVerifiedUserAccount&quot;/&gt;
        &lt;/methods&gt;
      &lt;/class&gt; &lt;!-- TestCases.AuthenticationSignInTest --&gt;
      &lt;class name=&quot;TestCases.ForgetPasswordTest&quot;&gt;
        &lt;methods&gt;
          &lt;exclude name=&quot;C01_UnverifiedUserTryToForgetPassword&quot;/&gt;
          &lt;exclude name=&quot;C02_ForgetPasswordWithInvalidEmailCredential&quot;/&gt;
          &lt;exclude name=&quot;C03_ForgetPasswordWithValidEmailCredential&quot;/&gt;
        &lt;/methods&gt;
      &lt;/class&gt; &lt;!-- TestCases.ForgetPasswordTest --&gt;
      &lt;class name=&quot;TestCases.EditProfileTest&quot;&gt;
        &lt;methods&gt;
          &lt;include name=&quot;signIn&quot;/&gt;
          &lt;include name=&quot;E01_AccessEditProfileBasicInformationTab&quot;/&gt;
          &lt;include name=&quot;E02_AccessEditProfileSupportingDocumentTab&quot;/&gt;
          &lt;exclude name=&quot;E03_LetMandatoryFieldIsEmptyBasicInfoTab&quot;/&gt;
          &lt;exclude name=&quot;E04_LetMandatoryFieldIsEmptySupportingDocTab&quot;/&gt;
        &lt;/methods&gt;
      &lt;/class&gt; &lt;!-- TestCases.EditProfileTest --&gt;
      &lt;class name=&quot;TestCases.UpdatePasswordTest&quot;&gt;
        &lt;methods&gt;
          &lt;exclude name=&quot;signIn&quot;/&gt;
          &lt;exclude name=&quot;F01_UpdatePasswordWithIncorrectCurrentPassword&quot;/&gt;
          &lt;exclude name=&quot;F02_UpdatePasswordWithNewPasswordAndCoPasswordAreDifferent&quot;/&gt;
          &lt;exclude name=&quot;F03_UpdatePasswordWithCorrectInput&quot;/&gt;
        &lt;/methods&gt;
      &lt;/class&gt; &lt;!-- TestCases.UpdatePasswordTest --&gt;
      &lt;class name=&quot;TestCases.UploadContractTest&quot;&gt;
        &lt;methods&gt;
          &lt;exclude name=&quot;signIn&quot;/&gt;
          &lt;exclude name=&quot;G01_UploadFile&quot;/&gt;
          &lt;exclude name=&quot;G02_DownloadFile&quot;/&gt;
        &lt;/methods&gt;
      &lt;/class&gt; &lt;!-- TestCases.UploadContractTest --&gt;
      &lt;class name=&quot;TestCases.DocumentationTest&quot;&gt;
        &lt;methods&gt;
          &lt;exclude name=&quot;signIn&quot;/&gt;
          &lt;exclude name=&quot;H01_GettingStarted&quot;/&gt;
          &lt;exclude name=&quot;H02_MerchantOnBoarding&quot;/&gt;
          &lt;exclude name=&quot;H03_ServiceOnBoarding&quot;/&gt;
          &lt;exclude name=&quot;H04_Integration&quot;/&gt;
          &lt;exclude name=&quot;H05_Reporting&quot;/&gt;
          &lt;exclude name=&quot;H06_FAQ&quot;/&gt;
        &lt;/methods&gt;
      &lt;/class&gt; &lt;!-- TestCases.DocumentationTest --&gt;
      &lt;class name=&quot;TestCases.AddServiceTest&quot;&gt;
        &lt;methods&gt;
          &lt;exclude name=&quot;signIn&quot;/&gt;
          &lt;exclude name=&quot;J01_FirstStepAddService&quot;/&gt;
          &lt;exclude name=&quot;J02_SecondStepService&quot;/&gt;
          &lt;exclude name=&quot;J03_ThirdStepService&quot;/&gt;
          &lt;exclude name=&quot;J04_FourthStepService&quot;/&gt;
          &lt;exclude name=&quot;J05_FifthStepService&quot;/&gt;
          &lt;exclude name=&quot;J06_SixthStepService&quot;/&gt;
        &lt;/methods&gt;
      &lt;/class&gt; &lt;!-- TestCases.AddServiceTest --&gt;
      &lt;class name=&quot;TestCases.ServiceManagementTest&quot;&gt;
        &lt;methods&gt;
          &lt;exclude name=&quot;signIn&quot;/&gt;
          &lt;exclude name=&quot;R01_ViewServiceManagement&quot;/&gt;
          &lt;exclude name=&quot;R02_SearchServiceManagement&quot;/&gt;
          &lt;exclude name=&quot;R03_ApproveService&quot;/&gt;
          &lt;exclude name=&quot;R04_RejectService&quot;/&gt;
        &lt;/methods&gt;
      &lt;/class&gt; &lt;!-- TestCases.ServiceManagementTest --&gt;
      &lt;class name=&quot;TestCases.ListServiceTest&quot;&gt;
        &lt;methods&gt;
          &lt;exclude name=&quot;signIn&quot;/&gt;
          &lt;exclude name=&quot;K01_AccessListServicePage&quot;/&gt;
          &lt;exclude name=&quot;K02_ActivateService&quot;/&gt;
          &lt;exclude name=&quot;K03_DeactiveService&quot;/&gt;
          &lt;exclude name=&quot;K04_EditServiceWithLetOneOrAllMandatoryFieldsAreEmpty&quot;/&gt;
          &lt;exclude name=&quot;K05_EditServiceWithAllMandatoryFieldsAreFilled&quot;/&gt;
        &lt;/methods&gt;
      &lt;/class&gt; &lt;!-- TestCases.ListServiceTest --&gt;
      &lt;class name=&quot;TestCases.InviteUserTest&quot;&gt;
        &lt;methods&gt;
          &lt;exclude name=&quot;signIn&quot;/&gt;
          &lt;exclude name=&quot;N01_InviteUserWithAllMandatoryAreEmpty&quot;/&gt;
          &lt;exclude name=&quot;N02_InviteTakenUsernameOrTakenEmailAddress&quot;/&gt;
          &lt;exclude name=&quot;N03_InviteUserWithValidCredential&quot;/&gt;
        &lt;/methods&gt;
      &lt;/class&gt; &lt;!-- TestCases.InviteUserTest --&gt;
      &lt;class name=&quot;TestCases.UserApprovalTest&quot;&gt;
        &lt;methods&gt;
          &lt;exclude name=&quot;signIn&quot;/&gt;
          &lt;exclude name=&quot;O01_ClickOnApproveButtonRejectButtonWithoutSelectCheckbox&quot;/&gt;
          &lt;exclude name=&quot;O02_RejectUser&quot;/&gt;
          &lt;exclude name=&quot;O02_ApproveUser&quot;/&gt;
        &lt;/methods&gt;
      &lt;/class&gt; &lt;!-- TestCases.UserApprovalTest --&gt;
    &lt;/classes&gt;
  &lt;/test&gt; &lt;!-- Regresion test --&gt;
&lt;/suite&gt; &lt;!-- AirpayTestSuite --&gt;
            </pre>
          </div> <!-- main-panel-content rounded-window-bottom -->
        </div> <!-- panel -->
        <div panel-name="testlist-AirpayTestSuite" class="panel">
          <div class="main-panel-header rounded-window-top">
            <span class="header-content">Tests for AirpayTestSuite</span>
          </div> <!-- main-panel-header rounded-window-top -->
          <div class="main-panel-content rounded-window-bottom">
            <ul>
              <li>
                <span class="test-name">Regresion test (13 classes)</span>
              </li>
            </ul>
          </div> <!-- main-panel-content rounded-window-bottom -->
        </div> <!-- panel -->
        <div panel-name="group-AirpayTestSuite" class="panel">
          <div class="main-panel-header rounded-window-top">
            <span class="header-content">Groups for AirpayTestSuite</span>
          </div> <!-- main-panel-header rounded-window-top -->
          <div class="main-panel-content rounded-window-bottom">
          </div> <!-- main-panel-content rounded-window-bottom -->
        </div> <!-- panel -->
        <div panel-name="times-AirpayTestSuite" class="panel">
          <div class="main-panel-header rounded-window-top">
            <span class="header-content">Times for AirpayTestSuite</span>
          </div> <!-- main-panel-header rounded-window-top -->
          <div class="main-panel-content rounded-window-bottom">
            <div class="times-div">
              <script type="text/javascript">
suiteTableInitFunctions.push('tableData_AirpayTestSuite');
function tableData_AirpayTestSuite() {
var data = new google.visualization.DataTable();
data.addColumn('number', 'Number');
data.addColumn('string', 'Method');
data.addColumn('string', 'Class');
data.addColumn('number', 'Time (ms)');
data.addRows(3);
data.setCell(0, 0, 0)
data.setCell(0, 1, 'signIn')
data.setCell(0, 2, 'TestCases.EditProfileTest')
data.setCell(0, 3, 11135);
data.setCell(1, 0, 1)
data.setCell(1, 1, 'E01_AccessEditProfileBasicInformationTab')
data.setCell(1, 2, 'TestCases.EditProfileTest')
data.setCell(1, 3, 10423);
data.setCell(2, 0, 2)
data.setCell(2, 1, 'E02_AccessEditProfileSupportingDocumentTab')
data.setCell(2, 2, 'TestCases.EditProfileTest')
data.setCell(2, 3, 10378);
window.suiteTableData['AirpayTestSuite']= { tableData: data, tableDiv: 'times-div-AirpayTestSuite'}
return data;
}
              </script>
              <span class="suite-total-time">Total running time: 39 seconds</span>
              <div id="times-div-AirpayTestSuite">
              </div> <!-- times-div-AirpayTestSuite -->
            </div> <!-- times-div -->
          </div> <!-- main-panel-content rounded-window-bottom -->
        </div> <!-- panel -->
        <div panel-name="reporter-AirpayTestSuite" class="panel">
          <div class="main-panel-header rounded-window-top">
            <span class="header-content">Reporter output for AirpayTestSuite</span>
          </div> <!-- main-panel-header rounded-window-top -->
          <div class="main-panel-content rounded-window-bottom">
          </div> <!-- main-panel-content rounded-window-bottom -->
        </div> <!-- panel -->
        <div panel-name="ignored-methods-AirpayTestSuite" class="panel">
          <div class="main-panel-header rounded-window-top">
            <span class="header-content">79 ignored methods</span>
          </div> <!-- main-panel-header rounded-window-top -->
          <div class="main-panel-content rounded-window-bottom">
            <div class="ignored-class-div">
              <span class="ignored-class-name">TestCases.ServiceManagementTest</span>
              <div class="ignored-methods-div">
                <span class="ignored-method-name">R03_ApproveService</span>
                <br/>
                <span class="ignored-method-name">R02_SearchServiceManagement</span>
                <br/>
                <span class="ignored-method-name">R01_ViewServiceManagement</span>
                <br/>
                <span class="ignored-method-name">settupTestingData</span>
                <br/>
                <span class="ignored-method-name">deleteScreenShot</span>
                <br/>
                <span class="ignored-method-name">signIn</span>
                <br/>
                <span class="ignored-method-name">R04_RejectService</span>
                <br/>
              </div> <!-- ignored-methods-div -->
            </div> <!-- ignored-class-div -->
            <div class="ignored-class-div">
              <span class="ignored-class-name">TestCases.ListServiceTest</span>
              <div class="ignored-methods-div">
                <span class="ignored-method-name">K03_DeactiveService</span>
                <br/>
                <span class="ignored-method-name">settupTestingData</span>
                <br/>
                <span class="ignored-method-name">signIn</span>
                <br/>
                <span class="ignored-method-name">deleteScreenShot</span>
                <br/>
                <span class="ignored-method-name">K04_EditServiceWithLetOneOrAllMandatoryFieldsAreEmpty</span>
                <br/>
                <span class="ignored-method-name">K01_AccessListServicePage</span>
                <br/>
                <span class="ignored-method-name">K05_EditServiceWithAllMandatoryFieldsAreFilled</span>
                <br/>
                <span class="ignored-method-name">K02_ActivateService</span>
                <br/>
              </div> <!-- ignored-methods-div -->
            </div> <!-- ignored-class-div -->
            <div class="ignored-class-div">
              <span class="ignored-class-name">TestCases.DocumentationTest</span>
              <div class="ignored-methods-div">
                <span class="ignored-method-name">signIn</span>
                <br/>
                <span class="ignored-method-name">H03_ServiceOnBoarding</span>
                <br/>
                <span class="ignored-method-name">settupTestingData</span>
                <br/>
                <span class="ignored-method-name">H01_GettingStarted</span>
                <br/>
                <span class="ignored-method-name">deleteScreenShot</span>
                <br/>
                <span class="ignored-method-name">H05_Reporting</span>
                <br/>
                <span class="ignored-method-name">H02_MerchantOnBoarding</span>
                <br/>
                <span class="ignored-method-name">H06_FAQ</span>
                <br/>
                <span class="ignored-method-name">H04_Integration</span>
                <br/>
              </div> <!-- ignored-methods-div -->
            </div> <!-- ignored-class-div -->
            <div class="ignored-class-div">
              <span class="ignored-class-name">TestCases.EditProfileTest</span>
              <div class="ignored-methods-div">
                <span class="ignored-method-name">settupTestingData</span>
                <br/>
                <span class="ignored-method-name">deleteScreenShot</span>
                <br/>
                <span class="ignored-method-name">E04_LetMandatoryFieldIsEmptySupportingDocTab</span>
                <br/>
                <span class="ignored-method-name">E03_LetMandatoryFieldIsEmptyBasicInfoTab</span>
                <br/>
              </div> <!-- ignored-methods-div -->
            </div> <!-- ignored-class-div -->
            <div class="ignored-class-div">
              <span class="ignored-class-name">TestCases.AuthenticationSignUpTest2</span>
              <div class="ignored-methods-div">
                <span class="ignored-method-name">A03_SecondStepSignUp</span>
                <br/>
                <span class="ignored-method-name">settupTestingData</span>
                <br/>
                <span class="ignored-method-name">A07_EmailVerificationSuccess</span>
                <br/>
                <span class="ignored-method-name">deleteScreenShot</span>
                <br/>
                <span class="ignored-method-name">A05_FouthStepofSignUp</span>
                <br/>
                <span class="ignored-method-name">A04_ThirdStepSignUp</span>
                <br/>
                <span class="ignored-method-name">A02_SignUpWithValidCredential</span>
                <br/>
                <span class="ignored-method-name">A06_VerifyEmailPage</span>
                <br/>
              </div> <!-- ignored-methods-div -->
            </div> <!-- ignored-class-div -->
            <div class="ignored-class-div">
              <span class="ignored-class-name">TestCases.AddServiceTest</span>
              <div class="ignored-methods-div">
                <span class="ignored-method-name">J03_ThirdStepService</span>
                <br/>
                <span class="ignored-method-name">J04_FourthStepService</span>
                <br/>
                <span class="ignored-method-name">J05_FifthStepService</span>
                <br/>
                <span class="ignored-method-name">J02_SecondStepService</span>
                <br/>
                <span class="ignored-method-name">settupTestingData</span>
                <br/>
                <span class="ignored-method-name">deleteScreenShot</span>
                <br/>
                <span class="ignored-method-name">signIn</span>
                <br/>
                <span class="ignored-method-name">J01_FirstStepAddService</span>
                <br/>
                <span class="ignored-method-name">J06_SixthStepService</span>
                <br/>
              </div> <!-- ignored-methods-div -->
            </div> <!-- ignored-class-div -->
            <div class="ignored-class-div">
              <span class="ignored-class-name">TestCases.UserApprovalTest</span>
              <div class="ignored-methods-div">
                <span class="ignored-method-name">O02_ApproveUser</span>
                <br/>
                <span class="ignored-method-name">O01_ClickOnApproveButtonRejectButtonWithoutSelectCheckbox</span>
                <br/>
                <span class="ignored-method-name">signIn</span>
                <br/>
                <span class="ignored-method-name">O02_RejectUser</span>
                <br/>
                <span class="ignored-method-name">settupTestingData</span>
                <br/>
                <span class="ignored-method-name">deleteScreenShot</span>
                <br/>
              </div> <!-- ignored-methods-div -->
            </div> <!-- ignored-class-div -->
            <div class="ignored-class-div">
              <span class="ignored-class-name">TestCases.AuthenticationSignInTest</span>
              <div class="ignored-methods-div">
                <span class="ignored-method-name">B03_LoginWithVerifiedUserAccount</span>
                <br/>
                <span class="ignored-method-name">B01_LoginWithInvalidCredential</span>
                <br/>
                <span class="ignored-method-name">B02_LoginWithUnverifiedUserAccount</span>
                <br/>
                <span class="ignored-method-name">settupTestingData</span>
                <br/>
                <span class="ignored-method-name">deleteScreenShot</span>
                <br/>
              </div> <!-- ignored-methods-div -->
            </div> <!-- ignored-class-div -->
            <div class="ignored-class-div">
              <span class="ignored-class-name">TestCases.UploadContractTest</span>
              <div class="ignored-methods-div">
                <span class="ignored-method-name">G02_DownloadFile</span>
                <br/>
                <span class="ignored-method-name">signIn</span>
                <br/>
                <span class="ignored-method-name">settupTestingData</span>
                <br/>
                <span class="ignored-method-name">G01_UploadFile</span>
                <br/>
                <span class="ignored-method-name">deleteScreenShot</span>
                <br/>
              </div> <!-- ignored-methods-div -->
            </div> <!-- ignored-class-div -->
            <div class="ignored-class-div">
              <span class="ignored-class-name">TestCases.InviteUserTest</span>
              <div class="ignored-methods-div">
                <span class="ignored-method-name">N03_InviteUserWithValidCredential</span>
                <br/>
                <span class="ignored-method-name">settupTestingData</span>
                <br/>
                <span class="ignored-method-name">deleteScreenShot</span>
                <br/>
                <span class="ignored-method-name">N01_InviteUserWithAllMandatoryAreEmpty</span>
                <br/>
                <span class="ignored-method-name">signIn</span>
                <br/>
                <span class="ignored-method-name">N02_InviteTakenUsernameOrTakenEmailAddress</span>
                <br/>
              </div> <!-- ignored-methods-div -->
            </div> <!-- ignored-class-div -->
            <div class="ignored-class-div">
              <span class="ignored-class-name">TestCases.AuthenticationSignUpTest</span>
              <div class="ignored-methods-div">
                <span class="ignored-method-name">A01_SignUpWithInvalidCredential</span>
                <br/>
              </div> <!-- ignored-methods-div -->
            </div> <!-- ignored-class-div -->
            <div class="ignored-class-div">
              <span class="ignored-class-name">TestCases.UpdatePasswordTest</span>
              <div class="ignored-methods-div">
                <span class="ignored-method-name">F03_UpdatePasswordWithCorrectInput</span>
                <br/>
                <span class="ignored-method-name">F01_UpdatePasswordWithIncorrectCurrentPassword</span>
                <br/>
                <span class="ignored-method-name">settupTestingData</span>
                <br/>
                <span class="ignored-method-name">deleteScreenShot</span>
                <br/>
                <span class="ignored-method-name">signIn</span>
                <br/>
                <span class="ignored-method-name">F02_UpdatePasswordWithNewPasswordAndCoPasswordAreDifferent</span>
                <br/>
              </div> <!-- ignored-methods-div -->
            </div> <!-- ignored-class-div -->
            <div class="ignored-class-div">
              <span class="ignored-class-name">TestCases.ForgetPasswordTest</span>
              <div class="ignored-methods-div">
                <span class="ignored-method-name">C03_ForgetPasswordWithValidEmailCredential</span>
                <br/>
                <span class="ignored-method-name">settupTestingData</span>
                <br/>
                <span class="ignored-method-name">C01_UnverifiedUserTryToForgetPassword</span>
                <br/>
                <span class="ignored-method-name">deleteScreenShot</span>
                <br/>
                <span class="ignored-method-name">C02_ForgetPasswordWithInvalidEmailCredential</span>
                <br/>
              </div> <!-- ignored-methods-div -->
            </div> <!-- ignored-class-div -->
          </div> <!-- main-panel-content rounded-window-bottom -->
        </div> <!-- panel -->
        <div panel-name="chronological-AirpayTestSuite" class="panel">
          <div class="main-panel-header rounded-window-top">
            <span class="header-content">Methods in chronological order</span>
          </div> <!-- main-panel-header rounded-window-top -->
          <div class="main-panel-content rounded-window-bottom">
            <div class="chronological-class">
              <div class="chronological-class-name">TestCases.AuthenticationSignUpTest</div> <!-- chronological-class-name -->
              <div class="configuration-suite before">
                <span class="method-name">deleteScreenShot</span>
                <span class="method-start">0 ms</span>
              </div> <!-- configuration-suite before -->
              <div class="configuration-suite before">
                <span class="method-name">settupTestingData</span>
                <span class="method-start">71 ms</span>
              </div> <!-- configuration-suite before -->
            </div> <!-- chronological-class -->
            <div class="chronological-class">
              <div class="chronological-class-name">TestCases.EditProfileTest</div> <!-- chronological-class-name -->
              <div class="configuration-class before">
                <span class="method-name">setBaseConfig(chrome, false, vittel)</span>
                <span class="method-start">508 ms</span>
              </div> <!-- configuration-class before -->
              <div class="test-method">
                <img src="failed.png">
                </img>
                <span class="method-name">signIn</span>
                <span class="method-start">6783 ms</span>
              </div> <!-- test-method -->
              <div class="test-method">
                <img src="failed.png">
                </img>
                <span class="method-name">E01_AccessEditProfileBasicInformationTab</span>
                <span class="method-start">18310 ms</span>
              </div> <!-- test-method -->
              <div class="test-method">
                <img src="failed.png">
                </img>
                <span class="method-name">E02_AccessEditProfileSupportingDocumentTab</span>
                <span class="method-start">29021 ms</span>
              </div> <!-- test-method -->
              <div class="configuration-class after">
                <span class="method-name">quitDriver</span>
                <span class="method-start">39705 ms</span>
              </div> <!-- configuration-class after -->
          </div> <!-- main-panel-content rounded-window-bottom -->
        </div> <!-- panel -->
      </div> <!-- main-panel-root -->
    </div> <!-- wrapper -->
  </body>
</html>
