<!DOCTYPE html PUBLIC "-//W3C//DTD XHTML 1.1//EN" "http://www.w3.org/TR/xhtml11/DTD/xhtml11.dtd">
<html xmlns="http://www.w3.org/1999/xhtml">
<head>
<meta http-equiv="content-type" content="text/html; charset=UTF-8"/>
<title>TestNG Report</title>
<style type="text/css">table {margin-bottom:10px;border-collapse:collapse;empty-cells:show}th,td {border:1px solid #009;padding:.25em .5em}th {vertical-align:bottom}td {vertical-align:top}table a {font-weight:bold}.stripe td {background-color: #E6EBF9}.num {text-align:right}.passedodd td {background-color: #3F3}.passedeven td {background-color: #0A0}.skippedodd td {background-color: #DDD}.skippedeven td {background-color: #CCC}.failedodd td,.attn {background-color: #F33}.failedeven td,.stripe .attn {background-color: #D00}.stacktrace {white-space:pre;font-family:monospace}.totop {font-size:85%;text-align:center;border-bottom:2px solid #000}.invisible {display:none}</style>
</head>
<body>
<table>
<tr><th>Test</th><th># Passed</th><th># Skipped</th><th># Retried</th><th># Failed</th><th>Time (ms)</th><th>Included Groups</th><th>Excluded Groups</th></tr>
<tr><th colspan="7">AirpayTestSuite</th></tr>
<tr><td><a href="#t0">Regresion test</a></td><td class="num">40</td><td class="num attn">2</td><td class="num">0</td><td class="num attn">14</td><td class="num">296,830</td><td></td><td></td></tr>
</table>
<table id='summary'><thead><tr><th>Class</th><th>Method</th><th>Start</th><th>Time (ms)</th></tr></thead><tbody><tr><th colspan="4">AirpayTestSuite</th></tr></tbody><tbody id="t0"><tr><th colspan="4">Regresion test &#8212; failed</th></tr><tr class="failedeven"><td rowspan="4">TestCases.AddServiceTest</td><td><a href="#m0">J01_FirstStepAddService</a></td><td rowspan="1">1612526109401</td><td rowspan="1">10526</td></tr><tr class="failedeven"><td><a href="#m1">J02_SecondStepService</a></td><td rowspan="1">1612526120311</td><td rowspan="1">10405</td></tr><tr class="failedeven"><td><a href="#m2">J03_ThirdStepService</a></td><td rowspan="1">1612526131089</td><td rowspan="1">10385</td></tr><tr class="failedeven"><td><a href="#m3">J04_FourthStepService</a></td><td rowspan="1">1612526141850</td><td rowspan="1">1026</td></tr><tr class="failedodd"><td rowspan="3">TestCases.InviteUserTest</td><td><a href="#m4">N01_InviteUserWithAllMandatoryAreEmpty</a></td><td rowspan="1">1612526228742</td><td rowspan="1">10361</td></tr><tr class="failedodd"><td><a href="#m5">N02_InviteTakenUsernameOrTakenEmailAddress</a></td><td rowspan="1">1612526239831</td><td rowspan="1">10494</td></tr><tr class="failedodd"><td><a href="#m6">N03_InviteUserWithValidCredential</a></td><td rowspan="1">1612526250732</td><td rowspan="1">10442</td></tr><tr class="failedeven"><td rowspan="4">TestCases.ListServiceTest</td><td><a href="#m7">K01_AccessListServicePage</a></td><td rowspan="1">1612526173469</td><td rowspan="1">5907</td></tr><tr class="failedeven"><td><a href="#m8">K02_ActivateService</a></td><td rowspan="1">1612526179765</td><td rowspan="1">8617</td></tr><tr class="failedeven"><td><a href="#m9">K03_DeactiveService</a></td><td rowspan="1">1612526188741</td><td rowspan="1">4649</td></tr><tr class="failedeven"><td><a href="#m10">K05_EditServiceWithAllMandatoryFieldsAreFilled</a></td><td rowspan="1">1612526210791</td><td rowspan="1">10688</td></tr><tr class="failedodd"><td rowspan="1">TestCases.ServiceManagementTest</td><td><a href="#m11">R04_RejectService</a></td><td rowspan="1">1612526156945</td><td rowspan="1">9107</td></tr><tr class="failedeven"><td rowspan="1">TestCases.UpdatePasswordTest</td><td><a href="#m12">F03_UpdatePasswordWithCorrectInput</a></td><td rowspan="1">1612526081798</td><td rowspan="1">757</td></tr><tr class="failedodd"><td rowspan="1">TestCases.UploadContractTest</td><td><a href="#m13">G02_DownloadFile</a></td><td rowspan="1">1612526092615</td><td rowspan="1">646</td></tr><tr><th colspan="4">Regresion test &#8212; skipped</th></tr><tr class="skippedeven"><td rowspan="2">TestCases.AddServiceTest</td><td><a href="#m14">J05_FifthStepService</a></td><td rowspan="1">1612526143239</td><td rowspan="1">0</td></tr><tr class="skippedeven"><td><a href="#m15">J06_SixthStepService</a></td><td rowspan="1">1612526143243</td><td rowspan="1">0</td></tr><tr><th colspan="4">Regresion test &#8212; passed</th></tr><tr class="passedeven"><td rowspan="1">TestCases.AddServiceTest</td><td><a href="#m16">signIn</a></td><td rowspan="1">1612526105500</td><td rowspan="1">3897</td></tr><tr class="passedodd"><td rowspan="3">TestCases.AuthenticationSignInTest</td><td><a href="#m17">B01_LoginWithInvalidCredential</a></td><td rowspan="1">1612526039563</td><td rowspan="1">1115</td></tr><tr class="passedodd"><td><a href="#m18">B02_LoginWithUnverifiedUserAccount</a></td><td rowspan="1">1612526040681</td><td rowspan="1">1561</td></tr><tr class="passedodd"><td><a href="#m19">B03_LoginWithVerifiedUserAccount</a></td><td rowspan="1">1612526042248</td><td rowspan="1">3814</td></tr><tr class="passedeven"><td rowspan="1">TestCases.AuthenticationSignUpTest</td><td><a href="#m20">A01_SignUpWithInvalidCredential</a></td><td rowspan="1">1612525983579</td><td rowspan="1">6593</td></tr><tr class="passedodd"><td rowspan="5">TestCases.AuthenticationSignUpTest2</td><td><a href="#m21">A02_SignUpWithValidCredential</a></td><td rowspan="1">1612525992396</td><td rowspan="1">28812</td></tr><tr class="passedodd"><td><a href="#m22">A03_SecondStepSignUp</a></td><td rowspan="1">1612526021217</td><td rowspan="1">1930</td></tr><tr class="passedodd"><td><a href="#m23">A04_ThirdStepSignUp</a></td><td rowspan="1">1612526023150</td><td rowspan="1">810</td></tr><tr class="passedodd"><td><a href="#m24">A05_FouthStepofSignUp</a></td><td rowspan="1">1612526023964</td><td rowspan="1">6192</td></tr><tr class="passedodd"><td><a href="#m25">A06_VerifyEmailPage</a></td><td rowspan="1">1612526030165</td><td rowspan="1">7107</td></tr><tr class="passedeven"><td rowspan="7">TestCases.DocumentationTest</td><td><a href="#m26">H01_GettingStarted</a></td><td rowspan="1">1612526100668</td><td rowspan="1">488</td></tr><tr class="passedeven"><td><a href="#m27">H02_MerchantOnBoarding</a></td><td rowspan="1">1612526101158</td><td rowspan="1">245</td></tr><tr class="passedeven"><td><a href="#m28">H03_ServiceOnBoarding</a></td><td rowspan="1">1612526101405</td><td rowspan="1">244</td></tr><tr class="passedeven"><td><a href="#m29">H04_Integration</a></td><td rowspan="1">1612526101651</td><td rowspan="1">593</td></tr><tr class="passedeven"><td><a href="#m30">H05_Reporting</a></td><td rowspan="1">1612526102246</td><td rowspan="1">220</td></tr><tr class="passedeven"><td><a href="#m31">H06_FAQ</a></td><td rowspan="1">1612526102467</td><td rowspan="1">816</td></tr><tr class="passedeven"><td><a href="#m32">signIn</a></td><td rowspan="1">1612526096896</td><td rowspan="1">3765</td></tr><tr class="passedodd"><td rowspan="5">TestCases.EditProfileTest</td><td><a href="#m33">E01_AccessEditProfileBasicInformationTab</a></td><td rowspan="1">1612526059337</td><td rowspan="1">1544</td></tr><tr class="passedodd"><td><a href="#m34">E02_AccessEditProfileSupportingDocumentTab</a></td><td rowspan="1">1612526060886</td><td rowspan="1">169</td></tr><tr class="passedodd"><td><a href="#m35">E03_LetMandatoryFieldIsEmptyBasicInfoTab</a></td><td rowspan="1">1612526061058</td><td rowspan="1">4244</td></tr><tr class="passedodd"><td><a href="#m36">E04_LetMandatoryFieldIsEmptySupportingDocTab</a></td><td rowspan="1">1612526065304</td><td rowspan="1">4364</td></tr><tr class="passedodd"><td><a href="#m37">signIn</a></td><td rowspan="1">1612526055707</td><td rowspan="1">3623</td></tr><tr class="passedeven"><td rowspan="3">TestCases.ForgetPasswordTest</td><td><a href="#m38">C01_UnverifiedUserTryToForgetPassword</a></td><td rowspan="1">1612526048483</td><td rowspan="1">766</td></tr><tr class="passedeven"><td><a href="#m39">C02_ForgetPasswordWithInvalidEmailCredential</a></td><td rowspan="1">1612526049252</td><td rowspan="1">446</td></tr><tr class="passedeven"><td><a href="#m40">C03_ForgetPasswordWithValidEmailCredential</a></td><td rowspan="1">1612526049702</td><td rowspan="1">3358</td></tr><tr class="passedodd"><td rowspan="1">TestCases.InviteUserTest</td><td><a href="#m41">signIn</a></td><td rowspan="1">1612526224278</td><td rowspan="1">4459</td></tr><tr class="passedeven"><td rowspan="2">TestCases.ListServiceTest</td><td><a href="#m42">K04_EditServiceWithLetOneOrAllMandatoryFieldsAreEmpty</a></td><td rowspan="1">1612526193867</td><td rowspan="1">16920</td></tr><tr class="passedeven"><td><a href="#m43">signIn</a></td><td rowspan="1">1612526168824</td><td rowspan="1">4640</td></tr><tr class="passedodd"><td rowspan="4">TestCases.ServiceManagementTest</td><td><a href="#m44">R01_ViewServiceManagement</a></td><td rowspan="1">1612526149839</td><td rowspan="1">1543</td></tr><tr class="passedodd"><td><a href="#m45">R02_SearchServiceManagement</a></td><td rowspan="1">1612526151385</td><td rowspan="1">4942</td></tr><tr class="passedodd"><td><a href="#m46">R03_ApproveService</a></td><td rowspan="1">1612526156330</td><td rowspan="1">612</td></tr><tr class="passedodd"><td><a href="#m47">signIn</a></td><td rowspan="1">1612526145548</td><td rowspan="1">4287</td></tr><tr class="passedeven"><td rowspan="3">TestCases.UpdatePasswordTest</td><td><a href="#m48">F01_UpdatePasswordWithIncorrectCurrentPassword</a></td><td rowspan="1">1612526077027</td><td rowspan="1">2771</td></tr><tr class="passedeven"><td><a href="#m49">F02_UpdatePasswordWithNewPasswordAndCoPasswordAreDifferent</a></td><td rowspan="1">1612526079803</td><td rowspan="1">1992</td></tr><tr class="passedeven"><td><a href="#m50">signIn</a></td><td rowspan="1">1612526073467</td><td rowspan="1">3551</td></tr><tr class="passedodd"><td rowspan="2">TestCases.UploadContractTest</td><td><a href="#m51">G01_UploadFile</a></td><td rowspan="1">1612526090089</td><td rowspan="1">2524</td></tr><tr class="passedodd"><td><a href="#m52">signIn</a></td><td rowspan="1">1612526086160</td><td rowspan="1">3923</td></tr><tr class="passedeven"><td rowspan="3">TestCases.UserApprovalTest</td><td><a href="#m53">O01_ClickOnApproveButtonRejectButtonWithoutSelectCheckbox</a></td><td rowspan="1">1612526269032</td><td rowspan="1">3965</td></tr><tr class="passedeven"><td><a href="#m54">O02_ApproveUser</a></td><td rowspan="1">1612526272998</td><td rowspan="1">2165</td></tr><tr class="passedeven"><td><a href="#m55">signIn</a></td><td rowspan="1">1612526264831</td><td rowspan="1">4194</td></tr></tbody>
</table>
<h2>Regresion test</h2><h3 id="m0">TestCases.AddServiceTest#J01_FirstStepAddService</h3><table class="result"><tr><th>Exception</th></tr><tr><td><div class="stacktrace">org.openqa.selenium.TimeoutException: Expected condition failed: waiting for visibility of [[ChromeDriver: chrome on MAC (08165a6b4310f66dac48526e87bd4184)] -&gt; xpath: //img[contains(@src,&quot;Service&quot;)]] (tried for 10 second(s) with 500 MILLISECONDS interval)
Build info: version: &apos;3.14.0&apos;, revision: &apos;aacccce0&apos;, time: &apos;2018-08-02T20:19:58.91Z&apos;
System info: host: &apos;Potatos-Mac.local&apos;, ip: &apos;fe80:0:0:0:6:b504:c6d7:bbe1%en0&apos;, os.name: &apos;Mac OS X&apos;, os.arch: &apos;x86_64&apos;, os.version: &apos;10.15.6&apos;, java.version: &apos;1.8.0_261&apos;
Driver info: org.openqa.selenium.chrome.ChromeDriver
Capabilities {acceptInsecureCerts: false, browserName: chrome, browserVersion: 88.0.4324.150, chrome: {chromedriverVersion: 88.0.4324.96 (68dba2d8a0b14..., userDataDir: /var/folders/pz/vbvlmv8j3s1...}, goog:chromeOptions: {debuggerAddress: localhost:61474}, javascriptEnabled: true, networkConnectionEnabled: false, pageLoadStrategy: normal, platform: MAC, platformName: MAC, proxy: Proxy(), setWindowRect: true, strictFileInteractability: false, timeouts: {implicit: 0, pageLoad: 300000, script: 30000}, unhandledPromptBehavior: dismiss and notify, webauthn:extension:largeBlob: true, webauthn:virtualAuthenticators: true}
Session ID: 08165a6b4310f66dac48526e87bd4184
	at org.openqa.selenium.support.ui.WebDriverWait.timeoutException(WebDriverWait.java:82)
	at org.openqa.selenium.support.ui.FluentWait.until(FluentWait.java:231)
	at pages.BasePage.waitVisibility(BasePage.java:34)
	at pages.SideMenuPage.clickOnServiceDropDown(SideMenuPage.java:144)
	at TestCases.AddServiceTest.J01_FirstStepAddService(AddServiceTest.java:41)
	at java.util.ArrayList.forEach(ArrayList.java:1259)
	at java.util.concurrent.FutureTask.run(FutureTask.java:266)
	at java.util.concurrent.ThreadPoolExecutor.runWorker(ThreadPoolExecutor.java:1149)
	at java.util.concurrent.ThreadPoolExecutor$Worker.run(ThreadPoolExecutor.java:624)
	at java.lang.Thread.run(Thread.java:748)
... Removed 18 stack frames</div></td></tr></table><p class="totop"><a href="#summary">back to summary</a></p>
<h3 id="m1">TestCases.AddServiceTest#J02_SecondStepService</h3><table class="result"><tr><th>Exception</th></tr><tr><td><div class="stacktrace">org.openqa.selenium.TimeoutException: Expected condition failed: waiting for visibility of Proxy element for: DefaultElementLocator &apos;By.id: service_step_two&apos; (tried for 10 second(s) with 500 MILLISECONDS interval)
	at org.openqa.selenium.support.ui.WebDriverWait.timeoutException(WebDriverWait.java:82)
	at org.openqa.selenium.support.ui.FluentWait.until(FluentWait.java:231)
	at pages.BasePage.waitVisibility(BasePage.java:34)
	at pages.AddServicePage.clickNextButtonSecondStep(AddServicePage.java:293)
	at TestCases.AddServiceTest.J02_SecondStepService(AddServiceTest.java:79)
	at java.util.ArrayList.forEach(ArrayList.java:1259)
	at java.util.concurrent.FutureTask.run(FutureTask.java:266)
	at java.util.concurrent.ThreadPoolExecutor.runWorker(ThreadPoolExecutor.java:1149)
	at java.util.concurrent.ThreadPoolExecutor$Worker.run(ThreadPoolExecutor.java:624)
	at java.lang.Thread.run(Thread.java:748)
Caused by: org.openqa.selenium.NoSuchElementException: no such element: Unable to locate element: {&quot;method&quot;:&quot;css selector&quot;,&quot;selector&quot;:&quot;#service_step_two&quot;}
  (Session info: headless chrome=88.0.4324.150)
For documentation on this error, please visit: http://seleniumhq.org/exceptions/no_such_element.html
Build info: version: &apos;3.14.0&apos;, revision: &apos;aacccce0&apos;, time: &apos;2018-08-02T20:19:58.91Z&apos;
System info: host: &apos;Potatos-Mac.local&apos;, ip: &apos;fe80:0:0:0:6:b504:c6d7:bbe1%en0&apos;, os.name: &apos;Mac OS X&apos;, os.arch: &apos;x86_64&apos;, os.version: &apos;10.15.6&apos;, java.version: &apos;1.8.0_261&apos;
Driver info: org.openqa.selenium.chrome.ChromeDriver
Capabilities {acceptInsecureCerts: false, browserName: chrome, browserVersion: 88.0.4324.150, chrome: {chromedriverVersion: 88.0.4324.96 (68dba2d8a0b14..., userDataDir: /var/folders/pz/vbvlmv8j3s1...}, goog:chromeOptions: {debuggerAddress: localhost:61474}, javascriptEnabled: true, networkConnectionEnabled: false, pageLoadStrategy: normal, platform: MAC, platformName: MAC, proxy: Proxy(), setWindowRect: true, strictFileInteractability: false, timeouts: {implicit: 0, pageLoad: 300000, script: 30000}, unhandledPromptBehavior: dismiss and notify, webauthn:extension:largeBlob: true, webauthn:virtualAuthenticators: true}
Session ID: 08165a6b4310f66dac48526e87bd4184
*** Element info: {Using=id, value=service_step_two}
	at org.openqa.selenium.remote.http.W3CHttpResponseCodec.createException(W3CHttpResponseCodec.java:187)
	at org.openqa.selenium.remote.http.W3CHttpResponseCodec.decode(W3CHttpResponseCodec.java:122)
	at org.openqa.selenium.remote.http.W3CHttpResponseCodec.decode(W3CHttpResponseCodec.java:49)
	at org.openqa.selenium.remote.HttpCommandExecutor.execute(HttpCommandExecutor.java:158)
	at org.openqa.selenium.remote.service.DriverCommandExecutor.execute(DriverCommandExecutor.java:83)
	at org.openqa.selenium.remote.RemoteWebDriver.execute(RemoteWebDriver.java:548)
	at org.openqa.selenium.remote.RemoteWebDriver.findElement(RemoteWebDriver.java:322)
	at org.openqa.selenium.remote.RemoteWebDriver.findElementById(RemoteWebDriver.java:368)
	at org.openqa.selenium.By$ById.findElement(By.java:188)
	at org.openqa.selenium.remote.RemoteWebDriver.findElement(RemoteWebDriver.java:314)
	at org.openqa.selenium.support.pagefactory.DefaultElementLocator.findElement(DefaultElementLocator.java:69)
	at org.openqa.selenium.support.pagefactory.internal.LocatingElementHandler.invoke(LocatingElementHandler.java:38)
	at com.sun.proxy.$Proxy23.isDisplayed(Unknown Source)
	at org.openqa.selenium.support.ui.ExpectedConditions.elementIfVisible(ExpectedConditions.java:315)
	at org.openqa.selenium.support.ui.ExpectedConditions.access$100(ExpectedConditions.java:44)
	at org.openqa.selenium.support.ui.ExpectedConditions$10.apply(ExpectedConditions.java:301)
	at org.openqa.selenium.support.ui.ExpectedConditions$10.apply(ExpectedConditions.java:298)
	at org.openqa.selenium.support.ui.FluentWait.until(FluentWait.java:208)
	... 26 more
... Removed 21 stack frames</div></td></tr></table><p class="totop"><a href="#summary">back to summary</a></p>
<h3 id="m2">TestCases.AddServiceTest#J03_ThirdStepService</h3><table class="result"><tr><th>Exception</th></tr><tr><td><div class="stacktrace">org.openqa.selenium.TimeoutException: Expected condition failed: waiting for visibility of Proxy element for: DefaultElementLocator &apos;By.id: service_step_three&apos; (tried for 10 second(s) with 500 MILLISECONDS interval)
	at org.openqa.selenium.support.ui.WebDriverWait.timeoutException(WebDriverWait.java:82)
	at org.openqa.selenium.support.ui.FluentWait.until(FluentWait.java:231)
	at pages.BasePage.waitVisibility(BasePage.java:34)
	at pages.AddServicePage.clickOnNextButtonThirdStep(AddServicePage.java:297)
	at TestCases.AddServiceTest.J03_ThirdStepService(AddServiceTest.java:111)
	at java.util.ArrayList.forEach(ArrayList.java:1259)
	at java.util.concurrent.FutureTask.run(FutureTask.java:266)
	at java.util.concurrent.ThreadPoolExecutor.runWorker(ThreadPoolExecutor.java:1149)
	at java.util.concurrent.ThreadPoolExecutor$Worker.run(ThreadPoolExecutor.java:624)
	at java.lang.Thread.run(Thread.java:748)
Caused by: org.openqa.selenium.NoSuchElementException: no such element: Unable to locate element: {&quot;method&quot;:&quot;css selector&quot;,&quot;selector&quot;:&quot;#service_step_three&quot;}
  (Session info: headless chrome=88.0.4324.150)
For documentation on this error, please visit: http://seleniumhq.org/exceptions/no_such_element.html
Build info: version: &apos;3.14.0&apos;, revision: &apos;aacccce0&apos;, time: &apos;2018-08-02T20:19:58.91Z&apos;
System info: host: &apos;Potatos-Mac.local&apos;, ip: &apos;fe80:0:0:0:6:b504:c6d7:bbe1%en0&apos;, os.name: &apos;Mac OS X&apos;, os.arch: &apos;x86_64&apos;, os.version: &apos;10.15.6&apos;, java.version: &apos;1.8.0_261&apos;
Driver info: org.openqa.selenium.chrome.ChromeDriver
Capabilities {acceptInsecureCerts: false, browserName: chrome, browserVersion: 88.0.4324.150, chrome: {chromedriverVersion: 88.0.4324.96 (68dba2d8a0b14..., userDataDir: /var/folders/pz/vbvlmv8j3s1...}, goog:chromeOptions: {debuggerAddress: localhost:61474}, javascriptEnabled: true, networkConnectionEnabled: false, pageLoadStrategy: normal, platform: MAC, platformName: MAC, proxy: Proxy(), setWindowRect: true, strictFileInteractability: false, timeouts: {implicit: 0, pageLoad: 300000, script: 30000}, unhandledPromptBehavior: dismiss and notify, webauthn:extension:largeBlob: true, webauthn:virtualAuthenticators: true}
Session ID: 08165a6b4310f66dac48526e87bd4184
*** Element info: {Using=id, value=service_step_three}
	at org.openqa.selenium.remote.http.W3CHttpResponseCodec.createException(W3CHttpResponseCodec.java:187)
	at org.openqa.selenium.remote.http.W3CHttpResponseCodec.decode(W3CHttpResponseCodec.java:122)
	at org.openqa.selenium.remote.http.W3CHttpResponseCodec.decode(W3CHttpResponseCodec.java:49)
	at org.openqa.selenium.remote.HttpCommandExecutor.execute(HttpCommandExecutor.java:158)
	at org.openqa.selenium.remote.service.DriverCommandExecutor.execute(DriverCommandExecutor.java:83)
	at org.openqa.selenium.remote.RemoteWebDriver.execute(RemoteWebDriver.java:548)
	at org.openqa.selenium.remote.RemoteWebDriver.findElement(RemoteWebDriver.java:322)
	at org.openqa.selenium.remote.RemoteWebDriver.findElementById(RemoteWebDriver.java:368)
	at org.openqa.selenium.By$ById.findElement(By.java:188)
	at org.openqa.selenium.remote.RemoteWebDriver.findElement(RemoteWebDriver.java:314)
	at org.openqa.selenium.support.pagefactory.DefaultElementLocator.findElement(DefaultElementLocator.java:69)
	at org.openqa.selenium.support.pagefactory.internal.LocatingElementHandler.invoke(LocatingElementHandler.java:38)
	at com.sun.proxy.$Proxy23.isDisplayed(Unknown Source)
	at org.openqa.selenium.support.ui.ExpectedConditions.elementIfVisible(ExpectedConditions.java:315)
	at org.openqa.selenium.support.ui.ExpectedConditions.access$100(ExpectedConditions.java:44)
	at org.openqa.selenium.support.ui.ExpectedConditions$10.apply(ExpectedConditions.java:301)
	at org.openqa.selenium.support.ui.ExpectedConditions$10.apply(ExpectedConditions.java:298)
	at org.openqa.selenium.support.ui.FluentWait.until(FluentWait.java:208)
	... 26 more
... Removed 21 stack frames</div></td></tr></table><p class="totop"><a href="#summary">back to summary</a></p>
<h3 id="m3">TestCases.AddServiceTest#J04_FourthStepService</h3><table class="result"><tr><th>Exception</th></tr><tr><td><div class="stacktrace">org.openqa.selenium.NoSuchElementException: no such element: Unable to locate element: {&quot;method&quot;:&quot;xpath&quot;,&quot;selector&quot;:&quot;//button[@id=&quot;service_step_four&quot; and contains(text(),&quot;Next&quot;)]&quot;}
  (Session info: headless chrome=88.0.4324.150)
For documentation on this error, please visit: http://seleniumhq.org/exceptions/no_such_element.html
Build info: version: &apos;3.14.0&apos;, revision: &apos;aacccce0&apos;, time: &apos;2018-08-02T20:19:58.91Z&apos;
System info: host: &apos;Potatos-Mac.local&apos;, ip: &apos;fe80:0:0:0:6:b504:c6d7:bbe1%en0&apos;, os.name: &apos;Mac OS X&apos;, os.arch: &apos;x86_64&apos;, os.version: &apos;10.15.6&apos;, java.version: &apos;1.8.0_261&apos;
Driver info: org.openqa.selenium.chrome.ChromeDriver
Capabilities {acceptInsecureCerts: false, browserName: chrome, browserVersion: 88.0.4324.150, chrome: {chromedriverVersion: 88.0.4324.96 (68dba2d8a0b14..., userDataDir: /var/folders/pz/vbvlmv8j3s1...}, goog:chromeOptions: {debuggerAddress: localhost:61474}, javascriptEnabled: true, networkConnectionEnabled: false, pageLoadStrategy: normal, platform: MAC, platformName: MAC, proxy: Proxy(), setWindowRect: true, strictFileInteractability: false, timeouts: {implicit: 0, pageLoad: 300000, script: 30000}, unhandledPromptBehavior: dismiss and notify, webauthn:extension:largeBlob: true, webauthn:virtualAuthenticators: true}
Session ID: 08165a6b4310f66dac48526e87bd4184
*** Element info: {Using=xpath, value=//button[@id=&quot;service_step_four&quot; and contains(text(),&quot;Next&quot;)]}
	at org.openqa.selenium.remote.http.W3CHttpResponseCodec.createException(W3CHttpResponseCodec.java:187)
	at org.openqa.selenium.remote.http.W3CHttpResponseCodec.decode(W3CHttpResponseCodec.java:122)
	at org.openqa.selenium.remote.http.W3CHttpResponseCodec.decode(W3CHttpResponseCodec.java:49)
	at org.openqa.selenium.remote.HttpCommandExecutor.execute(HttpCommandExecutor.java:158)
	at org.openqa.selenium.remote.service.DriverCommandExecutor.execute(DriverCommandExecutor.java:83)
	at org.openqa.selenium.remote.RemoteWebDriver.execute(RemoteWebDriver.java:548)
	at org.openqa.selenium.remote.RemoteWebDriver.findElement(RemoteWebDriver.java:322)
	at org.openqa.selenium.remote.RemoteWebDriver.findElementByXPath(RemoteWebDriver.java:424)
	at org.openqa.selenium.By$ByXPath.findElement(By.java:353)
	at org.openqa.selenium.remote.RemoteWebDriver.findElement(RemoteWebDriver.java:314)
	at bases.BaseWeb.scrollIntoView(BaseWeb.java:159)
	at pages.AddServicePage.clickOnNextButtonFourStep(AddServicePage.java:309)
	at TestCases.AddServiceTest.J04_FourthStepService(AddServiceTest.java:145)
	at java.util.ArrayList.forEach(ArrayList.java:1259)
	at java.util.concurrent.FutureTask.run(FutureTask.java:266)
	at java.util.concurrent.ThreadPoolExecutor.runWorker(ThreadPoolExecutor.java:1149)
	at java.util.concurrent.ThreadPoolExecutor$Worker.run(ThreadPoolExecutor.java:624)
	at java.lang.Thread.run(Thread.java:748)
... Removed 21 stack frames</div></td></tr></table><p class="totop"><a href="#summary">back to summary</a></p>
<h3 id="m4">TestCases.InviteUserTest#N01_InviteUserWithAllMandatoryAreEmpty</h3><table class="result"><tr><th>Exception</th></tr><tr><td><div class="stacktrace">org.openqa.selenium.TimeoutException: Expected condition failed: waiting for visibility of [[ChromeDriver: chrome on MAC (5b7f9a76c2d95cacdb166e35fe5f0d63)] -&gt; xpath: //img[@class=&quot;menu-image&quot; and contains(@src,&quot;vitation&quot;)]] (tried for 10 second(s) with 500 MILLISECONDS interval)
Build info: version: &apos;3.14.0&apos;, revision: &apos;aacccce0&apos;, time: &apos;2018-08-02T20:19:58.91Z&apos;
System info: host: &apos;Potatos-Mac.local&apos;, ip: &apos;fe80:0:0:0:6:b504:c6d7:bbe1%en0&apos;, os.name: &apos;Mac OS X&apos;, os.arch: &apos;x86_64&apos;, os.version: &apos;10.15.6&apos;, java.version: &apos;1.8.0_261&apos;
Driver info: org.openqa.selenium.chrome.ChromeDriver
Capabilities {acceptInsecureCerts: false, browserName: chrome, browserVersion: 88.0.4324.150, chrome: {chromedriverVersion: 88.0.4324.96 (68dba2d8a0b14..., userDataDir: /var/folders/pz/vbvlmv8j3s1...}, goog:chromeOptions: {debuggerAddress: localhost:62029}, javascriptEnabled: true, networkConnectionEnabled: false, pageLoadStrategy: normal, platform: MAC, platformName: MAC, proxy: Proxy(), setWindowRect: true, strictFileInteractability: false, timeouts: {implicit: 0, pageLoad: 300000, script: 30000}, unhandledPromptBehavior: dismiss and notify, webauthn:extension:largeBlob: true, webauthn:virtualAuthenticators: true}
Session ID: 5b7f9a76c2d95cacdb166e35fe5f0d63
	at org.openqa.selenium.support.ui.WebDriverWait.timeoutException(WebDriverWait.java:82)
	at org.openqa.selenium.support.ui.FluentWait.until(FluentWait.java:231)
	at pages.BasePage.waitVisibility(BasePage.java:34)
	at pages.SideMenuPage.clickOnInviteUserDropDown(SideMenuPage.java:217)
	at TestCases.InviteUserTest.N01_InviteUserWithAllMandatoryAreEmpty(InviteUserTest.java:41)
	at java.util.ArrayList.forEach(ArrayList.java:1259)
	at java.util.concurrent.FutureTask.run(FutureTask.java:266)
	at java.util.concurrent.ThreadPoolExecutor.runWorker(ThreadPoolExecutor.java:1149)
	at java.util.concurrent.ThreadPoolExecutor$Worker.run(ThreadPoolExecutor.java:624)
	at java.lang.Thread.run(Thread.java:748)
... Removed 18 stack frames</div></td></tr></table><p class="totop"><a href="#summary">back to summary</a></p>
<h3 id="m5">TestCases.InviteUserTest#N02_InviteTakenUsernameOrTakenEmailAddress</h3><table class="result"><tr><th>Exception</th></tr><tr><td><div class="stacktrace">org.openqa.selenium.TimeoutException: Expected condition failed: waiting for visibility of Proxy element for: DefaultElementLocator &apos;By.id: username&apos; (tried for 10 second(s) with 500 MILLISECONDS interval)
	at org.openqa.selenium.support.ui.WebDriverWait.timeoutException(WebDriverWait.java:82)
	at org.openqa.selenium.support.ui.FluentWait.until(FluentWait.java:231)
	at pages.BasePage.waitVisibility(BasePage.java:34)
	at pages.InviteUserPage.typeUserName(InviteUserPage.java:85)
	at TestCases.InviteUserTest.N02_InviteTakenUsernameOrTakenEmailAddress(InviteUserTest.java:74)
	at java.util.ArrayList.forEach(ArrayList.java:1259)
	at java.util.concurrent.FutureTask.run(FutureTask.java:266)
	at java.util.concurrent.ThreadPoolExecutor.runWorker(ThreadPoolExecutor.java:1149)
	at java.util.concurrent.ThreadPoolExecutor$Worker.run(ThreadPoolExecutor.java:624)
	at java.lang.Thread.run(Thread.java:748)
Caused by: org.openqa.selenium.NoSuchElementException: no such element: Unable to locate element: {&quot;method&quot;:&quot;css selector&quot;,&quot;selector&quot;:&quot;#username&quot;}
  (Session info: headless chrome=88.0.4324.150)
For documentation on this error, please visit: http://seleniumhq.org/exceptions/no_such_element.html
Build info: version: &apos;3.14.0&apos;, revision: &apos;aacccce0&apos;, time: &apos;2018-08-02T20:19:58.91Z&apos;
System info: host: &apos;Potatos-Mac.local&apos;, ip: &apos;fe80:0:0:0:6:b504:c6d7:bbe1%en0&apos;, os.name: &apos;Mac OS X&apos;, os.arch: &apos;x86_64&apos;, os.version: &apos;10.15.6&apos;, java.version: &apos;1.8.0_261&apos;
Driver info: org.openqa.selenium.chrome.ChromeDriver
Capabilities {acceptInsecureCerts: false, browserName: chrome, browserVersion: 88.0.4324.150, chrome: {chromedriverVersion: 88.0.4324.96 (68dba2d8a0b14..., userDataDir: /var/folders/pz/vbvlmv8j3s1...}, goog:chromeOptions: {debuggerAddress: localhost:62029}, javascriptEnabled: true, networkConnectionEnabled: false, pageLoadStrategy: normal, platform: MAC, platformName: MAC, proxy: Proxy(), setWindowRect: true, strictFileInteractability: false, timeouts: {implicit: 0, pageLoad: 300000, script: 30000}, unhandledPromptBehavior: dismiss and notify, webauthn:extension:largeBlob: true, webauthn:virtualAuthenticators: true}
Session ID: 5b7f9a76c2d95cacdb166e35fe5f0d63
*** Element info: {Using=id, value=username}
	at org.openqa.selenium.remote.http.W3CHttpResponseCodec.createException(W3CHttpResponseCodec.java:187)
	at org.openqa.selenium.remote.http.W3CHttpResponseCodec.decode(W3CHttpResponseCodec.java:122)
	at org.openqa.selenium.remote.http.W3CHttpResponseCodec.decode(W3CHttpResponseCodec.java:49)
	at org.openqa.selenium.remote.HttpCommandExecutor.execute(HttpCommandExecutor.java:158)
	at org.openqa.selenium.remote.service.DriverCommandExecutor.execute(DriverCommandExecutor.java:83)
	at org.openqa.selenium.remote.RemoteWebDriver.execute(RemoteWebDriver.java:548)
	at org.openqa.selenium.remote.RemoteWebDriver.findElement(RemoteWebDriver.java:322)
	at org.openqa.selenium.remote.RemoteWebDriver.findElementById(RemoteWebDriver.java:368)
	at org.openqa.selenium.By$ById.findElement(By.java:188)
	at org.openqa.selenium.remote.RemoteWebDriver.findElement(RemoteWebDriver.java:314)
	at org.openqa.selenium.support.pagefactory.DefaultElementLocator.findElement(DefaultElementLocator.java:69)
	at org.openqa.selenium.support.pagefactory.internal.LocatingElementHandler.invoke(LocatingElementHandler.java:38)
	at com.sun.proxy.$Proxy23.isDisplayed(Unknown Source)
	at org.openqa.selenium.support.ui.ExpectedConditions.elementIfVisible(ExpectedConditions.java:315)
	at org.openqa.selenium.support.ui.ExpectedConditions.access$100(ExpectedConditions.java:44)
	at org.openqa.selenium.support.ui.ExpectedConditions$10.apply(ExpectedConditions.java:301)
	at org.openqa.selenium.support.ui.ExpectedConditions$10.apply(ExpectedConditions.java:298)
	at org.openqa.selenium.support.ui.FluentWait.until(FluentWait.java:208)
	... 26 more
... Removed 21 stack frames</div></td></tr></table><p class="totop"><a href="#summary">back to summary</a></p>
<h3 id="m6">TestCases.InviteUserTest#N03_InviteUserWithValidCredential</h3><table class="result"><tr><th>Exception</th></tr><tr><td><div class="stacktrace">org.openqa.selenium.TimeoutException: Expected condition failed: waiting for visibility of Proxy element for: DefaultElementLocator &apos;By.id: username&apos; (tried for 10 second(s) with 500 MILLISECONDS interval)
	at org.openqa.selenium.support.ui.WebDriverWait.timeoutException(WebDriverWait.java:82)
	at org.openqa.selenium.support.ui.FluentWait.until(FluentWait.java:231)
	at pages.BasePage.waitVisibility(BasePage.java:34)
	at pages.InviteUserPage.typeUserName(InviteUserPage.java:85)
	at TestCases.InviteUserTest.N03_InviteUserWithValidCredential(InviteUserTest.java:98)
	at java.util.ArrayList.forEach(ArrayList.java:1259)
	at java.util.concurrent.FutureTask.run(FutureTask.java:266)
	at java.util.concurrent.ThreadPoolExecutor.runWorker(ThreadPoolExecutor.java:1149)
	at java.util.concurrent.ThreadPoolExecutor$Worker.run(ThreadPoolExecutor.java:624)
	at java.lang.Thread.run(Thread.java:748)
Caused by: org.openqa.selenium.NoSuchElementException: no such element: Unable to locate element: {&quot;method&quot;:&quot;css selector&quot;,&quot;selector&quot;:&quot;#username&quot;}
  (Session info: headless chrome=88.0.4324.150)
For documentation on this error, please visit: http://seleniumhq.org/exceptions/no_such_element.html
Build info: version: &apos;3.14.0&apos;, revision: &apos;aacccce0&apos;, time: &apos;2018-08-02T20:19:58.91Z&apos;
System info: host: &apos;Potatos-Mac.local&apos;, ip: &apos;fe80:0:0:0:6:b504:c6d7:bbe1%en0&apos;, os.name: &apos;Mac OS X&apos;, os.arch: &apos;x86_64&apos;, os.version: &apos;10.15.6&apos;, java.version: &apos;1.8.0_261&apos;
Driver info: org.openqa.selenium.chrome.ChromeDriver
Capabilities {acceptInsecureCerts: false, browserName: chrome, browserVersion: 88.0.4324.150, chrome: {chromedriverVersion: 88.0.4324.96 (68dba2d8a0b14..., userDataDir: /var/folders/pz/vbvlmv8j3s1...}, goog:chromeOptions: {debuggerAddress: localhost:62029}, javascriptEnabled: true, networkConnectionEnabled: false, pageLoadStrategy: normal, platform: MAC, platformName: MAC, proxy: Proxy(), setWindowRect: true, strictFileInteractability: false, timeouts: {implicit: 0, pageLoad: 300000, script: 30000}, unhandledPromptBehavior: dismiss and notify, webauthn:extension:largeBlob: true, webauthn:virtualAuthenticators: true}
Session ID: 5b7f9a76c2d95cacdb166e35fe5f0d63
*** Element info: {Using=id, value=username}
	at org.openqa.selenium.remote.http.W3CHttpResponseCodec.createException(W3CHttpResponseCodec.java:187)
	at org.openqa.selenium.remote.http.W3CHttpResponseCodec.decode(W3CHttpResponseCodec.java:122)
	at org.openqa.selenium.remote.http.W3CHttpResponseCodec.decode(W3CHttpResponseCodec.java:49)
	at org.openqa.selenium.remote.HttpCommandExecutor.execute(HttpCommandExecutor.java:158)
	at org.openqa.selenium.remote.service.DriverCommandExecutor.execute(DriverCommandExecutor.java:83)
	at org.openqa.selenium.remote.RemoteWebDriver.execute(RemoteWebDriver.java:548)
	at org.openqa.selenium.remote.RemoteWebDriver.findElement(RemoteWebDriver.java:322)
	at org.openqa.selenium.remote.RemoteWebDriver.findElementById(RemoteWebDriver.java:368)
	at org.openqa.selenium.By$ById.findElement(By.java:188)
	at org.openqa.selenium.remote.RemoteWebDriver.findElement(RemoteWebDriver.java:314)
	at org.openqa.selenium.support.pagefactory.DefaultElementLocator.findElement(DefaultElementLocator.java:69)
	at org.openqa.selenium.support.pagefactory.internal.LocatingElementHandler.invoke(LocatingElementHandler.java:38)
	at com.sun.proxy.$Proxy23.isDisplayed(Unknown Source)
	at org.openqa.selenium.support.ui.ExpectedConditions.elementIfVisible(ExpectedConditions.java:315)
	at org.openqa.selenium.support.ui.ExpectedConditions.access$100(ExpectedConditions.java:44)
	at org.openqa.selenium.support.ui.ExpectedConditions$10.apply(ExpectedConditions.java:301)
	at org.openqa.selenium.support.ui.ExpectedConditions$10.apply(ExpectedConditions.java:298)
	at org.openqa.selenium.support.ui.FluentWait.until(FluentWait.java:208)
	... 26 more
... Removed 21 stack frames</div></td></tr></table><p class="totop"><a href="#summary">back to summary</a></p>
<h3 id="m7">TestCases.ListServiceTest#K01_AccessListServicePage</h3><table class="result"><tr><th>Exception</th></tr><tr><td><div class="stacktrace">java.lang.AssertionError: The following asserts failed:
	search result is not displayed did not expect to find [true] but found [false]
	at TestCases.ListServiceTest.K01_AccessListServicePage(ListServiceTest.java:57)
	at java.util.ArrayList.forEach(ArrayList.java:1259)
	at java.util.concurrent.FutureTask.run(FutureTask.java:266)
	at java.util.concurrent.ThreadPoolExecutor.runWorker(ThreadPoolExecutor.java:1149)
	at java.util.concurrent.ThreadPoolExecutor$Worker.run(ThreadPoolExecutor.java:624)
	at java.lang.Thread.run(Thread.java:748)
... Removed 20 stack frames</div></td></tr></table><p class="totop"><a href="#summary">back to summary</a></p>
<h3 id="m8">TestCases.ListServiceTest#K02_ActivateService</h3><table class="result"><tr><th>Exception</th></tr><tr><td><div class="stacktrace">java.lang.AssertionError: The following asserts failed:
	Service is not activated did not expect to find [true] but found [false]
	at TestCases.ListServiceTest.K02_ActivateService(ListServiceTest.java:85)
	at java.util.ArrayList.forEach(ArrayList.java:1259)
	at java.util.concurrent.FutureTask.run(FutureTask.java:266)
	at java.util.concurrent.ThreadPoolExecutor.runWorker(ThreadPoolExecutor.java:1149)
	at java.util.concurrent.ThreadPoolExecutor$Worker.run(ThreadPoolExecutor.java:624)
	at java.lang.Thread.run(Thread.java:748)
... Removed 20 stack frames</div></td></tr></table><p class="totop"><a href="#summary">back to summary</a></p>
<h3 id="m9">TestCases.ListServiceTest#K03_DeactiveService</h3><table class="result"><tr><th>Exception</th></tr><tr><td><div class="stacktrace">java.lang.AssertionError: The following asserts failed:
	Service is not disabled did not expect to find [true] but found [false]
	at TestCases.ListServiceTest.K03_DeactiveService(ListServiceTest.java:110)
	at java.util.ArrayList.forEach(ArrayList.java:1259)
	at java.util.concurrent.FutureTask.run(FutureTask.java:266)
	at java.util.concurrent.ThreadPoolExecutor.runWorker(ThreadPoolExecutor.java:1149)
	at java.util.concurrent.ThreadPoolExecutor$Worker.run(ThreadPoolExecutor.java:624)
	at java.lang.Thread.run(Thread.java:748)
... Removed 20 stack frames</div></td></tr></table><p class="totop"><a href="#summary">back to summary</a></p>
<h3 id="m10">TestCases.ListServiceTest#K05_EditServiceWithAllMandatoryFieldsAreFilled</h3><table class="result"><tr><th>Exception</th></tr><tr><td><div class="stacktrace">org.openqa.selenium.NoSuchElementException: no such element: Unable to locate element: {&quot;method&quot;:&quot;xpath&quot;,&quot;selector&quot;:&quot;//*[contains(text(),&quot;src0349&quot;)]/../td/a[@class=&quot;btn btn-primary mr-2&quot;]&quot;}
  (Session info: headless chrome=88.0.4324.150)
For documentation on this error, please visit: http://seleniumhq.org/exceptions/no_such_element.html
Build info: version: &apos;3.14.0&apos;, revision: &apos;aacccce0&apos;, time: &apos;2018-08-02T20:19:58.91Z&apos;
System info: host: &apos;Potatos-Mac.local&apos;, ip: &apos;fe80:0:0:0:6:b504:c6d7:bbe1%en0&apos;, os.name: &apos;Mac OS X&apos;, os.arch: &apos;x86_64&apos;, os.version: &apos;10.15.6&apos;, java.version: &apos;1.8.0_261&apos;
Driver info: org.openqa.selenium.chrome.ChromeDriver
Capabilities {acceptInsecureCerts: false, browserName: chrome, browserVersion: 88.0.4324.150, chrome: {chromedriverVersion: 88.0.4324.96 (68dba2d8a0b14..., userDataDir: /var/folders/pz/vbvlmv8j3s1...}, goog:chromeOptions: {debuggerAddress: localhost:61783}, javascriptEnabled: true, networkConnectionEnabled: false, pageLoadStrategy: normal, platform: MAC, platformName: MAC, proxy: Proxy(), setWindowRect: true, strictFileInteractability: false, timeouts: {implicit: 0, pageLoad: 300000, script: 30000}, unhandledPromptBehavior: dismiss and notify, webauthn:extension:largeBlob: true, webauthn:virtualAuthenticators: true}
Session ID: cc831efd844caff841ec3bfc625f80bf
*** Element info: {Using=xpath, value=//*[contains(text(),&quot;src0349&quot;)]/../td/a[@class=&quot;btn btn-primary mr-2&quot;]}
	at org.openqa.selenium.remote.http.W3CHttpResponseCodec.createException(W3CHttpResponseCodec.java:187)
	at org.openqa.selenium.remote.http.W3CHttpResponseCodec.decode(W3CHttpResponseCodec.java:122)
	at org.openqa.selenium.remote.http.W3CHttpResponseCodec.decode(W3CHttpResponseCodec.java:49)
	at org.openqa.selenium.remote.HttpCommandExecutor.execute(HttpCommandExecutor.java:158)
	at org.openqa.selenium.remote.service.DriverCommandExecutor.execute(DriverCommandExecutor.java:83)
	at org.openqa.selenium.remote.RemoteWebDriver.execute(RemoteWebDriver.java:548)
	at org.openqa.selenium.remote.RemoteWebDriver.findElement(RemoteWebDriver.java:322)
	at org.openqa.selenium.remote.RemoteWebDriver.findElementByXPath(RemoteWebDriver.java:424)
	at org.openqa.selenium.By$ByXPath.findElement(By.java:353)
	at org.openqa.selenium.remote.RemoteWebDriver.findElement(RemoteWebDriver.java:314)
	at pages.BasePage.clickOnEditButtonSpesificId(BasePage.java:78)
	at TestCases.ListServiceTest.K05_EditServiceWithAllMandatoryFieldsAreFilled(ListServiceTest.java:206)
	at java.util.ArrayList.forEach(ArrayList.java:1259)
	at java.util.concurrent.FutureTask.run(FutureTask.java:266)
	at java.util.concurrent.ThreadPoolExecutor.runWorker(ThreadPoolExecutor.java:1149)
	at java.util.concurrent.ThreadPoolExecutor$Worker.run(ThreadPoolExecutor.java:624)
	at java.lang.Thread.run(Thread.java:748)
... Removed 21 stack frames</div></td></tr></table><p class="totop"><a href="#summary">back to summary</a></p>
<h3 id="m11">TestCases.ServiceManagementTest#R04_RejectService</h3><table class="result"><tr><th>Exception</th></tr><tr><td><div class="stacktrace">java.lang.AssertionError: The following asserts failed:
	Service is not deactivated did not expect to find [true] but found [false]
	at TestCases.ServiceManagementTest.R04_RejectService(ServiceManagementTest.java:119)
	at java.util.ArrayList.forEach(ArrayList.java:1259)
	at java.util.concurrent.FutureTask.run(FutureTask.java:266)
	at java.util.concurrent.ThreadPoolExecutor.runWorker(ThreadPoolExecutor.java:1149)
	at java.util.concurrent.ThreadPoolExecutor$Worker.run(ThreadPoolExecutor.java:624)
	at java.lang.Thread.run(Thread.java:748)
... Removed 20 stack frames</div></td></tr></table><p class="totop"><a href="#summary">back to summary</a></p>
<h3 id="m12">TestCases.UpdatePasswordTest#F03_UpdatePasswordWithCorrectInput</h3><table class="result"><tr><th>Exception</th></tr><tr><td><div class="stacktrace">java.lang.AssertionError: password is not updated did not expect to find [true] but found [false]
	at TestCases.UpdatePasswordTest.F03_UpdatePasswordWithCorrectInput(UpdatePasswordTest.java:111)
	at java.util.ArrayList.forEach(ArrayList.java:1259)
	at java.util.concurrent.FutureTask.run(FutureTask.java:266)
	at java.util.concurrent.ThreadPoolExecutor.runWorker(ThreadPoolExecutor.java:1149)
	at java.util.concurrent.ThreadPoolExecutor$Worker.run(ThreadPoolExecutor.java:624)
	at java.lang.Thread.run(Thread.java:748)
... Removed 21 stack frames</div></td></tr></table><p class="totop"><a href="#summary">back to summary</a></p>
<h3 id="m13">TestCases.UploadContractTest#G02_DownloadFile</h3><table class="result"><tr><th>Exception</th></tr><tr><td><div class="stacktrace">org.openqa.selenium.StaleElementReferenceException: stale element reference: element is not attached to the page document
  (Session info: headless chrome=88.0.4324.150)
For documentation on this error, please visit: http://seleniumhq.org/exceptions/stale_element_reference.html
Build info: version: &apos;3.14.0&apos;, revision: &apos;aacccce0&apos;, time: &apos;2018-08-02T20:19:58.91Z&apos;
System info: host: &apos;Potatos-Mac.local&apos;, ip: &apos;fe80:0:0:0:6:b504:c6d7:bbe1%en0&apos;, os.name: &apos;Mac OS X&apos;, os.arch: &apos;x86_64&apos;, os.version: &apos;10.15.6&apos;, java.version: &apos;1.8.0_261&apos;
Driver info: org.openqa.selenium.chrome.ChromeDriver
Capabilities {acceptInsecureCerts: false, browserName: chrome, browserVersion: 88.0.4324.150, chrome: {chromedriverVersion: 88.0.4324.96 (68dba2d8a0b14..., userDataDir: /var/folders/pz/vbvlmv8j3s1...}, goog:chromeOptions: {debuggerAddress: localhost:61336}, javascriptEnabled: true, networkConnectionEnabled: false, pageLoadStrategy: normal, platform: MAC, platformName: MAC, proxy: Proxy(), setWindowRect: true, strictFileInteractability: false, timeouts: {implicit: 0, pageLoad: 300000, script: 30000}, unhandledPromptBehavior: dismiss and notify, webauthn:extension:largeBlob: true, webauthn:virtualAuthenticators: true}
Session ID: 60b5bee308dd6647a02c5d65fb4a6bad
	at org.openqa.selenium.remote.http.W3CHttpResponseCodec.createException(W3CHttpResponseCodec.java:187)
	at org.openqa.selenium.remote.http.W3CHttpResponseCodec.decode(W3CHttpResponseCodec.java:122)
	at org.openqa.selenium.remote.http.W3CHttpResponseCodec.decode(W3CHttpResponseCodec.java:49)
	at org.openqa.selenium.remote.HttpCommandExecutor.execute(HttpCommandExecutor.java:158)
	at org.openqa.selenium.remote.service.DriverCommandExecutor.execute(DriverCommandExecutor.java:83)
	at org.openqa.selenium.remote.RemoteWebDriver.execute(RemoteWebDriver.java:548)
	at org.openqa.selenium.remote.RemoteWebElement.execute(RemoteWebElement.java:276)
	at org.openqa.selenium.remote.RemoteWebElement.isDisplayed(RemoteWebElement.java:317)
	at org.openqa.selenium.support.pagefactory.internal.LocatingElementHandler.invoke(LocatingElementHandler.java:51)
	at com.sun.proxy.$Proxy23.isDisplayed(Unknown Source)
	at org.openqa.selenium.support.ui.ExpectedConditions.elementIfVisible(ExpectedConditions.java:315)
	at org.openqa.selenium.support.ui.ExpectedConditions.access$100(ExpectedConditions.java:44)
	at org.openqa.selenium.support.ui.ExpectedConditions$10.apply(ExpectedConditions.java:301)
	at org.openqa.selenium.support.ui.ExpectedConditions$10.apply(ExpectedConditions.java:298)
	at org.openqa.selenium.support.ui.FluentWait.until(FluentWait.java:208)
	at pages.BasePage.waitVisibility(BasePage.java:34)
	at pages.UploadContractPage.clickOnDownload1(UploadContractPage.java:69)
	at TestCases.UploadContractTest.G02_DownloadFile(UploadContractTest.java:60)
	at java.util.ArrayList.forEach(ArrayList.java:1259)
	at java.util.concurrent.FutureTask.run(FutureTask.java:266)
	at java.util.concurrent.ThreadPoolExecutor.runWorker(ThreadPoolExecutor.java:1149)
	at java.util.concurrent.ThreadPoolExecutor$Worker.run(ThreadPoolExecutor.java:624)
	at java.lang.Thread.run(Thread.java:748)
... Removed 25 stack frames</div></td></tr></table><p class="totop"><a href="#summary">back to summary</a></p>
<h3 id="m14">TestCases.AddServiceTest#J05_FifthStepService</h3><table class="result"><tr><th>Exception</th></tr><tr><td><div class="stacktrace">java.lang.Throwable: Method AddServiceTest.J05_FifthStepService()[pri:6, instance:TestCases.AddServiceTest@2a2da905] depends on not successfully finished methods
	at java.util.ArrayList.forEach(ArrayList.java:1259)
	at java.util.concurrent.FutureTask.run(FutureTask.java:266)
	at java.util.concurrent.ThreadPoolExecutor.runWorker(ThreadPoolExecutor.java:1149)
	at java.util.concurrent.ThreadPoolExecutor$Worker.run(ThreadPoolExecutor.java:624)
	at java.lang.Thread.run(Thread.java:748)
... Removed 9 stack frames</div></td></tr></table><p class="totop"><a href="#summary">back to summary</a></p>
<h3 id="m15">TestCases.AddServiceTest#J06_SixthStepService</h3><table class="result"><tr><th>Exception</th></tr><tr><td><div class="stacktrace">java.lang.Throwable: Method AddServiceTest.J06_SixthStepService()[pri:7, instance:TestCases.AddServiceTest@2a2da905] depends on not successfully finished methods
	at java.util.ArrayList.forEach(ArrayList.java:1259)
	at java.util.concurrent.FutureTask.run(FutureTask.java:266)
	at java.util.concurrent.ThreadPoolExecutor.runWorker(ThreadPoolExecutor.java:1149)
	at java.util.concurrent.ThreadPoolExecutor$Worker.run(ThreadPoolExecutor.java:624)
	at java.lang.Thread.run(Thread.java:748)
... Removed 9 stack frames</div></td></tr></table><p class="totop"><a href="#summary">back to summary</a></p>
<h3 id="m16">TestCases.AddServiceTest#signIn</h3><table class="result"><tr><th class="invisible"/></tr></table><p class="totop"><a href="#summary">back to summary</a></p>
<h3 id="m17">TestCases.AuthenticationSignInTest#B01_LoginWithInvalidCredential</h3><table class="result"><tr><th class="invisible"/></tr></table><p class="totop"><a href="#summary">back to summary</a></p>
<h3 id="m18">TestCases.AuthenticationSignInTest#B02_LoginWithUnverifiedUserAccount</h3><table class="result"><tr><th class="invisible"/></tr></table><p class="totop"><a href="#summary">back to summary</a></p>
<h3 id="m19">TestCases.AuthenticationSignInTest#B03_LoginWithVerifiedUserAccount</h3><table class="result"><tr><th class="invisible"/></tr></table><p class="totop"><a href="#summary">back to summary</a></p>
<h3 id="m20">TestCases.AuthenticationSignUpTest#A01_SignUpWithInvalidCredential</h3><table class="result"><tr><th class="invisible"/></tr></table><p class="totop"><a href="#summary">back to summary</a></p>
<h3 id="m21">TestCases.AuthenticationSignUpTest2#A02_SignUpWithValidCredential</h3><table class="result"><tr><th class="invisible"/></tr></table><p class="totop"><a href="#summary">back to summary</a></p>
<h3 id="m22">TestCases.AuthenticationSignUpTest2#A03_SecondStepSignUp</h3><table class="result"><tr><th class="invisible"/></tr></table><p class="totop"><a href="#summary">back to summary</a></p>
<h3 id="m23">TestCases.AuthenticationSignUpTest2#A04_ThirdStepSignUp</h3><table class="result"><tr><th class="invisible"/></tr></table><p class="totop"><a href="#summary">back to summary</a></p>
<h3 id="m24">TestCases.AuthenticationSignUpTest2#A05_FouthStepofSignUp</h3><table class="result"><tr><th class="invisible"/></tr></table><p class="totop"><a href="#summary">back to summary</a></p>
<h3 id="m25">TestCases.AuthenticationSignUpTest2#A06_VerifyEmailPage</h3><table class="result"><tr><th class="invisible"/></tr></table><p class="totop"><a href="#summary">back to summary</a></p>
<h3 id="m26">TestCases.DocumentationTest#H01_GettingStarted</h3><table class="result"><tr><th class="invisible"/></tr></table><p class="totop"><a href="#summary">back to summary</a></p>
<h3 id="m27">TestCases.DocumentationTest#H02_MerchantOnBoarding</h3><table class="result"><tr><th class="invisible"/></tr></table><p class="totop"><a href="#summary">back to summary</a></p>
<h3 id="m28">TestCases.DocumentationTest#H03_ServiceOnBoarding</h3><table class="result"><tr><th class="invisible"/></tr></table><p class="totop"><a href="#summary">back to summary</a></p>
<h3 id="m29">TestCases.DocumentationTest#H04_Integration</h3><table class="result"><tr><th class="invisible"/></tr></table><p class="totop"><a href="#summary">back to summary</a></p>
<h3 id="m30">TestCases.DocumentationTest#H05_Reporting</h3><table class="result"><tr><th class="invisible"/></tr></table><p class="totop"><a href="#summary">back to summary</a></p>
<h3 id="m31">TestCases.DocumentationTest#H06_FAQ</h3><table class="result"><tr><th class="invisible"/></tr></table><p class="totop"><a href="#summary">back to summary</a></p>
<h3 id="m32">TestCases.DocumentationTest#signIn</h3><table class="result"><tr><th class="invisible"/></tr></table><p class="totop"><a href="#summary">back to summary</a></p>
<h3 id="m33">TestCases.EditProfileTest#E01_AccessEditProfileBasicInformationTab</h3><table class="result"><tr><th class="invisible"/></tr></table><p class="totop"><a href="#summary">back to summary</a></p>
<h3 id="m34">TestCases.EditProfileTest#E02_AccessEditProfileSupportingDocumentTab</h3><table class="result"><tr><th class="invisible"/></tr></table><p class="totop"><a href="#summary">back to summary</a></p>
<h3 id="m35">TestCases.EditProfileTest#E03_LetMandatoryFieldIsEmptyBasicInfoTab</h3><table class="result"><tr><th class="invisible"/></tr></table><p class="totop"><a href="#summary">back to summary</a></p>
<h3 id="m36">TestCases.EditProfileTest#E04_LetMandatoryFieldIsEmptySupportingDocTab</h3><table class="result"><tr><th class="invisible"/></tr></table><p class="totop"><a href="#summary">back to summary</a></p>
<h3 id="m37">TestCases.EditProfileTest#signIn</h3><table class="result"><tr><th class="invisible"/></tr></table><p class="totop"><a href="#summary">back to summary</a></p>
<h3 id="m38">TestCases.ForgetPasswordTest#C01_UnverifiedUserTryToForgetPassword</h3><table class="result"><tr><th class="invisible"/></tr></table><p class="totop"><a href="#summary">back to summary</a></p>
<h3 id="m39">TestCases.ForgetPasswordTest#C02_ForgetPasswordWithInvalidEmailCredential</h3><table class="result"><tr><th class="invisible"/></tr></table><p class="totop"><a href="#summary">back to summary</a></p>
<h3 id="m40">TestCases.ForgetPasswordTest#C03_ForgetPasswordWithValidEmailCredential</h3><table class="result"><tr><th class="invisible"/></tr></table><p class="totop"><a href="#summary">back to summary</a></p>
<h3 id="m41">TestCases.InviteUserTest#signIn</h3><table class="result"><tr><th class="invisible"/></tr></table><p class="totop"><a href="#summary">back to summary</a></p>
<h3 id="m42">TestCases.ListServiceTest#K04_EditServiceWithLetOneOrAllMandatoryFieldsAreEmpty</h3><table class="result"><tr><th class="invisible"/></tr></table><p class="totop"><a href="#summary">back to summary</a></p>
<h3 id="m43">TestCases.ListServiceTest#signIn</h3><table class="result"><tr><th class="invisible"/></tr></table><p class="totop"><a href="#summary">back to summary</a></p>
<h3 id="m44">TestCases.ServiceManagementTest#R01_ViewServiceManagement</h3><table class="result"><tr><th class="invisible"/></tr></table><p class="totop"><a href="#summary">back to summary</a></p>
<h3 id="m45">TestCases.ServiceManagementTest#R02_SearchServiceManagement</h3><table class="result"><tr><th class="invisible"/></tr></table><p class="totop"><a href="#summary">back to summary</a></p>
<h3 id="m46">TestCases.ServiceManagementTest#R03_ApproveService</h3><table class="result"><tr><th class="invisible"/></tr></table><p class="totop"><a href="#summary">back to summary</a></p>
<h3 id="m47">TestCases.ServiceManagementTest#signIn</h3><table class="result"><tr><th class="invisible"/></tr></table><p class="totop"><a href="#summary">back to summary</a></p>
<h3 id="m48">TestCases.UpdatePasswordTest#F01_UpdatePasswordWithIncorrectCurrentPassword</h3><table class="result"><tr><th class="invisible"/></tr></table><p class="totop"><a href="#summary">back to summary</a></p>
<h3 id="m49">TestCases.UpdatePasswordTest#F02_UpdatePasswordWithNewPasswordAndCoPasswordAreDifferent</h3><table class="result"><tr><th class="invisible"/></tr></table><p class="totop"><a href="#summary">back to summary</a></p>
<h3 id="m50">TestCases.UpdatePasswordTest#signIn</h3><table class="result"><tr><th class="invisible"/></tr></table><p class="totop"><a href="#summary">back to summary</a></p>
<h3 id="m51">TestCases.UploadContractTest#G01_UploadFile</h3><table class="result"><tr><th class="invisible"/></tr></table><p class="totop"><a href="#summary">back to summary</a></p>
<h3 id="m52">TestCases.UploadContractTest#signIn</h3><table class="result"><tr><th class="invisible"/></tr></table><p class="totop"><a href="#summary">back to summary</a></p>
<h3 id="m53">TestCases.UserApprovalTest#O01_ClickOnApproveButtonRejectButtonWithoutSelectCheckbox</h3><table class="result"><tr><th class="invisible"/></tr></table><p class="totop"><a href="#summary">back to summary</a></p>
<h3 id="m54">TestCases.UserApprovalTest#O02_ApproveUser</h3><table class="result"><tr><th class="invisible"/></tr></table><p class="totop"><a href="#summary">back to summary</a></p>
<h3 id="m55">TestCases.UserApprovalTest#signIn</h3><table class="result"><tr><th class="invisible"/></tr></table><p class="totop"><a href="#summary">back to summary</a></p>
</body>
</html>
