<!DOCTYPE html>

<html>
  <head>
  <meta charset='utf-8'>
  <title>TestNG reports</title>

    <link type="text/css" href="testng-reports.css" rel="stylesheet" />
    <script type="text/javascript" src="jquery-1.7.1.min.js"></script>
    <script type="text/javascript" src="testng-reports.js"></script>
    <script type="text/javascript" src="https://www.google.com/jsapi"></script>
    <script type='text/javascript'>
      google.load('visualization', '1', {packages:['table']});
      google.setOnLoadCallback(drawTable);
      var suiteTableInitFunctions = new Array();
      var suiteTableData = new Array();
    </script>
    <!--
      <script type="text/javascript" src="jquery-ui/js/jquery-ui-1.8.16.custom.min.js"></script>
     -->
  </head>

  <body>
    <div class="top-banner-root">
      <span class="top-banner-title-font">Test results</span>
      <br/>
      <span class="top-banner-font-1">1 suite, 14 failed tests</span>
    </div> <!-- top-banner-root -->
    <div class="navigator-root">
      <div class="navigator-suite-header">
        <span>All suites</span>
        <a href="#" class="collapse-all-link" title="Collapse/expand all the suites">
          <img class="collapse-all-icon" src="collapseall.gif">
          </img> <!-- collapse-all-icon -->
        </a> <!-- collapse-all-link -->
      </div> <!-- navigator-suite-header -->
      <div class="suite">
        <div class="rounded-window">
          <div class="suite-header light-rounded-window-top">
            <a href="#" class="navigator-link" panel-name="suite-AirpayTestSuite">
              <span class="suite-name border-failed">AirpayTestSuite</span>
            </a> <!-- navigator-link -->
          </div> <!-- suite-header light-rounded-window-top -->
          <div class="navigator-suite-content">
            <div class="suite-section-title">
              <span>Info</span>
            </div> <!-- suite-section-title -->
            <div class="suite-section-content">
              <ul>
                <li>
                  <a href="#" class="navigator-link " panel-name="test-xml-AirpayTestSuite">
                    <span>TestSuite.xml</span>
                  </a> <!-- navigator-link  -->
                </li>
                <li>
                  <a href="#" class="navigator-link " panel-name="testlist-AirpayTestSuite">
                    <span class="test-stats">1 test</span>
                  </a> <!-- navigator-link  -->
                </li>
                <li>
                  <a href="#" class="navigator-link " panel-name="group-AirpayTestSuite">
                    <span>0 groups</span>
                  </a> <!-- navigator-link  -->
                </li>
                <li>
                  <a href="#" class="navigator-link " panel-name="times-AirpayTestSuite">
                    <span>Times</span>
                  </a> <!-- navigator-link  -->
                </li>
                <li>
                  <a href="#" class="navigator-link " panel-name="reporter-AirpayTestSuite">
                    <span>Reporter output</span>
                  </a> <!-- navigator-link  -->
                </li>
                <li>
                  <a href="#" class="navigator-link " panel-name="ignored-methods-AirpayTestSuite">
                    <span>Ignored methods</span>
                  </a> <!-- navigator-link  -->
                </li>
                <li>
                  <a href="#" class="navigator-link " panel-name="chronological-AirpayTestSuite">
                    <span>Chronological view</span>
                  </a> <!-- navigator-link  -->
                </li>
              </ul>
            </div> <!-- suite-section-content -->
            <div class="result-section">
              <div class="suite-section-title">
                <span>Results</span>
              </div> <!-- suite-section-title -->
              <div class="suite-section-content">
                <ul>
                  <li>
                    <span class="method-stats">56 methods, 14 failed,  2 skipped,  40 passed</span>
                  </li>
                  <li>
                    <span class="method-list-title failed">Failed methods</span>
                    <span class="show-or-hide-methods failed">
                      <a href="#" panel-name="suite-AirpayTestSuite" class="hide-methods failed suite-AirpayTestSuite"> (hide)</a> <!-- hide-methods failed suite-AirpayTestSuite -->
                      <a href="#" panel-name="suite-AirpayTestSuite" class="show-methods failed suite-AirpayTestSuite"> (show)</a> <!-- show-methods failed suite-AirpayTestSuite -->
                    </span>
                    <div class="method-list-content failed suite-AirpayTestSuite">
                      <span>
                        <img width="3%" src="failed.png"/>
                        <a href="#" class="method navigator-link" panel-name="suite-AirpayTestSuite" title="TestCases.UpdatePasswordTest" hash-for-method="F03_UpdatePasswordWithCorrectInput">F03_UpdatePasswordWithCorrectInput</a> <!-- method navigator-link -->
                      </span>
                      <br/>
                      <span>
                        <img width="3%" src="failed.png"/>
                        <a href="#" class="method navigator-link" panel-name="suite-AirpayTestSuite" title="TestCases.UploadContractTest" hash-for-method="G02_DownloadFile">G02_DownloadFile</a> <!-- method navigator-link -->
                      </span>
                      <br/>
                      <span>
                        <img width="3%" src="failed.png"/>
                        <a href="#" class="method navigator-link" panel-name="suite-AirpayTestSuite" title="TestCases.AddServiceTest" hash-for-method="J01_FirstStepAddService">J01_FirstStepAddService</a> <!-- method navigator-link -->
                      </span>
                      <br/>
                      <span>
                        <img width="3%" src="failed.png"/>
                        <a href="#" class="method navigator-link" panel-name="suite-AirpayTestSuite" title="TestCases.AddServiceTest" hash-for-method="J02_SecondStepService">J02_SecondStepService</a> <!-- method navigator-link -->
                      </span>
                      <br/>
                      <span>
                        <img width="3%" src="failed.png"/>
                        <a href="#" class="method navigator-link" panel-name="suite-AirpayTestSuite" title="TestCases.AddServiceTest" hash-for-method="J03_ThirdStepService">J03_ThirdStepService</a> <!-- method navigator-link -->
                      </span>
                      <br/>
                      <span>
                        <img width="3%" src="failed.png"/>
                        <a href="#" class="method navigator-link" panel-name="suite-AirpayTestSuite" title="TestCases.AddServiceTest" hash-for-method="J04_FourthStepService">J04_FourthStepService</a> <!-- method navigator-link -->
                      </span>
                      <br/>
                      <span>
                        <img width="3%" src="failed.png"/>
                        <a href="#" class="method navigator-link" panel-name="suite-AirpayTestSuite" title="TestCases.ListServiceTest" hash-for-method="K01_AccessListServicePage">K01_AccessListServicePage</a> <!-- method navigator-link -->
                      </span>
                      <br/>
                      <span>
                        <img width="3%" src="failed.png"/>
                        <a href="#" class="method navigator-link" panel-name="suite-AirpayTestSuite" title="TestCases.ListServiceTest" hash-for-method="K02_ActivateService">K02_ActivateService</a> <!-- method navigator-link -->
                      </span>
                      <br/>
                      <span>
                        <img width="3%" src="failed.png"/>
                        <a href="#" class="method navigator-link" panel-name="suite-AirpayTestSuite" title="TestCases.ListServiceTest" hash-for-method="K03_DeactiveService">K03_DeactiveService</a> <!-- method navigator-link -->
                      </span>
                      <br/>
                      <span>
                        <img width="3%" src="failed.png"/>
                        <a href="#" class="method navigator-link" panel-name="suite-AirpayTestSuite" title="TestCases.ListServiceTest" hash-for-method="K05_EditServiceWithAllMandatoryFieldsAreFilled">K05_EditServiceWithAllMandatoryFieldsAreFilled</a> <!-- method navigator-link -->
                      </span>
                      <br/>
                      <span>
                        <img width="3%" src="failed.png"/>
                        <a href="#" class="method navigator-link" panel-name="suite-AirpayTestSuite" title="TestCases.InviteUserTest" hash-for-method="N01_InviteUserWithAllMandatoryAreEmpty">N01_InviteUserWithAllMandatoryAreEmpty</a> <!-- method navigator-link -->
                      </span>
                      <br/>
                      <span>
                        <img width="3%" src="failed.png"/>
                        <a href="#" class="method navigator-link" panel-name="suite-AirpayTestSuite" title="TestCases.InviteUserTest" hash-for-method="N02_InviteTakenUsernameOrTakenEmailAddress">N02_InviteTakenUsernameOrTakenEmailAddress</a> <!-- method navigator-link -->
                      </span>
                      <br/>
                      <span>
                        <img width="3%" src="failed.png"/>
                        <a href="#" class="method navigator-link" panel-name="suite-AirpayTestSuite" title="TestCases.InviteUserTest" hash-for-method="N03_InviteUserWithValidCredential">N03_InviteUserWithValidCredential</a> <!-- method navigator-link -->
                      </span>
                      <br/>
                      <span>
                        <img width="3%" src="failed.png"/>
                        <a href="#" class="method navigator-link" panel-name="suite-AirpayTestSuite" title="TestCases.ServiceManagementTest" hash-for-method="R04_RejectService">R04_RejectService</a> <!-- method navigator-link -->
                      </span>
                      <br/>
                    </div> <!-- method-list-content failed suite-AirpayTestSuite -->
                  </li>
                  <li>
                    <span class="method-list-title skipped">Skipped methods</span>
                    <span class="show-or-hide-methods skipped">
                      <a href="#" panel-name="suite-AirpayTestSuite" class="hide-methods skipped suite-AirpayTestSuite"> (hide)</a> <!-- hide-methods skipped suite-AirpayTestSuite -->
                      <a href="#" panel-name="suite-AirpayTestSuite" class="show-methods skipped suite-AirpayTestSuite"> (show)</a> <!-- show-methods skipped suite-AirpayTestSuite -->
                    </span>
                    <div class="method-list-content skipped suite-AirpayTestSuite">
                      <span>
                        <img width="3%" src="skipped.png"/>
                        <a href="#" class="method navigator-link" panel-name="suite-AirpayTestSuite" title="TestCases.AddServiceTest" hash-for-method="J05_FifthStepService">J05_FifthStepService</a> <!-- method navigator-link -->
                      </span>
                      <br/>
                      <span>
                        <img width="3%" src="skipped.png"/>
                        <a href="#" class="method navigator-link" panel-name="suite-AirpayTestSuite" title="TestCases.AddServiceTest" hash-for-method="J06_SixthStepService">J06_SixthStepService</a> <!-- method navigator-link -->
                      </span>
                      <br/>
                    </div> <!-- method-list-content skipped suite-AirpayTestSuite -->
                  </li>
                  <li>
                    <span class="method-list-title passed">Passed methods</span>
                    <span class="show-or-hide-methods passed">
                      <a href="#" panel-name="suite-AirpayTestSuite" class="hide-methods passed suite-AirpayTestSuite"> (hide)</a> <!-- hide-methods passed suite-AirpayTestSuite -->
                      <a href="#" panel-name="suite-AirpayTestSuite" class="show-methods passed suite-AirpayTestSuite"> (show)</a> <!-- show-methods passed suite-AirpayTestSuite -->
                    </span>
                    <div class="method-list-content passed suite-AirpayTestSuite">
                      <span>
                        <img width="3%" src="passed.png"/>
                        <a href="#" class="method navigator-link" panel-name="suite-AirpayTestSuite" title="TestCases.AuthenticationSignUpTest" hash-for-method="A01_SignUpWithInvalidCredential">A01_SignUpWithInvalidCredential</a> <!-- method navigator-link -->
                      </span>
                      <br/>
                      <span>
                        <img width="3%" src="passed.png"/>
                        <a href="#" class="method navigator-link" panel-name="suite-AirpayTestSuite" title="TestCases.AuthenticationSignUpTest2" hash-for-method="A02_SignUpWithValidCredential">A02_SignUpWithValidCredential</a> <!-- method navigator-link -->
                      </span>
                      <br/>
                      <span>
                        <img width="3%" src="passed.png"/>
                        <a href="#" class="method navigator-link" panel-name="suite-AirpayTestSuite" title="TestCases.AuthenticationSignUpTest2" hash-for-method="A03_SecondStepSignUp">A03_SecondStepSignUp</a> <!-- method navigator-link -->
                      </span>
                      <br/>
                      <span>
                        <img width="3%" src="passed.png"/>
                        <a href="#" class="method navigator-link" panel-name="suite-AirpayTestSuite" title="TestCases.AuthenticationSignUpTest2" hash-for-method="A04_ThirdStepSignUp">A04_ThirdStepSignUp</a> <!-- method navigator-link -->
                      </span>
                      <br/>
                      <span>
                        <img width="3%" src="passed.png"/>
                        <a href="#" class="method navigator-link" panel-name="suite-AirpayTestSuite" title="TestCases.AuthenticationSignUpTest2" hash-for-method="A05_FouthStepofSignUp">A05_FouthStepofSignUp</a> <!-- method navigator-link -->
                      </span>
                      <br/>
                      <span>
                        <img width="3%" src="passed.png"/>
                        <a href="#" class="method navigator-link" panel-name="suite-AirpayTestSuite" title="TestCases.AuthenticationSignUpTest2" hash-for-method="A06_VerifyEmailPage">A06_VerifyEmailPage</a> <!-- method navigator-link -->
                      </span>
                      <br/>
                      <span>
                        <img width="3%" src="passed.png"/>
                        <a href="#" class="method navigator-link" panel-name="suite-AirpayTestSuite" title="TestCases.AuthenticationSignInTest" hash-for-method="B01_LoginWithInvalidCredential">B01_LoginWithInvalidCredential</a> <!-- method navigator-link -->
                      </span>
                      <br/>
                      <span>
                        <img width="3%" src="passed.png"/>
                        <a href="#" class="method navigator-link" panel-name="suite-AirpayTestSuite" title="TestCases.AuthenticationSignInTest" hash-for-method="B02_LoginWithUnverifiedUserAccount">B02_LoginWithUnverifiedUserAccount</a> <!-- method navigator-link -->
                      </span>
                      <br/>
                      <span>
                        <img width="3%" src="passed.png"/>
                        <a href="#" class="method navigator-link" panel-name="suite-AirpayTestSuite" title="TestCases.AuthenticationSignInTest" hash-for-method="B03_LoginWithVerifiedUserAccount">B03_LoginWithVerifiedUserAccount</a> <!-- method navigator-link -->
                      </span>
                      <br/>
                      <span>
                        <img width="3%" src="passed.png"/>
                        <a href="#" class="method navigator-link" panel-name="suite-AirpayTestSuite" title="TestCases.ForgetPasswordTest" hash-for-method="C01_UnverifiedUserTryToForgetPassword">C01_UnverifiedUserTryToForgetPassword</a> <!-- method navigator-link -->
                      </span>
                      <br/>
                      <span>
                        <img width="3%" src="passed.png"/>
                        <a href="#" class="method navigator-link" panel-name="suite-AirpayTestSuite" title="TestCases.ForgetPasswordTest" hash-for-method="C02_ForgetPasswordWithInvalidEmailCredential">C02_ForgetPasswordWithInvalidEmailCredential</a> <!-- method navigator-link -->
                      </span>
                      <br/>
                      <span>
                        <img width="3%" src="passed.png"/>
                        <a href="#" class="method navigator-link" panel-name="suite-AirpayTestSuite" title="TestCases.ForgetPasswordTest" hash-for-method="C03_ForgetPasswordWithValidEmailCredential">C03_ForgetPasswordWithValidEmailCredential</a> <!-- method navigator-link -->
                      </span>
                      <br/>
                      <span>
                        <img width="3%" src="passed.png"/>
                        <a href="#" class="method navigator-link" panel-name="suite-AirpayTestSuite" title="TestCases.EditProfileTest" hash-for-method="E01_AccessEditProfileBasicInformationTab">E01_AccessEditProfileBasicInformationTab</a> <!-- method navigator-link -->
                      </span>
                      <br/>
                      <span>
                        <img width="3%" src="passed.png"/>
                        <a href="#" class="method navigator-link" panel-name="suite-AirpayTestSuite" title="TestCases.EditProfileTest" hash-for-method="E02_AccessEditProfileSupportingDocumentTab">E02_AccessEditProfileSupportingDocumentTab</a> <!-- method navigator-link -->
                      </span>
                      <br/>
                      <span>
                        <img width="3%" src="passed.png"/>
                        <a href="#" class="method navigator-link" panel-name="suite-AirpayTestSuite" title="TestCases.EditProfileTest" hash-for-method="E03_LetMandatoryFieldIsEmptyBasicInfoTab">E03_LetMandatoryFieldIsEmptyBasicInfoTab</a> <!-- method navigator-link -->
                      </span>
                      <br/>
                      <span>
                        <img width="3%" src="passed.png"/>
                        <a href="#" class="method navigator-link" panel-name="suite-AirpayTestSuite" title="TestCases.EditProfileTest" hash-for-method="E04_LetMandatoryFieldIsEmptySupportingDocTab">E04_LetMandatoryFieldIsEmptySupportingDocTab</a> <!-- method navigator-link -->
                      </span>
                      <br/>
                      <span>
                        <img width="3%" src="passed.png"/>
                        <a href="#" class="method navigator-link" panel-name="suite-AirpayTestSuite" title="TestCases.UpdatePasswordTest" hash-for-method="F01_UpdatePasswordWithIncorrectCurrentPassword">F01_UpdatePasswordWithIncorrectCurrentPassword</a> <!-- method navigator-link -->
                      </span>
                      <br/>
                      <span>
                        <img width="3%" src="passed.png"/>
                        <a href="#" class="method navigator-link" panel-name="suite-AirpayTestSuite" title="TestCases.UpdatePasswordTest" hash-for-method="F02_UpdatePasswordWithNewPasswordAndCoPasswordAreDifferent">F02_UpdatePasswordWithNewPasswordAndCoPasswordAreDifferent</a> <!-- method navigator-link -->
                      </span>
                      <br/>
                      <span>
                        <img width="3%" src="passed.png"/>
                        <a href="#" class="method navigator-link" panel-name="suite-AirpayTestSuite" title="TestCases.UploadContractTest" hash-for-method="G01_UploadFile">G01_UploadFile</a> <!-- method navigator-link -->
                      </span>
                      <br/>
                      <span>
                        <img width="3%" src="passed.png"/>
                        <a href="#" class="method navigator-link" panel-name="suite-AirpayTestSuite" title="TestCases.DocumentationTest" hash-for-method="H01_GettingStarted">H01_GettingStarted</a> <!-- method navigator-link -->
                      </span>
                      <br/>
                      <span>
                        <img width="3%" src="passed.png"/>
                        <a href="#" class="method navigator-link" panel-name="suite-AirpayTestSuite" title="TestCases.DocumentationTest" hash-for-method="H02_MerchantOnBoarding">H02_MerchantOnBoarding</a> <!-- method navigator-link -->
                      </span>
                      <br/>
                      <span>
                        <img width="3%" src="passed.png"/>
                        <a href="#" class="method navigator-link" panel-name="suite-AirpayTestSuite" title="TestCases.DocumentationTest" hash-for-method="H03_ServiceOnBoarding">H03_ServiceOnBoarding</a> <!-- method navigator-link -->
                      </span>
                      <br/>
                      <span>
                        <img width="3%" src="passed.png"/>
                        <a href="#" class="method navigator-link" panel-name="suite-AirpayTestSuite" title="TestCases.DocumentationTest" hash-for-method="H04_Integration">H04_Integration</a> <!-- method navigator-link -->
                      </span>
                      <br/>
                      <span>
                        <img width="3%" src="passed.png"/>
                        <a href="#" class="method navigator-link" panel-name="suite-AirpayTestSuite" title="TestCases.DocumentationTest" hash-for-method="H05_Reporting">H05_Reporting</a> <!-- method navigator-link -->
                      </span>
                      <br/>
                      <span>
                        <img width="3%" src="passed.png"/>
                        <a href="#" class="method navigator-link" panel-name="suite-AirpayTestSuite" title="TestCases.DocumentationTest" hash-for-method="H06_FAQ">H06_FAQ</a> <!-- method navigator-link -->
                      </span>
                      <br/>
                      <span>
                        <img width="3%" src="passed.png"/>
                        <a href="#" class="method navigator-link" panel-name="suite-AirpayTestSuite" title="TestCases.ListServiceTest" hash-for-method="K04_EditServiceWithLetOneOrAllMandatoryFieldsAreEmpty">K04_EditServiceWithLetOneOrAllMandatoryFieldsAreEmpty</a> <!-- method navigator-link -->
                      </span>
                      <br/>
                      <span>
                        <img width="3%" src="passed.png"/>
                        <a href="#" class="method navigator-link" panel-name="suite-AirpayTestSuite" title="TestCases.UserApprovalTest" hash-for-method="O01_ClickOnApproveButtonRejectButtonWithoutSelectCheckbox">O01_ClickOnApproveButtonRejectButtonWithoutSelectCheckbox</a> <!-- method navigator-link -->
                      </span>
                      <br/>
                      <span>
                        <img width="3%" src="passed.png"/>
                        <a href="#" class="method navigator-link" panel-name="suite-AirpayTestSuite" title="TestCases.UserApprovalTest" hash-for-method="O02_ApproveUser">O02_ApproveUser</a> <!-- method navigator-link -->
                      </span>
                      <br/>
                      <span>
                        <img width="3%" src="passed.png"/>
                        <a href="#" class="method navigator-link" panel-name="suite-AirpayTestSuite" title="TestCases.ServiceManagementTest" hash-for-method="R01_ViewServiceManagement">R01_ViewServiceManagement</a> <!-- method navigator-link -->
                      </span>
                      <br/>
                      <span>
                        <img width="3%" src="passed.png"/>
                        <a href="#" class="method navigator-link" panel-name="suite-AirpayTestSuite" title="TestCases.ServiceManagementTest" hash-for-method="R02_SearchServiceManagement">R02_SearchServiceManagement</a> <!-- method navigator-link -->
                      </span>
                      <br/>
                      <span>
                        <img width="3%" src="passed.png"/>
                        <a href="#" class="method navigator-link" panel-name="suite-AirpayTestSuite" title="TestCases.ServiceManagementTest" hash-for-method="R03_ApproveService">R03_ApproveService</a> <!-- method navigator-link -->
                      </span>
                      <br/>
                      <span>
                        <img width="3%" src="passed.png"/>
                        <a href="#" class="method navigator-link" panel-name="suite-AirpayTestSuite" title="TestCases.ServiceManagementTest" hash-for-method="signIn">signIn</a> <!-- method navigator-link -->
                      </span>
                      <br/>
                      <span>
                        <img width="3%" src="passed.png"/>
                        <a href="#" class="method navigator-link" panel-name="suite-AirpayTestSuite" title="TestCases.UpdatePasswordTest" hash-for-method="signIn">signIn</a> <!-- method navigator-link -->
                      </span>
                      <br/>
                      <span>
                        <img width="3%" src="passed.png"/>
                        <a href="#" class="method navigator-link" panel-name="suite-AirpayTestSuite" title="TestCases.ListServiceTest" hash-for-method="signIn">signIn</a> <!-- method navigator-link -->
                      </span>
                      <br/>
                      <span>
                        <img width="3%" src="passed.png"/>
                        <a href="#" class="method navigator-link" panel-name="suite-AirpayTestSuite" title="TestCases.UserApprovalTest" hash-for-method="signIn">signIn</a> <!-- method navigator-link -->
                      </span>
                      <br/>
                      <span>
                        <img width="3%" src="passed.png"/>
                        <a href="#" class="method navigator-link" panel-name="suite-AirpayTestSuite" title="TestCases.InviteUserTest" hash-for-method="signIn">signIn</a> <!-- method navigator-link -->
                      </span>
                      <br/>
                      <span>
                        <img width="3%" src="passed.png"/>
                        <a href="#" class="method navigator-link" panel-name="suite-AirpayTestSuite" title="TestCases.UploadContractTest" hash-for-method="signIn">signIn</a> <!-- method navigator-link -->
                      </span>
                      <br/>
                      <span>
                        <img width="3%" src="passed.png"/>
                        <a href="#" class="method navigator-link" panel-name="suite-AirpayTestSuite" title="TestCases.DocumentationTest" hash-for-method="signIn">signIn</a> <!-- method navigator-link -->
                      </span>
                      <br/>
                      <span>
                        <img width="3%" src="passed.png"/>
                        <a href="#" class="method navigator-link" panel-name="suite-AirpayTestSuite" title="TestCases.AddServiceTest" hash-for-method="signIn">signIn</a> <!-- method navigator-link -->
                      </span>
                      <br/>
                      <span>
                        <img width="3%" src="passed.png"/>
                        <a href="#" class="method navigator-link" panel-name="suite-AirpayTestSuite" title="TestCases.EditProfileTest" hash-for-method="signIn">signIn</a> <!-- method navigator-link -->
                      </span>
                      <br/>
                    </div> <!-- method-list-content passed suite-AirpayTestSuite -->
                  </li>
                </ul>
              </div> <!-- suite-section-content -->
            </div> <!-- result-section -->
          </div> <!-- navigator-suite-content -->
        </div> <!-- rounded-window -->
      </div> <!-- suite -->
    </div> <!-- navigator-root -->
    <div class="wrapper">
      <div class="main-panel-root">
        <div panel-name="suite-AirpayTestSuite" class="panel AirpayTestSuite">
          <div class="suite-AirpayTestSuite-class-failed">
            <div class="main-panel-header rounded-window-top">
              <img src="failed.png"/>
              <span class="class-name">TestCases.UpdatePasswordTest</span>
            </div> <!-- main-panel-header rounded-window-top -->
            <div class="main-panel-content rounded-window-bottom">
              <div class="method">
                <div class="method-content">
                  <a name="F03_UpdatePasswordWithCorrectInput">
                  </a> <!-- F03_UpdatePasswordWithCorrectInput -->
                  <span class="method-name">F03_UpdatePasswordWithCorrectInput</span>
                  <div class="stack-trace">java.lang.AssertionError: password is not updated did not expect to find [true] but found [false]
	at TestCases.UpdatePasswordTest.F03_UpdatePasswordWithCorrectInput(UpdatePasswordTest.java:111)
	at java.util.ArrayList.forEach(ArrayList.java:1259)
	at java.util.concurrent.FutureTask.run(FutureTask.java:266)
	at java.util.concurrent.ThreadPoolExecutor.runWorker(ThreadPoolExecutor.java:1149)
	at java.util.concurrent.ThreadPoolExecutor$Worker.run(ThreadPoolExecutor.java:624)
	at java.lang.Thread.run(Thread.java:748)
... Removed 21 stack frames
</div> <!-- stack-trace -->
                </div> <!-- method-content -->
              </div> <!-- method -->
            </div> <!-- main-panel-content rounded-window-bottom -->
          </div> <!-- suite-AirpayTestSuite-class-failed -->
          <div class="suite-AirpayTestSuite-class-failed">
            <div class="main-panel-header rounded-window-top">
              <img src="failed.png"/>
              <span class="class-name">TestCases.ServiceManagementTest</span>
            </div> <!-- main-panel-header rounded-window-top -->
            <div class="main-panel-content rounded-window-bottom">
              <div class="method">
                <div class="method-content">
                  <a name="R04_RejectService">
                  </a> <!-- R04_RejectService -->
                  <span class="method-name">R04_RejectService</span>
                  <div class="stack-trace">java.lang.AssertionError: The following asserts failed:
	Service is not deactivated did not expect to find [true] but found [false]
	at TestCases.ServiceManagementTest.R04_RejectService(ServiceManagementTest.java:119)
	at java.util.ArrayList.forEach(ArrayList.java:1259)
	at java.util.concurrent.FutureTask.run(FutureTask.java:266)
	at java.util.concurrent.ThreadPoolExecutor.runWorker(ThreadPoolExecutor.java:1149)
	at java.util.concurrent.ThreadPoolExecutor$Worker.run(ThreadPoolExecutor.java:624)
	at java.lang.Thread.run(Thread.java:748)
... Removed 20 stack frames
</div> <!-- stack-trace -->
                </div> <!-- method-content -->
              </div> <!-- method -->
            </div> <!-- main-panel-content rounded-window-bottom -->
          </div> <!-- suite-AirpayTestSuite-class-failed -->
          <div class="suite-AirpayTestSuite-class-failed">
            <div class="main-panel-header rounded-window-top">
              <img src="failed.png"/>
              <span class="class-name">TestCases.ListServiceTest</span>
            </div> <!-- main-panel-header rounded-window-top -->
            <div class="main-panel-content rounded-window-bottom">
              <div class="method">
                <div class="method-content">
                  <a name="K01_AccessListServicePage">
                  </a> <!-- K01_AccessListServicePage -->
                  <span class="method-name">K01_AccessListServicePage</span>
                  <div class="stack-trace">java.lang.AssertionError: The following asserts failed:
	search result is not displayed did not expect to find [true] but found [false]
	at TestCases.ListServiceTest.K01_AccessListServicePage(ListServiceTest.java:57)
	at java.util.ArrayList.forEach(ArrayList.java:1259)
	at java.util.concurrent.FutureTask.run(FutureTask.java:266)
	at java.util.concurrent.ThreadPoolExecutor.runWorker(ThreadPoolExecutor.java:1149)
	at java.util.concurrent.ThreadPoolExecutor$Worker.run(ThreadPoolExecutor.java:624)
	at java.lang.Thread.run(Thread.java:748)
... Removed 20 stack frames
</div> <!-- stack-trace -->
                </div> <!-- method-content -->
              </div> <!-- method -->
              <div class="method">
                <div class="method-content">
                  <a name="K02_ActivateService">
                  </a> <!-- K02_ActivateService -->
                  <span class="method-name">K02_ActivateService</span>
                  <div class="stack-trace">java.lang.AssertionError: The following asserts failed:
	Service is not activated did not expect to find [true] but found [false]
	at TestCases.ListServiceTest.K02_ActivateService(ListServiceTest.java:85)
	at java.util.ArrayList.forEach(ArrayList.java:1259)
	at java.util.concurrent.FutureTask.run(FutureTask.java:266)
	at java.util.concurrent.ThreadPoolExecutor.runWorker(ThreadPoolExecutor.java:1149)
	at java.util.concurrent.ThreadPoolExecutor$Worker.run(ThreadPoolExecutor.java:624)
	at java.lang.Thread.run(Thread.java:748)
... Removed 20 stack frames
</div> <!-- stack-trace -->
                </div> <!-- method-content -->
              </div> <!-- method -->
              <div class="method">
                <div class="method-content">
                  <a name="K03_DeactiveService">
                  </a> <!-- K03_DeactiveService -->
                  <span class="method-name">K03_DeactiveService</span>
                  <div class="stack-trace">java.lang.AssertionError: The following asserts failed:
	Service is not disabled did not expect to find [true] but found [false]
	at TestCases.ListServiceTest.K03_DeactiveService(ListServiceTest.java:110)
	at java.util.ArrayList.forEach(ArrayList.java:1259)
	at java.util.concurrent.FutureTask.run(FutureTask.java:266)
	at java.util.concurrent.ThreadPoolExecutor.runWorker(ThreadPoolExecutor.java:1149)
	at java.util.concurrent.ThreadPoolExecutor$Worker.run(ThreadPoolExecutor.java:624)
	at java.lang.Thread.run(Thread.java:748)
... Removed 20 stack frames
</div> <!-- stack-trace -->
                </div> <!-- method-content -->
              </div> <!-- method -->
              <div class="method">
                <div class="method-content">
                  <a name="K05_EditServiceWithAllMandatoryFieldsAreFilled">
                  </a> <!-- K05_EditServiceWithAllMandatoryFieldsAreFilled -->
                  <span class="method-name">K05_EditServiceWithAllMandatoryFieldsAreFilled</span>
                  <div class="stack-trace">org.openqa.selenium.NoSuchElementException: no such element: Unable to locate element: {&quot;method&quot;:&quot;xpath&quot;,&quot;selector&quot;:&quot;//*[contains(text(),&quot;src0349&quot;)]/../td/a[@class=&quot;btn btn-primary mr-2&quot;]&quot;}
  (Session info: headless chrome=88.0.4324.150)
For documentation on this error, please visit: http://seleniumhq.org/exceptions/no_such_element.html
Build info: version: &apos;3.14.0&apos;, revision: &apos;aacccce0&apos;, time: &apos;2018-08-02T20:19:58.91Z&apos;
System info: host: &apos;Potatos-Mac.local&apos;, ip: &apos;fe80:0:0:0:6:b504:c6d7:bbe1%en0&apos;, os.name: &apos;Mac OS X&apos;, os.arch: &apos;x86_64&apos;, os.version: &apos;10.15.6&apos;, java.version: &apos;1.8.0_261&apos;
Driver info: org.openqa.selenium.chrome.ChromeDriver
Capabilities {acceptInsecureCerts: false, browserName: chrome, browserVersion: 88.0.4324.150, chrome: {chromedriverVersion: 88.0.4324.96 (68dba2d8a0b14..., userDataDir: /var/folders/pz/vbvlmv8j3s1...}, goog:chromeOptions: {debuggerAddress: localhost:61783}, javascriptEnabled: true, networkConnectionEnabled: false, pageLoadStrategy: normal, platform: MAC, platformName: MAC, proxy: Proxy(), setWindowRect: true, strictFileInteractability: false, timeouts: {implicit: 0, pageLoad: 300000, script: 30000}, unhandledPromptBehavior: dismiss and notify, webauthn:extension:largeBlob: true, webauthn:virtualAuthenticators: true}
Session ID: cc831efd844caff841ec3bfc625f80bf
*** Element info: {Using=xpath, value=//*[contains(text(),&quot;src0349&quot;)]/../td/a[@class=&quot;btn btn-primary mr-2&quot;]}
	at org.openqa.selenium.remote.http.W3CHttpResponseCodec.createException(W3CHttpResponseCodec.java:187)
	at org.openqa.selenium.remote.http.W3CHttpResponseCodec.decode(W3CHttpResponseCodec.java:122)
	at org.openqa.selenium.remote.http.W3CHttpResponseCodec.decode(W3CHttpResponseCodec.java:49)
	at org.openqa.selenium.remote.HttpCommandExecutor.execute(HttpCommandExecutor.java:158)
	at org.openqa.selenium.remote.service.DriverCommandExecutor.execute(DriverCommandExecutor.java:83)
	at org.openqa.selenium.remote.RemoteWebDriver.execute(RemoteWebDriver.java:548)
	at org.openqa.selenium.remote.RemoteWebDriver.findElement(RemoteWebDriver.java:322)
	at org.openqa.selenium.remote.RemoteWebDriver.findElementByXPath(RemoteWebDriver.java:424)
	at org.openqa.selenium.By$ByXPath.findElement(By.java:353)
	at org.openqa.selenium.remote.RemoteWebDriver.findElement(RemoteWebDriver.java:314)
	at pages.BasePage.clickOnEditButtonSpesificId(BasePage.java:78)
	at TestCases.ListServiceTest.K05_EditServiceWithAllMandatoryFieldsAreFilled(ListServiceTest.java:206)
	at java.util.ArrayList.forEach(ArrayList.java:1259)
	at java.util.concurrent.FutureTask.run(FutureTask.java:266)
	at java.util.concurrent.ThreadPoolExecutor.runWorker(ThreadPoolExecutor.java:1149)
	at java.util.concurrent.ThreadPoolExecutor$Worker.run(ThreadPoolExecutor.java:624)
	at java.lang.Thread.run(Thread.java:748)
... Removed 21 stack frames
</div> <!-- stack-trace -->
                </div> <!-- method-content -->
              </div> <!-- method -->
            </div> <!-- main-panel-content rounded-window-bottom -->
          </div> <!-- suite-AirpayTestSuite-class-failed -->
          <div class="suite-AirpayTestSuite-class-failed">
            <div class="main-panel-header rounded-window-top">
              <img src="failed.png"/>
              <span class="class-name">TestCases.AddServiceTest</span>
            </div> <!-- main-panel-header rounded-window-top -->
            <div class="main-panel-content rounded-window-bottom">
              <div class="method">
                <div class="method-content">
                  <a name="J01_FirstStepAddService">
                  </a> <!-- J01_FirstStepAddService -->
                  <span class="method-name">J01_FirstStepAddService</span>
                  <div class="stack-trace">org.openqa.selenium.TimeoutException: Expected condition failed: waiting for visibility of [[ChromeDriver: chrome on MAC (08165a6b4310f66dac48526e87bd4184)] -&gt; xpath: //img[contains(@src,&quot;Service&quot;)]] (tried for 10 second(s) with 500 MILLISECONDS interval)
Build info: version: &apos;3.14.0&apos;, revision: &apos;aacccce0&apos;, time: &apos;2018-08-02T20:19:58.91Z&apos;
System info: host: &apos;Potatos-Mac.local&apos;, ip: &apos;fe80:0:0:0:6:b504:c6d7:bbe1%en0&apos;, os.name: &apos;Mac OS X&apos;, os.arch: &apos;x86_64&apos;, os.version: &apos;10.15.6&apos;, java.version: &apos;1.8.0_261&apos;
Driver info: org.openqa.selenium.chrome.ChromeDriver
Capabilities {acceptInsecureCerts: false, browserName: chrome, browserVersion: 88.0.4324.150, chrome: {chromedriverVersion: 88.0.4324.96 (68dba2d8a0b14..., userDataDir: /var/folders/pz/vbvlmv8j3s1...}, goog:chromeOptions: {debuggerAddress: localhost:61474}, javascriptEnabled: true, networkConnectionEnabled: false, pageLoadStrategy: normal, platform: MAC, platformName: MAC, proxy: Proxy(), setWindowRect: true, strictFileInteractability: false, timeouts: {implicit: 0, pageLoad: 300000, script: 30000}, unhandledPromptBehavior: dismiss and notify, webauthn:extension:largeBlob: true, webauthn:virtualAuthenticators: true}
Session ID: 08165a6b4310f66dac48526e87bd4184
	at org.openqa.selenium.support.ui.WebDriverWait.timeoutException(WebDriverWait.java:82)
	at org.openqa.selenium.support.ui.FluentWait.until(FluentWait.java:231)
	at pages.BasePage.waitVisibility(BasePage.java:34)
	at pages.SideMenuPage.clickOnServiceDropDown(SideMenuPage.java:144)
	at TestCases.AddServiceTest.J01_FirstStepAddService(AddServiceTest.java:41)
	at java.util.ArrayList.forEach(ArrayList.java:1259)
	at java.util.concurrent.FutureTask.run(FutureTask.java:266)
	at java.util.concurrent.ThreadPoolExecutor.runWorker(ThreadPoolExecutor.java:1149)
	at java.util.concurrent.ThreadPoolExecutor$Worker.run(ThreadPoolExecutor.java:624)
	at java.lang.Thread.run(Thread.java:748)
... Removed 18 stack frames
</div> <!-- stack-trace -->
                </div> <!-- method-content -->
              </div> <!-- method -->
              <div class="method">
                <div class="method-content">
                  <a name="J02_SecondStepService">
                  </a> <!-- J02_SecondStepService -->
                  <span class="method-name">J02_SecondStepService</span>
                  <div class="stack-trace">org.openqa.selenium.TimeoutException: Expected condition failed: waiting for visibility of Proxy element for: DefaultElementLocator &apos;By.id: service_step_two&apos; (tried for 10 second(s) with 500 MILLISECONDS interval)
	at org.openqa.selenium.support.ui.WebDriverWait.timeoutException(WebDriverWait.java:82)
	at org.openqa.selenium.support.ui.FluentWait.until(FluentWait.java:231)
	at pages.BasePage.waitVisibility(BasePage.java:34)
	at pages.AddServicePage.clickNextButtonSecondStep(AddServicePage.java:293)
	at TestCases.AddServiceTest.J02_SecondStepService(AddServiceTest.java:79)
	at java.util.ArrayList.forEach(ArrayList.java:1259)
	at java.util.concurrent.FutureTask.run(FutureTask.java:266)
	at java.util.concurrent.ThreadPoolExecutor.runWorker(ThreadPoolExecutor.java:1149)
	at java.util.concurrent.ThreadPoolExecutor$Worker.run(ThreadPoolExecutor.java:624)
	at java.lang.Thread.run(Thread.java:748)
Caused by: org.openqa.selenium.NoSuchElementException: no such element: Unable to locate element: {&quot;method&quot;:&quot;css selector&quot;,&quot;selector&quot;:&quot;#service_step_two&quot;}
  (Session info: headless chrome=88.0.4324.150)
For documentation on this error, please visit: http://seleniumhq.org/exceptions/no_such_element.html
Build info: version: &apos;3.14.0&apos;, revision: &apos;aacccce0&apos;, time: &apos;2018-08-02T20:19:58.91Z&apos;
System info: host: &apos;Potatos-Mac.local&apos;, ip: &apos;fe80:0:0:0:6:b504:c6d7:bbe1%en0&apos;, os.name: &apos;Mac OS X&apos;, os.arch: &apos;x86_64&apos;, os.version: &apos;10.15.6&apos;, java.version: &apos;1.8.0_261&apos;
Driver info: org.openqa.selenium.chrome.ChromeDriver
Capabilities {acceptInsecureCerts: false, browserName: chrome, browserVersion: 88.0.4324.150, chrome: {chromedriverVersion: 88.0.4324.96 (68dba2d8a0b14..., userDataDir: /var/folders/pz/vbvlmv8j3s1...}, goog:chromeOptions: {debuggerAddress: localhost:61474}, javascriptEnabled: true, networkConnectionEnabled: false, pageLoadStrategy: normal, platform: MAC, platformName: MAC, proxy: Proxy(), setWindowRect: true, strictFileInteractability: false, timeouts: {implicit: 0, pageLoad: 300000, script: 30000}, unhandledPromptBehavior: dismiss and notify, webauthn:extension:largeBlob: true, webauthn:virtualAuthenticators: true}
Session ID: 08165a6b4310f66dac48526e87bd4184
*** Element info: {Using=id, value=service_step_two}
	at org.openqa.selenium.remote.http.W3CHttpResponseCodec.createException(W3CHttpResponseCodec.java:187)
	at org.openqa.selenium.remote.http.W3CHttpResponseCodec.decode(W3CHttpResponseCodec.java:122)
	at org.openqa.selenium.remote.http.W3CHttpResponseCodec.decode(W3CHttpResponseCodec.java:49)
	at org.openqa.selenium.remote.HttpCommandExecutor.execute(HttpCommandExecutor.java:158)
	at org.openqa.selenium.remote.service.DriverCommandExecutor.execute(DriverCommandExecutor.java:83)
	at org.openqa.selenium.remote.RemoteWebDriver.execute(RemoteWebDriver.java:548)
	at org.openqa.selenium.remote.RemoteWebDriver.findElement(RemoteWebDriver.java:322)
	at org.openqa.selenium.remote.RemoteWebDriver.findElementById(RemoteWebDriver.java:368)
	at org.openqa.selenium.By$ById.findElement(By.java:188)
	at org.openqa.selenium.remote.RemoteWebDriver.findElement(RemoteWebDriver.java:314)
	at org.openqa.selenium.support.pagefactory.DefaultElementLocator.findElement(DefaultElementLocator.java:69)
	at org.openqa.selenium.support.pagefactory.internal.LocatingElementHandler.invoke(LocatingElementHandler.java:38)
	at com.sun.proxy.$Proxy23.isDisplayed(Unknown Source)
	at org.openqa.selenium.support.ui.ExpectedConditions.elementIfVisible(ExpectedConditions.java:315)
	at org.openqa.selenium.support.ui.ExpectedConditions.access$100(ExpectedConditions.java:44)
	at org.openqa.selenium.support.ui.ExpectedConditions$10.apply(ExpectedConditions.java:301)
	at org.openqa.selenium.support.ui.ExpectedConditions$10.apply(ExpectedConditions.java:298)
	at org.openqa.selenium.support.ui.FluentWait.until(FluentWait.java:208)
	... 26 more
... Removed 21 stack frames
</div> <!-- stack-trace -->
                </div> <!-- method-content -->
              </div> <!-- method -->
              <div class="method">
                <div class="method-content">
                  <a name="J03_ThirdStepService">
                  </a> <!-- J03_ThirdStepService -->
                  <span class="method-name">J03_ThirdStepService</span>
                  <div class="stack-trace">org.openqa.selenium.TimeoutException: Expected condition failed: waiting for visibility of Proxy element for: DefaultElementLocator &apos;By.id: service_step_three&apos; (tried for 10 second(s) with 500 MILLISECONDS interval)
	at org.openqa.selenium.support.ui.WebDriverWait.timeoutException(WebDriverWait.java:82)
	at org.openqa.selenium.support.ui.FluentWait.until(FluentWait.java:231)
	at pages.BasePage.waitVisibility(BasePage.java:34)
	at pages.AddServicePage.clickOnNextButtonThirdStep(AddServicePage.java:297)
	at TestCases.AddServiceTest.J03_ThirdStepService(AddServiceTest.java:111)
	at java.util.ArrayList.forEach(ArrayList.java:1259)
	at java.util.concurrent.FutureTask.run(FutureTask.java:266)
	at java.util.concurrent.ThreadPoolExecutor.runWorker(ThreadPoolExecutor.java:1149)
	at java.util.concurrent.ThreadPoolExecutor$Worker.run(ThreadPoolExecutor.java:624)
	at java.lang.Thread.run(Thread.java:748)
Caused by: org.openqa.selenium.NoSuchElementException: no such element: Unable to locate element: {&quot;method&quot;:&quot;css selector&quot;,&quot;selector&quot;:&quot;#service_step_three&quot;}
  (Session info: headless chrome=88.0.4324.150)
For documentation on this error, please visit: http://seleniumhq.org/exceptions/no_such_element.html
Build info: version: &apos;3.14.0&apos;, revision: &apos;aacccce0&apos;, time: &apos;2018-08-02T20:19:58.91Z&apos;
System info: host: &apos;Potatos-Mac.local&apos;, ip: &apos;fe80:0:0:0:6:b504:c6d7:bbe1%en0&apos;, os.name: &apos;Mac OS X&apos;, os.arch: &apos;x86_64&apos;, os.version: &apos;10.15.6&apos;, java.version: &apos;1.8.0_261&apos;
Driver info: org.openqa.selenium.chrome.ChromeDriver
Capabilities {acceptInsecureCerts: false, browserName: chrome, browserVersion: 88.0.4324.150, chrome: {chromedriverVersion: 88.0.4324.96 (68dba2d8a0b14..., userDataDir: /var/folders/pz/vbvlmv8j3s1...}, goog:chromeOptions: {debuggerAddress: localhost:61474}, javascriptEnabled: true, networkConnectionEnabled: false, pageLoadStrategy: normal, platform: MAC, platformName: MAC, proxy: Proxy(), setWindowRect: true, strictFileInteractability: false, timeouts: {implicit: 0, pageLoad: 300000, script: 30000}, unhandledPromptBehavior: dismiss and notify, webauthn:extension:largeBlob: true, webauthn:virtualAuthenticators: true}
Session ID: 08165a6b4310f66dac48526e87bd4184
*** Element info: {Using=id, value=service_step_three}
	at org.openqa.selenium.remote.http.W3CHttpResponseCodec.createException(W3CHttpResponseCodec.java:187)
	at org.openqa.selenium.remote.http.W3CHttpResponseCodec.decode(W3CHttpResponseCodec.java:122)
	at org.openqa.selenium.remote.http.W3CHttpResponseCodec.decode(W3CHttpResponseCodec.java:49)
	at org.openqa.selenium.remote.HttpCommandExecutor.execute(HttpCommandExecutor.java:158)
	at org.openqa.selenium.remote.service.DriverCommandExecutor.execute(DriverCommandExecutor.java:83)
	at org.openqa.selenium.remote.RemoteWebDriver.execute(RemoteWebDriver.java:548)
	at org.openqa.selenium.remote.RemoteWebDriver.findElement(RemoteWebDriver.java:322)
	at org.openqa.selenium.remote.RemoteWebDriver.findElementById(RemoteWebDriver.java:368)
	at org.openqa.selenium.By$ById.findElement(By.java:188)
	at org.openqa.selenium.remote.RemoteWebDriver.findElement(RemoteWebDriver.java:314)
	at org.openqa.selenium.support.pagefactory.DefaultElementLocator.findElement(DefaultElementLocator.java:69)
	at org.openqa.selenium.support.pagefactory.internal.LocatingElementHandler.invoke(LocatingElementHandler.java:38)
	at com.sun.proxy.$Proxy23.isDisplayed(Unknown Source)
	at org.openqa.selenium.support.ui.ExpectedConditions.elementIfVisible(ExpectedConditions.java:315)
	at org.openqa.selenium.support.ui.ExpectedConditions.access$100(ExpectedConditions.java:44)
	at org.openqa.selenium.support.ui.ExpectedConditions$10.apply(ExpectedConditions.java:301)
	at org.openqa.selenium.support.ui.ExpectedConditions$10.apply(ExpectedConditions.java:298)
	at org.openqa.selenium.support.ui.FluentWait.until(FluentWait.java:208)
	... 26 more
... Removed 21 stack frames
</div> <!-- stack-trace -->
                </div> <!-- method-content -->
              </div> <!-- method -->
              <div class="method">
                <div class="method-content">
                  <a name="J04_FourthStepService">
                  </a> <!-- J04_FourthStepService -->
                  <span class="method-name">J04_FourthStepService</span>
                  <div class="stack-trace">org.openqa.selenium.NoSuchElementException: no such element: Unable to locate element: {&quot;method&quot;:&quot;xpath&quot;,&quot;selector&quot;:&quot;//button[@id=&quot;service_step_four&quot; and contains(text(),&quot;Next&quot;)]&quot;}
  (Session info: headless chrome=88.0.4324.150)
For documentation on this error, please visit: http://seleniumhq.org/exceptions/no_such_element.html
Build info: version: &apos;3.14.0&apos;, revision: &apos;aacccce0&apos;, time: &apos;2018-08-02T20:19:58.91Z&apos;
System info: host: &apos;Potatos-Mac.local&apos;, ip: &apos;fe80:0:0:0:6:b504:c6d7:bbe1%en0&apos;, os.name: &apos;Mac OS X&apos;, os.arch: &apos;x86_64&apos;, os.version: &apos;10.15.6&apos;, java.version: &apos;1.8.0_261&apos;
Driver info: org.openqa.selenium.chrome.ChromeDriver
Capabilities {acceptInsecureCerts: false, browserName: chrome, browserVersion: 88.0.4324.150, chrome: {chromedriverVersion: 88.0.4324.96 (68dba2d8a0b14..., userDataDir: /var/folders/pz/vbvlmv8j3s1...}, goog:chromeOptions: {debuggerAddress: localhost:61474}, javascriptEnabled: true, networkConnectionEnabled: false, pageLoadStrategy: normal, platform: MAC, platformName: MAC, proxy: Proxy(), setWindowRect: true, strictFileInteractability: false, timeouts: {implicit: 0, pageLoad: 300000, script: 30000}, unhandledPromptBehavior: dismiss and notify, webauthn:extension:largeBlob: true, webauthn:virtualAuthenticators: true}
Session ID: 08165a6b4310f66dac48526e87bd4184
*** Element info: {Using=xpath, value=//button[@id=&quot;service_step_four&quot; and contains(text(),&quot;Next&quot;)]}
	at org.openqa.selenium.remote.http.W3CHttpResponseCodec.createException(W3CHttpResponseCodec.java:187)
	at org.openqa.selenium.remote.http.W3CHttpResponseCodec.decode(W3CHttpResponseCodec.java:122)
	at org.openqa.selenium.remote.http.W3CHttpResponseCodec.decode(W3CHttpResponseCodec.java:49)
	at org.openqa.selenium.remote.HttpCommandExecutor.execute(HttpCommandExecutor.java:158)
	at org.openqa.selenium.remote.service.DriverCommandExecutor.execute(DriverCommandExecutor.java:83)
	at org.openqa.selenium.remote.RemoteWebDriver.execute(RemoteWebDriver.java:548)
	at org.openqa.selenium.remote.RemoteWebDriver.findElement(RemoteWebDriver.java:322)
	at org.openqa.selenium.remote.RemoteWebDriver.findElementByXPath(RemoteWebDriver.java:424)
	at org.openqa.selenium.By$ByXPath.findElement(By.java:353)
	at org.openqa.selenium.remote.RemoteWebDriver.findElement(RemoteWebDriver.java:314)
	at bases.BaseWeb.scrollIntoView(BaseWeb.java:159)
	at pages.AddServicePage.clickOnNextButtonFourStep(AddServicePage.java:309)
	at TestCases.AddServiceTest.J04_FourthStepService(AddServiceTest.java:145)
	at java.util.ArrayList.forEach(ArrayList.java:1259)
	at java.util.concurrent.FutureTask.run(FutureTask.java:266)
	at java.util.concurrent.ThreadPoolExecutor.runWorker(ThreadPoolExecutor.java:1149)
	at java.util.concurrent.ThreadPoolExecutor$Worker.run(ThreadPoolExecutor.java:624)
	at java.lang.Thread.run(Thread.java:748)
... Removed 21 stack frames
</div> <!-- stack-trace -->
                </div> <!-- method-content -->
              </div> <!-- method -->
            </div> <!-- main-panel-content rounded-window-bottom -->
          </div> <!-- suite-AirpayTestSuite-class-failed -->
          <div class="suite-AirpayTestSuite-class-failed">
            <div class="main-panel-header rounded-window-top">
              <img src="failed.png"/>
              <span class="class-name">TestCases.UploadContractTest</span>
            </div> <!-- main-panel-header rounded-window-top -->
            <div class="main-panel-content rounded-window-bottom">
              <div class="method">
                <div class="method-content">
                  <a name="G02_DownloadFile">
                  </a> <!-- G02_DownloadFile -->
                  <span class="method-name">G02_DownloadFile</span>
                  <div class="stack-trace">org.openqa.selenium.StaleElementReferenceException: stale element reference: element is not attached to the page document
  (Session info: headless chrome=88.0.4324.150)
For documentation on this error, please visit: http://seleniumhq.org/exceptions/stale_element_reference.html
Build info: version: &apos;3.14.0&apos;, revision: &apos;aacccce0&apos;, time: &apos;2018-08-02T20:19:58.91Z&apos;
System info: host: &apos;Potatos-Mac.local&apos;, ip: &apos;fe80:0:0:0:6:b504:c6d7:bbe1%en0&apos;, os.name: &apos;Mac OS X&apos;, os.arch: &apos;x86_64&apos;, os.version: &apos;10.15.6&apos;, java.version: &apos;1.8.0_261&apos;
Driver info: org.openqa.selenium.chrome.ChromeDriver
Capabilities {acceptInsecureCerts: false, browserName: chrome, browserVersion: 88.0.4324.150, chrome: {chromedriverVersion: 88.0.4324.96 (68dba2d8a0b14..., userDataDir: /var/folders/pz/vbvlmv8j3s1...}, goog:chromeOptions: {debuggerAddress: localhost:61336}, javascriptEnabled: true, networkConnectionEnabled: false, pageLoadStrategy: normal, platform: MAC, platformName: MAC, proxy: Proxy(), setWindowRect: true, strictFileInteractability: false, timeouts: {implicit: 0, pageLoad: 300000, script: 30000}, unhandledPromptBehavior: dismiss and notify, webauthn:extension:largeBlob: true, webauthn:virtualAuthenticators: true}
Session ID: 60b5bee308dd6647a02c5d65fb4a6bad
	at org.openqa.selenium.remote.http.W3CHttpResponseCodec.createException(W3CHttpResponseCodec.java:187)
	at org.openqa.selenium.remote.http.W3CHttpResponseCodec.decode(W3CHttpResponseCodec.java:122)
	at org.openqa.selenium.remote.http.W3CHttpResponseCodec.decode(W3CHttpResponseCodec.java:49)
	at org.openqa.selenium.remote.HttpCommandExecutor.execute(HttpCommandExecutor.java:158)
	at org.openqa.selenium.remote.service.DriverCommandExecutor.execute(DriverCommandExecutor.java:83)
	at org.openqa.selenium.remote.RemoteWebDriver.execute(RemoteWebDriver.java:548)
	at org.openqa.selenium.remote.RemoteWebElement.execute(RemoteWebElement.java:276)
	at org.openqa.selenium.remote.RemoteWebElement.isDisplayed(RemoteWebElement.java:317)
	at org.openqa.selenium.support.pagefactory.internal.LocatingElementHandler.invoke(LocatingElementHandler.java:51)
	at com.sun.proxy.$Proxy23.isDisplayed(Unknown Source)
	at org.openqa.selenium.support.ui.ExpectedConditions.elementIfVisible(ExpectedConditions.java:315)
	at org.openqa.selenium.support.ui.ExpectedConditions.access$100(ExpectedConditions.java:44)
	at org.openqa.selenium.support.ui.ExpectedConditions$10.apply(ExpectedConditions.java:301)
	at org.openqa.selenium.support.ui.ExpectedConditions$10.apply(ExpectedConditions.java:298)
	at org.openqa.selenium.support.ui.FluentWait.until(FluentWait.java:208)
	at pages.BasePage.waitVisibility(BasePage.java:34)
	at pages.UploadContractPage.clickOnDownload1(UploadContractPage.java:69)
	at TestCases.UploadContractTest.G02_DownloadFile(UploadContractTest.java:60)
	at java.util.ArrayList.forEach(ArrayList.java:1259)
	at java.util.concurrent.FutureTask.run(FutureTask.java:266)
	at java.util.concurrent.ThreadPoolExecutor.runWorker(ThreadPoolExecutor.java:1149)
	at java.util.concurrent.ThreadPoolExecutor$Worker.run(ThreadPoolExecutor.java:624)
	at java.lang.Thread.run(Thread.java:748)
... Removed 25 stack frames
</div> <!-- stack-trace -->
                </div> <!-- method-content -->
              </div> <!-- method -->
            </div> <!-- main-panel-content rounded-window-bottom -->
          </div> <!-- suite-AirpayTestSuite-class-failed -->
          <div class="suite-AirpayTestSuite-class-failed">
            <div class="main-panel-header rounded-window-top">
              <img src="failed.png"/>
              <span class="class-name">TestCases.InviteUserTest</span>
            </div> <!-- main-panel-header rounded-window-top -->
            <div class="main-panel-content rounded-window-bottom">
              <div class="method">
                <div class="method-content">
                  <a name="N01_InviteUserWithAllMandatoryAreEmpty">
                  </a> <!-- N01_InviteUserWithAllMandatoryAreEmpty -->
                  <span class="method-name">N01_InviteUserWithAllMandatoryAreEmpty</span>
                  <div class="stack-trace">org.openqa.selenium.TimeoutException: Expected condition failed: waiting for visibility of [[ChromeDriver: chrome on MAC (5b7f9a76c2d95cacdb166e35fe5f0d63)] -&gt; xpath: //img[@class=&quot;menu-image&quot; and contains(@src,&quot;vitation&quot;)]] (tried for 10 second(s) with 500 MILLISECONDS interval)
Build info: version: &apos;3.14.0&apos;, revision: &apos;aacccce0&apos;, time: &apos;2018-08-02T20:19:58.91Z&apos;
System info: host: &apos;Potatos-Mac.local&apos;, ip: &apos;fe80:0:0:0:6:b504:c6d7:bbe1%en0&apos;, os.name: &apos;Mac OS X&apos;, os.arch: &apos;x86_64&apos;, os.version: &apos;10.15.6&apos;, java.version: &apos;1.8.0_261&apos;
Driver info: org.openqa.selenium.chrome.ChromeDriver
Capabilities {acceptInsecureCerts: false, browserName: chrome, browserVersion: 88.0.4324.150, chrome: {chromedriverVersion: 88.0.4324.96 (68dba2d8a0b14..., userDataDir: /var/folders/pz/vbvlmv8j3s1...}, goog:chromeOptions: {debuggerAddress: localhost:62029}, javascriptEnabled: true, networkConnectionEnabled: false, pageLoadStrategy: normal, platform: MAC, platformName: MAC, proxy: Proxy(), setWindowRect: true, strictFileInteractability: false, timeouts: {implicit: 0, pageLoad: 300000, script: 30000}, unhandledPromptBehavior: dismiss and notify, webauthn:extension:largeBlob: true, webauthn:virtualAuthenticators: true}
Session ID: 5b7f9a76c2d95cacdb166e35fe5f0d63
	at org.openqa.selenium.support.ui.WebDriverWait.timeoutException(WebDriverWait.java:82)
	at org.openqa.selenium.support.ui.FluentWait.until(FluentWait.java:231)
	at pages.BasePage.waitVisibility(BasePage.java:34)
	at pages.SideMenuPage.clickOnInviteUserDropDown(SideMenuPage.java:217)
	at TestCases.InviteUserTest.N01_InviteUserWithAllMandatoryAreEmpty(InviteUserTest.java:41)
	at java.util.ArrayList.forEach(ArrayList.java:1259)
	at java.util.concurrent.FutureTask.run(FutureTask.java:266)
	at java.util.concurrent.ThreadPoolExecutor.runWorker(ThreadPoolExecutor.java:1149)
	at java.util.concurrent.ThreadPoolExecutor$Worker.run(ThreadPoolExecutor.java:624)
	at java.lang.Thread.run(Thread.java:748)
... Removed 18 stack frames
</div> <!-- stack-trace -->
                </div> <!-- method-content -->
              </div> <!-- method -->
              <div class="method">
                <div class="method-content">
                  <a name="N02_InviteTakenUsernameOrTakenEmailAddress">
                  </a> <!-- N02_InviteTakenUsernameOrTakenEmailAddress -->
                  <span class="method-name">N02_InviteTakenUsernameOrTakenEmailAddress</span>
                  <div class="stack-trace">org.openqa.selenium.TimeoutException: Expected condition failed: waiting for visibility of Proxy element for: DefaultElementLocator &apos;By.id: username&apos; (tried for 10 second(s) with 500 MILLISECONDS interval)
	at org.openqa.selenium.support.ui.WebDriverWait.timeoutException(WebDriverWait.java:82)
	at org.openqa.selenium.support.ui.FluentWait.until(FluentWait.java:231)
	at pages.BasePage.waitVisibility(BasePage.java:34)
	at pages.InviteUserPage.typeUserName(InviteUserPage.java:85)
	at TestCases.InviteUserTest.N02_InviteTakenUsernameOrTakenEmailAddress(InviteUserTest.java:74)
	at java.util.ArrayList.forEach(ArrayList.java:1259)
	at java.util.concurrent.FutureTask.run(FutureTask.java:266)
	at java.util.concurrent.ThreadPoolExecutor.runWorker(ThreadPoolExecutor.java:1149)
	at java.util.concurrent.ThreadPoolExecutor$Worker.run(ThreadPoolExecutor.java:624)
	at java.lang.Thread.run(Thread.java:748)
Caused by: org.openqa.selenium.NoSuchElementException: no such element: Unable to locate element: {&quot;method&quot;:&quot;css selector&quot;,&quot;selector&quot;:&quot;#username&quot;}
  (Session info: headless chrome=88.0.4324.150)
For documentation on this error, please visit: http://seleniumhq.org/exceptions/no_such_element.html
Build info: version: &apos;3.14.0&apos;, revision: &apos;aacccce0&apos;, time: &apos;2018-08-02T20:19:58.91Z&apos;
System info: host: &apos;Potatos-Mac.local&apos;, ip: &apos;fe80:0:0:0:6:b504:c6d7:bbe1%en0&apos;, os.name: &apos;Mac OS X&apos;, os.arch: &apos;x86_64&apos;, os.version: &apos;10.15.6&apos;, java.version: &apos;1.8.0_261&apos;
Driver info: org.openqa.selenium.chrome.ChromeDriver
Capabilities {acceptInsecureCerts: false, browserName: chrome, browserVersion: 88.0.4324.150, chrome: {chromedriverVersion: 88.0.4324.96 (68dba2d8a0b14..., userDataDir: /var/folders/pz/vbvlmv8j3s1...}, goog:chromeOptions: {debuggerAddress: localhost:62029}, javascriptEnabled: true, networkConnectionEnabled: false, pageLoadStrategy: normal, platform: MAC, platformName: MAC, proxy: Proxy(), setWindowRect: true, strictFileInteractability: false, timeouts: {implicit: 0, pageLoad: 300000, script: 30000}, unhandledPromptBehavior: dismiss and notify, webauthn:extension:largeBlob: true, webauthn:virtualAuthenticators: true}
Session ID: 5b7f9a76c2d95cacdb166e35fe5f0d63
*** Element info: {Using=id, value=username}
	at org.openqa.selenium.remote.http.W3CHttpResponseCodec.createException(W3CHttpResponseCodec.java:187)
	at org.openqa.selenium.remote.http.W3CHttpResponseCodec.decode(W3CHttpResponseCodec.java:122)
	at org.openqa.selenium.remote.http.W3CHttpResponseCodec.decode(W3CHttpResponseCodec.java:49)
	at org.openqa.selenium.remote.HttpCommandExecutor.execute(HttpCommandExecutor.java:158)
	at org.openqa.selenium.remote.service.DriverCommandExecutor.execute(DriverCommandExecutor.java:83)
	at org.openqa.selenium.remote.RemoteWebDriver.execute(RemoteWebDriver.java:548)
	at org.openqa.selenium.remote.RemoteWebDriver.findElement(RemoteWebDriver.java:322)
	at org.openqa.selenium.remote.RemoteWebDriver.findElementById(RemoteWebDriver.java:368)
	at org.openqa.selenium.By$ById.findElement(By.java:188)
	at org.openqa.selenium.remote.RemoteWebDriver.findElement(RemoteWebDriver.java:314)
	at org.openqa.selenium.support.pagefactory.DefaultElementLocator.findElement(DefaultElementLocator.java:69)
	at org.openqa.selenium.support.pagefactory.internal.LocatingElementHandler.invoke(LocatingElementHandler.java:38)
	at com.sun.proxy.$Proxy23.isDisplayed(Unknown Source)
	at org.openqa.selenium.support.ui.ExpectedConditions.elementIfVisible(ExpectedConditions.java:315)
	at org.openqa.selenium.support.ui.ExpectedConditions.access$100(ExpectedConditions.java:44)
	at org.openqa.selenium.support.ui.ExpectedConditions$10.apply(ExpectedConditions.java:301)
	at org.openqa.selenium.support.ui.ExpectedConditions$10.apply(ExpectedConditions.java:298)
	at org.openqa.selenium.support.ui.FluentWait.until(FluentWait.java:208)
	... 26 more
... Removed 21 stack frames
</div> <!-- stack-trace -->
                </div> <!-- method-content -->
              </div> <!-- method -->
              <div class="method">
                <div class="method-content">
                  <a name="N03_InviteUserWithValidCredential">
                  </a> <!-- N03_InviteUserWithValidCredential -->
                  <span class="method-name">N03_InviteUserWithValidCredential</span>
                  <div class="stack-trace">org.openqa.selenium.TimeoutException: Expected condition failed: waiting for visibility of Proxy element for: DefaultElementLocator &apos;By.id: username&apos; (tried for 10 second(s) with 500 MILLISECONDS interval)
	at org.openqa.selenium.support.ui.WebDriverWait.timeoutException(WebDriverWait.java:82)
	at org.openqa.selenium.support.ui.FluentWait.until(FluentWait.java:231)
	at pages.BasePage.waitVisibility(BasePage.java:34)
	at pages.InviteUserPage.typeUserName(InviteUserPage.java:85)
	at TestCases.InviteUserTest.N03_InviteUserWithValidCredential(InviteUserTest.java:98)
	at java.util.ArrayList.forEach(ArrayList.java:1259)
	at java.util.concurrent.FutureTask.run(FutureTask.java:266)
	at java.util.concurrent.ThreadPoolExecutor.runWorker(ThreadPoolExecutor.java:1149)
	at java.util.concurrent.ThreadPoolExecutor$Worker.run(ThreadPoolExecutor.java:624)
	at java.lang.Thread.run(Thread.java:748)
Caused by: org.openqa.selenium.NoSuchElementException: no such element: Unable to locate element: {&quot;method&quot;:&quot;css selector&quot;,&quot;selector&quot;:&quot;#username&quot;}
  (Session info: headless chrome=88.0.4324.150)
For documentation on this error, please visit: http://seleniumhq.org/exceptions/no_such_element.html
Build info: version: &apos;3.14.0&apos;, revision: &apos;aacccce0&apos;, time: &apos;2018-08-02T20:19:58.91Z&apos;
System info: host: &apos;Potatos-Mac.local&apos;, ip: &apos;fe80:0:0:0:6:b504:c6d7:bbe1%en0&apos;, os.name: &apos;Mac OS X&apos;, os.arch: &apos;x86_64&apos;, os.version: &apos;10.15.6&apos;, java.version: &apos;1.8.0_261&apos;
Driver info: org.openqa.selenium.chrome.ChromeDriver
Capabilities {acceptInsecureCerts: false, browserName: chrome, browserVersion: 88.0.4324.150, chrome: {chromedriverVersion: 88.0.4324.96 (68dba2d8a0b14..., userDataDir: /var/folders/pz/vbvlmv8j3s1...}, goog:chromeOptions: {debuggerAddress: localhost:62029}, javascriptEnabled: true, networkConnectionEnabled: false, pageLoadStrategy: normal, platform: MAC, platformName: MAC, proxy: Proxy(), setWindowRect: true, strictFileInteractability: false, timeouts: {implicit: 0, pageLoad: 300000, script: 30000}, unhandledPromptBehavior: dismiss and notify, webauthn:extension:largeBlob: true, webauthn:virtualAuthenticators: true}
Session ID: 5b7f9a76c2d95cacdb166e35fe5f0d63
*** Element info: {Using=id, value=username}
	at org.openqa.selenium.remote.http.W3CHttpResponseCodec.createException(W3CHttpResponseCodec.java:187)
	at org.openqa.selenium.remote.http.W3CHttpResponseCodec.decode(W3CHttpResponseCodec.java:122)
	at org.openqa.selenium.remote.http.W3CHttpResponseCodec.decode(W3CHttpResponseCodec.java:49)
	at org.openqa.selenium.remote.HttpCommandExecutor.execute(HttpCommandExecutor.java:158)
	at org.openqa.selenium.remote.service.DriverCommandExecutor.execute(DriverCommandExecutor.java:83)
	at org.openqa.selenium.remote.RemoteWebDriver.execute(RemoteWebDriver.java:548)
	at org.openqa.selenium.remote.RemoteWebDriver.findElement(RemoteWebDriver.java:322)
	at org.openqa.selenium.remote.RemoteWebDriver.findElementById(RemoteWebDriver.java:368)
	at org.openqa.selenium.By$ById.findElement(By.java:188)
	at org.openqa.selenium.remote.RemoteWebDriver.findElement(RemoteWebDriver.java:314)
	at org.openqa.selenium.support.pagefactory.DefaultElementLocator.findElement(DefaultElementLocator.java:69)
	at org.openqa.selenium.support.pagefactory.internal.LocatingElementHandler.invoke(LocatingElementHandler.java:38)
	at com.sun.proxy.$Proxy23.isDisplayed(Unknown Source)
	at org.openqa.selenium.support.ui.ExpectedConditions.elementIfVisible(ExpectedConditions.java:315)
	at org.openqa.selenium.support.ui.ExpectedConditions.access$100(ExpectedConditions.java:44)
	at org.openqa.selenium.support.ui.ExpectedConditions$10.apply(ExpectedConditions.java:301)
	at org.openqa.selenium.support.ui.ExpectedConditions$10.apply(ExpectedConditions.java:298)
	at org.openqa.selenium.support.ui.FluentWait.until(FluentWait.java:208)
	... 26 more
... Removed 21 stack frames
</div> <!-- stack-trace -->
                </div> <!-- method-content -->
              </div> <!-- method -->
            </div> <!-- main-panel-content rounded-window-bottom -->
          </div> <!-- suite-AirpayTestSuite-class-failed -->
          <div class="suite-AirpayTestSuite-class-skipped">
            <div class="main-panel-header rounded-window-top">
              <img src="skipped.png"/>
              <span class="class-name">TestCases.AddServiceTest</span>
            </div> <!-- main-panel-header rounded-window-top -->
            <div class="main-panel-content rounded-window-bottom">
              <div class="method">
                <div class="method-content">
                  <a name="J05_FifthStepService">
                  </a> <!-- J05_FifthStepService -->
                  <span class="method-name">J05_FifthStepService</span>
                  <div class="stack-trace">java.lang.Throwable: Method AddServiceTest.J05_FifthStepService()[pri:6, instance:TestCases.AddServiceTest@2a2da905] depends on not successfully finished methods
	at java.util.ArrayList.forEach(ArrayList.java:1259)
	at java.util.concurrent.FutureTask.run(FutureTask.java:266)
	at java.util.concurrent.ThreadPoolExecutor.runWorker(ThreadPoolExecutor.java:1149)
	at java.util.concurrent.ThreadPoolExecutor$Worker.run(ThreadPoolExecutor.java:624)
	at java.lang.Thread.run(Thread.java:748)
... Removed 9 stack frames
</div> <!-- stack-trace -->
                </div> <!-- method-content -->
              </div> <!-- method -->
              <div class="method">
                <div class="method-content">
                  <a name="J06_SixthStepService">
                  </a> <!-- J06_SixthStepService -->
                  <span class="method-name">J06_SixthStepService</span>
                  <div class="stack-trace">java.lang.Throwable: Method AddServiceTest.J06_SixthStepService()[pri:7, instance:TestCases.AddServiceTest@2a2da905] depends on not successfully finished methods
	at java.util.ArrayList.forEach(ArrayList.java:1259)
	at java.util.concurrent.FutureTask.run(FutureTask.java:266)
	at java.util.concurrent.ThreadPoolExecutor.runWorker(ThreadPoolExecutor.java:1149)
	at java.util.concurrent.ThreadPoolExecutor$Worker.run(ThreadPoolExecutor.java:624)
	at java.lang.Thread.run(Thread.java:748)
... Removed 9 stack frames
</div> <!-- stack-trace -->
                </div> <!-- method-content -->
              </div> <!-- method -->
            </div> <!-- main-panel-content rounded-window-bottom -->
          </div> <!-- suite-AirpayTestSuite-class-skipped -->
          <div class="suite-AirpayTestSuite-class-passed">
            <div class="main-panel-header rounded-window-top">
              <img src="passed.png"/>
              <span class="class-name">TestCases.UpdatePasswordTest</span>
            </div> <!-- main-panel-header rounded-window-top -->
            <div class="main-panel-content rounded-window-bottom">
              <div class="method">
                <div class="method-content">
                  <a name="F01_UpdatePasswordWithIncorrectCurrentPassword">
                  </a> <!-- F01_UpdatePasswordWithIncorrectCurrentPassword -->
                  <span class="method-name">F01_UpdatePasswordWithIncorrectCurrentPassword</span>
                </div> <!-- method-content -->
              </div> <!-- method -->
              <div class="method">
                <div class="method-content">
                  <a name="F02_UpdatePasswordWithNewPasswordAndCoPasswordAreDifferent">
                  </a> <!-- F02_UpdatePasswordWithNewPasswordAndCoPasswordAreDifferent -->
                  <span class="method-name">F02_UpdatePasswordWithNewPasswordAndCoPasswordAreDifferent</span>
                </div> <!-- method-content -->
              </div> <!-- method -->
              <div class="method">
                <div class="method-content">
                  <a name="signIn">
                  </a> <!-- signIn -->
                  <span class="method-name">signIn</span>
                </div> <!-- method-content -->
              </div> <!-- method -->
            </div> <!-- main-panel-content rounded-window-bottom -->
          </div> <!-- suite-AirpayTestSuite-class-passed -->
          <div class="suite-AirpayTestSuite-class-passed">
            <div class="main-panel-header rounded-window-top">
              <img src="passed.png"/>
              <span class="class-name">TestCases.EditProfileTest</span>
            </div> <!-- main-panel-header rounded-window-top -->
            <div class="main-panel-content rounded-window-bottom">
              <div class="method">
                <div class="method-content">
                  <a name="E01_AccessEditProfileBasicInformationTab">
                  </a> <!-- E01_AccessEditProfileBasicInformationTab -->
                  <span class="method-name">E01_AccessEditProfileBasicInformationTab</span>
                </div> <!-- method-content -->
              </div> <!-- method -->
              <div class="method">
                <div class="method-content">
                  <a name="E02_AccessEditProfileSupportingDocumentTab">
                  </a> <!-- E02_AccessEditProfileSupportingDocumentTab -->
                  <span class="method-name">E02_AccessEditProfileSupportingDocumentTab</span>
                </div> <!-- method-content -->
              </div> <!-- method -->
              <div class="method">
                <div class="method-content">
                  <a name="E03_LetMandatoryFieldIsEmptyBasicInfoTab">
                  </a> <!-- E03_LetMandatoryFieldIsEmptyBasicInfoTab -->
                  <span class="method-name">E03_LetMandatoryFieldIsEmptyBasicInfoTab</span>
                </div> <!-- method-content -->
              </div> <!-- method -->
              <div class="method">
                <div class="method-content">
                  <a name="E04_LetMandatoryFieldIsEmptySupportingDocTab">
                  </a> <!-- E04_LetMandatoryFieldIsEmptySupportingDocTab -->
                  <span class="method-name">E04_LetMandatoryFieldIsEmptySupportingDocTab</span>
                </div> <!-- method-content -->
              </div> <!-- method -->
              <div class="method">
                <div class="method-content">
                  <a name="signIn">
                  </a> <!-- signIn -->
                  <span class="method-name">signIn</span>
                </div> <!-- method-content -->
              </div> <!-- method -->
            </div> <!-- main-panel-content rounded-window-bottom -->
          </div> <!-- suite-AirpayTestSuite-class-passed -->
          <div class="suite-AirpayTestSuite-class-passed">
            <div class="main-panel-header rounded-window-top">
              <img src="passed.png"/>
              <span class="class-name">TestCases.AuthenticationSignUpTest2</span>
            </div> <!-- main-panel-header rounded-window-top -->
            <div class="main-panel-content rounded-window-bottom">
              <div class="method">
                <div class="method-content">
                  <a name="A02_SignUpWithValidCredential">
                  </a> <!-- A02_SignUpWithValidCredential -->
                  <span class="method-name">A02_SignUpWithValidCredential</span>
                </div> <!-- method-content -->
              </div> <!-- method -->
              <div class="method">
                <div class="method-content">
                  <a name="A03_SecondStepSignUp">
                  </a> <!-- A03_SecondStepSignUp -->
                  <span class="method-name">A03_SecondStepSignUp</span>
                </div> <!-- method-content -->
              </div> <!-- method -->
              <div class="method">
                <div class="method-content">
                  <a name="A04_ThirdStepSignUp">
                  </a> <!-- A04_ThirdStepSignUp -->
                  <span class="method-name">A04_ThirdStepSignUp</span>
                </div> <!-- method-content -->
              </div> <!-- method -->
              <div class="method">
                <div class="method-content">
                  <a name="A05_FouthStepofSignUp">
                  </a> <!-- A05_FouthStepofSignUp -->
                  <span class="method-name">A05_FouthStepofSignUp</span>
                </div> <!-- method-content -->
              </div> <!-- method -->
              <div class="method">
                <div class="method-content">
                  <a name="A06_VerifyEmailPage">
                  </a> <!-- A06_VerifyEmailPage -->
                  <span class="method-name">A06_VerifyEmailPage</span>
                </div> <!-- method-content -->
              </div> <!-- method -->
            </div> <!-- main-panel-content rounded-window-bottom -->
          </div> <!-- suite-AirpayTestSuite-class-passed -->
          <div class="suite-AirpayTestSuite-class-passed">
            <div class="main-panel-header rounded-window-top">
              <img src="passed.png"/>
              <span class="class-name">TestCases.AddServiceTest</span>
            </div> <!-- main-panel-header rounded-window-top -->
            <div class="main-panel-content rounded-window-bottom">
              <div class="method">
                <div class="method-content">
                  <a name="signIn">
                  </a> <!-- signIn -->
                  <span class="method-name">signIn</span>
                </div> <!-- method-content -->
              </div> <!-- method -->
            </div> <!-- main-panel-content rounded-window-bottom -->
          </div> <!-- suite-AirpayTestSuite-class-passed -->
          <div class="suite-AirpayTestSuite-class-passed">
            <div class="main-panel-header rounded-window-top">
              <img src="passed.png"/>
              <span class="class-name">TestCases.AuthenticationSignInTest</span>
            </div> <!-- main-panel-header rounded-window-top -->
            <div class="main-panel-content rounded-window-bottom">
              <div class="method">
                <div class="method-content">
                  <a name="B01_LoginWithInvalidCredential">
                  </a> <!-- B01_LoginWithInvalidCredential -->
                  <span class="method-name">B01_LoginWithInvalidCredential</span>
                </div> <!-- method-content -->
              </div> <!-- method -->
              <div class="method">
                <div class="method-content">
                  <a name="B02_LoginWithUnverifiedUserAccount">
                  </a> <!-- B02_LoginWithUnverifiedUserAccount -->
                  <span class="method-name">B02_LoginWithUnverifiedUserAccount</span>
                </div> <!-- method-content -->
              </div> <!-- method -->
              <div class="method">
                <div class="method-content">
                  <a name="B03_LoginWithVerifiedUserAccount">
                  </a> <!-- B03_LoginWithVerifiedUserAccount -->
                  <span class="method-name">B03_LoginWithVerifiedUserAccount</span>
                </div> <!-- method-content -->
              </div> <!-- method -->
            </div> <!-- main-panel-content rounded-window-bottom -->
          </div> <!-- suite-AirpayTestSuite-class-passed -->
          <div class="suite-AirpayTestSuite-class-passed">
            <div class="main-panel-header rounded-window-top">
              <img src="passed.png"/>
              <span class="class-name">TestCases.InviteUserTest</span>
            </div> <!-- main-panel-header rounded-window-top -->
            <div class="main-panel-content rounded-window-bottom">
              <div class="method">
                <div class="method-content">
                  <a name="signIn">
                  </a> <!-- signIn -->
                  <span class="method-name">signIn</span>
                </div> <!-- method-content -->
              </div> <!-- method -->
            </div> <!-- main-panel-content rounded-window-bottom -->
          </div> <!-- suite-AirpayTestSuite-class-passed -->
          <div class="suite-AirpayTestSuite-class-passed">
            <div class="main-panel-header rounded-window-top">
              <img src="passed.png"/>
              <span class="class-name">TestCases.ServiceManagementTest</span>
            </div> <!-- main-panel-header rounded-window-top -->
            <div class="main-panel-content rounded-window-bottom">
              <div class="method">
                <div class="method-content">
                  <a name="R01_ViewServiceManagement">
                  </a> <!-- R01_ViewServiceManagement -->
                  <span class="method-name">R01_ViewServiceManagement</span>
                </div> <!-- method-content -->
              </div> <!-- method -->
              <div class="method">
                <div class="method-content">
                  <a name="R02_SearchServiceManagement">
                  </a> <!-- R02_SearchServiceManagement -->
                  <span class="method-name">R02_SearchServiceManagement</span>
                </div> <!-- method-content -->
              </div> <!-- method -->
              <div class="method">
                <div class="method-content">
                  <a name="R03_ApproveService">
                  </a> <!-- R03_ApproveService -->
                  <span class="method-name">R03_ApproveService</span>
                </div> <!-- method-content -->
              </div> <!-- method -->
              <div class="method">
                <div class="method-content">
                  <a name="signIn">
                  </a> <!-- signIn -->
                  <span class="method-name">signIn</span>
                </div> <!-- method-content -->
              </div> <!-- method -->
            </div> <!-- main-panel-content rounded-window-bottom -->
          </div> <!-- suite-AirpayTestSuite-class-passed -->
          <div class="suite-AirpayTestSuite-class-passed">
            <div class="main-panel-header rounded-window-top">
              <img src="passed.png"/>
              <span class="class-name">TestCases.ForgetPasswordTest</span>
            </div> <!-- main-panel-header rounded-window-top -->
            <div class="main-panel-content rounded-window-bottom">
              <div class="method">
                <div class="method-content">
                  <a name="C01_UnverifiedUserTryToForgetPassword">
                  </a> <!-- C01_UnverifiedUserTryToForgetPassword -->
                  <span class="method-name">C01_UnverifiedUserTryToForgetPassword</span>
                </div> <!-- method-content -->
              </div> <!-- method -->
              <div class="method">
                <div class="method-content">
                  <a name="C02_ForgetPasswordWithInvalidEmailCredential">
                  </a> <!-- C02_ForgetPasswordWithInvalidEmailCredential -->
                  <span class="method-name">C02_ForgetPasswordWithInvalidEmailCredential</span>
                </div> <!-- method-content -->
              </div> <!-- method -->
              <div class="method">
                <div class="method-content">
                  <a name="C03_ForgetPasswordWithValidEmailCredential">
                  </a> <!-- C03_ForgetPasswordWithValidEmailCredential -->
                  <span class="method-name">C03_ForgetPasswordWithValidEmailCredential</span>
                </div> <!-- method-content -->
              </div> <!-- method -->
            </div> <!-- main-panel-content rounded-window-bottom -->
          </div> <!-- suite-AirpayTestSuite-class-passed -->
          <div class="suite-AirpayTestSuite-class-passed">
            <div class="main-panel-header rounded-window-top">
              <img src="passed.png"/>
              <span class="class-name">TestCases.DocumentationTest</span>
            </div> <!-- main-panel-header rounded-window-top -->
            <div class="main-panel-content rounded-window-bottom">
              <div class="method">
                <div class="method-content">
                  <a name="H01_GettingStarted">
                  </a> <!-- H01_GettingStarted -->
                  <span class="method-name">H01_GettingStarted</span>
                </div> <!-- method-content -->
              </div> <!-- method -->
              <div class="method">
                <div class="method-content">
                  <a name="H02_MerchantOnBoarding">
                  </a> <!-- H02_MerchantOnBoarding -->
                  <span class="method-name">H02_MerchantOnBoarding</span>
                </div> <!-- method-content -->
              </div> <!-- method -->
              <div class="method">
                <div class="method-content">
                  <a name="H03_ServiceOnBoarding">
                  </a> <!-- H03_ServiceOnBoarding -->
                  <span class="method-name">H03_ServiceOnBoarding</span>
                </div> <!-- method-content -->
              </div> <!-- method -->
              <div class="method">
                <div class="method-content">
                  <a name="H04_Integration">
                  </a> <!-- H04_Integration -->
                  <span class="method-name">H04_Integration</span>
                </div> <!-- method-content -->
              </div> <!-- method -->
              <div class="method">
                <div class="method-content">
                  <a name="H05_Reporting">
                  </a> <!-- H05_Reporting -->
                  <span class="method-name">H05_Reporting</span>
                </div> <!-- method-content -->
              </div> <!-- method -->
              <div class="method">
                <div class="method-content">
                  <a name="H06_FAQ">
                  </a> <!-- H06_FAQ -->
                  <span class="method-name">H06_FAQ</span>
                </div> <!-- method-content -->
              </div> <!-- method -->
              <div class="method">
                <div class="method-content">
                  <a name="signIn">
                  </a> <!-- signIn -->
                  <span class="method-name">signIn</span>
                </div> <!-- method-content -->
              </div> <!-- method -->
            </div> <!-- main-panel-content rounded-window-bottom -->
          </div> <!-- suite-AirpayTestSuite-class-passed -->
          <div class="suite-AirpayTestSuite-class-passed">
            <div class="main-panel-header rounded-window-top">
              <img src="passed.png"/>
              <span class="class-name">TestCases.ListServiceTest</span>
            </div> <!-- main-panel-header rounded-window-top -->
            <div class="main-panel-content rounded-window-bottom">
              <div class="method">
                <div class="method-content">
                  <a name="K04_EditServiceWithLetOneOrAllMandatoryFieldsAreEmpty">
                  </a> <!-- K04_EditServiceWithLetOneOrAllMandatoryFieldsAreEmpty -->
                  <span class="method-name">K04_EditServiceWithLetOneOrAllMandatoryFieldsAreEmpty</span>
                </div> <!-- method-content -->
              </div> <!-- method -->
              <div class="method">
                <div class="method-content">
                  <a name="signIn">
                  </a> <!-- signIn -->
                  <span class="method-name">signIn</span>
                </div> <!-- method-content -->
              </div> <!-- method -->
            </div> <!-- main-panel-content rounded-window-bottom -->
          </div> <!-- suite-AirpayTestSuite-class-passed -->
          <div class="suite-AirpayTestSuite-class-passed">
            <div class="main-panel-header rounded-window-top">
              <img src="passed.png"/>
              <span class="class-name">TestCases.UserApprovalTest</span>
            </div> <!-- main-panel-header rounded-window-top -->
            <div class="main-panel-content rounded-window-bottom">
              <div class="method">
                <div class="method-content">
                  <a name="O01_ClickOnApproveButtonRejectButtonWithoutSelectCheckbox">
                  </a> <!-- O01_ClickOnApproveButtonRejectButtonWithoutSelectCheckbox -->
                  <span class="method-name">O01_ClickOnApproveButtonRejectButtonWithoutSelectCheckbox</span>
                </div> <!-- method-content -->
              </div> <!-- method -->
              <div class="method">
                <div class="method-content">
                  <a name="O02_ApproveUser">
                  </a> <!-- O02_ApproveUser -->
                  <span class="method-name">O02_ApproveUser</span>
                </div> <!-- method-content -->
              </div> <!-- method -->
              <div class="method">
                <div class="method-content">
                  <a name="signIn">
                  </a> <!-- signIn -->
                  <span class="method-name">signIn</span>
                </div> <!-- method-content -->
              </div> <!-- method -->
            </div> <!-- main-panel-content rounded-window-bottom -->
          </div> <!-- suite-AirpayTestSuite-class-passed -->
          <div class="suite-AirpayTestSuite-class-passed">
            <div class="main-panel-header rounded-window-top">
              <img src="passed.png"/>
              <span class="class-name">TestCases.AuthenticationSignUpTest</span>
            </div> <!-- main-panel-header rounded-window-top -->
            <div class="main-panel-content rounded-window-bottom">
              <div class="method">
                <div class="method-content">
                  <a name="A01_SignUpWithInvalidCredential">
                  </a> <!-- A01_SignUpWithInvalidCredential -->
                  <span class="method-name">A01_SignUpWithInvalidCredential</span>
                </div> <!-- method-content -->
              </div> <!-- method -->
            </div> <!-- main-panel-content rounded-window-bottom -->
          </div> <!-- suite-AirpayTestSuite-class-passed -->
          <div class="suite-AirpayTestSuite-class-passed">
            <div class="main-panel-header rounded-window-top">
              <img src="passed.png"/>
              <span class="class-name">TestCases.UploadContractTest</span>
            </div> <!-- main-panel-header rounded-window-top -->
            <div class="main-panel-content rounded-window-bottom">
              <div class="method">
                <div class="method-content">
                  <a name="G01_UploadFile">
                  </a> <!-- G01_UploadFile -->
                  <span class="method-name">G01_UploadFile</span>
                </div> <!-- method-content -->
              </div> <!-- method -->
              <div class="method">
                <div class="method-content">
                  <a name="signIn">
                  </a> <!-- signIn -->
                  <span class="method-name">signIn</span>
                </div> <!-- method-content -->
              </div> <!-- method -->
            </div> <!-- main-panel-content rounded-window-bottom -->
          </div> <!-- suite-AirpayTestSuite-class-passed -->
        </div> <!-- panel AirpayTestSuite -->
        <div panel-name="test-xml-AirpayTestSuite" class="panel">
          <div class="main-panel-header rounded-window-top">
            <span class="header-content">/Users/fendyridwan/Documents/Project/Airpay/TestSuite.xml</span>
          </div> <!-- main-panel-header rounded-window-top -->
          <div class="main-panel-content rounded-window-bottom">
            <pre>
&lt;?xml version=&quot;1.0&quot; encoding=&quot;UTF-8&quot;?&gt;
&lt;!DOCTYPE suite SYSTEM &quot;https://testng.org/testng-1.0.dtd&quot;&gt;
&lt;suite thread-count=&quot;1&quot; guice-stage=&quot;DEVELOPMENT&quot; name=&quot;AirpayTestSuite&quot; parallel=&quot;tests&quot;&gt;
  &lt;parameter name=&quot;headless&quot; value=&quot;true&quot;/&gt;
  &lt;parameter name=&quot;browser&quot; value=&quot;chrome&quot;/&gt;
  &lt;parameter name=&quot;env&quot; value=&quot;airpay&quot;/&gt;
  &lt;test thread-count=&quot;1&quot; name=&quot;Regresion test&quot; parallel=&quot;tests&quot; group-by-instances=&quot;true&quot;&gt;
    &lt;classes&gt;
      &lt;class name=&quot;TestCases.AuthenticationSignUpTest&quot;&gt;
        &lt;methods&gt;
          &lt;include name=&quot;A01_SignUpWithInvalidCredential&quot;/&gt;
        &lt;/methods&gt;
      &lt;/class&gt; &lt;!-- TestCases.AuthenticationSignUpTest --&gt;
      &lt;class name=&quot;TestCases.AuthenticationSignUpTest2&quot;&gt;
        &lt;methods&gt;
          &lt;include name=&quot;A02_SignUpWithValidCredential&quot;/&gt;
          &lt;include name=&quot;A03_SecondStepSignUp&quot;/&gt;
          &lt;include name=&quot;A04_ThirdStepSignUp&quot;/&gt;
          &lt;include name=&quot;A05_FouthStepofSignUp&quot;/&gt;
          &lt;include name=&quot;A06_VerifyEmailPage&quot;/&gt;
        &lt;/methods&gt;
      &lt;/class&gt; &lt;!-- TestCases.AuthenticationSignUpTest2 --&gt;
      &lt;class name=&quot;TestCases.AuthenticationSignInTest&quot;&gt;
        &lt;methods&gt;
          &lt;include name=&quot;B01_LoginWithInvalidCredential&quot;/&gt;
          &lt;include name=&quot;B02_LoginWithUnverifiedUserAccount&quot;/&gt;
          &lt;include name=&quot;B03_LoginWithVerifiedUserAccount&quot;/&gt;
        &lt;/methods&gt;
      &lt;/class&gt; &lt;!-- TestCases.AuthenticationSignInTest --&gt;
      &lt;class name=&quot;TestCases.ForgetPasswordTest&quot;&gt;
        &lt;methods&gt;
          &lt;include name=&quot;C01_UnverifiedUserTryToForgetPassword&quot;/&gt;
          &lt;include name=&quot;C02_ForgetPasswordWithInvalidEmailCredential&quot;/&gt;
          &lt;include name=&quot;C03_ForgetPasswordWithValidEmailCredential&quot;/&gt;
        &lt;/methods&gt;
      &lt;/class&gt; &lt;!-- TestCases.ForgetPasswordTest --&gt;
      &lt;class name=&quot;TestCases.EditProfileTest&quot;&gt;
        &lt;methods&gt;
          &lt;include name=&quot;signIn&quot;/&gt;
          &lt;include name=&quot;E01_AccessEditProfileBasicInformationTab&quot;/&gt;
          &lt;include name=&quot;E02_AccessEditProfileSupportingDocumentTab&quot;/&gt;
          &lt;include name=&quot;E03_LetMandatoryFieldIsEmptyBasicInfoTab&quot;/&gt;
          &lt;include name=&quot;E04_LetMandatoryFieldIsEmptySupportingDocTab&quot;/&gt;
        &lt;/methods&gt;
      &lt;/class&gt; &lt;!-- TestCases.EditProfileTest --&gt;
      &lt;class name=&quot;TestCases.UpdatePasswordTest&quot;&gt;
        &lt;methods&gt;
          &lt;include name=&quot;signIn&quot;/&gt;
          &lt;include name=&quot;F01_UpdatePasswordWithIncorrectCurrentPassword&quot;/&gt;
          &lt;include name=&quot;F02_UpdatePasswordWithNewPasswordAndCoPasswordAreDifferent&quot;/&gt;
          &lt;include name=&quot;F03_UpdatePasswordWithCorrectInput&quot;/&gt;
        &lt;/methods&gt;
      &lt;/class&gt; &lt;!-- TestCases.UpdatePasswordTest --&gt;
      &lt;class name=&quot;TestCases.UploadContractTest&quot;&gt;
        &lt;methods&gt;
          &lt;include name=&quot;signIn&quot;/&gt;
          &lt;include name=&quot;G01_UploadFile&quot;/&gt;
          &lt;include name=&quot;G02_DownloadFile&quot;/&gt;
        &lt;/methods&gt;
      &lt;/class&gt; &lt;!-- TestCases.UploadContractTest --&gt;
      &lt;class name=&quot;TestCases.DocumentationTest&quot;&gt;
        &lt;methods&gt;
          &lt;include name=&quot;signIn&quot;/&gt;
          &lt;include name=&quot;H01_GettingStarted&quot;/&gt;
          &lt;include name=&quot;H02_MerchantOnBoarding&quot;/&gt;
          &lt;include name=&quot;H03_ServiceOnBoarding&quot;/&gt;
          &lt;include name=&quot;H04_Integration&quot;/&gt;
          &lt;include name=&quot;H05_Reporting&quot;/&gt;
          &lt;include name=&quot;H06_FAQ&quot;/&gt;
        &lt;/methods&gt;
      &lt;/class&gt; &lt;!-- TestCases.DocumentationTest --&gt;
      &lt;class name=&quot;TestCases.AddServiceTest&quot;&gt;
        &lt;methods&gt;
          &lt;include name=&quot;signIn&quot;/&gt;
          &lt;include name=&quot;J01_FirstStepAddService&quot;/&gt;
          &lt;include name=&quot;J02_SecondStepService&quot;/&gt;
          &lt;include name=&quot;J03_ThirdStepService&quot;/&gt;
          &lt;include name=&quot;J04_FourthStepService&quot;/&gt;
          &lt;include name=&quot;J05_FifthStepService&quot;/&gt;
          &lt;include name=&quot;J06_SixthStepService&quot;/&gt;
        &lt;/methods&gt;
      &lt;/class&gt; &lt;!-- TestCases.AddServiceTest --&gt;
      &lt;class name=&quot;TestCases.ServiceManagementTest&quot;&gt;
        &lt;methods&gt;
          &lt;include name=&quot;signIn&quot;/&gt;
          &lt;include name=&quot;R01_ViewServiceManagement&quot;/&gt;
          &lt;include name=&quot;R02_SearchServiceManagement&quot;/&gt;
          &lt;include name=&quot;R03_ApproveService&quot;/&gt;
          &lt;include name=&quot;R04_RejectService&quot;/&gt;
        &lt;/methods&gt;
      &lt;/class&gt; &lt;!-- TestCases.ServiceManagementTest --&gt;
      &lt;class name=&quot;TestCases.ListServiceTest&quot;&gt;
        &lt;methods&gt;
          &lt;include name=&quot;signIn&quot;/&gt;
          &lt;include name=&quot;K01_AccessListServicePage&quot;/&gt;
          &lt;include name=&quot;K02_ActivateService&quot;/&gt;
          &lt;include name=&quot;K03_DeactiveService&quot;/&gt;
          &lt;include name=&quot;K04_EditServiceWithLetOneOrAllMandatoryFieldsAreEmpty&quot;/&gt;
          &lt;include name=&quot;K05_EditServiceWithAllMandatoryFieldsAreFilled&quot;/&gt;
        &lt;/methods&gt;
      &lt;/class&gt; &lt;!-- TestCases.ListServiceTest --&gt;
      &lt;class name=&quot;TestCases.InviteUserTest&quot;&gt;
        &lt;methods&gt;
          &lt;include name=&quot;signIn&quot;/&gt;
          &lt;include name=&quot;N01_InviteUserWithAllMandatoryAreEmpty&quot;/&gt;
          &lt;include name=&quot;N02_InviteTakenUsernameOrTakenEmailAddress&quot;/&gt;
          &lt;include name=&quot;N03_InviteUserWithValidCredential&quot;/&gt;
        &lt;/methods&gt;
      &lt;/class&gt; &lt;!-- TestCases.InviteUserTest --&gt;
      &lt;class name=&quot;TestCases.UserApprovalTest&quot;&gt;
        &lt;methods&gt;
          &lt;include name=&quot;signIn&quot;/&gt;
          &lt;include name=&quot;O01_ClickOnApproveButtonRejectButtonWithoutSelectCheckbox&quot;/&gt;
          &lt;include name=&quot;O02_RejectUser&quot;/&gt;
          &lt;include name=&quot;O02_ApproveUser&quot;/&gt;
        &lt;/methods&gt;
      &lt;/class&gt; &lt;!-- TestCases.UserApprovalTest --&gt;
    &lt;/classes&gt;
  &lt;/test&gt; &lt;!-- Regresion test --&gt;
&lt;/suite&gt; &lt;!-- AirpayTestSuite --&gt;
            </pre>
          </div> <!-- main-panel-content rounded-window-bottom -->
        </div> <!-- panel -->
        <div panel-name="testlist-AirpayTestSuite" class="panel">
          <div class="main-panel-header rounded-window-top">
            <span class="header-content">Tests for AirpayTestSuite</span>
          </div> <!-- main-panel-header rounded-window-top -->
          <div class="main-panel-content rounded-window-bottom">
            <ul>
              <li>
                <span class="test-name">Regresion test (13 classes)</span>
              </li>
            </ul>
          </div> <!-- main-panel-content rounded-window-bottom -->
        </div> <!-- panel -->
        <div panel-name="group-AirpayTestSuite" class="panel">
          <div class="main-panel-header rounded-window-top">
            <span class="header-content">Groups for AirpayTestSuite</span>
          </div> <!-- main-panel-header rounded-window-top -->
          <div class="main-panel-content rounded-window-bottom">
          </div> <!-- main-panel-content rounded-window-bottom -->
        </div> <!-- panel -->
        <div panel-name="times-AirpayTestSuite" class="panel">
          <div class="main-panel-header rounded-window-top">
            <span class="header-content">Times for AirpayTestSuite</span>
          </div> <!-- main-panel-header rounded-window-top -->
          <div class="main-panel-content rounded-window-bottom">
            <div class="times-div">
              <script type="text/javascript">
suiteTableInitFunctions.push('tableData_AirpayTestSuite');
function tableData_AirpayTestSuite() {
var data = new google.visualization.DataTable();
data.addColumn('number', 'Number');
data.addColumn('string', 'Method');
data.addColumn('string', 'Class');
data.addColumn('number', 'Time (ms)');
data.addRows(56);
data.setCell(0, 0, 0)
data.setCell(0, 1, 'A02_SignUpWithValidCredential')
data.setCell(0, 2, 'TestCases.AuthenticationSignUpTest2')
data.setCell(0, 3, 28812);
data.setCell(1, 0, 1)
data.setCell(1, 1, 'K04_EditServiceWithLetOneOrAllMandatoryFieldsAreEmpty')
data.setCell(1, 2, 'TestCases.ListServiceTest')
data.setCell(1, 3, 16920);
data.setCell(2, 0, 2)
data.setCell(2, 1, 'K05_EditServiceWithAllMandatoryFieldsAreFilled')
data.setCell(2, 2, 'TestCases.ListServiceTest')
data.setCell(2, 3, 10688);
data.setCell(3, 0, 3)
data.setCell(3, 1, 'J01_FirstStepAddService')
data.setCell(3, 2, 'TestCases.AddServiceTest')
data.setCell(3, 3, 10526);
data.setCell(4, 0, 4)
data.setCell(4, 1, 'N02_InviteTakenUsernameOrTakenEmailAddress')
data.setCell(4, 2, 'TestCases.InviteUserTest')
data.setCell(4, 3, 10494);
data.setCell(5, 0, 5)
data.setCell(5, 1, 'N03_InviteUserWithValidCredential')
data.setCell(5, 2, 'TestCases.InviteUserTest')
data.setCell(5, 3, 10442);
data.setCell(6, 0, 6)
data.setCell(6, 1, 'J02_SecondStepService')
data.setCell(6, 2, 'TestCases.AddServiceTest')
data.setCell(6, 3, 10405);
data.setCell(7, 0, 7)
data.setCell(7, 1, 'J03_ThirdStepService')
data.setCell(7, 2, 'TestCases.AddServiceTest')
data.setCell(7, 3, 10385);
data.setCell(8, 0, 8)
data.setCell(8, 1, 'N01_InviteUserWithAllMandatoryAreEmpty')
data.setCell(8, 2, 'TestCases.InviteUserTest')
data.setCell(8, 3, 10361);
data.setCell(9, 0, 9)
data.setCell(9, 1, 'R04_RejectService')
data.setCell(9, 2, 'TestCases.ServiceManagementTest')
data.setCell(9, 3, 9107);
data.setCell(10, 0, 10)
data.setCell(10, 1, 'K02_ActivateService')
data.setCell(10, 2, 'TestCases.ListServiceTest')
data.setCell(10, 3, 8617);
data.setCell(11, 0, 11)
data.setCell(11, 1, 'A06_VerifyEmailPage')
data.setCell(11, 2, 'TestCases.AuthenticationSignUpTest2')
data.setCell(11, 3, 7107);
data.setCell(12, 0, 12)
data.setCell(12, 1, 'A01_SignUpWithInvalidCredential')
data.setCell(12, 2, 'TestCases.AuthenticationSignUpTest')
data.setCell(12, 3, 6593);
data.setCell(13, 0, 13)
data.setCell(13, 1, 'A05_FouthStepofSignUp')
data.setCell(13, 2, 'TestCases.AuthenticationSignUpTest2')
data.setCell(13, 3, 6192);
data.setCell(14, 0, 14)
data.setCell(14, 1, 'K01_AccessListServicePage')
data.setCell(14, 2, 'TestCases.ListServiceTest')
data.setCell(14, 3, 5907);
data.setCell(15, 0, 15)
data.setCell(15, 1, 'R02_SearchServiceManagement')
data.setCell(15, 2, 'TestCases.ServiceManagementTest')
data.setCell(15, 3, 4942);
data.setCell(16, 0, 16)
data.setCell(16, 1, 'K03_DeactiveService')
data.setCell(16, 2, 'TestCases.ListServiceTest')
data.setCell(16, 3, 4649);
data.setCell(17, 0, 17)
data.setCell(17, 1, 'signIn')
data.setCell(17, 2, 'TestCases.ListServiceTest')
data.setCell(17, 3, 4640);
data.setCell(18, 0, 18)
data.setCell(18, 1, 'signIn')
data.setCell(18, 2, 'TestCases.InviteUserTest')
data.setCell(18, 3, 4459);
data.setCell(19, 0, 19)
data.setCell(19, 1, 'E04_LetMandatoryFieldIsEmptySupportingDocTab')
data.setCell(19, 2, 'TestCases.EditProfileTest')
data.setCell(19, 3, 4364);
data.setCell(20, 0, 20)
data.setCell(20, 1, 'signIn')
data.setCell(20, 2, 'TestCases.ServiceManagementTest')
data.setCell(20, 3, 4287);
data.setCell(21, 0, 21)
data.setCell(21, 1, 'E03_LetMandatoryFieldIsEmptyBasicInfoTab')
data.setCell(21, 2, 'TestCases.EditProfileTest')
data.setCell(21, 3, 4244);
data.setCell(22, 0, 22)
data.setCell(22, 1, 'signIn')
data.setCell(22, 2, 'TestCases.UserApprovalTest')
data.setCell(22, 3, 4194);
data.setCell(23, 0, 23)
data.setCell(23, 1, 'O01_ClickOnApproveButtonRejectButtonWithoutSelectCheckbox')
data.setCell(23, 2, 'TestCases.UserApprovalTest')
data.setCell(23, 3, 3965);
data.setCell(24, 0, 24)
data.setCell(24, 1, 'signIn')
data.setCell(24, 2, 'TestCases.UploadContractTest')
data.setCell(24, 3, 3923);
data.setCell(25, 0, 25)
data.setCell(25, 1, 'signIn')
data.setCell(25, 2, 'TestCases.AddServiceTest')
data.setCell(25, 3, 3897);
data.setCell(26, 0, 26)
data.setCell(26, 1, 'B03_LoginWithVerifiedUserAccount')
data.setCell(26, 2, 'TestCases.AuthenticationSignInTest')
data.setCell(26, 3, 3814);
data.setCell(27, 0, 27)
data.setCell(27, 1, 'signIn')
data.setCell(27, 2, 'TestCases.DocumentationTest')
data.setCell(27, 3, 3765);
data.setCell(28, 0, 28)
data.setCell(28, 1, 'signIn')
data.setCell(28, 2, 'TestCases.EditProfileTest')
data.setCell(28, 3, 3623);
data.setCell(29, 0, 29)
data.setCell(29, 1, 'signIn')
data.setCell(29, 2, 'TestCases.UpdatePasswordTest')
data.setCell(29, 3, 3551);
data.setCell(30, 0, 30)
data.setCell(30, 1, 'C03_ForgetPasswordWithValidEmailCredential')
data.setCell(30, 2, 'TestCases.ForgetPasswordTest')
data.setCell(30, 3, 3358);
data.setCell(31, 0, 31)
data.setCell(31, 1, 'F01_UpdatePasswordWithIncorrectCurrentPassword')
data.setCell(31, 2, 'TestCases.UpdatePasswordTest')
data.setCell(31, 3, 2771);
data.setCell(32, 0, 32)
data.setCell(32, 1, 'G01_UploadFile')
data.setCell(32, 2, 'TestCases.UploadContractTest')
data.setCell(32, 3, 2524);
data.setCell(33, 0, 33)
data.setCell(33, 1, 'O02_ApproveUser')
data.setCell(33, 2, 'TestCases.UserApprovalTest')
data.setCell(33, 3, 2165);
data.setCell(34, 0, 34)
data.setCell(34, 1, 'F02_UpdatePasswordWithNewPasswordAndCoPasswordAreDifferent')
data.setCell(34, 2, 'TestCases.UpdatePasswordTest')
data.setCell(34, 3, 1992);
data.setCell(35, 0, 35)
data.setCell(35, 1, 'A03_SecondStepSignUp')
data.setCell(35, 2, 'TestCases.AuthenticationSignUpTest2')
data.setCell(35, 3, 1930);
data.setCell(36, 0, 36)
data.setCell(36, 1, 'B02_LoginWithUnverifiedUserAccount')
data.setCell(36, 2, 'TestCases.AuthenticationSignInTest')
data.setCell(36, 3, 1561);
data.setCell(37, 0, 37)
data.setCell(37, 1, 'E01_AccessEditProfileBasicInformationTab')
data.setCell(37, 2, 'TestCases.EditProfileTest')
data.setCell(37, 3, 1544);
data.setCell(38, 0, 38)
data.setCell(38, 1, 'R01_ViewServiceManagement')
data.setCell(38, 2, 'TestCases.ServiceManagementTest')
data.setCell(38, 3, 1543);
data.setCell(39, 0, 39)
data.setCell(39, 1, 'B01_LoginWithInvalidCredential')
data.setCell(39, 2, 'TestCases.AuthenticationSignInTest')
data.setCell(39, 3, 1115);
data.setCell(40, 0, 40)
data.setCell(40, 1, 'J04_FourthStepService')
data.setCell(40, 2, 'TestCases.AddServiceTest')
data.setCell(40, 3, 1026);
data.setCell(41, 0, 41)
data.setCell(41, 1, 'H06_FAQ')
data.setCell(41, 2, 'TestCases.DocumentationTest')
data.setCell(41, 3, 816);
data.setCell(42, 0, 42)
data.setCell(42, 1, 'A04_ThirdStepSignUp')
data.setCell(42, 2, 'TestCases.AuthenticationSignUpTest2')
data.setCell(42, 3, 810);
data.setCell(43, 0, 43)
data.setCell(43, 1, 'C01_UnverifiedUserTryToForgetPassword')
data.setCell(43, 2, 'TestCases.ForgetPasswordTest')
data.setCell(43, 3, 766);
data.setCell(44, 0, 44)
data.setCell(44, 1, 'F03_UpdatePasswordWithCorrectInput')
data.setCell(44, 2, 'TestCases.UpdatePasswordTest')
data.setCell(44, 3, 757);
data.setCell(45, 0, 45)
data.setCell(45, 1, 'G02_DownloadFile')
data.setCell(45, 2, 'TestCases.UploadContractTest')
data.setCell(45, 3, 646);
data.setCell(46, 0, 46)
data.setCell(46, 1, 'R03_ApproveService')
data.setCell(46, 2, 'TestCases.ServiceManagementTest')
data.setCell(46, 3, 612);
data.setCell(47, 0, 47)
data.setCell(47, 1, 'H04_Integration')
data.setCell(47, 2, 'TestCases.DocumentationTest')
data.setCell(47, 3, 593);
data.setCell(48, 0, 48)
data.setCell(48, 1, 'H01_GettingStarted')
data.setCell(48, 2, 'TestCases.DocumentationTest')
data.setCell(48, 3, 488);
data.setCell(49, 0, 49)
data.setCell(49, 1, 'C02_ForgetPasswordWithInvalidEmailCredential')
data.setCell(49, 2, 'TestCases.ForgetPasswordTest')
data.setCell(49, 3, 446);
data.setCell(50, 0, 50)
data.setCell(50, 1, 'H02_MerchantOnBoarding')
data.setCell(50, 2, 'TestCases.DocumentationTest')
data.setCell(50, 3, 245);
data.setCell(51, 0, 51)
data.setCell(51, 1, 'H03_ServiceOnBoarding')
data.setCell(51, 2, 'TestCases.DocumentationTest')
data.setCell(51, 3, 244);
data.setCell(52, 0, 52)
data.setCell(52, 1, 'H05_Reporting')
data.setCell(52, 2, 'TestCases.DocumentationTest')
data.setCell(52, 3, 220);
data.setCell(53, 0, 53)
data.setCell(53, 1, 'E02_AccessEditProfileSupportingDocumentTab')
data.setCell(53, 2, 'TestCases.EditProfileTest')
data.setCell(53, 3, 169);
data.setCell(54, 0, 54)
data.setCell(54, 1, 'J05_FifthStepService')
data.setCell(54, 2, 'TestCases.AddServiceTest')
data.setCell(54, 3, 0);
data.setCell(55, 0, 55)
data.setCell(55, 1, 'J06_SixthStepService')
data.setCell(55, 2, 'TestCases.AddServiceTest')
data.setCell(55, 3, 0);
window.suiteTableData['AirpayTestSuite']= { tableData: data, tableDiv: 'times-div-AirpayTestSuite'}
return data;
}
              </script>
              <span class="suite-total-time">Total running time: 4 minutes</span>
              <div id="times-div-AirpayTestSuite">
              </div> <!-- times-div-AirpayTestSuite -->
            </div> <!-- times-div -->
          </div> <!-- main-panel-content rounded-window-bottom -->
        </div> <!-- panel -->
        <div panel-name="reporter-AirpayTestSuite" class="panel">
          <div class="main-panel-header rounded-window-top">
            <span class="header-content">Reporter output for AirpayTestSuite</span>
          </div> <!-- main-panel-header rounded-window-top -->
          <div class="main-panel-content rounded-window-bottom">
          </div> <!-- main-panel-content rounded-window-bottom -->
        </div> <!-- panel -->
        <div panel-name="ignored-methods-AirpayTestSuite" class="panel">
          <div class="main-panel-header rounded-window-top">
            <span class="header-content">26 ignored methods</span>
          </div> <!-- main-panel-header rounded-window-top -->
          <div class="main-panel-content rounded-window-bottom">
            <div class="ignored-class-div">
              <span class="ignored-class-name">TestCases.UpdatePasswordTest</span>
              <div class="ignored-methods-div">
                <span class="ignored-method-name">settupTestingData</span>
                <br/>
                <span class="ignored-method-name">deleteScreenShot</span>
                <br/>
              </div> <!-- ignored-methods-div -->
            </div> <!-- ignored-class-div -->
            <div class="ignored-class-div">
              <span class="ignored-class-name">TestCases.EditProfileTest</span>
              <div class="ignored-methods-div">
                <span class="ignored-method-name">settupTestingData</span>
                <br/>
                <span class="ignored-method-name">deleteScreenShot</span>
                <br/>
              </div> <!-- ignored-methods-div -->
            </div> <!-- ignored-class-div -->
            <div class="ignored-class-div">
              <span class="ignored-class-name">TestCases.AuthenticationSignUpTest2</span>
              <div class="ignored-methods-div">
                <span class="ignored-method-name">settupTestingData</span>
                <br/>
                <span class="ignored-method-name">A07_EmailVerificationSuccess</span>
                <br/>
                <span class="ignored-method-name">deleteScreenShot</span>
                <br/>
              </div> <!-- ignored-methods-div -->
            </div> <!-- ignored-class-div -->
            <div class="ignored-class-div">
              <span class="ignored-class-name">TestCases.AddServiceTest</span>
              <div class="ignored-methods-div">
                <span class="ignored-method-name">settupTestingData</span>
                <br/>
                <span class="ignored-method-name">deleteScreenShot</span>
                <br/>
              </div> <!-- ignored-methods-div -->
            </div> <!-- ignored-class-div -->
            <div class="ignored-class-div">
              <span class="ignored-class-name">TestCases.AuthenticationSignInTest</span>
              <div class="ignored-methods-div">
                <span class="ignored-method-name">settupTestingData</span>
                <br/>
                <span class="ignored-method-name">deleteScreenShot</span>
                <br/>
              </div> <!-- ignored-methods-div -->
            </div> <!-- ignored-class-div -->
            <div class="ignored-class-div">
              <span class="ignored-class-name">TestCases.InviteUserTest</span>
              <div class="ignored-methods-div">
                <span class="ignored-method-name">settupTestingData</span>
                <br/>
                <span class="ignored-method-name">deleteScreenShot</span>
                <br/>
              </div> <!-- ignored-methods-div -->
            </div> <!-- ignored-class-div -->
            <div class="ignored-class-div">
              <span class="ignored-class-name">TestCases.ForgetPasswordTest</span>
              <div class="ignored-methods-div">
                <span class="ignored-method-name">settupTestingData</span>
                <br/>
                <span class="ignored-method-name">deleteScreenShot</span>
                <br/>
              </div> <!-- ignored-methods-div -->
            </div> <!-- ignored-class-div -->
            <div class="ignored-class-div">
              <span class="ignored-class-name">TestCases.DocumentationTest</span>
              <div class="ignored-methods-div">
                <span class="ignored-method-name">settupTestingData</span>
                <br/>
                <span class="ignored-method-name">deleteScreenShot</span>
                <br/>
              </div> <!-- ignored-methods-div -->
            </div> <!-- ignored-class-div -->
            <div class="ignored-class-div">
              <span class="ignored-class-name">TestCases.ListServiceTest</span>
              <div class="ignored-methods-div">
                <span class="ignored-method-name">settupTestingData</span>
                <br/>
                <span class="ignored-method-name">deleteScreenShot</span>
                <br/>
              </div> <!-- ignored-methods-div -->
            </div> <!-- ignored-class-div -->
            <div class="ignored-class-div">
              <span class="ignored-class-name">TestCases.ServiceManagementTest</span>
              <div class="ignored-methods-div">
                <span class="ignored-method-name">settupTestingData</span>
                <br/>
                <span class="ignored-method-name">deleteScreenShot</span>
                <br/>
              </div> <!-- ignored-methods-div -->
            </div> <!-- ignored-class-div -->
            <div class="ignored-class-div">
              <span class="ignored-class-name">TestCases.UserApprovalTest</span>
              <div class="ignored-methods-div">
                <span class="ignored-method-name">O02_RejectUser</span>
                <br/>
                <span class="ignored-method-name">settupTestingData</span>
                <br/>
                <span class="ignored-method-name">deleteScreenShot</span>
                <br/>
              </div> <!-- ignored-methods-div -->
            </div> <!-- ignored-class-div -->
            <div class="ignored-class-div">
              <span class="ignored-class-name">TestCases.UploadContractTest</span>
              <div class="ignored-methods-div">
                <span class="ignored-method-name">settupTestingData</span>
                <br/>
                <span class="ignored-method-name">deleteScreenShot</span>
                <br/>
              </div> <!-- ignored-methods-div -->
            </div> <!-- ignored-class-div -->
          </div> <!-- main-panel-content rounded-window-bottom -->
        </div> <!-- panel -->
        <div panel-name="chronological-AirpayTestSuite" class="panel">
          <div class="main-panel-header rounded-window-top">
            <span class="header-content">Methods in chronological order</span>
          </div> <!-- main-panel-header rounded-window-top -->
          <div class="main-panel-content rounded-window-bottom">
            <div class="chronological-class">
              <div class="chronological-class-name">TestCases.AuthenticationSignUpTest</div> <!-- chronological-class-name -->
              <div class="configuration-suite before">
                <span class="method-name">deleteScreenShot</span>
                <span class="method-start">0 ms</span>
              </div> <!-- configuration-suite before -->
              <div class="configuration-suite before">
                <span class="method-name">settupTestingData</span>
                <span class="method-start">78 ms</span>
              </div> <!-- configuration-suite before -->
              <div class="configuration-class before">
                <span class="method-name">setBaseConfig(chrome, true, airpay)</span>
                <span class="method-start">481 ms</span>
              </div> <!-- configuration-class before -->
              <div class="test-method">
                <span class="method-name">A01_SignUpWithInvalidCredential</span>
                <span class="method-start">5189 ms</span>
              </div> <!-- test-method -->
              <div class="configuration-class after">
                <span class="method-name">quitDriver</span>
                <span class="method-start">11801 ms</span>
              </div> <!-- configuration-class after -->
            </div> <!-- chronological-class -->
            <div class="chronological-class">
              <div class="chronological-class-name">TestCases.AuthenticationSignUpTest2</div> <!-- chronological-class-name -->
              <div class="configuration-class before">
                <span class="method-name">setBaseConfig(chrome, true, airpay)</span>
                <span class="method-start">11940 ms</span>
              </div> <!-- configuration-class before -->
              <div class="test-method">
                <span class="method-name">A02_SignUpWithValidCredential</span>
                <span class="method-start">14006 ms</span>
              </div> <!-- test-method -->
              <div class="test-method">
                <span class="method-name">A03_SecondStepSignUp</span>
                <span class="method-start">42827 ms</span>
              </div> <!-- test-method -->
              <div class="test-method">
                <span class="method-name">A04_ThirdStepSignUp</span>
                <span class="method-start">44760 ms</span>
              </div> <!-- test-method -->
              <div class="test-method">
                <span class="method-name">A05_FouthStepofSignUp</span>
                <span class="method-start">45574 ms</span>
              </div> <!-- test-method -->
              <div class="test-method">
                <span class="method-name">A06_VerifyEmailPage</span>
                <span class="method-start">51775 ms</span>
              </div> <!-- test-method -->
              <div class="configuration-class after">
                <span class="method-name">quitDriver</span>
                <span class="method-start">58885 ms</span>
              </div> <!-- configuration-class after -->
            </div> <!-- chronological-class -->
            <div class="chronological-class">
              <div class="chronological-class-name">TestCases.AuthenticationSignInTest</div> <!-- chronological-class-name -->
              <div class="configuration-class before">
                <span class="method-name">setBaseConfig(chrome, true, airpay)</span>
                <span class="method-start">58963 ms</span>
              </div> <!-- configuration-class before -->
              <div class="test-method">
                <span class="method-name">B01_LoginWithInvalidCredential</span>
                <span class="method-start">61173 ms</span>
              </div> <!-- test-method -->
              <div class="test-method">
                <span class="method-name">B02_LoginWithUnverifiedUserAccount</span>
                <span class="method-start">62291 ms</span>
              </div> <!-- test-method -->
              <div class="test-method">
                <span class="method-name">B03_LoginWithVerifiedUserAccount</span>
                <span class="method-start">63858 ms</span>
              </div> <!-- test-method -->
              <div class="configuration-class after">
                <span class="method-name">quitDriver</span>
                <span class="method-start">67674 ms</span>
              </div> <!-- configuration-class after -->
            </div> <!-- chronological-class -->
            <div class="chronological-class">
              <div class="chronological-class-name">TestCases.ForgetPasswordTest</div> <!-- chronological-class-name -->
              <div class="configuration-class before">
                <span class="method-name">setBaseConfig(chrome, true, airpay)</span>
                <span class="method-start">67757 ms</span>
              </div> <!-- configuration-class before -->
              <div class="test-method">
                <span class="method-name">C01_UnverifiedUserTryToForgetPassword</span>
                <span class="method-start">70093 ms</span>
              </div> <!-- test-method -->
              <div class="test-method">
                <span class="method-name">C02_ForgetPasswordWithInvalidEmailCredential</span>
                <span class="method-start">70862 ms</span>
              </div> <!-- test-method -->
              <div class="test-method">
                <span class="method-name">C03_ForgetPasswordWithValidEmailCredential</span>
                <span class="method-start">71312 ms</span>
              </div> <!-- test-method -->
              <div class="configuration-class after">
                <span class="method-name">quitDriver</span>
                <span class="method-start">74672 ms</span>
              </div> <!-- configuration-class after -->
            </div> <!-- chronological-class -->
            <div class="chronological-class">
              <div class="chronological-class-name">TestCases.EditProfileTest</div> <!-- chronological-class-name -->
              <div class="configuration-class before">
                <span class="method-name">setBaseConfig(chrome, true, airpay)</span>
                <span class="method-start">74752 ms</span>
              </div> <!-- configuration-class before -->
              <div class="test-method">
                <span class="method-name">signIn</span>
                <span class="method-start">77317 ms</span>
              </div> <!-- test-method -->
              <div class="test-method">
                <span class="method-name">E01_AccessEditProfileBasicInformationTab</span>
                <span class="method-start">80947 ms</span>
              </div> <!-- test-method -->
              <div class="test-method">
                <span class="method-name">E02_AccessEditProfileSupportingDocumentTab</span>
                <span class="method-start">82496 ms</span>
              </div> <!-- test-method -->
              <div class="test-method">
                <span class="method-name">E03_LetMandatoryFieldIsEmptyBasicInfoTab</span>
                <span class="method-start">82668 ms</span>
              </div> <!-- test-method -->
              <div class="test-method">
                <span class="method-name">E04_LetMandatoryFieldIsEmptySupportingDocTab</span>
                <span class="method-start">86914 ms</span>
              </div> <!-- test-method -->
              <div class="configuration-class after">
                <span class="method-name">quitDriver</span>
                <span class="method-start">91280 ms</span>
              </div> <!-- configuration-class after -->
            </div> <!-- chronological-class -->
            <div class="chronological-class">
              <div class="chronological-class-name">TestCases.UpdatePasswordTest</div> <!-- chronological-class-name -->
              <div class="configuration-class before">
                <span class="method-name">setBaseConfig(chrome, true, airpay)</span>
                <span class="method-start">91369 ms</span>
              </div> <!-- configuration-class before -->
              <div class="test-method">
                <span class="method-name">signIn</span>
                <span class="method-start">95077 ms</span>
              </div> <!-- test-method -->
              <div class="test-method">
                <span class="method-name">F01_UpdatePasswordWithIncorrectCurrentPassword</span>
                <span class="method-start">98637 ms</span>
              </div> <!-- test-method -->
              <div class="test-method">
                <span class="method-name">F02_UpdatePasswordWithNewPasswordAndCoPasswordAreDifferent</span>
                <span class="method-start">101413 ms</span>
              </div> <!-- test-method -->
              <div class="test-method">
                <img src="failed.png">
                </img>
                <span class="method-name">F03_UpdatePasswordWithCorrectInput</span>
                <span class="method-start">103408 ms</span>
              </div> <!-- test-method -->
              <div class="configuration-class after">
                <span class="method-name">quitDriver</span>
                <span class="method-start">104582 ms</span>
              </div> <!-- configuration-class after -->
            </div> <!-- chronological-class -->
            <div class="chronological-class">
              <div class="chronological-class-name">TestCases.UploadContractTest</div> <!-- chronological-class-name -->
              <div class="configuration-class before">
                <span class="method-name">setBaseConfig(chrome, true, airpay)</span>
                <span class="method-start">104673 ms</span>
              </div> <!-- configuration-class before -->
              <div class="test-method">
                <span class="method-name">signIn</span>
                <span class="method-start">107770 ms</span>
              </div> <!-- test-method -->
              <div class="test-method">
                <span class="method-name">G01_UploadFile</span>
                <span class="method-start">111699 ms</span>
              </div> <!-- test-method -->
              <div class="test-method">
                <img src="failed.png">
                </img>
                <span class="method-name">G02_DownloadFile</span>
                <span class="method-start">114225 ms</span>
              </div> <!-- test-method -->
              <div class="configuration-class after">
                <span class="method-name">quitDriver</span>
                <span class="method-start">115276 ms</span>
              </div> <!-- configuration-class after -->
            </div> <!-- chronological-class -->
            <div class="chronological-class">
              <div class="chronological-class-name">TestCases.DocumentationTest</div> <!-- chronological-class-name -->
              <div class="configuration-class before">
                <span class="method-name">setBaseConfig(chrome, true, airpay)</span>
                <span class="method-start">115362 ms</span>
              </div> <!-- configuration-class before -->
              <div class="test-method">
                <span class="method-name">signIn</span>
                <span class="method-start">118506 ms</span>
              </div> <!-- test-method -->
              <div class="test-method">
                <span class="method-name">H01_GettingStarted</span>
                <span class="method-start">122278 ms</span>
              </div> <!-- test-method -->
              <div class="test-method">
                <span class="method-name">H02_MerchantOnBoarding</span>
                <span class="method-start">122768 ms</span>
              </div> <!-- test-method -->
              <div class="test-method">
                <span class="method-name">H03_ServiceOnBoarding</span>
                <span class="method-start">123015 ms</span>
              </div> <!-- test-method -->
              <div class="test-method">
                <span class="method-name">H04_Integration</span>
                <span class="method-start">123261 ms</span>
              </div> <!-- test-method -->
              <div class="test-method">
                <span class="method-name">H05_Reporting</span>
                <span class="method-start">123856 ms</span>
              </div> <!-- test-method -->
              <div class="test-method">
                <span class="method-name">H06_FAQ</span>
                <span class="method-start">124077 ms</span>
              </div> <!-- test-method -->
              <div class="configuration-class after">
                <span class="method-name">quitDriver</span>
                <span class="method-start">124895 ms</span>
              </div> <!-- configuration-class after -->
            </div> <!-- chronological-class -->
            <div class="chronological-class">
              <div class="chronological-class-name">TestCases.AddServiceTest</div> <!-- chronological-class-name -->
              <div class="configuration-class before">
                <span class="method-name">setBaseConfig(chrome, true, airpay)</span>
                <span class="method-start">124980 ms</span>
              </div> <!-- configuration-class before -->
              <div class="test-method">
                <span class="method-name">signIn</span>
                <span class="method-start">127110 ms</span>
              </div> <!-- test-method -->
              <div class="test-method">
                <img src="failed.png">
                </img>
                <span class="method-name">J01_FirstStepAddService</span>
                <span class="method-start">131011 ms</span>
              </div> <!-- test-method -->
              <div class="test-method">
                <img src="failed.png">
                </img>
                <span class="method-name">J02_SecondStepService</span>
                <span class="method-start">141921 ms</span>
              </div> <!-- test-method -->
              <div class="test-method">
                <img src="failed.png">
                </img>
                <span class="method-name">J03_ThirdStepService</span>
                <span class="method-start">152699 ms</span>
              </div> <!-- test-method -->
              <div class="test-method">
                <img src="failed.png">
                </img>
                <span class="method-name">J04_FourthStepService</span>
                <span class="method-start">163460 ms</span>
              </div> <!-- test-method -->
              <div class="test-method">
                <span class="method-name">J05_FifthStepService</span>
                <span class="method-start">164849 ms</span>
              </div> <!-- test-method -->
              <div class="test-method">
                <span class="method-name">J06_SixthStepService</span>
                <span class="method-start">164853 ms</span>
              </div> <!-- test-method -->
              <div class="configuration-class after">
                <span class="method-name">quitDriver</span>
                <span class="method-start">164857 ms</span>
              </div> <!-- configuration-class after -->
            </div> <!-- chronological-class -->
            <div class="chronological-class">
              <div class="chronological-class-name">TestCases.ServiceManagementTest</div> <!-- chronological-class-name -->
              <div class="configuration-class before">
                <span class="method-name">setBaseConfig(chrome, true, airpay)</span>
                <span class="method-start">164957 ms</span>
              </div> <!-- configuration-class before -->
              <div class="test-method">
                <span class="method-name">signIn</span>
                <span class="method-start">167158 ms</span>
              </div> <!-- test-method -->
              <div class="test-method">
                <span class="method-name">R01_ViewServiceManagement</span>
                <span class="method-start">171449 ms</span>
              </div> <!-- test-method -->
              <div class="test-method">
                <span class="method-name">R02_SearchServiceManagement</span>
                <span class="method-start">172995 ms</span>
              </div> <!-- test-method -->
              <div class="test-method">
                <span class="method-name">R03_ApproveService</span>
                <span class="method-start">177940 ms</span>
              </div> <!-- test-method -->
              <div class="test-method">
                <img src="failed.png">
                </img>
                <span class="method-name">R04_RejectService</span>
                <span class="method-start">178555 ms</span>
              </div> <!-- test-method -->
              <div class="configuration-class after">
                <span class="method-name">quitDriver</span>
                <span class="method-start">188070 ms</span>
              </div> <!-- configuration-class after -->
            </div> <!-- chronological-class -->
            <div class="chronological-class">
              <div class="chronological-class-name">TestCases.ListServiceTest</div> <!-- chronological-class-name -->
              <div class="configuration-class before">
                <span class="method-name">setBaseConfig(chrome, true, airpay)</span>
                <span class="method-start">188154 ms</span>
              </div> <!-- configuration-class before -->
              <div class="test-method">
                <span class="method-name">signIn</span>
                <span class="method-start">190434 ms</span>
              </div> <!-- test-method -->
              <div class="test-method">
                <img src="failed.png">
                </img>
                <span class="method-name">K01_AccessListServicePage</span>
                <span class="method-start">195079 ms</span>
              </div> <!-- test-method -->
              <div class="test-method">
                <img src="failed.png">
                </img>
                <span class="method-name">K02_ActivateService</span>
                <span class="method-start">201375 ms</span>
              </div> <!-- test-method -->
              <div class="test-method">
                <img src="failed.png">
                </img>
                <span class="method-name">K03_DeactiveService</span>
                <span class="method-start">210351 ms</span>
              </div> <!-- test-method -->
              <div class="test-method">
                <span class="method-name">K04_EditServiceWithLetOneOrAllMandatoryFieldsAreEmpty</span>
                <span class="method-start">215477 ms</span>
              </div> <!-- test-method -->
              <div class="test-method">
                <img src="failed.png">
                </img>
                <span class="method-name">K05_EditServiceWithAllMandatoryFieldsAreFilled</span>
                <span class="method-start">232401 ms</span>
              </div> <!-- test-method -->
              <div class="configuration-class after">
                <span class="method-name">quitDriver</span>
                <span class="method-start">243546 ms</span>
              </div> <!-- configuration-class after -->
            </div> <!-- chronological-class -->
            <div class="chronological-class">
              <div class="chronological-class-name">TestCases.InviteUserTest</div> <!-- chronological-class-name -->
              <div class="configuration-class before">
                <span class="method-name">setBaseConfig(chrome, true, airpay)</span>
                <span class="method-start">243651 ms</span>
              </div> <!-- configuration-class before -->
              <div class="test-method">
                <span class="method-name">signIn</span>
                <span class="method-start">245888 ms</span>
              </div> <!-- test-method -->
              <div class="test-method">
                <img src="failed.png">
                </img>
                <span class="method-name">N01_InviteUserWithAllMandatoryAreEmpty</span>
                <span class="method-start">250352 ms</span>
              </div> <!-- test-method -->
              <div class="test-method">
                <img src="failed.png">
                </img>
                <span class="method-name">N02_InviteTakenUsernameOrTakenEmailAddress</span>
                <span class="method-start">261441 ms</span>
              </div> <!-- test-method -->
              <div class="test-method">
                <img src="failed.png">
                </img>
                <span class="method-name">N03_InviteUserWithValidCredential</span>
                <span class="method-start">272342 ms</span>
              </div> <!-- test-method -->
              <div class="configuration-class after">
                <span class="method-name">quitDriver</span>
                <span class="method-start">283260 ms</span>
              </div> <!-- configuration-class after -->
            </div> <!-- chronological-class -->
            <div class="chronological-class">
              <div class="chronological-class-name">TestCases.UserApprovalTest</div> <!-- chronological-class-name -->
              <div class="configuration-class before">
                <span class="method-name">setBaseConfig(chrome, true, airpay)</span>
                <span class="method-start">283348 ms</span>
              </div> <!-- configuration-class before -->
              <div class="test-method">
                <span class="method-name">signIn</span>
                <span class="method-start">286441 ms</span>
              </div> <!-- test-method -->
              <div class="test-method">
                <span class="method-name">O01_ClickOnApproveButtonRejectButtonWithoutSelectCheckbox</span>
                <span class="method-start">290642 ms</span>
              </div> <!-- test-method -->
              <div class="test-method">
                <span class="method-name">O02_ApproveUser</span>
                <span class="method-start">294608 ms</span>
              </div> <!-- test-method -->
              <div class="configuration-class after">
                <span class="method-name">quitDriver</span>
                <span class="method-start">296777 ms</span>
              </div> <!-- configuration-class after -->
          </div> <!-- main-panel-content rounded-window-bottom -->
        </div> <!-- panel -->
      </div> <!-- main-panel-root -->
    </div> <!-- wrapper -->
  </body>
</html>
