<?xml version="1.0" encoding="UTF-8"?>
<testng-results skipped="2" failed="14" ignored="26" total="82" passed="40">
  <reporter-output>
  </reporter-output>
  <suite name="AirpayTestSuite" duration-ms="296830" started-at="2021-02-05T18:52:58 WIB" finished-at="2021-02-05T18:57:55 WIB">
    <groups>
    </groups>
    <test name="Regresion test" duration-ms="296830" started-at="2021-02-05T18:52:58 WIB" finished-at="2021-02-05T18:57:55 WIB">
      <class name="TestCases.UploadContractTest">
        <test-method status="PASS" signature="setBaseConfig(java.lang.String, java.lang.String, java.lang.String)[pri:0, instance:TestCases.UploadContractTest@355e34c7]" name="setBaseConfig" is-config="true" duration-ms="3097" started-at="2021-02-05T18:54:43 WIB" finished-at="2021-02-05T18:54:46 WIB">
          <params>
            <param index="0">
              <value>
                <![CDATA[chrome]]>
              </value>
            </param>
            <param index="1">
              <value>
                <![CDATA[true]]>
              </value>
            </param>
            <param index="2">
              <value>
                <![CDATA[airpay]]>
              </value>
            </param>
          </params>
          <reporter-output>
          </reporter-output>
        </test-method> <!-- setBaseConfig -->
        <test-method status="PASS" signature="signIn()[pri:1, instance:TestCases.UploadContractTest@355e34c7]" name="signIn" duration-ms="3923" started-at="2021-02-05T18:54:46 WIB" finished-at="2021-02-05T18:54:50 WIB">
          <reporter-output>
          </reporter-output>
        </test-method> <!-- signIn -->
        <test-method status="PASS" signature="G01_UploadFile()[pri:2, instance:TestCases.UploadContractTest@355e34c7]" name="G01_UploadFile" duration-ms="2524" started-at="2021-02-05T18:54:50 WIB" finished-at="2021-02-05T18:54:52 WIB">
          <reporter-output>
          </reporter-output>
        </test-method> <!-- G01_UploadFile -->
        <test-method status="FAIL" signature="G02_DownloadFile()[pri:3, instance:TestCases.UploadContractTest@355e34c7]" name="G02_DownloadFile" duration-ms="646" started-at="2021-02-05T18:54:52 WIB" finished-at="2021-02-05T18:54:53 WIB">
          <exception class="org.openqa.selenium.StaleElementReferenceException">
            <message>
              <![CDATA[stale element reference: element is not attached to the page document
  (Session info: headless chrome=88.0.4324.150)
For documentation on this error, please visit: http://seleniumhq.org/exceptions/stale_element_reference.html
Build info: version: '3.14.0', revision: 'aacccce0', time: '2018-08-02T20:19:58.91Z'
System info: host: 'Potatos-Mac.local', ip: 'fe80:0:0:0:6:b504:c6d7:bbe1%en0', os.name: 'Mac OS X', os.arch: 'x86_64', os.version: '10.15.6', java.version: '1.8.0_261'
Driver info: org.openqa.selenium.chrome.ChromeDriver
Capabilities {acceptInsecureCerts: false, browserName: chrome, browserVersion: 88.0.4324.150, chrome: {chromedriverVersion: 88.0.4324.96 (68dba2d8a0b14..., userDataDir: /var/folders/pz/vbvlmv8j3s1...}, goog:chromeOptions: {debuggerAddress: localhost:61336}, javascriptEnabled: true, networkConnectionEnabled: false, pageLoadStrategy: normal, platform: MAC, platformName: MAC, proxy: Proxy(), setWindowRect: true, strictFileInteractability: false, timeouts: {implicit: 0, pageLoad: 300000, script: 30000}, unhandledPromptBehavior: dismiss and notify, webauthn:extension:largeBlob: true, webauthn:virtualAuthenticators: true}
Session ID: 60b5bee308dd6647a02c5d65fb4a6bad]]>
            </message>
            <full-stacktrace>
              <![CDATA[org.openqa.selenium.StaleElementReferenceException: stale element reference: element is not attached to the page document
  (Session info: headless chrome=88.0.4324.150)
For documentation on this error, please visit: http://seleniumhq.org/exceptions/stale_element_reference.html
Build info: version: '3.14.0', revision: 'aacccce0', time: '2018-08-02T20:19:58.91Z'
System info: host: 'Potatos-Mac.local', ip: 'fe80:0:0:0:6:b504:c6d7:bbe1%en0', os.name: 'Mac OS X', os.arch: 'x86_64', os.version: '10.15.6', java.version: '1.8.0_261'
Driver info: org.openqa.selenium.chrome.ChromeDriver
Capabilities {acceptInsecureCerts: false, browserName: chrome, browserVersion: 88.0.4324.150, chrome: {chromedriverVersion: 88.0.4324.96 (68dba2d8a0b14..., userDataDir: /var/folders/pz/vbvlmv8j3s1...}, goog:chromeOptions: {debuggerAddress: localhost:61336}, javascriptEnabled: true, networkConnectionEnabled: false, pageLoadStrategy: normal, platform: MAC, platformName: MAC, proxy: Proxy(), setWindowRect: true, strictFileInteractability: false, timeouts: {implicit: 0, pageLoad: 300000, script: 30000}, unhandledPromptBehavior: dismiss and notify, webauthn:extension:largeBlob: true, webauthn:virtualAuthenticators: true}
Session ID: 60b5bee308dd6647a02c5d65fb4a6bad
at sun.reflect.NativeConstructorAccessorImpl.newInstance0(Native Method)
at sun.reflect.NativeConstructorAccessorImpl.newInstance(NativeConstructorAccessorImpl.java:62)
at sun.reflect.DelegatingConstructorAccessorImpl.newInstance(DelegatingConstructorAccessorImpl.java:45)
at java.lang.reflect.Constructor.newInstance(Constructor.java:423)
at org.openqa.selenium.remote.http.W3CHttpResponseCodec.createException(W3CHttpResponseCodec.java:187)
at org.openqa.selenium.remote.http.W3CHttpResponseCodec.decode(W3CHttpResponseCodec.java:122)
at org.openqa.selenium.remote.http.W3CHttpResponseCodec.decode(W3CHttpResponseCodec.java:49)
at org.openqa.selenium.remote.HttpCommandExecutor.execute(HttpCommandExecutor.java:158)
at org.openqa.selenium.remote.service.DriverCommandExecutor.execute(DriverCommandExecutor.java:83)
at org.openqa.selenium.remote.RemoteWebDriver.execute(RemoteWebDriver.java:548)
at org.openqa.selenium.remote.RemoteWebElement.execute(RemoteWebElement.java:276)
at org.openqa.selenium.remote.RemoteWebElement.isDisplayed(RemoteWebElement.java:317)
at sun.reflect.GeneratedMethodAccessor3.invoke(Unknown Source)
at sun.reflect.DelegatingMethodAccessorImpl.invoke(DelegatingMethodAccessorImpl.java:43)
at java.lang.reflect.Method.invoke(Method.java:498)
at org.openqa.selenium.support.pagefactory.internal.LocatingElementHandler.invoke(LocatingElementHandler.java:51)
at com.sun.proxy.$Proxy23.isDisplayed(Unknown Source)
at org.openqa.selenium.support.ui.ExpectedConditions.elementIfVisible(ExpectedConditions.java:315)
at org.openqa.selenium.support.ui.ExpectedConditions.access$100(ExpectedConditions.java:44)
at org.openqa.selenium.support.ui.ExpectedConditions$10.apply(ExpectedConditions.java:301)
at org.openqa.selenium.support.ui.ExpectedConditions$10.apply(ExpectedConditions.java:298)
at org.openqa.selenium.support.ui.FluentWait.until(FluentWait.java:208)
at pages.BasePage.waitVisibility(BasePage.java:34)
at pages.UploadContractPage.clickOnDownload1(UploadContractPage.java:69)
at TestCases.UploadContractTest.G02_DownloadFile(UploadContractTest.java:60)
at sun.reflect.NativeMethodAccessorImpl.invoke0(Native Method)
at sun.reflect.NativeMethodAccessorImpl.invoke(NativeMethodAccessorImpl.java:62)
at sun.reflect.DelegatingMethodAccessorImpl.invoke(DelegatingMethodAccessorImpl.java:43)
at java.lang.reflect.Method.invoke(Method.java:498)
at org.testng.internal.MethodInvocationHelper.invokeMethod(MethodInvocationHelper.java:133)
at org.testng.internal.TestInvoker.invokeMethod(TestInvoker.java:584)
at org.testng.internal.TestInvoker.invokeTestMethod(TestInvoker.java:172)
at org.testng.internal.MethodRunner.runInSequence(MethodRunner.java:46)
at org.testng.internal.TestInvoker$MethodInvocationAgent.invoke(TestInvoker.java:804)
at org.testng.internal.TestInvoker.invokeTestMethods(TestInvoker.java:145)
at org.testng.internal.TestMethodWorker.invokeTestMethods(TestMethodWorker.java:146)
at org.testng.internal.TestMethodWorker.run(TestMethodWorker.java:128)
at java.util.ArrayList.forEach(ArrayList.java:1259)
at org.testng.TestRunner.privateRun(TestRunner.java:770)
at org.testng.TestRunner.run(TestRunner.java:591)
at org.testng.SuiteRunner.runTest(SuiteRunner.java:402)
at org.testng.SuiteRunner.access$000(SuiteRunner.java:41)
at org.testng.SuiteRunner$SuiteWorker.run(SuiteRunner.java:443)
at org.testng.internal.thread.ThreadUtil.lambda$execute$0(ThreadUtil.java:67)
at java.util.concurrent.FutureTask.run(FutureTask.java:266)
at java.util.concurrent.ThreadPoolExecutor.runWorker(ThreadPoolExecutor.java:1149)
at java.util.concurrent.ThreadPoolExecutor$Worker.run(ThreadPoolExecutor.java:624)
at java.lang.Thread.run(Thread.java:748)
]]>
            </full-stacktrace>
          </exception> <!-- org.openqa.selenium.StaleElementReferenceException -->
          <reporter-output>
          </reporter-output>
        </test-method> <!-- G02_DownloadFile -->
        <test-method status="PASS" signature="quitDriver()[pri:0, instance:TestCases.UploadContractTest@355e34c7]" name="quitDriver" is-config="true" duration-ms="86" started-at="2021-02-05T18:54:53 WIB" finished-at="2021-02-05T18:54:53 WIB">
          <reporter-output>
          </reporter-output>
        </test-method> <!-- quitDriver -->
      </class> <!-- TestCases.UploadContractTest -->
      <class name="TestCases.EditProfileTest">
        <test-method status="PASS" signature="setBaseConfig(java.lang.String, java.lang.String, java.lang.String)[pri:0, instance:TestCases.EditProfileTest@6063d80a]" name="setBaseConfig" is-config="true" duration-ms="2565" started-at="2021-02-05T18:54:13 WIB" finished-at="2021-02-05T18:54:15 WIB">
          <params>
            <param index="0">
              <value>
                <![CDATA[chrome]]>
              </value>
            </param>
            <param index="1">
              <value>
                <![CDATA[true]]>
              </value>
            </param>
            <param index="2">
              <value>
                <![CDATA[airpay]]>
              </value>
            </param>
          </params>
          <reporter-output>
          </reporter-output>
        </test-method> <!-- setBaseConfig -->
        <test-method status="PASS" signature="signIn()[pri:1, instance:TestCases.EditProfileTest@6063d80a]" name="signIn" duration-ms="3623" started-at="2021-02-05T18:54:15 WIB" finished-at="2021-02-05T18:54:19 WIB">
          <reporter-output>
          </reporter-output>
        </test-method> <!-- signIn -->
        <test-method status="PASS" signature="E01_AccessEditProfileBasicInformationTab()[pri:2, instance:TestCases.EditProfileTest@6063d80a]" name="E01_AccessEditProfileBasicInformationTab" duration-ms="1544" started-at="2021-02-05T18:54:19 WIB" finished-at="2021-02-05T18:54:20 WIB">
          <reporter-output>
          </reporter-output>
        </test-method> <!-- E01_AccessEditProfileBasicInformationTab -->
        <test-method status="PASS" signature="E02_AccessEditProfileSupportingDocumentTab()[pri:3, instance:TestCases.EditProfileTest@6063d80a]" name="E02_AccessEditProfileSupportingDocumentTab" duration-ms="169" started-at="2021-02-05T18:54:20 WIB" finished-at="2021-02-05T18:54:21 WIB">
          <reporter-output>
          </reporter-output>
        </test-method> <!-- E02_AccessEditProfileSupportingDocumentTab -->
        <test-method status="PASS" signature="E03_LetMandatoryFieldIsEmptyBasicInfoTab()[pri:4, instance:TestCases.EditProfileTest@6063d80a]" name="E03_LetMandatoryFieldIsEmptyBasicInfoTab" duration-ms="4244" started-at="2021-02-05T18:54:21 WIB" finished-at="2021-02-05T18:54:25 WIB">
          <reporter-output>
          </reporter-output>
        </test-method> <!-- E03_LetMandatoryFieldIsEmptyBasicInfoTab -->
        <test-method status="PASS" signature="E04_LetMandatoryFieldIsEmptySupportingDocTab()[pri:5, instance:TestCases.EditProfileTest@6063d80a]" name="E04_LetMandatoryFieldIsEmptySupportingDocTab" duration-ms="4364" started-at="2021-02-05T18:54:25 WIB" finished-at="2021-02-05T18:54:29 WIB">
          <reporter-output>
          </reporter-output>
        </test-method> <!-- E04_LetMandatoryFieldIsEmptySupportingDocTab -->
        <test-method status="PASS" signature="quitDriver()[pri:0, instance:TestCases.EditProfileTest@6063d80a]" name="quitDriver" is-config="true" duration-ms="88" started-at="2021-02-05T18:54:29 WIB" finished-at="2021-02-05T18:54:29 WIB">
          <reporter-output>
          </reporter-output>
        </test-method> <!-- quitDriver -->
      </class> <!-- TestCases.EditProfileTest -->
      <class name="TestCases.UserApprovalTest">
        <test-method status="PASS" signature="setBaseConfig(java.lang.String, java.lang.String, java.lang.String)[pri:0, instance:TestCases.UserApprovalTest@770d0ea6]" name="setBaseConfig" is-config="true" duration-ms="3092" started-at="2021-02-05T18:57:41 WIB" finished-at="2021-02-05T18:57:44 WIB">
          <params>
            <param index="0">
              <value>
                <![CDATA[chrome]]>
              </value>
            </param>
            <param index="1">
              <value>
                <![CDATA[true]]>
              </value>
            </param>
            <param index="2">
              <value>
                <![CDATA[airpay]]>
              </value>
            </param>
          </params>
          <reporter-output>
          </reporter-output>
        </test-method> <!-- setBaseConfig -->
        <test-method status="PASS" signature="signIn()[pri:1, instance:TestCases.UserApprovalTest@770d0ea6]" name="signIn" duration-ms="4194" started-at="2021-02-05T18:57:44 WIB" finished-at="2021-02-05T18:57:49 WIB">
          <reporter-output>
          </reporter-output>
        </test-method> <!-- signIn -->
        <test-method status="PASS" signature="O01_ClickOnApproveButtonRejectButtonWithoutSelectCheckbox()[pri:2, instance:TestCases.UserApprovalTest@770d0ea6]" name="O01_ClickOnApproveButtonRejectButtonWithoutSelectCheckbox" duration-ms="3965" started-at="2021-02-05T18:57:49 WIB" finished-at="2021-02-05T18:57:52 WIB">
          <reporter-output>
          </reporter-output>
        </test-method> <!-- O01_ClickOnApproveButtonRejectButtonWithoutSelectCheckbox -->
        <test-method status="PASS" signature="O02_ApproveUser()[pri:4, instance:TestCases.UserApprovalTest@770d0ea6]" name="O02_ApproveUser" duration-ms="2165" started-at="2021-02-05T18:57:52 WIB" finished-at="2021-02-05T18:57:55 WIB">
          <reporter-output>
          </reporter-output>
        </test-method> <!-- O02_ApproveUser -->
        <test-method status="PASS" signature="quitDriver()[pri:0, instance:TestCases.UserApprovalTest@770d0ea6]" name="quitDriver" is-config="true" duration-ms="136" started-at="2021-02-05T18:57:55 WIB" finished-at="2021-02-05T18:57:55 WIB">
          <reporter-output>
          </reporter-output>
        </test-method> <!-- quitDriver -->
      </class> <!-- TestCases.UserApprovalTest -->
      <class name="TestCases.AuthenticationSignUpTest">
        <test-method status="PASS" signature="deleteScreenShot()[pri:0, instance:TestCases.AuthenticationSignUpTest@59fc684e]" name="deleteScreenShot" is-config="true" duration-ms="75" started-at="2021-02-05T18:52:58 WIB" finished-at="2021-02-05T18:52:58 WIB">
          <reporter-output>
          </reporter-output>
        </test-method> <!-- deleteScreenShot -->
        <test-method status="PASS" signature="settupTestingData()[pri:0, instance:TestCases.AuthenticationSignUpTest@59fc684e]" name="settupTestingData" is-config="true" duration-ms="0" started-at="2021-02-05T18:52:58 WIB" finished-at="2021-02-05T18:52:58 WIB">
          <reporter-output>
          </reporter-output>
        </test-method> <!-- settupTestingData -->
        <test-method status="PASS" signature="setBaseConfig(java.lang.String, java.lang.String, java.lang.String)[pri:0, instance:TestCases.AuthenticationSignUpTest@59fc684e]" name="setBaseConfig" is-config="true" duration-ms="4690" started-at="2021-02-05T18:52:58 WIB" finished-at="2021-02-05T18:53:03 WIB">
          <params>
            <param index="0">
              <value>
                <![CDATA[chrome]]>
              </value>
            </param>
            <param index="1">
              <value>
                <![CDATA[true]]>
              </value>
            </param>
            <param index="2">
              <value>
                <![CDATA[airpay]]>
              </value>
            </param>
          </params>
          <reporter-output>
          </reporter-output>
        </test-method> <!-- setBaseConfig -->
        <test-method status="PASS" signature="A01_SignUpWithInvalidCredential()[pri:1, instance:TestCases.AuthenticationSignUpTest@59fc684e]" name="A01_SignUpWithInvalidCredential" duration-ms="6593" started-at="2021-02-05T18:53:03 WIB" finished-at="2021-02-05T18:53:10 WIB">
          <reporter-output>
          </reporter-output>
        </test-method> <!-- A01_SignUpWithInvalidCredential -->
        <test-method status="PASS" signature="quitDriver()[pri:0, instance:TestCases.AuthenticationSignUpTest@59fc684e]" name="quitDriver" is-config="true" duration-ms="136" started-at="2021-02-05T18:53:10 WIB" finished-at="2021-02-05T18:53:10 WIB">
          <reporter-output>
          </reporter-output>
        </test-method> <!-- quitDriver -->
      </class> <!-- TestCases.AuthenticationSignUpTest -->
      <class name="TestCases.AuthenticationSignUpTest2">
        <test-method status="PASS" signature="setBaseConfig(java.lang.String, java.lang.String, java.lang.String)[pri:0, instance:TestCases.AuthenticationSignUpTest2@5ae81e1]" name="setBaseConfig" is-config="true" duration-ms="2066" started-at="2021-02-05T18:53:10 WIB" finished-at="2021-02-05T18:53:12 WIB">
          <params>
            <param index="0">
              <value>
                <![CDATA[chrome]]>
              </value>
            </param>
            <param index="1">
              <value>
                <![CDATA[true]]>
              </value>
            </param>
            <param index="2">
              <value>
                <![CDATA[airpay]]>
              </value>
            </param>
          </params>
          <reporter-output>
          </reporter-output>
        </test-method> <!-- setBaseConfig -->
        <test-method status="PASS" signature="A02_SignUpWithValidCredential()[pri:1, instance:TestCases.AuthenticationSignUpTest2@5ae81e1]" name="A02_SignUpWithValidCredential" duration-ms="28812" started-at="2021-02-05T18:53:12 WIB" finished-at="2021-02-05T18:53:41 WIB">
          <reporter-output>
          </reporter-output>
        </test-method> <!-- A02_SignUpWithValidCredential -->
        <test-method status="PASS" signature="A03_SecondStepSignUp()[pri:2, instance:TestCases.AuthenticationSignUpTest2@5ae81e1]" name="A03_SecondStepSignUp" duration-ms="1930" started-at="2021-02-05T18:53:41 WIB" finished-at="2021-02-05T18:53:43 WIB">
          <reporter-output>
          </reporter-output>
        </test-method> <!-- A03_SecondStepSignUp -->
        <test-method status="PASS" signature="A04_ThirdStepSignUp()[pri:3, instance:TestCases.AuthenticationSignUpTest2@5ae81e1]" name="A04_ThirdStepSignUp" duration-ms="810" started-at="2021-02-05T18:53:43 WIB" finished-at="2021-02-05T18:53:43 WIB">
          <reporter-output>
          </reporter-output>
        </test-method> <!-- A04_ThirdStepSignUp -->
        <test-method status="PASS" signature="A05_FouthStepofSignUp()[pri:4, instance:TestCases.AuthenticationSignUpTest2@5ae81e1]" name="A05_FouthStepofSignUp" duration-ms="6192" started-at="2021-02-05T18:53:43 WIB" finished-at="2021-02-05T18:53:50 WIB">
          <reporter-output>
          </reporter-output>
        </test-method> <!-- A05_FouthStepofSignUp -->
        <test-method status="PASS" signature="A06_VerifyEmailPage()[pri:5, instance:TestCases.AuthenticationSignUpTest2@5ae81e1]" name="A06_VerifyEmailPage" duration-ms="7107" started-at="2021-02-05T18:53:50 WIB" finished-at="2021-02-05T18:53:57 WIB">
          <reporter-output>
          </reporter-output>
        </test-method> <!-- A06_VerifyEmailPage -->
        <test-method status="PASS" signature="quitDriver()[pri:0, instance:TestCases.AuthenticationSignUpTest2@5ae81e1]" name="quitDriver" is-config="true" duration-ms="77" started-at="2021-02-05T18:53:57 WIB" finished-at="2021-02-05T18:53:57 WIB">
          <reporter-output>
          </reporter-output>
        </test-method> <!-- quitDriver -->
      </class> <!-- TestCases.AuthenticationSignUpTest2 -->
      <class name="TestCases.ListServiceTest">
        <test-method status="PASS" signature="setBaseConfig(java.lang.String, java.lang.String, java.lang.String)[pri:0, instance:TestCases.ListServiceTest@60cf80e7]" name="setBaseConfig" is-config="true" duration-ms="2280" started-at="2021-02-05T18:56:06 WIB" finished-at="2021-02-05T18:56:08 WIB">
          <params>
            <param index="0">
              <value>
                <![CDATA[chrome]]>
              </value>
            </param>
            <param index="1">
              <value>
                <![CDATA[true]]>
              </value>
            </param>
            <param index="2">
              <value>
                <![CDATA[airpay]]>
              </value>
            </param>
          </params>
          <reporter-output>
          </reporter-output>
        </test-method> <!-- setBaseConfig -->
        <test-method status="PASS" signature="signIn()[pri:1, instance:TestCases.ListServiceTest@60cf80e7]" name="signIn" duration-ms="4640" started-at="2021-02-05T18:56:08 WIB" finished-at="2021-02-05T18:56:13 WIB">
          <reporter-output>
          </reporter-output>
        </test-method> <!-- signIn -->
        <test-method status="FAIL" signature="K01_AccessListServicePage()[pri:2, instance:TestCases.ListServiceTest@60cf80e7]" name="K01_AccessListServicePage" duration-ms="5907" started-at="2021-02-05T18:56:13 WIB" finished-at="2021-02-05T18:56:19 WIB">
          <exception class="java.lang.AssertionError">
            <message>
              <![CDATA[The following asserts failed:
search result is not displayed did not expect to find [true] but found [false]]]>
            </message>
            <full-stacktrace>
              <![CDATA[java.lang.AssertionError: The following asserts failed:
search result is not displayed did not expect to find [true] but found [false]
at org.testng.asserts.SoftAssert.assertAll(SoftAssert.java:47)
at org.testng.asserts.SoftAssert.assertAll(SoftAssert.java:31)
at TestCases.ListServiceTest.K01_AccessListServicePage(ListServiceTest.java:57)
at sun.reflect.NativeMethodAccessorImpl.invoke0(Native Method)
at sun.reflect.NativeMethodAccessorImpl.invoke(NativeMethodAccessorImpl.java:62)
at sun.reflect.DelegatingMethodAccessorImpl.invoke(DelegatingMethodAccessorImpl.java:43)
at java.lang.reflect.Method.invoke(Method.java:498)
at org.testng.internal.MethodInvocationHelper.invokeMethod(MethodInvocationHelper.java:133)
at org.testng.internal.TestInvoker.invokeMethod(TestInvoker.java:584)
at org.testng.internal.TestInvoker.invokeTestMethod(TestInvoker.java:172)
at org.testng.internal.MethodRunner.runInSequence(MethodRunner.java:46)
at org.testng.internal.TestInvoker$MethodInvocationAgent.invoke(TestInvoker.java:804)
at org.testng.internal.TestInvoker.invokeTestMethods(TestInvoker.java:145)
at org.testng.internal.TestMethodWorker.invokeTestMethods(TestMethodWorker.java:146)
at org.testng.internal.TestMethodWorker.run(TestMethodWorker.java:128)
at java.util.ArrayList.forEach(ArrayList.java:1259)
at org.testng.TestRunner.privateRun(TestRunner.java:770)
at org.testng.TestRunner.run(TestRunner.java:591)
at org.testng.SuiteRunner.runTest(SuiteRunner.java:402)
at org.testng.SuiteRunner.access$000(SuiteRunner.java:41)
at org.testng.SuiteRunner$SuiteWorker.run(SuiteRunner.java:443)
at org.testng.internal.thread.ThreadUtil.lambda$execute$0(ThreadUtil.java:67)
at java.util.concurrent.FutureTask.run(FutureTask.java:266)
at java.util.concurrent.ThreadPoolExecutor.runWorker(ThreadPoolExecutor.java:1149)
at java.util.concurrent.ThreadPoolExecutor$Worker.run(ThreadPoolExecutor.java:624)
at java.lang.Thread.run(Thread.java:748)
]]>
            </full-stacktrace>
          </exception> <!-- java.lang.AssertionError -->
          <reporter-output>
          </reporter-output>
        </test-method> <!-- K01_AccessListServicePage -->
        <test-method status="FAIL" signature="K02_ActivateService()[pri:3, instance:TestCases.ListServiceTest@60cf80e7]" name="K02_ActivateService" duration-ms="8617" started-at="2021-02-05T18:56:19 WIB" finished-at="2021-02-05T18:56:28 WIB">
          <exception class="java.lang.AssertionError">
            <message>
              <![CDATA[The following asserts failed:
Service is not activated did not expect to find [true] but found [false]]]>
            </message>
            <full-stacktrace>
              <![CDATA[java.lang.AssertionError: The following asserts failed:
Service is not activated did not expect to find [true] but found [false]
at org.testng.asserts.SoftAssert.assertAll(SoftAssert.java:47)
at org.testng.asserts.SoftAssert.assertAll(SoftAssert.java:31)
at TestCases.ListServiceTest.K02_ActivateService(ListServiceTest.java:85)
at sun.reflect.NativeMethodAccessorImpl.invoke0(Native Method)
at sun.reflect.NativeMethodAccessorImpl.invoke(NativeMethodAccessorImpl.java:62)
at sun.reflect.DelegatingMethodAccessorImpl.invoke(DelegatingMethodAccessorImpl.java:43)
at java.lang.reflect.Method.invoke(Method.java:498)
at org.testng.internal.MethodInvocationHelper.invokeMethod(MethodInvocationHelper.java:133)
at org.testng.internal.TestInvoker.invokeMethod(TestInvoker.java:584)
at org.testng.internal.TestInvoker.invokeTestMethod(TestInvoker.java:172)
at org.testng.internal.MethodRunner.runInSequence(MethodRunner.java:46)
at org.testng.internal.TestInvoker$MethodInvocationAgent.invoke(TestInvoker.java:804)
at org.testng.internal.TestInvoker.invokeTestMethods(TestInvoker.java:145)
at org.testng.internal.TestMethodWorker.invokeTestMethods(TestMethodWorker.java:146)
at org.testng.internal.TestMethodWorker.run(TestMethodWorker.java:128)
at java.util.ArrayList.forEach(ArrayList.java:1259)
at org.testng.TestRunner.privateRun(TestRunner.java:770)
at org.testng.TestRunner.run(TestRunner.java:591)
at org.testng.SuiteRunner.runTest(SuiteRunner.java:402)
at org.testng.SuiteRunner.access$000(SuiteRunner.java:41)
at org.testng.SuiteRunner$SuiteWorker.run(SuiteRunner.java:443)
at org.testng.internal.thread.ThreadUtil.lambda$execute$0(ThreadUtil.java:67)
at java.util.concurrent.FutureTask.run(FutureTask.java:266)
at java.util.concurrent.ThreadPoolExecutor.runWorker(ThreadPoolExecutor.java:1149)
at java.util.concurrent.ThreadPoolExecutor$Worker.run(ThreadPoolExecutor.java:624)
at java.lang.Thread.run(Thread.java:748)
]]>
            </full-stacktrace>
          </exception> <!-- java.lang.AssertionError -->
          <reporter-output>
          </reporter-output>
        </test-method> <!-- K02_ActivateService -->
        <test-method status="FAIL" signature="K03_DeactiveService()[pri:4, instance:TestCases.ListServiceTest@60cf80e7]" name="K03_DeactiveService" duration-ms="4649" started-at="2021-02-05T18:56:28 WIB" finished-at="2021-02-05T18:56:33 WIB">
          <exception class="java.lang.AssertionError">
            <message>
              <![CDATA[The following asserts failed:
Service is not disabled did not expect to find [true] but found [false]]]>
            </message>
            <full-stacktrace>
              <![CDATA[java.lang.AssertionError: The following asserts failed:
Service is not disabled did not expect to find [true] but found [false]
at org.testng.asserts.SoftAssert.assertAll(SoftAssert.java:47)
at org.testng.asserts.SoftAssert.assertAll(SoftAssert.java:31)
at TestCases.ListServiceTest.K03_DeactiveService(ListServiceTest.java:110)
at sun.reflect.NativeMethodAccessorImpl.invoke0(Native Method)
at sun.reflect.NativeMethodAccessorImpl.invoke(NativeMethodAccessorImpl.java:62)
at sun.reflect.DelegatingMethodAccessorImpl.invoke(DelegatingMethodAccessorImpl.java:43)
at java.lang.reflect.Method.invoke(Method.java:498)
at org.testng.internal.MethodInvocationHelper.invokeMethod(MethodInvocationHelper.java:133)
at org.testng.internal.TestInvoker.invokeMethod(TestInvoker.java:584)
at org.testng.internal.TestInvoker.invokeTestMethod(TestInvoker.java:172)
at org.testng.internal.MethodRunner.runInSequence(MethodRunner.java:46)
at org.testng.internal.TestInvoker$MethodInvocationAgent.invoke(TestInvoker.java:804)
at org.testng.internal.TestInvoker.invokeTestMethods(TestInvoker.java:145)
at org.testng.internal.TestMethodWorker.invokeTestMethods(TestMethodWorker.java:146)
at org.testng.internal.TestMethodWorker.run(TestMethodWorker.java:128)
at java.util.ArrayList.forEach(ArrayList.java:1259)
at org.testng.TestRunner.privateRun(TestRunner.java:770)
at org.testng.TestRunner.run(TestRunner.java:591)
at org.testng.SuiteRunner.runTest(SuiteRunner.java:402)
at org.testng.SuiteRunner.access$000(SuiteRunner.java:41)
at org.testng.SuiteRunner$SuiteWorker.run(SuiteRunner.java:443)
at org.testng.internal.thread.ThreadUtil.lambda$execute$0(ThreadUtil.java:67)
at java.util.concurrent.FutureTask.run(FutureTask.java:266)
at java.util.concurrent.ThreadPoolExecutor.runWorker(ThreadPoolExecutor.java:1149)
at java.util.concurrent.ThreadPoolExecutor$Worker.run(ThreadPoolExecutor.java:624)
at java.lang.Thread.run(Thread.java:748)
]]>
            </full-stacktrace>
          </exception> <!-- java.lang.AssertionError -->
          <reporter-output>
          </reporter-output>
        </test-method> <!-- K03_DeactiveService -->
        <test-method status="PASS" signature="K04_EditServiceWithLetOneOrAllMandatoryFieldsAreEmpty()[pri:5, instance:TestCases.ListServiceTest@60cf80e7]" name="K04_EditServiceWithLetOneOrAllMandatoryFieldsAreEmpty" duration-ms="16920" started-at="2021-02-05T18:56:33 WIB" finished-at="2021-02-05T18:56:50 WIB">
          <reporter-output>
          </reporter-output>
        </test-method> <!-- K04_EditServiceWithLetOneOrAllMandatoryFieldsAreEmpty -->
        <test-method status="FAIL" signature="K05_EditServiceWithAllMandatoryFieldsAreFilled()[pri:6, instance:TestCases.ListServiceTest@60cf80e7]" name="K05_EditServiceWithAllMandatoryFieldsAreFilled" duration-ms="10688" started-at="2021-02-05T18:56:50 WIB" depends-on-methods="TestCases.ListServiceTest.K04_EditServiceWithLetOneOrAllMandatoryFieldsAreEmpty" finished-at="2021-02-05T18:57:01 WIB">
          <exception class="org.openqa.selenium.NoSuchElementException">
            <message>
              <![CDATA[no such element: Unable to locate element: {"method":"xpath","selector":"//*[contains(text(),"src0349")]/../td/a[@class="btn btn-primary mr-2"]"}
  (Session info: headless chrome=88.0.4324.150)
For documentation on this error, please visit: http://seleniumhq.org/exceptions/no_such_element.html
Build info: version: '3.14.0', revision: 'aacccce0', time: '2018-08-02T20:19:58.91Z'
System info: host: 'Potatos-Mac.local', ip: 'fe80:0:0:0:6:b504:c6d7:bbe1%en0', os.name: 'Mac OS X', os.arch: 'x86_64', os.version: '10.15.6', java.version: '1.8.0_261'
Driver info: org.openqa.selenium.chrome.ChromeDriver
Capabilities {acceptInsecureCerts: false, browserName: chrome, browserVersion: 88.0.4324.150, chrome: {chromedriverVersion: 88.0.4324.96 (68dba2d8a0b14..., userDataDir: /var/folders/pz/vbvlmv8j3s1...}, goog:chromeOptions: {debuggerAddress: localhost:61783}, javascriptEnabled: true, networkConnectionEnabled: false, pageLoadStrategy: normal, platform: MAC, platformName: MAC, proxy: Proxy(), setWindowRect: true, strictFileInteractability: false, timeouts: {implicit: 0, pageLoad: 300000, script: 30000}, unhandledPromptBehavior: dismiss and notify, webauthn:extension:largeBlob: true, webauthn:virtualAuthenticators: true}
Session ID: cc831efd844caff841ec3bfc625f80bf
*** Element info: {Using=xpath, value=//*[contains(text(),"src0349")]/../td/a[@class="btn btn-primary mr-2"]}]]>
            </message>
            <full-stacktrace>
              <![CDATA[org.openqa.selenium.NoSuchElementException: no such element: Unable to locate element: {"method":"xpath","selector":"//*[contains(text(),"src0349")]/../td/a[@class="btn btn-primary mr-2"]"}
  (Session info: headless chrome=88.0.4324.150)
For documentation on this error, please visit: http://seleniumhq.org/exceptions/no_such_element.html
Build info: version: '3.14.0', revision: 'aacccce0', time: '2018-08-02T20:19:58.91Z'
System info: host: 'Potatos-Mac.local', ip: 'fe80:0:0:0:6:b504:c6d7:bbe1%en0', os.name: 'Mac OS X', os.arch: 'x86_64', os.version: '10.15.6', java.version: '1.8.0_261'
Driver info: org.openqa.selenium.chrome.ChromeDriver
Capabilities {acceptInsecureCerts: false, browserName: chrome, browserVersion: 88.0.4324.150, chrome: {chromedriverVersion: 88.0.4324.96 (68dba2d8a0b14..., userDataDir: /var/folders/pz/vbvlmv8j3s1...}, goog:chromeOptions: {debuggerAddress: localhost:61783}, javascriptEnabled: true, networkConnectionEnabled: false, pageLoadStrategy: normal, platform: MAC, platformName: MAC, proxy: Proxy(), setWindowRect: true, strictFileInteractability: false, timeouts: {implicit: 0, pageLoad: 300000, script: 30000}, unhandledPromptBehavior: dismiss and notify, webauthn:extension:largeBlob: true, webauthn:virtualAuthenticators: true}
Session ID: cc831efd844caff841ec3bfc625f80bf
*** Element info: {Using=xpath, value=//*[contains(text(),"src0349")]/../td/a[@class="btn btn-primary mr-2"]}
at sun.reflect.GeneratedConstructorAccessor24.newInstance(Unknown Source)
at sun.reflect.DelegatingConstructorAccessorImpl.newInstance(DelegatingConstructorAccessorImpl.java:45)
at java.lang.reflect.Constructor.newInstance(Constructor.java:423)
at org.openqa.selenium.remote.http.W3CHttpResponseCodec.createException(W3CHttpResponseCodec.java:187)
at org.openqa.selenium.remote.http.W3CHttpResponseCodec.decode(W3CHttpResponseCodec.java:122)
at org.openqa.selenium.remote.http.W3CHttpResponseCodec.decode(W3CHttpResponseCodec.java:49)
at org.openqa.selenium.remote.HttpCommandExecutor.execute(HttpCommandExecutor.java:158)
at org.openqa.selenium.remote.service.DriverCommandExecutor.execute(DriverCommandExecutor.java:83)
at org.openqa.selenium.remote.RemoteWebDriver.execute(RemoteWebDriver.java:548)
at org.openqa.selenium.remote.RemoteWebDriver.findElement(RemoteWebDriver.java:322)
at org.openqa.selenium.remote.RemoteWebDriver.findElementByXPath(RemoteWebDriver.java:424)
at org.openqa.selenium.By$ByXPath.findElement(By.java:353)
at org.openqa.selenium.remote.RemoteWebDriver.findElement(RemoteWebDriver.java:314)
at pages.BasePage.clickOnEditButtonSpesificId(BasePage.java:78)
at TestCases.ListServiceTest.K05_EditServiceWithAllMandatoryFieldsAreFilled(ListServiceTest.java:206)
at sun.reflect.NativeMethodAccessorImpl.invoke0(Native Method)
at sun.reflect.NativeMethodAccessorImpl.invoke(NativeMethodAccessorImpl.java:62)
at sun.reflect.DelegatingMethodAccessorImpl.invoke(DelegatingMethodAccessorImpl.java:43)
at java.lang.reflect.Method.invoke(Method.java:498)
at org.testng.internal.MethodInvocationHelper.invokeMethod(MethodInvocationHelper.java:133)
at org.testng.internal.TestInvoker.invokeMethod(TestInvoker.java:584)
at org.testng.internal.TestInvoker.invokeTestMethod(TestInvoker.java:172)
at org.testng.internal.MethodRunner.runInSequence(MethodRunner.java:46)
at org.testng.internal.TestInvoker$MethodInvocationAgent.invoke(TestInvoker.java:804)
at org.testng.internal.TestInvoker.invokeTestMethods(TestInvoker.java:145)
at org.testng.internal.TestMethodWorker.invokeTestMethods(TestMethodWorker.java:146)
at org.testng.internal.TestMethodWorker.run(TestMethodWorker.java:128)
at java.util.ArrayList.forEach(ArrayList.java:1259)
at org.testng.TestRunner.privateRun(TestRunner.java:770)
at org.testng.TestRunner.run(TestRunner.java:591)
at org.testng.SuiteRunner.runTest(SuiteRunner.java:402)
at org.testng.SuiteRunner.access$000(SuiteRunner.java:41)
at org.testng.SuiteRunner$SuiteWorker.run(SuiteRunner.java:443)
at org.testng.internal.thread.ThreadUtil.lambda$execute$0(ThreadUtil.java:67)
at java.util.concurrent.FutureTask.run(FutureTask.java:266)
at java.util.concurrent.ThreadPoolExecutor.runWorker(ThreadPoolExecutor.java:1149)
at java.util.concurrent.ThreadPoolExecutor$Worker.run(ThreadPoolExecutor.java:624)
at java.lang.Thread.run(Thread.java:748)
]]>
            </full-stacktrace>
          </exception> <!-- org.openqa.selenium.NoSuchElementException -->
          <reporter-output>
          </reporter-output>
        </test-method> <!-- K05_EditServiceWithAllMandatoryFieldsAreFilled -->
        <test-method status="PASS" signature="quitDriver()[pri:0, instance:TestCases.ListServiceTest@60cf80e7]" name="quitDriver" is-config="true" duration-ms="105" started-at="2021-02-05T18:57:01 WIB" finished-at="2021-02-05T18:57:02 WIB">
          <reporter-output>
          </reporter-output>
        </test-method> <!-- quitDriver -->
      </class> <!-- TestCases.ListServiceTest -->
      <class name="TestCases.ForgetPasswordTest">
        <test-method status="PASS" signature="setBaseConfig(java.lang.String, java.lang.String, java.lang.String)[pri:0, instance:TestCases.ForgetPasswordTest@5ae76500]" name="setBaseConfig" is-config="true" duration-ms="2336" started-at="2021-02-05T18:54:06 WIB" finished-at="2021-02-05T18:54:08 WIB">
          <params>
            <param index="0">
              <value>
                <![CDATA[chrome]]>
              </value>
            </param>
            <param index="1">
              <value>
                <![CDATA[true]]>
              </value>
            </param>
            <param index="2">
              <value>
                <![CDATA[airpay]]>
              </value>
            </param>
          </params>
          <reporter-output>
          </reporter-output>
        </test-method> <!-- setBaseConfig -->
        <test-method status="PASS" signature="C01_UnverifiedUserTryToForgetPassword()[pri:1, instance:TestCases.ForgetPasswordTest@5ae76500]" name="C01_UnverifiedUserTryToForgetPassword" duration-ms="766" started-at="2021-02-05T18:54:08 WIB" finished-at="2021-02-05T18:54:09 WIB">
          <reporter-output>
          </reporter-output>
        </test-method> <!-- C01_UnverifiedUserTryToForgetPassword -->
        <test-method status="PASS" signature="C02_ForgetPasswordWithInvalidEmailCredential()[pri:2, instance:TestCases.ForgetPasswordTest@5ae76500]" name="C02_ForgetPasswordWithInvalidEmailCredential" duration-ms="446" started-at="2021-02-05T18:54:09 WIB" finished-at="2021-02-05T18:54:09 WIB">
          <reporter-output>
          </reporter-output>
        </test-method> <!-- C02_ForgetPasswordWithInvalidEmailCredential -->
        <test-method status="PASS" signature="C03_ForgetPasswordWithValidEmailCredential()[pri:3, instance:TestCases.ForgetPasswordTest@5ae76500]" name="C03_ForgetPasswordWithValidEmailCredential" duration-ms="3358" started-at="2021-02-05T18:54:09 WIB" finished-at="2021-02-05T18:54:13 WIB">
          <reporter-output>
          </reporter-output>
        </test-method> <!-- C03_ForgetPasswordWithValidEmailCredential -->
        <test-method status="PASS" signature="quitDriver()[pri:0, instance:TestCases.ForgetPasswordTest@5ae76500]" name="quitDriver" is-config="true" duration-ms="79" started-at="2021-02-05T18:54:13 WIB" finished-at="2021-02-05T18:54:13 WIB">
          <reporter-output>
          </reporter-output>
        </test-method> <!-- quitDriver -->
      </class> <!-- TestCases.ForgetPasswordTest -->
      <class name="TestCases.ServiceManagementTest">
        <test-method status="PASS" signature="setBaseConfig(java.lang.String, java.lang.String, java.lang.String)[pri:0, instance:TestCases.ServiceManagementTest@24f360b2]" name="setBaseConfig" is-config="true" duration-ms="2200" started-at="2021-02-05T18:55:43 WIB" finished-at="2021-02-05T18:55:45 WIB">
          <params>
            <param index="0">
              <value>
                <![CDATA[chrome]]>
              </value>
            </param>
            <param index="1">
              <value>
                <![CDATA[true]]>
              </value>
            </param>
            <param index="2">
              <value>
                <![CDATA[airpay]]>
              </value>
            </param>
          </params>
          <reporter-output>
          </reporter-output>
        </test-method> <!-- setBaseConfig -->
        <test-method status="PASS" signature="signIn()[pri:1, instance:TestCases.ServiceManagementTest@24f360b2]" name="signIn" duration-ms="4287" started-at="2021-02-05T18:55:45 WIB" finished-at="2021-02-05T18:55:49 WIB">
          <reporter-output>
          </reporter-output>
        </test-method> <!-- signIn -->
        <test-method status="PASS" signature="R01_ViewServiceManagement()[pri:2, instance:TestCases.ServiceManagementTest@24f360b2]" name="R01_ViewServiceManagement" duration-ms="1543" started-at="2021-02-05T18:55:49 WIB" depends-on-methods="TestCases.ServiceManagementTest.signIn" finished-at="2021-02-05T18:55:51 WIB">
          <reporter-output>
          </reporter-output>
        </test-method> <!-- R01_ViewServiceManagement -->
        <test-method status="PASS" signature="R02_SearchServiceManagement()[pri:3, instance:TestCases.ServiceManagementTest@24f360b2]" name="R02_SearchServiceManagement" duration-ms="4942" started-at="2021-02-05T18:55:51 WIB" finished-at="2021-02-05T18:55:56 WIB">
          <reporter-output>
          </reporter-output>
        </test-method> <!-- R02_SearchServiceManagement -->
        <test-method status="PASS" signature="R03_ApproveService()[pri:4, instance:TestCases.ServiceManagementTest@24f360b2]" name="R03_ApproveService" duration-ms="612" started-at="2021-02-05T18:55:56 WIB" depends-on-methods="TestCases.ServiceManagementTest.R02_SearchServiceManagement" finished-at="2021-02-05T18:55:56 WIB">
          <reporter-output>
          </reporter-output>
        </test-method> <!-- R03_ApproveService -->
        <test-method status="FAIL" signature="R04_RejectService()[pri:5, instance:TestCases.ServiceManagementTest@24f360b2]" name="R04_RejectService" duration-ms="9107" started-at="2021-02-05T18:55:56 WIB" finished-at="2021-02-05T18:56:06 WIB">
          <exception class="java.lang.AssertionError">
            <message>
              <![CDATA[The following asserts failed:
Service is not deactivated did not expect to find [true] but found [false]]]>
            </message>
            <full-stacktrace>
              <![CDATA[java.lang.AssertionError: The following asserts failed:
Service is not deactivated did not expect to find [true] but found [false]
at org.testng.asserts.SoftAssert.assertAll(SoftAssert.java:47)
at org.testng.asserts.SoftAssert.assertAll(SoftAssert.java:31)
at TestCases.ServiceManagementTest.R04_RejectService(ServiceManagementTest.java:119)
at sun.reflect.NativeMethodAccessorImpl.invoke0(Native Method)
at sun.reflect.NativeMethodAccessorImpl.invoke(NativeMethodAccessorImpl.java:62)
at sun.reflect.DelegatingMethodAccessorImpl.invoke(DelegatingMethodAccessorImpl.java:43)
at java.lang.reflect.Method.invoke(Method.java:498)
at org.testng.internal.MethodInvocationHelper.invokeMethod(MethodInvocationHelper.java:133)
at org.testng.internal.TestInvoker.invokeMethod(TestInvoker.java:584)
at org.testng.internal.TestInvoker.invokeTestMethod(TestInvoker.java:172)
at org.testng.internal.MethodRunner.runInSequence(MethodRunner.java:46)
at org.testng.internal.TestInvoker$MethodInvocationAgent.invoke(TestInvoker.java:804)
at org.testng.internal.TestInvoker.invokeTestMethods(TestInvoker.java:145)
at org.testng.internal.TestMethodWorker.invokeTestMethods(TestMethodWorker.java:146)
at org.testng.internal.TestMethodWorker.run(TestMethodWorker.java:128)
at java.util.ArrayList.forEach(ArrayList.java:1259)
at org.testng.TestRunner.privateRun(TestRunner.java:770)
at org.testng.TestRunner.run(TestRunner.java:591)
at org.testng.SuiteRunner.runTest(SuiteRunner.java:402)
at org.testng.SuiteRunner.access$000(SuiteRunner.java:41)
at org.testng.SuiteRunner$SuiteWorker.run(SuiteRunner.java:443)
at org.testng.internal.thread.ThreadUtil.lambda$execute$0(ThreadUtil.java:67)
at java.util.concurrent.FutureTask.run(FutureTask.java:266)
at java.util.concurrent.ThreadPoolExecutor.runWorker(ThreadPoolExecutor.java:1149)
at java.util.concurrent.ThreadPoolExecutor$Worker.run(ThreadPoolExecutor.java:624)
at java.lang.Thread.run(Thread.java:748)
]]>
            </full-stacktrace>
          </exception> <!-- java.lang.AssertionError -->
          <reporter-output>
          </reporter-output>
        </test-method> <!-- R04_RejectService -->
        <test-method status="PASS" signature="quitDriver()[pri:0, instance:TestCases.ServiceManagementTest@24f360b2]" name="quitDriver" is-config="true" duration-ms="84" started-at="2021-02-05T18:56:06 WIB" finished-at="2021-02-05T18:56:06 WIB">
          <reporter-output>
          </reporter-output>
        </test-method> <!-- quitDriver -->
      </class> <!-- TestCases.ServiceManagementTest -->
      <class name="TestCases.DocumentationTest">
        <test-method status="PASS" signature="setBaseConfig(java.lang.String, java.lang.String, java.lang.String)[pri:0, instance:TestCases.DocumentationTest@54709809]" name="setBaseConfig" is-config="true" duration-ms="3143" started-at="2021-02-05T18:54:53 WIB" finished-at="2021-02-05T18:54:56 WIB">
          <params>
            <param index="0">
              <value>
                <![CDATA[chrome]]>
              </value>
            </param>
            <param index="1">
              <value>
                <![CDATA[true]]>
              </value>
            </param>
            <param index="2">
              <value>
                <![CDATA[airpay]]>
              </value>
            </param>
          </params>
          <reporter-output>
          </reporter-output>
        </test-method> <!-- setBaseConfig -->
        <test-method status="PASS" signature="signIn()[pri:1, instance:TestCases.DocumentationTest@54709809]" name="signIn" duration-ms="3765" started-at="2021-02-05T18:54:56 WIB" finished-at="2021-02-05T18:55:00 WIB">
          <reporter-output>
          </reporter-output>
        </test-method> <!-- signIn -->
        <test-method status="PASS" signature="H01_GettingStarted()[pri:2, instance:TestCases.DocumentationTest@54709809]" name="H01_GettingStarted" duration-ms="488" started-at="2021-02-05T18:55:00 WIB" finished-at="2021-02-05T18:55:01 WIB">
          <reporter-output>
          </reporter-output>
        </test-method> <!-- H01_GettingStarted -->
        <test-method status="PASS" signature="H02_MerchantOnBoarding()[pri:3, instance:TestCases.DocumentationTest@54709809]" name="H02_MerchantOnBoarding" duration-ms="245" started-at="2021-02-05T18:55:01 WIB" finished-at="2021-02-05T18:55:01 WIB">
          <reporter-output>
          </reporter-output>
        </test-method> <!-- H02_MerchantOnBoarding -->
        <test-method status="PASS" signature="H03_ServiceOnBoarding()[pri:4, instance:TestCases.DocumentationTest@54709809]" name="H03_ServiceOnBoarding" duration-ms="244" started-at="2021-02-05T18:55:01 WIB" finished-at="2021-02-05T18:55:01 WIB">
          <reporter-output>
          </reporter-output>
        </test-method> <!-- H03_ServiceOnBoarding -->
        <test-method status="PASS" signature="H04_Integration()[pri:5, instance:TestCases.DocumentationTest@54709809]" name="H04_Integration" duration-ms="593" started-at="2021-02-05T18:55:01 WIB" finished-at="2021-02-05T18:55:02 WIB">
          <reporter-output>
          </reporter-output>
        </test-method> <!-- H04_Integration -->
        <test-method status="PASS" signature="H05_Reporting()[pri:6, instance:TestCases.DocumentationTest@54709809]" name="H05_Reporting" duration-ms="220" started-at="2021-02-05T18:55:02 WIB" finished-at="2021-02-05T18:55:02 WIB">
          <reporter-output>
          </reporter-output>
        </test-method> <!-- H05_Reporting -->
        <test-method status="PASS" signature="H06_FAQ()[pri:7, instance:TestCases.DocumentationTest@54709809]" name="H06_FAQ" duration-ms="816" started-at="2021-02-05T18:55:02 WIB" finished-at="2021-02-05T18:55:03 WIB">
          <reporter-output>
          </reporter-output>
        </test-method> <!-- H06_FAQ -->
        <test-method status="PASS" signature="quitDriver()[pri:0, instance:TestCases.DocumentationTest@54709809]" name="quitDriver" is-config="true" duration-ms="85" started-at="2021-02-05T18:55:03 WIB" finished-at="2021-02-05T18:55:03 WIB">
          <reporter-output>
          </reporter-output>
        </test-method> <!-- quitDriver -->
      </class> <!-- TestCases.DocumentationTest -->
      <class name="TestCases.AuthenticationSignInTest">
        <test-method status="PASS" signature="setBaseConfig(java.lang.String, java.lang.String, java.lang.String)[pri:0, instance:TestCases.AuthenticationSignInTest@2fd1731c]" name="setBaseConfig" is-config="true" duration-ms="2209" started-at="2021-02-05T18:53:57 WIB" finished-at="2021-02-05T18:53:59 WIB">
          <params>
            <param index="0">
              <value>
                <![CDATA[chrome]]>
              </value>
            </param>
            <param index="1">
              <value>
                <![CDATA[true]]>
              </value>
            </param>
            <param index="2">
              <value>
                <![CDATA[airpay]]>
              </value>
            </param>
          </params>
          <reporter-output>
          </reporter-output>
        </test-method> <!-- setBaseConfig -->
        <test-method status="PASS" signature="B01_LoginWithInvalidCredential()[pri:1, instance:TestCases.AuthenticationSignInTest@2fd1731c]" name="B01_LoginWithInvalidCredential" duration-ms="1115" started-at="2021-02-05T18:53:59 WIB" finished-at="2021-02-05T18:54:00 WIB">
          <reporter-output>
          </reporter-output>
        </test-method> <!-- B01_LoginWithInvalidCredential -->
        <test-method status="PASS" signature="B02_LoginWithUnverifiedUserAccount()[pri:2, instance:TestCases.AuthenticationSignInTest@2fd1731c]" name="B02_LoginWithUnverifiedUserAccount" duration-ms="1561" started-at="2021-02-05T18:54:00 WIB" finished-at="2021-02-05T18:54:02 WIB">
          <reporter-output>
          </reporter-output>
        </test-method> <!-- B02_LoginWithUnverifiedUserAccount -->
        <test-method status="PASS" signature="B03_LoginWithVerifiedUserAccount()[pri:3, instance:TestCases.AuthenticationSignInTest@2fd1731c]" name="B03_LoginWithVerifiedUserAccount" duration-ms="3814" started-at="2021-02-05T18:54:02 WIB" finished-at="2021-02-05T18:54:06 WIB">
          <reporter-output>
          </reporter-output>
        </test-method> <!-- B03_LoginWithVerifiedUserAccount -->
        <test-method status="PASS" signature="quitDriver()[pri:0, instance:TestCases.AuthenticationSignInTest@2fd1731c]" name="quitDriver" is-config="true" duration-ms="83" started-at="2021-02-05T18:54:06 WIB" finished-at="2021-02-05T18:54:06 WIB">
          <reporter-output>
          </reporter-output>
        </test-method> <!-- quitDriver -->
      </class> <!-- TestCases.AuthenticationSignInTest -->
      <class name="TestCases.InviteUserTest">
        <test-method status="PASS" signature="setBaseConfig(java.lang.String, java.lang.String, java.lang.String)[pri:0, instance:TestCases.InviteUserTest@302fec27]" name="setBaseConfig" is-config="true" duration-ms="2236" started-at="2021-02-05T18:57:02 WIB" finished-at="2021-02-05T18:57:04 WIB">
          <params>
            <param index="0">
              <value>
                <![CDATA[chrome]]>
              </value>
            </param>
            <param index="1">
              <value>
                <![CDATA[true]]>
              </value>
            </param>
            <param index="2">
              <value>
                <![CDATA[airpay]]>
              </value>
            </param>
          </params>
          <reporter-output>
          </reporter-output>
        </test-method> <!-- setBaseConfig -->
        <test-method status="PASS" signature="signIn()[pri:1, instance:TestCases.InviteUserTest@302fec27]" name="signIn" duration-ms="4459" started-at="2021-02-05T18:57:04 WIB" finished-at="2021-02-05T18:57:08 WIB">
          <reporter-output>
          </reporter-output>
        </test-method> <!-- signIn -->
        <test-method status="FAIL" signature="N01_InviteUserWithAllMandatoryAreEmpty()[pri:2, instance:TestCases.InviteUserTest@302fec27]" name="N01_InviteUserWithAllMandatoryAreEmpty" duration-ms="10361" started-at="2021-02-05T18:57:08 WIB" finished-at="2021-02-05T18:57:19 WIB">
          <exception class="org.openqa.selenium.TimeoutException">
            <message>
              <![CDATA[Expected condition failed: waiting for visibility of [[ChromeDriver: chrome on MAC (5b7f9a76c2d95cacdb166e35fe5f0d63)] -> xpath: //img[@class="menu-image" and contains(@src,"vitation")]] (tried for 10 second(s) with 500 MILLISECONDS interval)
Build info: version: '3.14.0', revision: 'aacccce0', time: '2018-08-02T20:19:58.91Z'
System info: host: 'Potatos-Mac.local', ip: 'fe80:0:0:0:6:b504:c6d7:bbe1%en0', os.name: 'Mac OS X', os.arch: 'x86_64', os.version: '10.15.6', java.version: '1.8.0_261'
Driver info: org.openqa.selenium.chrome.ChromeDriver
Capabilities {acceptInsecureCerts: false, browserName: chrome, browserVersion: 88.0.4324.150, chrome: {chromedriverVersion: 88.0.4324.96 (68dba2d8a0b14..., userDataDir: /var/folders/pz/vbvlmv8j3s1...}, goog:chromeOptions: {debuggerAddress: localhost:62029}, javascriptEnabled: true, networkConnectionEnabled: false, pageLoadStrategy: normal, platform: MAC, platformName: MAC, proxy: Proxy(), setWindowRect: true, strictFileInteractability: false, timeouts: {implicit: 0, pageLoad: 300000, script: 30000}, unhandledPromptBehavior: dismiss and notify, webauthn:extension:largeBlob: true, webauthn:virtualAuthenticators: true}
Session ID: 5b7f9a76c2d95cacdb166e35fe5f0d63]]>
            </message>
            <full-stacktrace>
              <![CDATA[org.openqa.selenium.TimeoutException: Expected condition failed: waiting for visibility of [[ChromeDriver: chrome on MAC (5b7f9a76c2d95cacdb166e35fe5f0d63)] -> xpath: //img[@class="menu-image" and contains(@src,"vitation")]] (tried for 10 second(s) with 500 MILLISECONDS interval)
Build info: version: '3.14.0', revision: 'aacccce0', time: '2018-08-02T20:19:58.91Z'
System info: host: 'Potatos-Mac.local', ip: 'fe80:0:0:0:6:b504:c6d7:bbe1%en0', os.name: 'Mac OS X', os.arch: 'x86_64', os.version: '10.15.6', java.version: '1.8.0_261'
Driver info: org.openqa.selenium.chrome.ChromeDriver
Capabilities {acceptInsecureCerts: false, browserName: chrome, browserVersion: 88.0.4324.150, chrome: {chromedriverVersion: 88.0.4324.96 (68dba2d8a0b14..., userDataDir: /var/folders/pz/vbvlmv8j3s1...}, goog:chromeOptions: {debuggerAddress: localhost:62029}, javascriptEnabled: true, networkConnectionEnabled: false, pageLoadStrategy: normal, platform: MAC, platformName: MAC, proxy: Proxy(), setWindowRect: true, strictFileInteractability: false, timeouts: {implicit: 0, pageLoad: 300000, script: 30000}, unhandledPromptBehavior: dismiss and notify, webauthn:extension:largeBlob: true, webauthn:virtualAuthenticators: true}
Session ID: 5b7f9a76c2d95cacdb166e35fe5f0d63
at org.openqa.selenium.support.ui.WebDriverWait.timeoutException(WebDriverWait.java:82)
at org.openqa.selenium.support.ui.FluentWait.until(FluentWait.java:231)
at pages.BasePage.waitVisibility(BasePage.java:34)
at pages.SideMenuPage.clickOnInviteUserDropDown(SideMenuPage.java:217)
at TestCases.InviteUserTest.N01_InviteUserWithAllMandatoryAreEmpty(InviteUserTest.java:41)
at sun.reflect.NativeMethodAccessorImpl.invoke0(Native Method)
at sun.reflect.NativeMethodAccessorImpl.invoke(NativeMethodAccessorImpl.java:62)
at sun.reflect.DelegatingMethodAccessorImpl.invoke(DelegatingMethodAccessorImpl.java:43)
at java.lang.reflect.Method.invoke(Method.java:498)
at org.testng.internal.MethodInvocationHelper.invokeMethod(MethodInvocationHelper.java:133)
at org.testng.internal.TestInvoker.invokeMethod(TestInvoker.java:584)
at org.testng.internal.TestInvoker.invokeTestMethod(TestInvoker.java:172)
at org.testng.internal.MethodRunner.runInSequence(MethodRunner.java:46)
at org.testng.internal.TestInvoker$MethodInvocationAgent.invoke(TestInvoker.java:804)
at org.testng.internal.TestInvoker.invokeTestMethods(TestInvoker.java:145)
at org.testng.internal.TestMethodWorker.invokeTestMethods(TestMethodWorker.java:146)
at org.testng.internal.TestMethodWorker.run(TestMethodWorker.java:128)
at java.util.ArrayList.forEach(ArrayList.java:1259)
at org.testng.TestRunner.privateRun(TestRunner.java:770)
at org.testng.TestRunner.run(TestRunner.java:591)
at org.testng.SuiteRunner.runTest(SuiteRunner.java:402)
at org.testng.SuiteRunner.access$000(SuiteRunner.java:41)
at org.testng.SuiteRunner$SuiteWorker.run(SuiteRunner.java:443)
at org.testng.internal.thread.ThreadUtil.lambda$execute$0(ThreadUtil.java:67)
at java.util.concurrent.FutureTask.run(FutureTask.java:266)
at java.util.concurrent.ThreadPoolExecutor.runWorker(ThreadPoolExecutor.java:1149)
at java.util.concurrent.ThreadPoolExecutor$Worker.run(ThreadPoolExecutor.java:624)
at java.lang.Thread.run(Thread.java:748)
]]>
            </full-stacktrace>
          </exception> <!-- org.openqa.selenium.TimeoutException -->
          <reporter-output>
          </reporter-output>
        </test-method> <!-- N01_InviteUserWithAllMandatoryAreEmpty -->
        <test-method status="FAIL" signature="N02_InviteTakenUsernameOrTakenEmailAddress()[pri:3, instance:TestCases.InviteUserTest@302fec27]" name="N02_InviteTakenUsernameOrTakenEmailAddress" duration-ms="10494" started-at="2021-02-05T18:57:19 WIB" finished-at="2021-02-05T18:57:30 WIB">
          <exception class="org.openqa.selenium.TimeoutException">
            <message>
              <![CDATA[Expected condition failed: waiting for visibility of Proxy element for: DefaultElementLocator 'By.id: username' (tried for 10 second(s) with 500 MILLISECONDS interval)]]>
            </message>
            <full-stacktrace>
              <![CDATA[org.openqa.selenium.TimeoutException: Expected condition failed: waiting for visibility of Proxy element for: DefaultElementLocator 'By.id: username' (tried for 10 second(s) with 500 MILLISECONDS interval)
at org.openqa.selenium.support.ui.WebDriverWait.timeoutException(WebDriverWait.java:82)
at org.openqa.selenium.support.ui.FluentWait.until(FluentWait.java:231)
at pages.BasePage.waitVisibility(BasePage.java:34)
at pages.InviteUserPage.typeUserName(InviteUserPage.java:85)
at TestCases.InviteUserTest.N02_InviteTakenUsernameOrTakenEmailAddress(InviteUserTest.java:74)
at sun.reflect.NativeMethodAccessorImpl.invoke0(Native Method)
at sun.reflect.NativeMethodAccessorImpl.invoke(NativeMethodAccessorImpl.java:62)
at sun.reflect.DelegatingMethodAccessorImpl.invoke(DelegatingMethodAccessorImpl.java:43)
at java.lang.reflect.Method.invoke(Method.java:498)
at org.testng.internal.MethodInvocationHelper.invokeMethod(MethodInvocationHelper.java:133)
at org.testng.internal.TestInvoker.invokeMethod(TestInvoker.java:584)
at org.testng.internal.TestInvoker.invokeTestMethod(TestInvoker.java:172)
at org.testng.internal.MethodRunner.runInSequence(MethodRunner.java:46)
at org.testng.internal.TestInvoker$MethodInvocationAgent.invoke(TestInvoker.java:804)
at org.testng.internal.TestInvoker.invokeTestMethods(TestInvoker.java:145)
at org.testng.internal.TestMethodWorker.invokeTestMethods(TestMethodWorker.java:146)
at org.testng.internal.TestMethodWorker.run(TestMethodWorker.java:128)
at java.util.ArrayList.forEach(ArrayList.java:1259)
at org.testng.TestRunner.privateRun(TestRunner.java:770)
at org.testng.TestRunner.run(TestRunner.java:591)
at org.testng.SuiteRunner.runTest(SuiteRunner.java:402)
at org.testng.SuiteRunner.access$000(SuiteRunner.java:41)
at org.testng.SuiteRunner$SuiteWorker.run(SuiteRunner.java:443)
at org.testng.internal.thread.ThreadUtil.lambda$execute$0(ThreadUtil.java:67)
at java.util.concurrent.FutureTask.run(FutureTask.java:266)
at java.util.concurrent.ThreadPoolExecutor.runWorker(ThreadPoolExecutor.java:1149)
at java.util.concurrent.ThreadPoolExecutor$Worker.run(ThreadPoolExecutor.java:624)
at java.lang.Thread.run(Thread.java:748)
Caused by: org.openqa.selenium.NoSuchElementException: no such element: Unable to locate element: {"method":"css selector","selector":"#username"}
  (Session info: headless chrome=88.0.4324.150)
For documentation on this error, please visit: http://seleniumhq.org/exceptions/no_such_element.html
Build info: version: '3.14.0', revision: 'aacccce0', time: '2018-08-02T20:19:58.91Z'
System info: host: 'Potatos-Mac.local', ip: 'fe80:0:0:0:6:b504:c6d7:bbe1%en0', os.name: 'Mac OS X', os.arch: 'x86_64', os.version: '10.15.6', java.version: '1.8.0_261'
Driver info: org.openqa.selenium.chrome.ChromeDriver
Capabilities {acceptInsecureCerts: false, browserName: chrome, browserVersion: 88.0.4324.150, chrome: {chromedriverVersion: 88.0.4324.96 (68dba2d8a0b14..., userDataDir: /var/folders/pz/vbvlmv8j3s1...}, goog:chromeOptions: {debuggerAddress: localhost:62029}, javascriptEnabled: true, networkConnectionEnabled: false, pageLoadStrategy: normal, platform: MAC, platformName: MAC, proxy: Proxy(), setWindowRect: true, strictFileInteractability: false, timeouts: {implicit: 0, pageLoad: 300000, script: 30000}, unhandledPromptBehavior: dismiss and notify, webauthn:extension:largeBlob: true, webauthn:virtualAuthenticators: true}
Session ID: 5b7f9a76c2d95cacdb166e35fe5f0d63
*** Element info: {Using=id, value=username}
at sun.reflect.GeneratedConstructorAccessor24.newInstance(Unknown Source)
at sun.reflect.DelegatingConstructorAccessorImpl.newInstance(DelegatingConstructorAccessorImpl.java:45)
at java.lang.reflect.Constructor.newInstance(Constructor.java:423)
at org.openqa.selenium.remote.http.W3CHttpResponseCodec.createException(W3CHttpResponseCodec.java:187)
at org.openqa.selenium.remote.http.W3CHttpResponseCodec.decode(W3CHttpResponseCodec.java:122)
at org.openqa.selenium.remote.http.W3CHttpResponseCodec.decode(W3CHttpResponseCodec.java:49)
at org.openqa.selenium.remote.HttpCommandExecutor.execute(HttpCommandExecutor.java:158)
at org.openqa.selenium.remote.service.DriverCommandExecutor.execute(DriverCommandExecutor.java:83)
at org.openqa.selenium.remote.RemoteWebDriver.execute(RemoteWebDriver.java:548)
at org.openqa.selenium.remote.RemoteWebDriver.findElement(RemoteWebDriver.java:322)
at org.openqa.selenium.remote.RemoteWebDriver.findElementById(RemoteWebDriver.java:368)
at org.openqa.selenium.By$ById.findElement(By.java:188)
at org.openqa.selenium.remote.RemoteWebDriver.findElement(RemoteWebDriver.java:314)
at org.openqa.selenium.support.pagefactory.DefaultElementLocator.findElement(DefaultElementLocator.java:69)
at org.openqa.selenium.support.pagefactory.internal.LocatingElementHandler.invoke(LocatingElementHandler.java:38)
at com.sun.proxy.$Proxy23.isDisplayed(Unknown Source)
at org.openqa.selenium.support.ui.ExpectedConditions.elementIfVisible(ExpectedConditions.java:315)
at org.openqa.selenium.support.ui.ExpectedConditions.access$100(ExpectedConditions.java:44)
at org.openqa.selenium.support.ui.ExpectedConditions$10.apply(ExpectedConditions.java:301)
at org.openqa.selenium.support.ui.ExpectedConditions$10.apply(ExpectedConditions.java:298)
at org.openqa.selenium.support.ui.FluentWait.until(FluentWait.java:208)
... 26 more
]]>
            </full-stacktrace>
          </exception> <!-- org.openqa.selenium.TimeoutException -->
          <reporter-output>
          </reporter-output>
        </test-method> <!-- N02_InviteTakenUsernameOrTakenEmailAddress -->
        <test-method status="FAIL" signature="N03_InviteUserWithValidCredential()[pri:4, instance:TestCases.InviteUserTest@302fec27]" name="N03_InviteUserWithValidCredential" duration-ms="10442" started-at="2021-02-05T18:57:30 WIB" finished-at="2021-02-05T18:57:41 WIB">
          <exception class="org.openqa.selenium.TimeoutException">
            <message>
              <![CDATA[Expected condition failed: waiting for visibility of Proxy element for: DefaultElementLocator 'By.id: username' (tried for 10 second(s) with 500 MILLISECONDS interval)]]>
            </message>
            <full-stacktrace>
              <![CDATA[org.openqa.selenium.TimeoutException: Expected condition failed: waiting for visibility of Proxy element for: DefaultElementLocator 'By.id: username' (tried for 10 second(s) with 500 MILLISECONDS interval)
at org.openqa.selenium.support.ui.WebDriverWait.timeoutException(WebDriverWait.java:82)
at org.openqa.selenium.support.ui.FluentWait.until(FluentWait.java:231)
at pages.BasePage.waitVisibility(BasePage.java:34)
at pages.InviteUserPage.typeUserName(InviteUserPage.java:85)
at TestCases.InviteUserTest.N03_InviteUserWithValidCredential(InviteUserTest.java:98)
at sun.reflect.NativeMethodAccessorImpl.invoke0(Native Method)
at sun.reflect.NativeMethodAccessorImpl.invoke(NativeMethodAccessorImpl.java:62)
at sun.reflect.DelegatingMethodAccessorImpl.invoke(DelegatingMethodAccessorImpl.java:43)
at java.lang.reflect.Method.invoke(Method.java:498)
at org.testng.internal.MethodInvocationHelper.invokeMethod(MethodInvocationHelper.java:133)
at org.testng.internal.TestInvoker.invokeMethod(TestInvoker.java:584)
at org.testng.internal.TestInvoker.invokeTestMethod(TestInvoker.java:172)
at org.testng.internal.MethodRunner.runInSequence(MethodRunner.java:46)
at org.testng.internal.TestInvoker$MethodInvocationAgent.invoke(TestInvoker.java:804)
at org.testng.internal.TestInvoker.invokeTestMethods(TestInvoker.java:145)
at org.testng.internal.TestMethodWorker.invokeTestMethods(TestMethodWorker.java:146)
at org.testng.internal.TestMethodWorker.run(TestMethodWorker.java:128)
at java.util.ArrayList.forEach(ArrayList.java:1259)
at org.testng.TestRunner.privateRun(TestRunner.java:770)
at org.testng.TestRunner.run(TestRunner.java:591)
at org.testng.SuiteRunner.runTest(SuiteRunner.java:402)
at org.testng.SuiteRunner.access$000(SuiteRunner.java:41)
at org.testng.SuiteRunner$SuiteWorker.run(SuiteRunner.java:443)
at org.testng.internal.thread.ThreadUtil.lambda$execute$0(ThreadUtil.java:67)
at java.util.concurrent.FutureTask.run(FutureTask.java:266)
at java.util.concurrent.ThreadPoolExecutor.runWorker(ThreadPoolExecutor.java:1149)
at java.util.concurrent.ThreadPoolExecutor$Worker.run(ThreadPoolExecutor.java:624)
at java.lang.Thread.run(Thread.java:748)
Caused by: org.openqa.selenium.NoSuchElementException: no such element: Unable to locate element: {"method":"css selector","selector":"#username"}
  (Session info: headless chrome=88.0.4324.150)
For documentation on this error, please visit: http://seleniumhq.org/exceptions/no_such_element.html
Build info: version: '3.14.0', revision: 'aacccce0', time: '2018-08-02T20:19:58.91Z'
System info: host: 'Potatos-Mac.local', ip: 'fe80:0:0:0:6:b504:c6d7:bbe1%en0', os.name: 'Mac OS X', os.arch: 'x86_64', os.version: '10.15.6', java.version: '1.8.0_261'
Driver info: org.openqa.selenium.chrome.ChromeDriver
Capabilities {acceptInsecureCerts: false, browserName: chrome, browserVersion: 88.0.4324.150, chrome: {chromedriverVersion: 88.0.4324.96 (68dba2d8a0b14..., userDataDir: /var/folders/pz/vbvlmv8j3s1...}, goog:chromeOptions: {debuggerAddress: localhost:62029}, javascriptEnabled: true, networkConnectionEnabled: false, pageLoadStrategy: normal, platform: MAC, platformName: MAC, proxy: Proxy(), setWindowRect: true, strictFileInteractability: false, timeouts: {implicit: 0, pageLoad: 300000, script: 30000}, unhandledPromptBehavior: dismiss and notify, webauthn:extension:largeBlob: true, webauthn:virtualAuthenticators: true}
Session ID: 5b7f9a76c2d95cacdb166e35fe5f0d63
*** Element info: {Using=id, value=username}
at sun.reflect.GeneratedConstructorAccessor24.newInstance(Unknown Source)
at sun.reflect.DelegatingConstructorAccessorImpl.newInstance(DelegatingConstructorAccessorImpl.java:45)
at java.lang.reflect.Constructor.newInstance(Constructor.java:423)
at org.openqa.selenium.remote.http.W3CHttpResponseCodec.createException(W3CHttpResponseCodec.java:187)
at org.openqa.selenium.remote.http.W3CHttpResponseCodec.decode(W3CHttpResponseCodec.java:122)
at org.openqa.selenium.remote.http.W3CHttpResponseCodec.decode(W3CHttpResponseCodec.java:49)
at org.openqa.selenium.remote.HttpCommandExecutor.execute(HttpCommandExecutor.java:158)
at org.openqa.selenium.remote.service.DriverCommandExecutor.execute(DriverCommandExecutor.java:83)
at org.openqa.selenium.remote.RemoteWebDriver.execute(RemoteWebDriver.java:548)
at org.openqa.selenium.remote.RemoteWebDriver.findElement(RemoteWebDriver.java:322)
at org.openqa.selenium.remote.RemoteWebDriver.findElementById(RemoteWebDriver.java:368)
at org.openqa.selenium.By$ById.findElement(By.java:188)
at org.openqa.selenium.remote.RemoteWebDriver.findElement(RemoteWebDriver.java:314)
at org.openqa.selenium.support.pagefactory.DefaultElementLocator.findElement(DefaultElementLocator.java:69)
at org.openqa.selenium.support.pagefactory.internal.LocatingElementHandler.invoke(LocatingElementHandler.java:38)
at com.sun.proxy.$Proxy23.isDisplayed(Unknown Source)
at org.openqa.selenium.support.ui.ExpectedConditions.elementIfVisible(ExpectedConditions.java:315)
at org.openqa.selenium.support.ui.ExpectedConditions.access$100(ExpectedConditions.java:44)
at org.openqa.selenium.support.ui.ExpectedConditions$10.apply(ExpectedConditions.java:301)
at org.openqa.selenium.support.ui.ExpectedConditions$10.apply(ExpectedConditions.java:298)
at org.openqa.selenium.support.ui.FluentWait.until(FluentWait.java:208)
... 26 more
]]>
            </full-stacktrace>
          </exception> <!-- org.openqa.selenium.TimeoutException -->
          <reporter-output>
          </reporter-output>
        </test-method> <!-- N03_InviteUserWithValidCredential -->
        <test-method status="PASS" signature="quitDriver()[pri:0, instance:TestCases.InviteUserTest@302fec27]" name="quitDriver" is-config="true" duration-ms="88" started-at="2021-02-05T18:57:41 WIB" finished-at="2021-02-05T18:57:41 WIB">
          <reporter-output>
          </reporter-output>
        </test-method> <!-- quitDriver -->
      </class> <!-- TestCases.InviteUserTest -->
      <class name="TestCases.UpdatePasswordTest">
        <test-method status="PASS" signature="setBaseConfig(java.lang.String, java.lang.String, java.lang.String)[pri:0, instance:TestCases.UpdatePasswordTest@1133ec6e]" name="setBaseConfig" is-config="true" duration-ms="3708" started-at="2021-02-05T18:54:29 WIB" finished-at="2021-02-05T18:54:33 WIB">
          <params>
            <param index="0">
              <value>
                <![CDATA[chrome]]>
              </value>
            </param>
            <param index="1">
              <value>
                <![CDATA[true]]>
              </value>
            </param>
            <param index="2">
              <value>
                <![CDATA[airpay]]>
              </value>
            </param>
          </params>
          <reporter-output>
          </reporter-output>
        </test-method> <!-- setBaseConfig -->
        <test-method status="PASS" signature="signIn()[pri:1, instance:TestCases.UpdatePasswordTest@1133ec6e]" name="signIn" duration-ms="3551" started-at="2021-02-05T18:54:33 WIB" finished-at="2021-02-05T18:54:37 WIB">
          <reporter-output>
          </reporter-output>
        </test-method> <!-- signIn -->
        <test-method status="PASS" signature="F01_UpdatePasswordWithIncorrectCurrentPassword()[pri:2, instance:TestCases.UpdatePasswordTest@1133ec6e]" name="F01_UpdatePasswordWithIncorrectCurrentPassword" duration-ms="2771" started-at="2021-02-05T18:54:37 WIB" finished-at="2021-02-05T18:54:39 WIB">
          <reporter-output>
          </reporter-output>
        </test-method> <!-- F01_UpdatePasswordWithIncorrectCurrentPassword -->
        <test-method status="PASS" signature="F02_UpdatePasswordWithNewPasswordAndCoPasswordAreDifferent()[pri:3, instance:TestCases.UpdatePasswordTest@1133ec6e]" name="F02_UpdatePasswordWithNewPasswordAndCoPasswordAreDifferent" duration-ms="1992" started-at="2021-02-05T18:54:39 WIB" finished-at="2021-02-05T18:54:41 WIB">
          <reporter-output>
          </reporter-output>
        </test-method> <!-- F02_UpdatePasswordWithNewPasswordAndCoPasswordAreDifferent -->
        <test-method status="FAIL" signature="F03_UpdatePasswordWithCorrectInput()[pri:4, instance:TestCases.UpdatePasswordTest@1133ec6e]" name="F03_UpdatePasswordWithCorrectInput" duration-ms="757" started-at="2021-02-05T18:54:41 WIB" finished-at="2021-02-05T18:54:42 WIB">
          <exception class="java.lang.AssertionError">
            <message>
              <![CDATA[password is not updated did not expect to find [true] but found [false]]]>
            </message>
            <full-stacktrace>
              <![CDATA[java.lang.AssertionError: password is not updated did not expect to find [true] but found [false]
at org.testng.Assert.fail(Assert.java:97)
at org.testng.Assert.failNotEquals(Assert.java:969)
at org.testng.Assert.assertTrue(Assert.java:43)
at TestCases.UpdatePasswordTest.F03_UpdatePasswordWithCorrectInput(UpdatePasswordTest.java:111)
at sun.reflect.NativeMethodAccessorImpl.invoke0(Native Method)
at sun.reflect.NativeMethodAccessorImpl.invoke(NativeMethodAccessorImpl.java:62)
at sun.reflect.DelegatingMethodAccessorImpl.invoke(DelegatingMethodAccessorImpl.java:43)
at java.lang.reflect.Method.invoke(Method.java:498)
at org.testng.internal.MethodInvocationHelper.invokeMethod(MethodInvocationHelper.java:133)
at org.testng.internal.TestInvoker.invokeMethod(TestInvoker.java:584)
at org.testng.internal.TestInvoker.invokeTestMethod(TestInvoker.java:172)
at org.testng.internal.MethodRunner.runInSequence(MethodRunner.java:46)
at org.testng.internal.TestInvoker$MethodInvocationAgent.invoke(TestInvoker.java:804)
at org.testng.internal.TestInvoker.invokeTestMethods(TestInvoker.java:145)
at org.testng.internal.TestMethodWorker.invokeTestMethods(TestMethodWorker.java:146)
at org.testng.internal.TestMethodWorker.run(TestMethodWorker.java:128)
at java.util.ArrayList.forEach(ArrayList.java:1259)
at org.testng.TestRunner.privateRun(TestRunner.java:770)
at org.testng.TestRunner.run(TestRunner.java:591)
at org.testng.SuiteRunner.runTest(SuiteRunner.java:402)
at org.testng.SuiteRunner.access$000(SuiteRunner.java:41)
at org.testng.SuiteRunner$SuiteWorker.run(SuiteRunner.java:443)
at org.testng.internal.thread.ThreadUtil.lambda$execute$0(ThreadUtil.java:67)
at java.util.concurrent.FutureTask.run(FutureTask.java:266)
at java.util.concurrent.ThreadPoolExecutor.runWorker(ThreadPoolExecutor.java:1149)
at java.util.concurrent.ThreadPoolExecutor$Worker.run(ThreadPoolExecutor.java:624)
at java.lang.Thread.run(Thread.java:748)
]]>
            </full-stacktrace>
          </exception> <!-- java.lang.AssertionError -->
          <reporter-output>
          </reporter-output>
        </test-method> <!-- F03_UpdatePasswordWithCorrectInput -->
        <test-method status="PASS" signature="quitDriver()[pri:0, instance:TestCases.UpdatePasswordTest@1133ec6e]" name="quitDriver" is-config="true" duration-ms="90" started-at="2021-02-05T18:54:42 WIB" finished-at="2021-02-05T18:54:43 WIB">
          <reporter-output>
          </reporter-output>
        </test-method> <!-- quitDriver -->
      </class> <!-- TestCases.UpdatePasswordTest -->
      <class name="TestCases.AddServiceTest">
        <test-method status="PASS" signature="setBaseConfig(java.lang.String, java.lang.String, java.lang.String)[pri:0, instance:TestCases.AddServiceTest@2a2da905]" name="setBaseConfig" is-config="true" duration-ms="2130" started-at="2021-02-05T18:55:03 WIB" finished-at="2021-02-05T18:55:05 WIB">
          <params>
            <param index="0">
              <value>
                <![CDATA[chrome]]>
              </value>
            </param>
            <param index="1">
              <value>
                <![CDATA[true]]>
              </value>
            </param>
            <param index="2">
              <value>
                <![CDATA[airpay]]>
              </value>
            </param>
          </params>
          <reporter-output>
          </reporter-output>
        </test-method> <!-- setBaseConfig -->
        <test-method status="PASS" signature="signIn()[pri:1, instance:TestCases.AddServiceTest@2a2da905]" name="signIn" duration-ms="3897" started-at="2021-02-05T18:55:05 WIB" finished-at="2021-02-05T18:55:09 WIB">
          <reporter-output>
          </reporter-output>
        </test-method> <!-- signIn -->
        <test-method status="FAIL" signature="J01_FirstStepAddService()[pri:2, instance:TestCases.AddServiceTest@2a2da905]" name="J01_FirstStepAddService" duration-ms="10526" started-at="2021-02-05T18:55:09 WIB" finished-at="2021-02-05T18:55:19 WIB">
          <exception class="org.openqa.selenium.TimeoutException">
            <message>
              <![CDATA[Expected condition failed: waiting for visibility of [[ChromeDriver: chrome on MAC (08165a6b4310f66dac48526e87bd4184)] -> xpath: //img[contains(@src,"Service")]] (tried for 10 second(s) with 500 MILLISECONDS interval)
Build info: version: '3.14.0', revision: 'aacccce0', time: '2018-08-02T20:19:58.91Z'
System info: host: 'Potatos-Mac.local', ip: 'fe80:0:0:0:6:b504:c6d7:bbe1%en0', os.name: 'Mac OS X', os.arch: 'x86_64', os.version: '10.15.6', java.version: '1.8.0_261'
Driver info: org.openqa.selenium.chrome.ChromeDriver
Capabilities {acceptInsecureCerts: false, browserName: chrome, browserVersion: 88.0.4324.150, chrome: {chromedriverVersion: 88.0.4324.96 (68dba2d8a0b14..., userDataDir: /var/folders/pz/vbvlmv8j3s1...}, goog:chromeOptions: {debuggerAddress: localhost:61474}, javascriptEnabled: true, networkConnectionEnabled: false, pageLoadStrategy: normal, platform: MAC, platformName: MAC, proxy: Proxy(), setWindowRect: true, strictFileInteractability: false, timeouts: {implicit: 0, pageLoad: 300000, script: 30000}, unhandledPromptBehavior: dismiss and notify, webauthn:extension:largeBlob: true, webauthn:virtualAuthenticators: true}
Session ID: 08165a6b4310f66dac48526e87bd4184]]>
            </message>
            <full-stacktrace>
              <![CDATA[org.openqa.selenium.TimeoutException: Expected condition failed: waiting for visibility of [[ChromeDriver: chrome on MAC (08165a6b4310f66dac48526e87bd4184)] -> xpath: //img[contains(@src,"Service")]] (tried for 10 second(s) with 500 MILLISECONDS interval)
Build info: version: '3.14.0', revision: 'aacccce0', time: '2018-08-02T20:19:58.91Z'
System info: host: 'Potatos-Mac.local', ip: 'fe80:0:0:0:6:b504:c6d7:bbe1%en0', os.name: 'Mac OS X', os.arch: 'x86_64', os.version: '10.15.6', java.version: '1.8.0_261'
Driver info: org.openqa.selenium.chrome.ChromeDriver
Capabilities {acceptInsecureCerts: false, browserName: chrome, browserVersion: 88.0.4324.150, chrome: {chromedriverVersion: 88.0.4324.96 (68dba2d8a0b14..., userDataDir: /var/folders/pz/vbvlmv8j3s1...}, goog:chromeOptions: {debuggerAddress: localhost:61474}, javascriptEnabled: true, networkConnectionEnabled: false, pageLoadStrategy: normal, platform: MAC, platformName: MAC, proxy: Proxy(), setWindowRect: true, strictFileInteractability: false, timeouts: {implicit: 0, pageLoad: 300000, script: 30000}, unhandledPromptBehavior: dismiss and notify, webauthn:extension:largeBlob: true, webauthn:virtualAuthenticators: true}
Session ID: 08165a6b4310f66dac48526e87bd4184
at org.openqa.selenium.support.ui.WebDriverWait.timeoutException(WebDriverWait.java:82)
at org.openqa.selenium.support.ui.FluentWait.until(FluentWait.java:231)
at pages.BasePage.waitVisibility(BasePage.java:34)
at pages.SideMenuPage.clickOnServiceDropDown(SideMenuPage.java:144)
at TestCases.AddServiceTest.J01_FirstStepAddService(AddServiceTest.java:41)
at sun.reflect.NativeMethodAccessorImpl.invoke0(Native Method)
at sun.reflect.NativeMethodAccessorImpl.invoke(NativeMethodAccessorImpl.java:62)
at sun.reflect.DelegatingMethodAccessorImpl.invoke(DelegatingMethodAccessorImpl.java:43)
at java.lang.reflect.Method.invoke(Method.java:498)
at org.testng.internal.MethodInvocationHelper.invokeMethod(MethodInvocationHelper.java:133)
at org.testng.internal.TestInvoker.invokeMethod(TestInvoker.java:584)
at org.testng.internal.TestInvoker.invokeTestMethod(TestInvoker.java:172)
at org.testng.internal.MethodRunner.runInSequence(MethodRunner.java:46)
at org.testng.internal.TestInvoker$MethodInvocationAgent.invoke(TestInvoker.java:804)
at org.testng.internal.TestInvoker.invokeTestMethods(TestInvoker.java:145)
at org.testng.internal.TestMethodWorker.invokeTestMethods(TestMethodWorker.java:146)
at org.testng.internal.TestMethodWorker.run(TestMethodWorker.java:128)
at java.util.ArrayList.forEach(ArrayList.java:1259)
at org.testng.TestRunner.privateRun(TestRunner.java:770)
at org.testng.TestRunner.run(TestRunner.java:591)
at org.testng.SuiteRunner.runTest(SuiteRunner.java:402)
at org.testng.SuiteRunner.access$000(SuiteRunner.java:41)
at org.testng.SuiteRunner$SuiteWorker.run(SuiteRunner.java:443)
at org.testng.internal.thread.ThreadUtil.lambda$execute$0(ThreadUtil.java:67)
at java.util.concurrent.FutureTask.run(FutureTask.java:266)
at java.util.concurrent.ThreadPoolExecutor.runWorker(ThreadPoolExecutor.java:1149)
at java.util.concurrent.ThreadPoolExecutor$Worker.run(ThreadPoolExecutor.java:624)
at java.lang.Thread.run(Thread.java:748)
]]>
            </full-stacktrace>
          </exception> <!-- org.openqa.selenium.TimeoutException -->
          <reporter-output>
          </reporter-output>
        </test-method> <!-- J01_FirstStepAddService -->
        <test-method status="FAIL" signature="J02_SecondStepService()[pri:3, instance:TestCases.AddServiceTest@2a2da905]" name="J02_SecondStepService" duration-ms="10405" started-at="2021-02-05T18:55:20 WIB" finished-at="2021-02-05T18:55:30 WIB">
          <exception class="org.openqa.selenium.TimeoutException">
            <message>
              <![CDATA[Expected condition failed: waiting for visibility of Proxy element for: DefaultElementLocator 'By.id: service_step_two' (tried for 10 second(s) with 500 MILLISECONDS interval)]]>
            </message>
            <full-stacktrace>
              <![CDATA[org.openqa.selenium.TimeoutException: Expected condition failed: waiting for visibility of Proxy element for: DefaultElementLocator 'By.id: service_step_two' (tried for 10 second(s) with 500 MILLISECONDS interval)
at org.openqa.selenium.support.ui.WebDriverWait.timeoutException(WebDriverWait.java:82)
at org.openqa.selenium.support.ui.FluentWait.until(FluentWait.java:231)
at pages.BasePage.waitVisibility(BasePage.java:34)
at pages.AddServicePage.clickNextButtonSecondStep(AddServicePage.java:293)
at TestCases.AddServiceTest.J02_SecondStepService(AddServiceTest.java:79)
at sun.reflect.NativeMethodAccessorImpl.invoke0(Native Method)
at sun.reflect.NativeMethodAccessorImpl.invoke(NativeMethodAccessorImpl.java:62)
at sun.reflect.DelegatingMethodAccessorImpl.invoke(DelegatingMethodAccessorImpl.java:43)
at java.lang.reflect.Method.invoke(Method.java:498)
at org.testng.internal.MethodInvocationHelper.invokeMethod(MethodInvocationHelper.java:133)
at org.testng.internal.TestInvoker.invokeMethod(TestInvoker.java:584)
at org.testng.internal.TestInvoker.invokeTestMethod(TestInvoker.java:172)
at org.testng.internal.MethodRunner.runInSequence(MethodRunner.java:46)
at org.testng.internal.TestInvoker$MethodInvocationAgent.invoke(TestInvoker.java:804)
at org.testng.internal.TestInvoker.invokeTestMethods(TestInvoker.java:145)
at org.testng.internal.TestMethodWorker.invokeTestMethods(TestMethodWorker.java:146)
at org.testng.internal.TestMethodWorker.run(TestMethodWorker.java:128)
at java.util.ArrayList.forEach(ArrayList.java:1259)
at org.testng.TestRunner.privateRun(TestRunner.java:770)
at org.testng.TestRunner.run(TestRunner.java:591)
at org.testng.SuiteRunner.runTest(SuiteRunner.java:402)
at org.testng.SuiteRunner.access$000(SuiteRunner.java:41)
at org.testng.SuiteRunner$SuiteWorker.run(SuiteRunner.java:443)
at org.testng.internal.thread.ThreadUtil.lambda$execute$0(ThreadUtil.java:67)
at java.util.concurrent.FutureTask.run(FutureTask.java:266)
at java.util.concurrent.ThreadPoolExecutor.runWorker(ThreadPoolExecutor.java:1149)
at java.util.concurrent.ThreadPoolExecutor$Worker.run(ThreadPoolExecutor.java:624)
at java.lang.Thread.run(Thread.java:748)
Caused by: org.openqa.selenium.NoSuchElementException: no such element: Unable to locate element: {"method":"css selector","selector":"#service_step_two"}
  (Session info: headless chrome=88.0.4324.150)
For documentation on this error, please visit: http://seleniumhq.org/exceptions/no_such_element.html
Build info: version: '3.14.0', revision: 'aacccce0', time: '2018-08-02T20:19:58.91Z'
System info: host: 'Potatos-Mac.local', ip: 'fe80:0:0:0:6:b504:c6d7:bbe1%en0', os.name: 'Mac OS X', os.arch: 'x86_64', os.version: '10.15.6', java.version: '1.8.0_261'
Driver info: org.openqa.selenium.chrome.ChromeDriver
Capabilities {acceptInsecureCerts: false, browserName: chrome, browserVersion: 88.0.4324.150, chrome: {chromedriverVersion: 88.0.4324.96 (68dba2d8a0b14..., userDataDir: /var/folders/pz/vbvlmv8j3s1...}, goog:chromeOptions: {debuggerAddress: localhost:61474}, javascriptEnabled: true, networkConnectionEnabled: false, pageLoadStrategy: normal, platform: MAC, platformName: MAC, proxy: Proxy(), setWindowRect: true, strictFileInteractability: false, timeouts: {implicit: 0, pageLoad: 300000, script: 30000}, unhandledPromptBehavior: dismiss and notify, webauthn:extension:largeBlob: true, webauthn:virtualAuthenticators: true}
Session ID: 08165a6b4310f66dac48526e87bd4184
*** Element info: {Using=id, value=service_step_two}
at sun.reflect.GeneratedConstructorAccessor24.newInstance(Unknown Source)
at sun.reflect.DelegatingConstructorAccessorImpl.newInstance(DelegatingConstructorAccessorImpl.java:45)
at java.lang.reflect.Constructor.newInstance(Constructor.java:423)
at org.openqa.selenium.remote.http.W3CHttpResponseCodec.createException(W3CHttpResponseCodec.java:187)
at org.openqa.selenium.remote.http.W3CHttpResponseCodec.decode(W3CHttpResponseCodec.java:122)
at org.openqa.selenium.remote.http.W3CHttpResponseCodec.decode(W3CHttpResponseCodec.java:49)
at org.openqa.selenium.remote.HttpCommandExecutor.execute(HttpCommandExecutor.java:158)
at org.openqa.selenium.remote.service.DriverCommandExecutor.execute(DriverCommandExecutor.java:83)
at org.openqa.selenium.remote.RemoteWebDriver.execute(RemoteWebDriver.java:548)
at org.openqa.selenium.remote.RemoteWebDriver.findElement(RemoteWebDriver.java:322)
at org.openqa.selenium.remote.RemoteWebDriver.findElementById(RemoteWebDriver.java:368)
at org.openqa.selenium.By$ById.findElement(By.java:188)
at org.openqa.selenium.remote.RemoteWebDriver.findElement(RemoteWebDriver.java:314)
at org.openqa.selenium.support.pagefactory.DefaultElementLocator.findElement(DefaultElementLocator.java:69)
at org.openqa.selenium.support.pagefactory.internal.LocatingElementHandler.invoke(LocatingElementHandler.java:38)
at com.sun.proxy.$Proxy23.isDisplayed(Unknown Source)
at org.openqa.selenium.support.ui.ExpectedConditions.elementIfVisible(ExpectedConditions.java:315)
at org.openqa.selenium.support.ui.ExpectedConditions.access$100(ExpectedConditions.java:44)
at org.openqa.selenium.support.ui.ExpectedConditions$10.apply(ExpectedConditions.java:301)
at org.openqa.selenium.support.ui.ExpectedConditions$10.apply(ExpectedConditions.java:298)
at org.openqa.selenium.support.ui.FluentWait.until(FluentWait.java:208)
... 26 more
]]>
            </full-stacktrace>
          </exception> <!-- org.openqa.selenium.TimeoutException -->
          <reporter-output>
          </reporter-output>
        </test-method> <!-- J02_SecondStepService -->
        <test-method status="FAIL" signature="J03_ThirdStepService()[pri:4, instance:TestCases.AddServiceTest@2a2da905]" name="J03_ThirdStepService" duration-ms="10385" started-at="2021-02-05T18:55:31 WIB" finished-at="2021-02-05T18:55:41 WIB">
          <exception class="org.openqa.selenium.TimeoutException">
            <message>
              <![CDATA[Expected condition failed: waiting for visibility of Proxy element for: DefaultElementLocator 'By.id: service_step_three' (tried for 10 second(s) with 500 MILLISECONDS interval)]]>
            </message>
            <full-stacktrace>
              <![CDATA[org.openqa.selenium.TimeoutException: Expected condition failed: waiting for visibility of Proxy element for: DefaultElementLocator 'By.id: service_step_three' (tried for 10 second(s) with 500 MILLISECONDS interval)
at org.openqa.selenium.support.ui.WebDriverWait.timeoutException(WebDriverWait.java:82)
at org.openqa.selenium.support.ui.FluentWait.until(FluentWait.java:231)
at pages.BasePage.waitVisibility(BasePage.java:34)
at pages.AddServicePage.clickOnNextButtonThirdStep(AddServicePage.java:297)
at TestCases.AddServiceTest.J03_ThirdStepService(AddServiceTest.java:111)
at sun.reflect.NativeMethodAccessorImpl.invoke0(Native Method)
at sun.reflect.NativeMethodAccessorImpl.invoke(NativeMethodAccessorImpl.java:62)
at sun.reflect.DelegatingMethodAccessorImpl.invoke(DelegatingMethodAccessorImpl.java:43)
at java.lang.reflect.Method.invoke(Method.java:498)
at org.testng.internal.MethodInvocationHelper.invokeMethod(MethodInvocationHelper.java:133)
at org.testng.internal.TestInvoker.invokeMethod(TestInvoker.java:584)
at org.testng.internal.TestInvoker.invokeTestMethod(TestInvoker.java:172)
at org.testng.internal.MethodRunner.runInSequence(MethodRunner.java:46)
at org.testng.internal.TestInvoker$MethodInvocationAgent.invoke(TestInvoker.java:804)
at org.testng.internal.TestInvoker.invokeTestMethods(TestInvoker.java:145)
at org.testng.internal.TestMethodWorker.invokeTestMethods(TestMethodWorker.java:146)
at org.testng.internal.TestMethodWorker.run(TestMethodWorker.java:128)
at java.util.ArrayList.forEach(ArrayList.java:1259)
at org.testng.TestRunner.privateRun(TestRunner.java:770)
at org.testng.TestRunner.run(TestRunner.java:591)
at org.testng.SuiteRunner.runTest(SuiteRunner.java:402)
at org.testng.SuiteRunner.access$000(SuiteRunner.java:41)
at org.testng.SuiteRunner$SuiteWorker.run(SuiteRunner.java:443)
at org.testng.internal.thread.ThreadUtil.lambda$execute$0(ThreadUtil.java:67)
at java.util.concurrent.FutureTask.run(FutureTask.java:266)
at java.util.concurrent.ThreadPoolExecutor.runWorker(ThreadPoolExecutor.java:1149)
at java.util.concurrent.ThreadPoolExecutor$Worker.run(ThreadPoolExecutor.java:624)
at java.lang.Thread.run(Thread.java:748)
Caused by: org.openqa.selenium.NoSuchElementException: no such element: Unable to locate element: {"method":"css selector","selector":"#service_step_three"}
  (Session info: headless chrome=88.0.4324.150)
For documentation on this error, please visit: http://seleniumhq.org/exceptions/no_such_element.html
Build info: version: '3.14.0', revision: 'aacccce0', time: '2018-08-02T20:19:58.91Z'
System info: host: 'Potatos-Mac.local', ip: 'fe80:0:0:0:6:b504:c6d7:bbe1%en0', os.name: 'Mac OS X', os.arch: 'x86_64', os.version: '10.15.6', java.version: '1.8.0_261'
Driver info: org.openqa.selenium.chrome.ChromeDriver
Capabilities {acceptInsecureCerts: false, browserName: chrome, browserVersion: 88.0.4324.150, chrome: {chromedriverVersion: 88.0.4324.96 (68dba2d8a0b14..., userDataDir: /var/folders/pz/vbvlmv8j3s1...}, goog:chromeOptions: {debuggerAddress: localhost:61474}, javascriptEnabled: true, networkConnectionEnabled: false, pageLoadStrategy: normal, platform: MAC, platformName: MAC, proxy: Proxy(), setWindowRect: true, strictFileInteractability: false, timeouts: {implicit: 0, pageLoad: 300000, script: 30000}, unhandledPromptBehavior: dismiss and notify, webauthn:extension:largeBlob: true, webauthn:virtualAuthenticators: true}
Session ID: 08165a6b4310f66dac48526e87bd4184
*** Element info: {Using=id, value=service_step_three}
at sun.reflect.GeneratedConstructorAccessor24.newInstance(Unknown Source)
at sun.reflect.DelegatingConstructorAccessorImpl.newInstance(DelegatingConstructorAccessorImpl.java:45)
at java.lang.reflect.Constructor.newInstance(Constructor.java:423)
at org.openqa.selenium.remote.http.W3CHttpResponseCodec.createException(W3CHttpResponseCodec.java:187)
at org.openqa.selenium.remote.http.W3CHttpResponseCodec.decode(W3CHttpResponseCodec.java:122)
at org.openqa.selenium.remote.http.W3CHttpResponseCodec.decode(W3CHttpResponseCodec.java:49)
at org.openqa.selenium.remote.HttpCommandExecutor.execute(HttpCommandExecutor.java:158)
at org.openqa.selenium.remote.service.DriverCommandExecutor.execute(DriverCommandExecutor.java:83)
at org.openqa.selenium.remote.RemoteWebDriver.execute(RemoteWebDriver.java:548)
at org.openqa.selenium.remote.RemoteWebDriver.findElement(RemoteWebDriver.java:322)
at org.openqa.selenium.remote.RemoteWebDriver.findElementById(RemoteWebDriver.java:368)
at org.openqa.selenium.By$ById.findElement(By.java:188)
at org.openqa.selenium.remote.RemoteWebDriver.findElement(RemoteWebDriver.java:314)
at org.openqa.selenium.support.pagefactory.DefaultElementLocator.findElement(DefaultElementLocator.java:69)
at org.openqa.selenium.support.pagefactory.internal.LocatingElementHandler.invoke(LocatingElementHandler.java:38)
at com.sun.proxy.$Proxy23.isDisplayed(Unknown Source)
at org.openqa.selenium.support.ui.ExpectedConditions.elementIfVisible(ExpectedConditions.java:315)
at org.openqa.selenium.support.ui.ExpectedConditions.access$100(ExpectedConditions.java:44)
at org.openqa.selenium.support.ui.ExpectedConditions$10.apply(ExpectedConditions.java:301)
at org.openqa.selenium.support.ui.ExpectedConditions$10.apply(ExpectedConditions.java:298)
at org.openqa.selenium.support.ui.FluentWait.until(FluentWait.java:208)
... 26 more
]]>
            </full-stacktrace>
          </exception> <!-- org.openqa.selenium.TimeoutException -->
          <reporter-output>
          </reporter-output>
        </test-method> <!-- J03_ThirdStepService -->
        <test-method status="FAIL" signature="J04_FourthStepService()[pri:5, instance:TestCases.AddServiceTest@2a2da905]" name="J04_FourthStepService" duration-ms="1026" started-at="2021-02-05T18:55:41 WIB" finished-at="2021-02-05T18:55:42 WIB">
          <exception class="org.openqa.selenium.NoSuchElementException">
            <message>
              <![CDATA[no such element: Unable to locate element: {"method":"xpath","selector":"//button[@id="service_step_four" and contains(text(),"Next")]"}
  (Session info: headless chrome=88.0.4324.150)
For documentation on this error, please visit: http://seleniumhq.org/exceptions/no_such_element.html
Build info: version: '3.14.0', revision: 'aacccce0', time: '2018-08-02T20:19:58.91Z'
System info: host: 'Potatos-Mac.local', ip: 'fe80:0:0:0:6:b504:c6d7:bbe1%en0', os.name: 'Mac OS X', os.arch: 'x86_64', os.version: '10.15.6', java.version: '1.8.0_261'
Driver info: org.openqa.selenium.chrome.ChromeDriver
Capabilities {acceptInsecureCerts: false, browserName: chrome, browserVersion: 88.0.4324.150, chrome: {chromedriverVersion: 88.0.4324.96 (68dba2d8a0b14..., userDataDir: /var/folders/pz/vbvlmv8j3s1...}, goog:chromeOptions: {debuggerAddress: localhost:61474}, javascriptEnabled: true, networkConnectionEnabled: false, pageLoadStrategy: normal, platform: MAC, platformName: MAC, proxy: Proxy(), setWindowRect: true, strictFileInteractability: false, timeouts: {implicit: 0, pageLoad: 300000, script: 30000}, unhandledPromptBehavior: dismiss and notify, webauthn:extension:largeBlob: true, webauthn:virtualAuthenticators: true}
Session ID: 08165a6b4310f66dac48526e87bd4184
*** Element info: {Using=xpath, value=//button[@id="service_step_four" and contains(text(),"Next")]}]]>
            </message>
            <full-stacktrace>
              <![CDATA[org.openqa.selenium.NoSuchElementException: no such element: Unable to locate element: {"method":"xpath","selector":"//button[@id="service_step_four" and contains(text(),"Next")]"}
  (Session info: headless chrome=88.0.4324.150)
For documentation on this error, please visit: http://seleniumhq.org/exceptions/no_such_element.html
Build info: version: '3.14.0', revision: 'aacccce0', time: '2018-08-02T20:19:58.91Z'
System info: host: 'Potatos-Mac.local', ip: 'fe80:0:0:0:6:b504:c6d7:bbe1%en0', os.name: 'Mac OS X', os.arch: 'x86_64', os.version: '10.15.6', java.version: '1.8.0_261'
Driver info: org.openqa.selenium.chrome.ChromeDriver
Capabilities {acceptInsecureCerts: false, browserName: chrome, browserVersion: 88.0.4324.150, chrome: {chromedriverVersion: 88.0.4324.96 (68dba2d8a0b14..., userDataDir: /var/folders/pz/vbvlmv8j3s1...}, goog:chromeOptions: {debuggerAddress: localhost:61474}, javascriptEnabled: true, networkConnectionEnabled: false, pageLoadStrategy: normal, platform: MAC, platformName: MAC, proxy: Proxy(), setWindowRect: true, strictFileInteractability: false, timeouts: {implicit: 0, pageLoad: 300000, script: 30000}, unhandledPromptBehavior: dismiss and notify, webauthn:extension:largeBlob: true, webauthn:virtualAuthenticators: true}
Session ID: 08165a6b4310f66dac48526e87bd4184
*** Element info: {Using=xpath, value=//button[@id="service_step_four" and contains(text(),"Next")]}
at sun.reflect.GeneratedConstructorAccessor24.newInstance(Unknown Source)
at sun.reflect.DelegatingConstructorAccessorImpl.newInstance(DelegatingConstructorAccessorImpl.java:45)
at java.lang.reflect.Constructor.newInstance(Constructor.java:423)
at org.openqa.selenium.remote.http.W3CHttpResponseCodec.createException(W3CHttpResponseCodec.java:187)
at org.openqa.selenium.remote.http.W3CHttpResponseCodec.decode(W3CHttpResponseCodec.java:122)
at org.openqa.selenium.remote.http.W3CHttpResponseCodec.decode(W3CHttpResponseCodec.java:49)
at org.openqa.selenium.remote.HttpCommandExecutor.execute(HttpCommandExecutor.java:158)
at org.openqa.selenium.remote.service.DriverCommandExecutor.execute(DriverCommandExecutor.java:83)
at org.openqa.selenium.remote.RemoteWebDriver.execute(RemoteWebDriver.java:548)
at org.openqa.selenium.remote.RemoteWebDriver.findElement(RemoteWebDriver.java:322)
at org.openqa.selenium.remote.RemoteWebDriver.findElementByXPath(RemoteWebDriver.java:424)
at org.openqa.selenium.By$ByXPath.findElement(By.java:353)
at org.openqa.selenium.remote.RemoteWebDriver.findElement(RemoteWebDriver.java:314)
at bases.BaseWeb.scrollIntoView(BaseWeb.java:159)
at pages.AddServicePage.clickOnNextButtonFourStep(AddServicePage.java:309)
at TestCases.AddServiceTest.J04_FourthStepService(AddServiceTest.java:145)
at sun.reflect.NativeMethodAccessorImpl.invoke0(Native Method)
at sun.reflect.NativeMethodAccessorImpl.invoke(NativeMethodAccessorImpl.java:62)
at sun.reflect.DelegatingMethodAccessorImpl.invoke(DelegatingMethodAccessorImpl.java:43)
at java.lang.reflect.Method.invoke(Method.java:498)
at org.testng.internal.MethodInvocationHelper.invokeMethod(MethodInvocationHelper.java:133)
at org.testng.internal.TestInvoker.invokeMethod(TestInvoker.java:584)
at org.testng.internal.TestInvoker.invokeTestMethod(TestInvoker.java:172)
at org.testng.internal.MethodRunner.runInSequence(MethodRunner.java:46)
at org.testng.internal.TestInvoker$MethodInvocationAgent.invoke(TestInvoker.java:804)
at org.testng.internal.TestInvoker.invokeTestMethods(TestInvoker.java:145)
at org.testng.internal.TestMethodWorker.invokeTestMethods(TestMethodWorker.java:146)
at org.testng.internal.TestMethodWorker.run(TestMethodWorker.java:128)
at java.util.ArrayList.forEach(ArrayList.java:1259)
at org.testng.TestRunner.privateRun(TestRunner.java:770)
at org.testng.TestRunner.run(TestRunner.java:591)
at org.testng.SuiteRunner.runTest(SuiteRunner.java:402)
at org.testng.SuiteRunner.access$000(SuiteRunner.java:41)
at org.testng.SuiteRunner$SuiteWorker.run(SuiteRunner.java:443)
at org.testng.internal.thread.ThreadUtil.lambda$execute$0(ThreadUtil.java:67)
at java.util.concurrent.FutureTask.run(FutureTask.java:266)
at java.util.concurrent.ThreadPoolExecutor.runWorker(ThreadPoolExecutor.java:1149)
at java.util.concurrent.ThreadPoolExecutor$Worker.run(ThreadPoolExecutor.java:624)
at java.lang.Thread.run(Thread.java:748)
]]>
            </full-stacktrace>
          </exception> <!-- org.openqa.selenium.NoSuchElementException -->
          <reporter-output>
          </reporter-output>
        </test-method> <!-- J04_FourthStepService -->
        <test-method status="SKIP" signature="J05_FifthStepService()[pri:6, instance:TestCases.AddServiceTest@2a2da905]" name="J05_FifthStepService" duration-ms="0" started-at="2021-02-05T18:55:43 WIB" depends-on-methods="TestCases.AddServiceTest.J04_FourthStepService" finished-at="2021-02-05T18:55:43 WIB">
          <exception class="java.lang.Throwable">
            <message>
              <![CDATA[Method AddServiceTest.J05_FifthStepService()[pri:6, instance:TestCases.AddServiceTest@2a2da905] depends on not successfully finished methods]]>
            </message>
            <full-stacktrace>
              <![CDATA[java.lang.Throwable: Method AddServiceTest.J05_FifthStepService()[pri:6, instance:TestCases.AddServiceTest@2a2da905] depends on not successfully finished methods
at org.testng.internal.TestInvoker.invokeTestMethods(TestInvoker.java:99)
at org.testng.internal.TestMethodWorker.invokeTestMethods(TestMethodWorker.java:146)
at org.testng.internal.TestMethodWorker.run(TestMethodWorker.java:128)
at java.util.ArrayList.forEach(ArrayList.java:1259)
at org.testng.TestRunner.privateRun(TestRunner.java:770)
at org.testng.TestRunner.run(TestRunner.java:591)
at org.testng.SuiteRunner.runTest(SuiteRunner.java:402)
at org.testng.SuiteRunner.access$000(SuiteRunner.java:41)
at org.testng.SuiteRunner$SuiteWorker.run(SuiteRunner.java:443)
at org.testng.internal.thread.ThreadUtil.lambda$execute$0(ThreadUtil.java:67)
at java.util.concurrent.FutureTask.run(FutureTask.java:266)
at java.util.concurrent.ThreadPoolExecutor.runWorker(ThreadPoolExecutor.java:1149)
at java.util.concurrent.ThreadPoolExecutor$Worker.run(ThreadPoolExecutor.java:624)
at java.lang.Thread.run(Thread.java:748)
]]>
            </full-stacktrace>
          </exception> <!-- java.lang.Throwable -->
          <reporter-output>
          </reporter-output>
        </test-method> <!-- J05_FifthStepService -->
        <test-method status="SKIP" signature="J06_SixthStepService()[pri:7, instance:TestCases.AddServiceTest@2a2da905]" name="J06_SixthStepService" duration-ms="0" started-at="2021-02-05T18:55:43 WIB" depends-on-methods="TestCases.AddServiceTest.J05_FifthStepService" finished-at="2021-02-05T18:55:43 WIB">
          <exception class="java.lang.Throwable">
            <message>
              <![CDATA[Method AddServiceTest.J06_SixthStepService()[pri:7, instance:TestCases.AddServiceTest@2a2da905] depends on not successfully finished methods]]>
            </message>
            <full-stacktrace>
              <![CDATA[java.lang.Throwable: Method AddServiceTest.J06_SixthStepService()[pri:7, instance:TestCases.AddServiceTest@2a2da905] depends on not successfully finished methods
at org.testng.internal.TestInvoker.invokeTestMethods(TestInvoker.java:99)
at org.testng.internal.TestMethodWorker.invokeTestMethods(TestMethodWorker.java:146)
at org.testng.internal.TestMethodWorker.run(TestMethodWorker.java:128)
at java.util.ArrayList.forEach(ArrayList.java:1259)
at org.testng.TestRunner.privateRun(TestRunner.java:770)
at org.testng.TestRunner.run(TestRunner.java:591)
at org.testng.SuiteRunner.runTest(SuiteRunner.java:402)
at org.testng.SuiteRunner.access$000(SuiteRunner.java:41)
at org.testng.SuiteRunner$SuiteWorker.run(SuiteRunner.java:443)
at org.testng.internal.thread.ThreadUtil.lambda$execute$0(ThreadUtil.java:67)
at java.util.concurrent.FutureTask.run(FutureTask.java:266)
at java.util.concurrent.ThreadPoolExecutor.runWorker(ThreadPoolExecutor.java:1149)
at java.util.concurrent.ThreadPoolExecutor$Worker.run(ThreadPoolExecutor.java:624)
at java.lang.Thread.run(Thread.java:748)
]]>
            </full-stacktrace>
          </exception> <!-- java.lang.Throwable -->
          <reporter-output>
          </reporter-output>
        </test-method> <!-- J06_SixthStepService -->
        <test-method status="PASS" signature="quitDriver()[pri:0, instance:TestCases.AddServiceTest@2a2da905]" name="quitDriver" is-config="true" duration-ms="100" started-at="2021-02-05T18:55:43 WIB" finished-at="2021-02-05T18:55:43 WIB">
          <reporter-output>
          </reporter-output>
        </test-method> <!-- quitDriver -->
      </class> <!-- TestCases.AddServiceTest -->
    </test> <!-- Regresion test -->
  </suite> <!-- AirpayTestSuite -->
</testng-results>
