<?xml version="1.0" encoding="UTF-8"?>
<!-- Generated by org.testng.reporters.JUnitReportReporter -->
<testsuite skipped="6" hostname="Potatos-Mac.local" name="TestCases.AuthenticationSignUpTest2" tests="7" failures="0" timestamp="2021-02-02T13:20:56 WIB" time="3.437" errors="1">
  <testcase name="setBaseConfig" time="3.437" classname="TestCases.AuthenticationSignUpTest2">
    <error type="org.openqa.selenium.SessionNotCreatedException" message="session not created: This version of ChromeDriver only supports Chrome version 86
Current browser version is 88.0.4324.96 with binary path /Applications/Google Chrome.app/Contents/MacOS/Google Chrome
Build info: version: &#039;3.14.0&#039;, revision: &#039;aacccce0&#039;, time: &#039;2018-08-02T20:19:58.91Z&#039;
System info: host: &#039;Potatos-Mac.local&#039;, ip: &#039;fe80:0:0:0:8df:d896:a4bf:94f1%en0&#039;, os.name: &#039;Mac OS X&#039;, os.arch: &#039;x86_64&#039;, os.version: &#039;10.15.6&#039;, java.version: &#039;1.8.0_261&#039;
Driver info: driver.version: ChromeDriver
remote stacktrace: 0   chromedriver_ver86_mac              0x000000010b185c29 chromedriver_ver86_mac + 2464809
1   chromedriver_ver86_mac              0x000000010b7c06f3 chromedriver_ver86_mac + 8996595
2   chromedriver_ver86_mac              0x000000010afcad56 chromedriver_ver86_mac + 650582
3   chromedriver_ver86_mac              0x000000010af44f9a chromedriver_ver86_mac + 102298
4   chromedriver_ver86_mac              0x000000010af41177 chromedriver_ver86_mac + 86391
5   chromedriver_ver86_mac              0x000000010af3e430 chromedriver_ver86_mac + 74800
6   chromedriver_ver86_mac              0x000000010af70326 chromedriver_ver86_mac + 279334
7   chromedriver_ver86_mac              0x000000010af6d3f3 chromedriver_ver86_mac + 267251
8   chromedriver_ver86_mac              0x000000010af47230 chromedriver_ver86_mac + 111152
9   chromedriver_ver86_mac              0x000000010af481a7 chromedriver_ver86_mac + 115111
10  chromedriver_ver86_mac              0x000000010b158830 chromedriver_ver86_mac + 2279472
11  chromedriver_ver86_mac              0x000000010b16383a chromedriver_ver86_mac + 2324538
12  chromedriver_ver86_mac              0x000000010b1634a7 chromedriver_ver86_mac + 2323623
13  chromedriver_ver86_mac              0x000000010b13f945 chromedriver_ver86_mac + 2177349
14  chromedriver_ver86_mac              0x000000010b163d41 chromedriver_ver86_mac + 2325825
15  chromedriver_ver86_mac              0x000000010b14dbda chromedriver_ver86_mac + 2235354
16  chromedriver_ver86_mac              0x000000010b178c4a chromedriver_ver86_mac + 2411594
17  chromedriver_ver86_mac              0x000000010b18a987 chromedriver_ver86_mac + 2484615
18  libsystem_pthread.dylib             0x00007fff681d9109 _pthread_start + 148
19  libsystem_pthread.dylib             0x00007fff681d4b8b thread_start + 15
">
      <![CDATA[org.openqa.selenium.SessionNotCreatedException: session not created: This version of ChromeDriver only supports Chrome version 86
Current browser version is 88.0.4324.96 with binary path /Applications/Google Chrome.app/Contents/MacOS/Google Chrome
Build info: version: '3.14.0', revision: 'aacccce0', time: '2018-08-02T20:19:58.91Z'
System info: host: 'Potatos-Mac.local', ip: 'fe80:0:0:0:8df:d896:a4bf:94f1%en0', os.name: 'Mac OS X', os.arch: 'x86_64', os.version: '10.15.6', java.version: '1.8.0_261'
Driver info: driver.version: ChromeDriver
remote stacktrace: 0   chromedriver_ver86_mac              0x000000010b185c29 chromedriver_ver86_mac + 2464809
1   chromedriver_ver86_mac              0x000000010b7c06f3 chromedriver_ver86_mac + 8996595
2   chromedriver_ver86_mac              0x000000010afcad56 chromedriver_ver86_mac + 650582
3   chromedriver_ver86_mac              0x000000010af44f9a chromedriver_ver86_mac + 102298
4   chromedriver_ver86_mac              0x000000010af41177 chromedriver_ver86_mac + 86391
5   chromedriver_ver86_mac              0x000000010af3e430 chromedriver_ver86_mac + 74800
6   chromedriver_ver86_mac              0x000000010af70326 chromedriver_ver86_mac + 279334
7   chromedriver_ver86_mac              0x000000010af6d3f3 chromedriver_ver86_mac + 267251
8   chromedriver_ver86_mac              0x000000010af47230 chromedriver_ver86_mac + 111152
9   chromedriver_ver86_mac              0x000000010af481a7 chromedriver_ver86_mac + 115111
10  chromedriver_ver86_mac              0x000000010b158830 chromedriver_ver86_mac + 2279472
11  chromedriver_ver86_mac              0x000000010b16383a chromedriver_ver86_mac + 2324538
12  chromedriver_ver86_mac              0x000000010b1634a7 chromedriver_ver86_mac + 2323623
13  chromedriver_ver86_mac              0x000000010b13f945 chromedriver_ver86_mac + 2177349
14  chromedriver_ver86_mac              0x000000010b163d41 chromedriver_ver86_mac + 2325825
15  chromedriver_ver86_mac              0x000000010b14dbda chromedriver_ver86_mac + 2235354
16  chromedriver_ver86_mac              0x000000010b178c4a chromedriver_ver86_mac + 2411594
17  chromedriver_ver86_mac              0x000000010b18a987 chromedriver_ver86_mac + 2484615
18  libsystem_pthread.dylib             0x00007fff681d9109 _pthread_start + 148
19  libsystem_pthread.dylib             0x00007fff681d4b8b thread_start + 15

at sun.reflect.NativeConstructorAccessorImpl.newInstance0(Native Method)
at sun.reflect.NativeConstructorAccessorImpl.newInstance(NativeConstructorAccessorImpl.java:62)
at sun.reflect.DelegatingConstructorAccessorImpl.newInstance(DelegatingConstructorAccessorImpl.java:45)
at java.lang.reflect.Constructor.newInstance(Constructor.java:423)
at org.openqa.selenium.remote.W3CHandshakeResponse.lambda$new$0(W3CHandshakeResponse.java:57)
at org.openqa.selenium.remote.W3CHandshakeResponse.lambda$getResponseFunction$2(W3CHandshakeResponse.java:104)
at org.openqa.selenium.remote.ProtocolHandshake.lambda$createSession$0(ProtocolHandshake.java:122)
at java.util.stream.ReferencePipeline$3$1.accept(ReferencePipeline.java:193)
at java.util.Spliterators$ArraySpliterator.tryAdvance(Spliterators.java:958)
at java.util.stream.ReferencePipeline.forEachWithCancel(ReferencePipeline.java:126)
at java.util.stream.AbstractPipeline.copyIntoWithCancel(AbstractPipeline.java:499)
at java.util.stream.AbstractPipeline.copyInto(AbstractPipeline.java:486)
at java.util.stream.AbstractPipeline.wrapAndCopyInto(AbstractPipeline.java:472)
at java.util.stream.FindOps$FindOp.evaluateSequential(FindOps.java:152)
at java.util.stream.AbstractPipeline.evaluate(AbstractPipeline.java:234)
at java.util.stream.ReferencePipeline.findFirst(ReferencePipeline.java:464)
at org.openqa.selenium.remote.ProtocolHandshake.createSession(ProtocolHandshake.java:125)
at org.openqa.selenium.remote.ProtocolHandshake.createSession(ProtocolHandshake.java:73)
at org.openqa.selenium.remote.HttpCommandExecutor.execute(HttpCommandExecutor.java:136)
at org.openqa.selenium.remote.service.DriverCommandExecutor.execute(DriverCommandExecutor.java:83)
at org.openqa.selenium.remote.RemoteWebDriver.execute(RemoteWebDriver.java:548)
at org.openqa.selenium.remote.RemoteWebDriver.startSession(RemoteWebDriver.java:212)
at org.openqa.selenium.remote.RemoteWebDriver.<init>(RemoteWebDriver.java:130)
at org.openqa.selenium.chrome.ChromeDriver.<init>(ChromeDriver.java:181)
at org.openqa.selenium.chrome.ChromeDriver.<init>(ChromeDriver.java:168)
at org.openqa.selenium.chrome.ChromeDriver.<init>(ChromeDriver.java:123)
at bases.BrowserFactory.startBrowser(BrowserFactory.java:42)
at bases.BaseWeb.setBaseConfig(BaseWeb.java:89)
at sun.reflect.NativeMethodAccessorImpl.invoke0(Native Method)
at sun.reflect.NativeMethodAccessorImpl.invoke(NativeMethodAccessorImpl.java:62)
at sun.reflect.DelegatingMethodAccessorImpl.invoke(DelegatingMethodAccessorImpl.java:43)
at java.lang.reflect.Method.invoke(Method.java:498)
at org.testng.internal.MethodInvocationHelper.invokeMethod(MethodInvocationHelper.java:133)
at org.testng.internal.MethodInvocationHelper.invokeMethodConsideringTimeout(MethodInvocationHelper.java:62)
at org.testng.internal.ConfigInvoker.invokeConfigurationMethod(ConfigInvoker.java:340)
at org.testng.internal.ConfigInvoker.invokeConfigurations(ConfigInvoker.java:294)
at org.testng.internal.TestMethodWorker.invokeBeforeClassMethods(TestMethodWorker.java:176)
at org.testng.internal.TestMethodWorker.run(TestMethodWorker.java:122)
at java.util.ArrayList.forEach(ArrayList.java:1259)
at org.testng.TestRunner.privateRun(TestRunner.java:770)
at org.testng.TestRunner.run(TestRunner.java:591)
at org.testng.SuiteRunner.runTest(SuiteRunner.java:402)
at org.testng.SuiteRunner.access$000(SuiteRunner.java:41)
at org.testng.SuiteRunner$SuiteWorker.run(SuiteRunner.java:443)
at org.testng.internal.thread.ThreadUtil.lambda$execute$0(ThreadUtil.java:67)
at java.util.concurrent.FutureTask.run(FutureTask.java:266)
at java.util.concurrent.ThreadPoolExecutor.runWorker(ThreadPoolExecutor.java:1149)
at java.util.concurrent.ThreadPoolExecutor$Worker.run(ThreadPoolExecutor.java:624)
at java.lang.Thread.run(Thread.java:748)
]]>
    </error>
  </testcase> <!-- setBaseConfig -->
  <testcase name="A05_FouthStepofSignUp" time="0.000" classname="TestCases.AuthenticationSignUpTest2">
    <skipped/>
  </testcase> <!-- A05_FouthStepofSignUp -->
  <testcase name="A04_ThirdStepSignUp" time="0.000" classname="TestCases.AuthenticationSignUpTest2">
    <skipped/>
  </testcase> <!-- A04_ThirdStepSignUp -->
  <testcase name="A07_EmailVerificationSuccess" time="0.000" classname="TestCases.AuthenticationSignUpTest2">
    <skipped/>
  </testcase> <!-- A07_EmailVerificationSuccess -->
  <testcase name="A02_SignUpWithValidCredential" time="0.000" classname="TestCases.AuthenticationSignUpTest2">
    <skipped/>
  </testcase> <!-- A02_SignUpWithValidCredential -->
  <testcase name="A06_VerifyEmailPage" time="0.000" classname="TestCases.AuthenticationSignUpTest2">
    <skipped/>
  </testcase> <!-- A06_VerifyEmailPage -->
  <testcase name="A03_SecondStepSignUp" time="0.000" classname="TestCases.AuthenticationSignUpTest2">
    <skipped/>
  </testcase> <!-- A03_SecondStepSignUp -->
</testsuite> <!-- TestCases.AuthenticationSignUpTest2 -->
