<?xml version="1.0" encoding="UTF-8"?>
<!-- Generated by org.testng.reporters.JUnitReportReporter -->
<testsuite hostname="Potatos-Mac" failures="0" tests="4" name="TestCases.Voucher" time="1.932" errors="1" timestamp="2020-05-28T12:20:05 WIB" skipped="3">
  <testcase classname="TestCases.Voucher" name="login" time="0.000">
    <skipped/>
  </testcase> <!-- login -->
  <testcase classname="TestCases.Voucher" name="J_001_DisplayofPlaylistList" time="0.000">
    <skipped/>
  </testcase> <!-- J_001_DisplayofPlaylistList -->
  <testcase classname="TestCases.Voucher" name="J_002_CreateVoucherManual" time="0.000">
    <skipped/>
  </testcase> <!-- J_002_CreateVoucherManual -->
  <testcase classname="TestCases.Voucher" name="setBaseConfig" time="1.932">
    <error message="session not created: This version of ChromeDriver only supports Chrome version 79
Build info: version: &#039;3.14.0&#039;, revision: &#039;aacccce0&#039;, time: &#039;2018-08-02T20:19:58.91Z&#039;
System info: host: &#039;Potatos-Mac&#039;, ip: &#039;fe80:0:0:0:146f:67a1:dd49:727b%en0&#039;, os.name: &#039;Mac OS X&#039;, os.arch: &#039;x86_64&#039;, os.version: &#039;10.14.6&#039;, java.version: &#039;9.0.1&#039;
Driver info: driver.version: ChromeDriver
remote stacktrace: 0   chromedriver                        0x0000000107371e29 chromedriver + 3817001
1   chromedriver                        0x0000000107305f33 chromedriver + 3374899
2   chromedriver                        0x00000001070868bf chromedriver + 755903
3   chromedriver                        0x0000000106fe6dd2 chromedriver + 101842
4   chromedriver                        0x0000000106fe2b00 chromedriver + 84736
5   chromedriver                        0x0000000107012018 chromedriver + 278552
6   chromedriver                        0x000000010700efa3 chromedriver + 266147
7   chromedriver                        0x0000000106fe8c0d chromedriver + 109581
8   chromedriver                        0x0000000106fe9ba5 chromedriver + 113573
9   chromedriver                        0x0000000107333f6f chromedriver + 3563375
10  chromedriver                        0x0000000107340e3a chromedriver + 3616314
11  chromedriver                        0x0000000107340bf7 chromedriver + 3615735
12  chromedriver                        0x0000000107313699 chromedriver + 3430041
13  chromedriver                        0x0000000107341692 chromedriver + 3618450
14  chromedriver                        0x0000000107327e17 chromedriver + 3513879
15  chromedriver                        0x0000000107356fe4 chromedriver + 3706852
16  chromedriver                        0x0000000107377fc7 chromedriver + 3841991
17  libsystem_pthread.dylib             0x00007fff59e452eb _pthread_body + 126
18  libsystem_pthread.dylib             0x00007fff59e48249 _pthread_start + 66
19  libsystem_pthread.dylib             0x00007fff59e4440d thread_start + 13
" type="org.openqa.selenium.SessionNotCreatedException">
      <![CDATA[org.openqa.selenium.SessionNotCreatedException: session not created: This version of ChromeDriver only supports Chrome version 79
Build info: version: '3.14.0', revision: 'aacccce0', time: '2018-08-02T20:19:58.91Z'
System info: host: 'Potatos-Mac', ip: 'fe80:0:0:0:146f:67a1:dd49:727b%en0', os.name: 'Mac OS X', os.arch: 'x86_64', os.version: '10.14.6', java.version: '9.0.1'
Driver info: driver.version: ChromeDriver
remote stacktrace: 0   chromedriver                        0x0000000107371e29 chromedriver + 3817001
1   chromedriver                        0x0000000107305f33 chromedriver + 3374899
2   chromedriver                        0x00000001070868bf chromedriver + 755903
3   chromedriver                        0x0000000106fe6dd2 chromedriver + 101842
4   chromedriver                        0x0000000106fe2b00 chromedriver + 84736
5   chromedriver                        0x0000000107012018 chromedriver + 278552
6   chromedriver                        0x000000010700efa3 chromedriver + 266147
7   chromedriver                        0x0000000106fe8c0d chromedriver + 109581
8   chromedriver                        0x0000000106fe9ba5 chromedriver + 113573
9   chromedriver                        0x0000000107333f6f chromedriver + 3563375
10  chromedriver                        0x0000000107340e3a chromedriver + 3616314
11  chromedriver                        0x0000000107340bf7 chromedriver + 3615735
12  chromedriver                        0x0000000107313699 chromedriver + 3430041
13  chromedriver                        0x0000000107341692 chromedriver + 3618450
14  chromedriver                        0x0000000107327e17 chromedriver + 3513879
15  chromedriver                        0x0000000107356fe4 chromedriver + 3706852
16  chromedriver                        0x0000000107377fc7 chromedriver + 3841991
17  libsystem_pthread.dylib             0x00007fff59e452eb _pthread_body + 126
18  libsystem_pthread.dylib             0x00007fff59e48249 _pthread_start + 66
19  libsystem_pthread.dylib             0x00007fff59e4440d thread_start + 13

at java.base/jdk.internal.reflect.NativeConstructorAccessorImpl.newInstance0(Native Method)
at java.base/jdk.internal.reflect.NativeConstructorAccessorImpl.newInstance(NativeConstructorAccessorImpl.java:62)
at java.base/jdk.internal.reflect.DelegatingConstructorAccessorImpl.newInstance(DelegatingConstructorAccessorImpl.java:45)
at java.base/java.lang.reflect.Constructor.newInstance(Constructor.java:488)
at org.openqa.selenium.remote.W3CHandshakeResponse.lambda$new$0(W3CHandshakeResponse.java:57)
at org.openqa.selenium.remote.W3CHandshakeResponse.lambda$getResponseFunction$2(W3CHandshakeResponse.java:104)
at org.openqa.selenium.remote.ProtocolHandshake.lambda$createSession$0(ProtocolHandshake.java:122)
at java.base/java.util.stream.ReferencePipeline$3$1.accept(ReferencePipeline.java:195)
at java.base/java.util.Spliterators$ArraySpliterator.tryAdvance(Spliterators.java:958)
at java.base/java.util.stream.ReferencePipeline.forEachWithCancel(ReferencePipeline.java:127)
at java.base/java.util.stream.AbstractPipeline.copyIntoWithCancel(AbstractPipeline.java:502)
at java.base/java.util.stream.AbstractPipeline.copyInto(AbstractPipeline.java:488)
at java.base/java.util.stream.AbstractPipeline.wrapAndCopyInto(AbstractPipeline.java:474)
at java.base/java.util.stream.FindOps$FindOp.evaluateSequential(FindOps.java:152)
at java.base/java.util.stream.AbstractPipeline.evaluate(AbstractPipeline.java:234)
at java.base/java.util.stream.ReferencePipeline.findFirst(ReferencePipeline.java:476)
at org.openqa.selenium.remote.ProtocolHandshake.createSession(ProtocolHandshake.java:125)
at org.openqa.selenium.remote.ProtocolHandshake.createSession(ProtocolHandshake.java:73)
at org.openqa.selenium.remote.HttpCommandExecutor.execute(HttpCommandExecutor.java:136)
at org.openqa.selenium.remote.service.DriverCommandExecutor.execute(DriverCommandExecutor.java:83)
at org.openqa.selenium.remote.RemoteWebDriver.execute(RemoteWebDriver.java:548)
at org.openqa.selenium.remote.RemoteWebDriver.startSession(RemoteWebDriver.java:212)
at org.openqa.selenium.remote.RemoteWebDriver.<init>(RemoteWebDriver.java:130)
at org.openqa.selenium.chrome.ChromeDriver.<init>(ChromeDriver.java:181)
at org.openqa.selenium.chrome.ChromeDriver.<init>(ChromeDriver.java:168)
at org.openqa.selenium.chrome.ChromeDriver.<init>(ChromeDriver.java:123)
at bases.BrowserFactory.startBrowser(BrowserFactory.java:42)
at bases.BaseWeb.setBaseConfig(BaseWeb.java:63)
at java.base/jdk.internal.reflect.NativeMethodAccessorImpl.invoke0(Native Method)
at java.base/jdk.internal.reflect.NativeMethodAccessorImpl.invoke(NativeMethodAccessorImpl.java:62)
at java.base/jdk.internal.reflect.DelegatingMethodAccessorImpl.invoke(DelegatingMethodAccessorImpl.java:43)
at java.base/java.lang.reflect.Method.invoke(Method.java:564)
at org.testng.internal.MethodInvocationHelper.invokeMethod(MethodInvocationHelper.java:133)
at org.testng.internal.MethodInvocationHelper.invokeMethodConsideringTimeout(MethodInvocationHelper.java:62)
at org.testng.internal.ConfigInvoker.invokeConfigurationMethod(ConfigInvoker.java:340)
at org.testng.internal.ConfigInvoker.invokeConfigurations(ConfigInvoker.java:294)
at org.testng.internal.TestMethodWorker.invokeBeforeClassMethods(TestMethodWorker.java:176)
at org.testng.internal.TestMethodWorker.run(TestMethodWorker.java:122)
at java.base/java.util.ArrayList.forEach(ArrayList.java:1380)
at org.testng.TestRunner.privateRun(TestRunner.java:770)
at org.testng.TestRunner.run(TestRunner.java:591)
at org.testng.SuiteRunner.runTest(SuiteRunner.java:402)
at org.testng.SuiteRunner.access$000(SuiteRunner.java:41)
at org.testng.SuiteRunner$SuiteWorker.run(SuiteRunner.java:443)
at org.testng.internal.thread.ThreadUtil.lambda$execute$0(ThreadUtil.java:67)
at java.base/java.util.concurrent.FutureTask.run(FutureTask.java:264)
at java.base/java.util.concurrent.ThreadPoolExecutor.runWorker(ThreadPoolExecutor.java:1167)
at java.base/java.util.concurrent.ThreadPoolExecutor$Worker.run(ThreadPoolExecutor.java:641)
at java.base/java.lang.Thread.run(Thread.java:844)
]]>
    </error>
  </testcase> <!-- setBaseConfig -->
</testsuite> <!-- TestCases.Voucher -->
